[01m[K/home/tsi/ws_moveit2/src/move_relative_ur/src/move_monitoring_node.cpp:[m[K In member function ‚Äò[01m[Kvoid RobotMonitoringNode::[01;32m[KjointStateCallback[m[K(sensor_msgs::msg::JointState_<std::allocator<void> >::SharedPtr)[m[K‚Äô:
[01m[K/home/tsi/ws_moveit2/src/move_relative_ur/src/move_monitoring_node.cpp:67:36:[m[K [01;31m[Kerror: [m[K‚Äò[01m[KprevStoppedState[m[K‚Äô was not declared in this scope
   67 |         if (isCurrentlyStopped && ![01;31m[KprevStoppedState[m[K) {
      |                                    [01;31m[K^~~~~~~~~~~~~~~~[m[K
[01m[K/home/tsi/ws_moveit2/src/move_relative_ur/src/move_monitoring_node.cpp:79:9:[m[K [01;31m[Kerror: [m[K‚Äò[01m[KprevStoppedState[m[K‚Äô was not declared in this scope
   79 |         [01;31m[KprevStoppedState[m[K = isCurrentlyStopped;  // Ïù¥Ï†Ñ ÏÉÅÌÉú ÏóÖÎç∞Ïù¥Ìä∏
      |         [01;31m[K^~~~~~~~~~~~~~~~[m[K
gmake[2]: *** [CMakeFiles/robot_monitoring_node.dir/build.make:76: CMakeFiles/robot_monitoring_node.dir/src/move_monitoring_node.cpp.o] Error 1
gmake[1]: *** [CMakeFiles/Makefile2:655: CMakeFiles/robot_monitoring_node.dir/all] Error 2
gmake: *** [Makefile:146: all] Error 2
