[0.030s] Invoking command in '/home/tsi/ws_moveit2/build/move_relative_ur': CMAKE_PREFIX_PATH=${CMAKE_PREFIX_PATH}:/home/tsi/workspace/install/moveit_configs_utils:/opt/ros/jazzy DEBUGINFOD_URLS=https://debuginfod.ubuntu.com /usr/bin/cmake --build /home/tsi/ws_moveit2/build/move_relative_ur -- -j12 -l12
[0.179s] [  2%] Built target move_relative_ur__rosidl_generator_type_description
[0.192s] [  2%] Built target ament_cmake_python_symlink_move_relative_ur
[0.220s] [ 15%] Built target move_relative_ur__rosidl_generator_c
[0.228s] [ 18%] Built target move_relative_ur__cpp
[0.260s] [ 34%] Built target move_relative_ur__rosidl_typesupport_introspection_c
[0.260s] [ 34%] Built target move_relative_ur__rosidl_typesupport_c
[0.271s] [ 42%] Built target move_relative_ur__rosidl_typesupport_fastrtps_c
[0.277s] [ 50%] Built target move_relative_ur__rosidl_typesupport_fastrtps_cpp
[0.281s] [ 57%] Built target move_relative_ur__rosidl_typesupport_cpp
[0.283s] [ 65%] Built target move_relative_ur__rosidl_typesupport_introspection_cpp
[0.321s] [ 65%] Built target move_relative_ur
[0.332s] [ 71%] Built target move_relative_node
[0.341s] [ 73%] [32mBuilding CXX object CMakeFiles/robot_monitoring_node.dir/src/move_monitoring_node.cpp.o[0m
[0.358s] [ 76%] Built target move_relative_ur__py
[0.409s] [ 81%] Built target move_relative_ur__rosidl_generator_py
[0.456s] [ 86%] Built target move_relative_ur_s__rosidl_typesupport_introspection_c
[0.465s] [ 92%] Built target move_relative_ur_s__rosidl_typesupport_c
[0.466s] [ 97%] Built target move_relative_ur_s__rosidl_typesupport_fastrtps_c
[0.619s] running egg_info
[0.659s] writing move_relative_ur.egg-info/PKG-INFO
[0.660s] writing dependency_links to move_relative_ur.egg-info/dependency_links.txt
[0.660s] writing top-level names to move_relative_ur.egg-info/top_level.txt
[0.791s] reading manifest file 'move_relative_ur.egg-info/SOURCES.txt'
[0.791s] writing manifest file 'move_relative_ur.egg-info/SOURCES.txt'
[0.843s] [ 97%] Built target ament_cmake_python_build_move_relative_ur_egg
[2.973s] [01m[K/home/tsi/ws_moveit2/src/move_relative_ur/src/move_monitoring_node.cpp:58:10:[m[K [01;31m[Kerror: [m[Kexpected â€˜[01m[K;[m[Kâ€™ at end of member declaration
[2.974s]    58 |     bool [01;31m[KisRobotMoveRunning_[m[K == false;
[2.974s]       |          [01;31m[K^~~~~~~~~~~~~~~~~~~[m[K
[2.974s]       |                             [32m[K;[m[K
[2.974s] [01m[K/home/tsi/ws_moveit2/src/move_relative_ur/src/move_monitoring_node.cpp:58:30:[m[K [01;31m[Kerror: [m[Kexpected unqualified-id before â€˜[01m[K==[m[Kâ€™ token
[2.975s]    58 |     bool isRobotMoveRunning_ [01;31m[K==[m[K false;
[2.975s]       |                              [01;31m[K^~[m[K
[5.859s] gmake[2]: *** [CMakeFiles/robot_monitoring_node.dir/build.make:76: CMakeFiles/robot_monitoring_node.dir/src/move_monitoring_node.cpp.o] Error 1
[5.859s] gmake[1]: *** [CMakeFiles/Makefile2:655: CMakeFiles/robot_monitoring_node.dir/all] Error 2
[5.860s] gmake: *** [Makefile:146: all] Error 2
[5.866s] Invoked command in '/home/tsi/ws_moveit2/build/move_relative_ur' returned '2': CMAKE_PREFIX_PATH=${CMAKE_PREFIX_PATH}:/home/tsi/workspace/install/moveit_configs_utils:/opt/ros/jazzy DEBUGINFOD_URLS=https://debuginfod.ubuntu.com /usr/bin/cmake --build /home/tsi/ws_moveit2/build/move_relative_ur -- -j12 -l12
