[0.023s] Invoking command in '/home/tsi/ws_moveit2/build/move_relative_ur': CMAKE_PREFIX_PATH=${CMAKE_PREFIX_PATH}:/home/tsi/workspace/install/moveit_configs_utils:/opt/ros/jazzy DEBUGINFOD_URLS=https://debuginfod.ubuntu.com /usr/bin/cmake --build /home/tsi/ws_moveit2/build/move_relative_ur -- -j12 -l12
[0.178s] [  2%] Built target move_relative_ur__rosidl_generator_type_description
[0.197s] [  2%] Built target ament_cmake_python_symlink_move_relative_ur
[0.214s] [  5%] Built target move_relative_ur__cpp
[0.224s] [ 18%] Built target move_relative_ur__rosidl_generator_c
[0.271s] [ 26%] Built target move_relative_ur__rosidl_typesupport_introspection_c
[0.272s] [ 36%] Built target move_relative_ur__rosidl_typesupport_fastrtps_c
[0.272s] [ 47%] Built target move_relative_ur__rosidl_typesupport_cpp
[0.272s] [ 50%] Built target move_relative_ur__rosidl_typesupport_fastrtps_cpp
[0.274s] [ 57%] Built target move_relative_ur__rosidl_typesupport_introspection_cpp
[0.275s] [ 65%] Built target move_relative_ur__rosidl_typesupport_c
[0.312s] [ 65%] Built target move_relative_ur
[0.322s] [ 71%] Built target robot_monitoring_node
[0.325s] [ 73%] [32mBuilding CXX object CMakeFiles/move_relative_node.dir/src/move_relative.cpp.o[0m
[0.348s] [ 76%] Built target move_relative_ur__py
[0.405s] [ 81%] Built target move_relative_ur__rosidl_generator_py
[0.452s] [ 86%] Built target move_relative_ur_s__rosidl_typesupport_introspection_c
[0.454s] [ 92%] Built target move_relative_ur_s__rosidl_typesupport_fastrtps_c
[0.461s] [ 97%] Built target move_relative_ur_s__rosidl_typesupport_c
[0.619s] running egg_info
[0.663s] writing move_relative_ur.egg-info/PKG-INFO
[0.665s] writing dependency_links to move_relative_ur.egg-info/dependency_links.txt
[0.665s] writing top-level names to move_relative_ur.egg-info/top_level.txt
[0.792s] reading manifest file 'move_relative_ur.egg-info/SOURCES.txt'
[0.792s] writing manifest file 'move_relative_ur.egg-info/SOURCES.txt'
[0.854s] [ 97%] Built target ament_cmake_python_build_move_relative_ur_egg
[3.227s] [01m[K/home/tsi/ws_moveit2/src/move_relative_ur/src/move_relative.cpp:154:34:[m[K [01;31m[Kerror: [m[Kexpected unqualified-id before â€˜[01m[K=[m[Kâ€™ token
[3.227s]   154 |     rclcpp::TimerBase::SharedPtr [01;31m[K=[m[K error_process_timer_;
[3.227s]       |                                  [01;31m[K^[m[K
[3.251s] [01m[K/home/tsi/ws_moveit2/src/move_relative_ur/src/move_relative.cpp:[m[K In constructor â€˜[01m[KURScriptRelativeMove::[01;32m[KURScriptRelativeMove[m[K()[m[Kâ€™:
[3.251s] [01m[K/home/tsi/ws_moveit2/src/move_relative_ur/src/move_relative.cpp:32:9:[m[K [01;31m[Kerror: [m[Kâ€˜[01m[Kerror_process_timer_[m[Kâ€™ was not declared in this scope
[3.252s]    32 |         [01;31m[Kerror_process_timer_[m[K = this->create_wall_timer(
[3.252s]       |         [01;31m[K^~~~~~~~~~~~~~~~~~~~[m[K
[5.898s] gmake[2]: *** [CMakeFiles/move_relative_node.dir/build.make:76: CMakeFiles/move_relative_node.dir/src/move_relative.cpp.o] Error 1
[5.899s] gmake[1]: *** [CMakeFiles/Makefile2:627: CMakeFiles/move_relative_node.dir/all] Error 2
[5.899s] gmake: *** [Makefile:146: all] Error 2
[5.905s] Invoked command in '/home/tsi/ws_moveit2/build/move_relative_ur' returned '2': CMAKE_PREFIX_PATH=${CMAKE_PREFIX_PATH}:/home/tsi/workspace/install/moveit_configs_utils:/opt/ros/jazzy DEBUGINFOD_URLS=https://debuginfod.ubuntu.com /usr/bin/cmake --build /home/tsi/ws_moveit2/build/move_relative_ur -- -j12 -l12
