[  2%] Built target move_relative_ur__rosidl_generator_type_description
[  2%] Built target ament_cmake_python_symlink_move_relative_ur
[  5%] Built target move_relative_ur__cpp
[ 18%] Built target move_relative_ur__rosidl_generator_c
[ 26%] Built target move_relative_ur__rosidl_typesupport_introspection_c
[ 34%] Built target move_relative_ur__rosidl_typesupport_fastrtps_cpp
[ 57%] Built target move_relative_ur__rosidl_typesupport_introspection_cpp
[ 57%] Built target move_relative_ur__rosidl_typesupport_cpp
[ 57%] Built target move_relative_ur__rosidl_typesupport_fastrtps_c
[ 65%] Built target move_relative_ur__rosidl_typesupport_c
[ 65%] Built target move_relative_ur
[ 71%] Built target robot_monitoring_node
[ 73%] [32mBuilding CXX object CMakeFiles/move_relative_node.dir/src/move_relative.cpp.o[0m
[ 76%] Built target move_relative_ur__py
[ 81%] Built target move_relative_ur__rosidl_generator_py
[ 86%] Built target move_relative_ur_s__rosidl_typesupport_introspection_c
[ 92%] Built target move_relative_ur_s__rosidl_typesupport_fastrtps_c
[ 97%] Built target move_relative_ur_s__rosidl_typesupport_c
running egg_info
writing move_relative_ur.egg-info/PKG-INFO
writing dependency_links to move_relative_ur.egg-info/dependency_links.txt
writing top-level names to move_relative_ur.egg-info/top_level.txt
reading manifest file 'move_relative_ur.egg-info/SOURCES.txt'
writing manifest file 'move_relative_ur.egg-info/SOURCES.txt'
[ 97%] Built target ament_cmake_python_build_move_relative_ur_egg
[01m[K/home/tsi/ws_moveit2/src/move_relative_ur/src/move_relative.cpp:[m[K In function ‚Äò[01m[Kvoid[01;32m[K signalHandler[m[K(int)[m[K‚Äô:
[01m[K/home/tsi/ws_moveit2/src/move_relative_ur/src/move_relative.cpp:17:9:[m[K [01;31m[Kerror: [m[K‚Äò[01m[Kstop_flag[m[K‚Äô was not declared in this scope
   17 |         [01;31m[Kstop_flag[m[K = true;
      |         [01;31m[K^~~~~~~~~[m[K
[01m[K/home/tsi/ws_moveit2/src/move_relative_ur/src/move_relative.cpp:[m[K In destructor ‚Äò[01m[Kvirtual URScriptRelativeMove::[01;32m[K~URScriptRelativeMove[m[K()[m[K‚Äô:
[01m[K/home/tsi/ws_moveit2/src/move_relative_ur/src/move_relative.cpp:37:9:[m[K [01;31m[Kerror: [m[K‚Äò[01m[Kstop_flag[m[K‚Äô was not declared in this scope
   37 |         [01;31m[Kstop_flag[m[K = true;
      |         [01;31m[K^~~~~~~~~[m[K
[01m[K/home/tsi/ws_moveit2/src/move_relative_ur/src/move_relative.cpp:[m[K In member function ‚Äò[01m[Kvoid URScriptRelativeMove::[01;32m[KgetValidInput[m[K()[m[K‚Äô:
[01m[K/home/tsi/ws_moveit2/src/move_relative_ur/src/move_relative.cpp:75:17:[m[K [01;31m[Kerror: [m[K‚Äò[01m[Kclcpp[m[K‚Äô has not been declared
   75 |                 [01;31m[Kclcpp[m[K::spin_some(this->get_node_base_interface());  // Ïù¥Î≤§Ìä∏ Ï≤òÎ¶¨
      |                 [01;31m[K^~~~~[m[K
gmake[2]: *** [CMakeFiles/move_relative_node.dir/build.make:76: CMakeFiles/move_relative_node.dir/src/move_relative.cpp.o] Error 1
gmake[1]: *** [CMakeFiles/Makefile2:627: CMakeFiles/move_relative_node.dir/all] Error 2
gmake: *** [Makefile:146: all] Error 2
