[0.028s] Invoking command in '/home/tsi/ws_moveit2/build/move_relative_ur': CMAKE_PREFIX_PATH=${CMAKE_PREFIX_PATH}:/home/tsi/workspace/install/moveit_configs_utils:/opt/ros/jazzy DEBUGINFOD_URLS=https://debuginfod.ubuntu.com /usr/bin/cmake --build /home/tsi/ws_moveit2/build/move_relative_ur -- -j12 -l12
[0.184s] [  2%] Built target ament_cmake_python_symlink_move_relative_ur
[0.184s] [  2%] Built target move_relative_ur__rosidl_generator_type_description
[0.228s] [  5%] Built target move_relative_ur__cpp
[0.234s] [ 18%] Built target move_relative_ur__rosidl_generator_c
[0.278s] [ 26%] Built target move_relative_ur__rosidl_typesupport_c
[0.280s] [ 34%] Built target move_relative_ur__rosidl_typesupport_introspection_c
[0.284s] [ 42%] Built target move_relative_ur__rosidl_typesupport_fastrtps_cpp
[0.287s] [ 50%] Built target move_relative_ur__rosidl_typesupport_introspection_cpp
[0.290s] [ 57%] Built target move_relative_ur__rosidl_typesupport_fastrtps_c
[0.290s] [ 65%] Built target move_relative_ur__rosidl_typesupport_cpp
[0.337s] [ 65%] Built target move_relative_ur
[0.351s] [ 68%] [32mBuilding CXX object CMakeFiles/robot_monitoring_node.dir/src/move_monitoring_node.cpp.o[0m
[0.354s] [ 73%] Built target move_relative_node
[0.375s] [ 76%] Built target move_relative_ur__py
[0.438s] [ 81%] Built target move_relative_ur__rosidl_generator_py
[0.477s] [ 86%] Built target move_relative_ur_s__rosidl_typesupport_c
[0.482s] [ 92%] Built target move_relative_ur_s__rosidl_typesupport_fastrtps_c
[0.492s] [ 97%] Built target move_relative_ur_s__rosidl_typesupport_introspection_c
[0.684s] running egg_info
[0.742s] writing move_relative_ur.egg-info/PKG-INFO
[0.743s] writing dependency_links to move_relative_ur.egg-info/dependency_links.txt
[0.743s] writing top-level names to move_relative_ur.egg-info/top_level.txt
[0.866s] reading manifest file 'move_relative_ur.egg-info/SOURCES.txt'
[0.867s] writing manifest file 'move_relative_ur.egg-info/SOURCES.txt'
[0.915s] [ 97%] Built target ament_cmake_python_build_move_relative_ur_egg
[3.213s] [01m[K/home/tsi/ws_moveit2/src/move_relative_ur/src/move_monitoring_node.cpp:[m[K In constructor â€˜[01m[KRobotMonitoringNode::[01;32m[KRobotMonitoringNode[m[K()[m[Kâ€™:
[3.214s] [01m[K/home/tsi/ws_moveit2/src/move_relative_ur/src/move_monitoring_node.cpp:22:100:[m[K [01;31m[Kerror: [m[Kno match for â€˜[01m[Koperator=[m[Kâ€™ (operand types are â€˜[01m[Krclcpp::Publisher<std_msgs::msg::String_<std::allocator<void> > >::SharedPtr[m[Kâ€™ {aka â€˜[01m[Kstd::shared_ptr<rclcpp::Publisher<std_msgs::msg::String_<std::allocator<void> > > >[m[Kâ€™} and â€˜[01m[Kstd::shared_ptr<rclcpp::Publisher<move_relative_ur::msg::ErrorMsg_<std::allocator<void> >, std::allocator<void> > >[m[Kâ€™)
[3.214s]    22 |         error_pub_ = this->create_publisher<move_relative_ur::msg::ErrorMsg>("robot_monitoring", 10[01;31m[K)[m[K;
[3.215s]       |                                                                                                    [01;31m[K^[m[K
[3.215s] In file included from [01m[K/usr/include/c++/13/memory:80[m[K,
[3.215s]                  from [01m[K/opt/ros/jazzy/include/rclcpp/rclcpp/rclcpp.hpp:169[m[K,
[3.216s]                  from [01m[K/home/tsi/ws_moveit2/src/move_relative_ur/src/move_monitoring_node.cpp:1[m[K:
[3.216s] [01m[K/usr/include/c++/13/bits/shared_ptr.h:418:9:[m[K [01;36m[Knote: [m[Kcandidate: â€˜[01m[Ktemplate<class _Yp> std::shared_ptr<_Tp>::_Assignable<const std::shared_ptr<_Yp>&> std::shared_ptr<_Tp>::[01;32m[Koperator=[m[K(const std::shared_ptr<_Yp>&) [35m[K[with _Tp = rclcpp::Publisher<std_msgs::msg::String_<std::allocator<void> > >][m[K[m[Kâ€™
[3.216s]   418 |         [01;36m[Koperator[m[K=(const shared_ptr<_Yp>& __r) noexcept
[3.217s]       |         [01;36m[K^~~~~~~~[m[K
[3.217s] [01m[K/usr/include/c++/13/bits/shared_ptr.h:418:9:[m[K [01;36m[Knote: [m[K  template argument deduction/substitution failed:
[3.217s] /usr/include/c++/13/bits/shared_ptr.h: In substitution of â€˜[01m[Ktemplate<class _Tp> template<class _Arg> using std::shared_ptr<_Tp>::_Assignable = typename std::enable_if<std::is_assignable<std::__shared_ptr<_Tp>&, _Arg>::value, std::shared_ptr<_Tp>&>::type [35m[K[with _Arg = const std::shared_ptr<rclcpp::Publisher<move_relative_ur::msg::ErrorMsg_<std::allocator<void> >, std::allocator<void> > >&; _Tp = rclcpp::Publisher<std_msgs::msg::String_<std::allocator<void> > >][m[K[m[Kâ€™:
[3.218s] [01m[K/usr/include/c++/13/bits/shared_ptr.h:418:2:[m[K   required by substitution of â€˜[01m[Ktemplate<class _Yp> std::shared_ptr<rclcpp::Publisher<std_msgs::msg::String_<std::allocator<void> > > >::_Assignable<const std::shared_ptr<_Tp>&> std::shared_ptr<rclcpp::Publisher<std_msgs::msg::String_<std::allocator<void> > > >::[01;32m[Koperator=[m[K(const std::shared_ptr<_Tp>&) [35m[K[with _Yp = rclcpp::Publisher<move_relative_ur::msg::ErrorMsg_<std::allocator<void> >, std::allocator<void> >][m[K[m[Kâ€™
[3.218s] [01m[K/home/tsi/ws_moveit2/src/move_relative_ur/src/move_monitoring_node.cpp:22:100:[m[K   required from here
[3.218s] [01m[K/usr/include/c++/13/bits/shared_ptr.h:183:15:[m[K [01;31m[Kerror: [m[Kno type named â€˜[01m[Ktype[m[Kâ€™ in â€˜[01m[Kstruct std::enable_if<false, std::shared_ptr<rclcpp::Publisher<std_msgs::msg::String_<std::allocator<void> > > >&>[m[Kâ€™
[3.219s]   183 |         using [01;31m[K_Assignable[m[K = typename enable_if<
[3.219s]       |               [01;31m[K^~~~~~~~~~~[m[K
[3.219s] [01m[K/usr/include/c++/13/bits/shared_ptr.h:429:9:[m[K [01;36m[Knote: [m[Kcandidate: â€˜[01m[Ktemplate<class _Yp> std::shared_ptr<_Tp>::_Assignable<std::auto_ptr<_Up> > std::shared_ptr<_Tp>::[01;32m[Koperator=[m[K(std::auto_ptr<_Up>&&) [35m[K[with _Tp = rclcpp::Publisher<std_msgs::msg::String_<std::allocator<void> > >][m[K[m[Kâ€™
[3.220s]   429 |         [01;36m[Koperator[m[K=(auto_ptr<_Yp>&& __r)
[3.220s]       |         [01;36m[K^~~~~~~~[m[K
[3.221s] [01m[K/usr/include/c++/13/bits/shared_ptr.h:429:9:[m[K [01;36m[Knote: [m[K  template argument deduction/substitution failed:
[3.222s] [01m[K/home/tsi/ws_moveit2/src/move_relative_ur/src/move_monitoring_node.cpp:22:100:[m[K [01;36m[Knote: [m[K  â€˜[01m[Kstd::shared_ptr<rclcpp::Publisher<move_relative_ur::msg::ErrorMsg_<std::allocator<void> >, std::allocator<void> > >[m[Kâ€™ is not derived from â€˜[01m[Kstd::auto_ptr<_Up>[m[Kâ€™
[3.222s]    22 |         error_pub_ = this->create_publisher<move_relative_ur::msg::ErrorMsg>("robot_monitoring", 10[01;36m[K)[m[K;
[3.222s]       |                                                                                                    [01;36m[K^[m[K
[3.223s] [01m[K/usr/include/c++/13/bits/shared_ptr.h:446:9:[m[K [01;36m[Knote: [m[Kcandidate: â€˜[01m[Ktemplate<class _Yp> std::shared_ptr<_Tp>::_Assignable<std::shared_ptr<_Yp> > std::shared_ptr<_Tp>::[01;32m[Koperator=[m[K(std::shared_ptr<_Yp>&&) [35m[K[with _Tp = rclcpp::Publisher<std_msgs::msg::String_<std::allocator<void> > >][m[K[m[Kâ€™
[3.223s]   446 |         [01;36m[Koperator[m[K=(shared_ptr<_Yp>&& __r) noexcept
[3.224s]       |         [01;36m[K^~~~~~~~[m[K
[3.224s] [01m[K/usr/include/c++/13/bits/shared_ptr.h:446:9:[m[K [01;36m[Knote: [m[K  template argument deduction/substitution failed:
[3.225s] /usr/include/c++/13/bits/shared_ptr.h: In substitution of â€˜[01m[Ktemplate<class _Tp> template<class _Arg> using std::shared_ptr<_Tp>::_Assignable = typename std::enable_if<std::is_assignable<std::__shared_ptr<_Tp>&, _Arg>::value, std::shared_ptr<_Tp>&>::type [35m[K[with _Arg = std::shared_ptr<rclcpp::Publisher<move_relative_ur::msg::ErrorMsg_<std::allocator<void> >, std::allocator<void> > >; _Tp = rclcpp::Publisher<std_msgs::msg::String_<std::allocator<void> > >][m[K[m[Kâ€™:
[3.225s] [01m[K/usr/include/c++/13/bits/shared_ptr.h:446:2:[m[K   required by substitution of â€˜[01m[Ktemplate<class _Yp> std::shared_ptr<rclcpp::Publisher<std_msgs::msg::String_<std::allocator<void> > > >::_Assignable<std::shared_ptr<_Tp> > std::shared_ptr<rclcpp::Publisher<std_msgs::msg::String_<std::allocator<void> > > >::[01;32m[Koperator=[m[K(std::shared_ptr<_Tp>&&) [35m[K[with _Yp = rclcpp::Publisher<move_relative_ur::msg::ErrorMsg_<std::allocator<void> >, std::allocator<void> >][m[K[m[Kâ€™
[3.225s] [01m[K/home/tsi/ws_moveit2/src/move_relative_ur/src/move_monitoring_node.cpp:22:100:[m[K   required from here
[3.226s] [01m[K/usr/include/c++/13/bits/shared_ptr.h:183:15:[m[K [01;31m[Kerror: [m[Kno type named â€˜[01m[Ktype[m[Kâ€™ in â€˜[01m[Kstruct std::enable_if<false, std::shared_ptr<rclcpp::Publisher<std_msgs::msg::String_<std::allocator<void> > > >&>[m[Kâ€™
[3.226s]   183 |         using [01;31m[K_Assignable[m[K = typename enable_if<
[3.226s]       |               [01;31m[K^~~~~~~~~~~[m[K
[3.227s] [01m[K/usr/include/c++/13/bits/shared_ptr.h:454:9:[m[K [01;36m[Knote: [m[Kcandidate: â€˜[01m[Ktemplate<class _Yp, class _Del> std::shared_ptr<_Tp>::_Assignable<std::unique_ptr<_Up, _Ep> > std::shared_ptr<_Tp>::[01;32m[Koperator=[m[K(std::unique_ptr<_Up, _Ep>&&) [35m[K[with _Del = _Yp; _Tp = rclcpp::Publisher<std_msgs::msg::String_<std::allocator<void> > >][m[K[m[Kâ€™
[3.227s]   454 |         [01;36m[Koperator[m[K=(unique_ptr<_Yp, _Del>&& __r)
[3.227s]       |         [01;36m[K^~~~~~~~[m[K
[3.228s] [01m[K/usr/include/c++/13/bits/shared_ptr.h:454:9:[m[K [01;36m[Knote: [m[K  template argument deduction/substitution failed:
[3.228s] [01m[K/home/tsi/ws_moveit2/src/move_relative_ur/src/move_monitoring_node.cpp:22:100:[m[K [01;36m[Knote: [m[K  â€˜[01m[Kstd::shared_ptr<rclcpp::Publisher<move_relative_ur::msg::ErrorMsg_<std::allocator<void> >, std::allocator<void> > >[m[Kâ€™ is not derived from â€˜[01m[Kstd::unique_ptr<_Tp, _Dp>[m[Kâ€™
[3.228s]    22 |         error_pub_ = this->create_publisher<move_relative_ur::msg::ErrorMsg>("robot_monitoring", 10[01;36m[K)[m[K;
[3.229s]       |                                                                                                    [01;36m[K^[m[K
[3.229s] [01m[K/usr/include/c++/13/bits/shared_ptr.h:414:19:[m[K [01;36m[Knote: [m[Kcandidate: â€˜[01m[Kstd::shared_ptr<_Tp>& std::shared_ptr<_Tp>::[01;32m[Koperator=[m[K(const std::shared_ptr<_Tp>&) [35m[K[with _Tp = rclcpp::Publisher<std_msgs::msg::String_<std::allocator<void> > >][m[K[m[Kâ€™
[3.229s]   414 |       shared_ptr& [01;36m[Koperator[m[K=(const shared_ptr&) noexcept = default;
[3.229s]       |                   [01;36m[K^~~~~~~~[m[K
[3.230s] [01m[K/usr/include/c++/13/bits/shared_ptr.h:414:29:[m[K [01;36m[Knote: [m[K  no known conversion for argument 1 from â€˜[01m[Kstd::shared_ptr<rclcpp::Publisher<move_relative_ur::msg::ErrorMsg_<std::allocator<void> >, std::allocator<void> > >[m[Kâ€™ to â€˜[01m[Kconst std::shared_ptr<rclcpp::Publisher<std_msgs::msg::String_<std::allocator<void> > > >&[m[Kâ€™
[3.230s]   414 |       shared_ptr& operator=([01;36m[Kconst shared_ptr&[m[K) noexcept = default;
[3.230s]       |                             [01;36m[K^~~~~~~~~~~~~~~~~[m[K
[3.230s] [01m[K/usr/include/c++/13/bits/shared_ptr.h:438:7:[m[K [01;36m[Knote: [m[Kcandidate: â€˜[01m[Kstd::shared_ptr<_Tp>& std::shared_ptr<_Tp>::[01;32m[Koperator=[m[K(std::shared_ptr<_Tp>&&) [35m[K[with _Tp = rclcpp::Publisher<std_msgs::msg::String_<std::allocator<void> > >][m[K[m[Kâ€™
[3.230s]   438 |       [01;36m[Koperator[m[K=(shared_ptr&& __r) noexcept
[3.231s]       |       [01;36m[K^~~~~~~~[m[K
[3.231s] [01m[K/usr/include/c++/13/bits/shared_ptr.h:438:30:[m[K [01;36m[Knote: [m[K  no known conversion for argument 1 from â€˜[01m[Kstd::shared_ptr<rclcpp::Publisher<move_relative_ur::msg::ErrorMsg_<std::allocator<void> >, std::allocator<void> > >[m[Kâ€™ to â€˜[01m[Kstd::shared_ptr<rclcpp::Publisher<std_msgs::msg::String_<std::allocator<void> > > >&&[m[Kâ€™
[3.231s]   438 |       operator=([01;36m[Kshared_ptr&& __r[m[K) noexcept
[3.231s]       |                 [01;36m[K~~~~~~~~~~~~~^~~[m[K
[3.231s] [01m[K/home/tsi/ws_moveit2/src/move_relative_ur/src/move_monitoring_node.cpp:27:9:[m[K [01;31m[Kerror: [m[Kâ€˜[01m[Ktimer_[m[Kâ€™ was not declared in this scope; did you mean â€˜[01m[Ktimer_t[m[Kâ€™?
[3.231s]    27 |         [01;31m[Ktimer_[m[K = this->create_wall_timer(0.5s,std::bind (&&RobotMonitoringNode::robotModeCallback, this, std::placeholders::_1));
[3.231s]       |         [01;31m[K^~~~~~[m[K
[3.231s]       |         [32m[Ktimer_t[m[K
[3.232s] [01m[K/home/tsi/ws_moveit2/src/move_relative_ur/src/move_monitoring_node.cpp:27:42:[m[K [01;31m[Kerror: [m[Kunable to find numeric literal operator â€˜[01m[Koperator""s[m[Kâ€™
[3.232s]    27 |         timer_ = this->create_wall_timer([01;31m[K0.5s[m[K,std::bind (&&RobotMonitoringNode::robotModeCallback, this, std::placeholders::_1));
[3.232s]       |                                          [01;31m[K^~~~[m[K
[3.232s] [01m[K/home/tsi/ws_moveit2/src/move_relative_ur/src/move_monitoring_node.cpp:27:79:[m[K [01;31m[Kerror: [m[Kexpected â€˜[01m[K)[m[Kâ€™ before â€˜[01m[K::[m[Kâ€™ token
[3.232s]    27 |         timer_ = this->create_wall_timer(0.5s,std::bind (&&RobotMonitoringNode[01;31m[K::[m[KrobotModeCallback, this, std::placeholders::_1));
[3.232s]       |                                                                               [01;31m[K^~[m[K
[3.233s] [01m[K/home/tsi/ws_moveit2/src/move_relative_ur/src/move_monitoring_node.cpp:27:57:[m[K [01;36m[Knote: [m[Kto match this â€˜[01m[K([m[Kâ€™
[3.233s]    27 |         timer_ = this->create_wall_timer(0.5s,std::bind [01;36m[K([m[K&&RobotMonitoringNode::robotModeCallback, this, std::placeholders::_1));
[3.233s]       |                                                         [01;36m[K^[m[K
[3.233s] [01m[K/home/tsi/ws_moveit2/src/move_relative_ur/src/move_monitoring_node.cpp:27:60:[m[K [01;31m[Kerror: [m[Klabel â€˜[01m[KRobotMonitoringNode[m[Kâ€™ used but not defined
[3.234s]    27 |         timer_ = this->create_wall_timer(0.5s,std::bind (&&[01;31m[KRobotMonitoringNode[m[K::robotModeCallback, this, std::placeholders::_1));
[3.234s]       |                                                            [01;31m[K^~~~~~~~~~~~~~~~~~~[m[K
[3.234s] [01m[K/home/tsi/ws_moveit2/src/move_relative_ur/src/move_monitoring_node.cpp:[m[K In member function â€˜[01m[Kvoid RobotMonitoringNode::[01;32m[KsendErrorMessage[m[K(const std::string&)[m[Kâ€™:
[3.234s] [01m[K/home/tsi/ws_moveit2/src/move_relative_ur/src/move_monitoring_node.cpp:40:28:[m[K [01;31m[Kerror: [m[Kno matching function for call to â€˜[01m[Krclcpp::Publisher<std_msgs::msg::String_<std::allocator<void> > >::publish(move_relative_ur::msg::ErrorMsg_<std::allocator<void> >&)[m[Kâ€™
[3.234s]    40 |         [01;31m[Kerror_pub_->publish(msg)[m[K;
[3.235s]       |         [01;31m[K~~~~~~~~~~~~~~~~~~~^~~~~[m[K
[3.235s] In file included from [01m[K/opt/ros/jazzy/include/rclcpp/rclcpp/topic_statistics/subscription_topic_statistics.hpp:31[m[K,
[3.235s]                  from [01m[K/opt/ros/jazzy/include/rclcpp/rclcpp/subscription.hpp:50[m[K,
[3.235s]                  from [01m[K/opt/ros/jazzy/include/rclcpp/rclcpp/any_executable.hpp:25[m[K,
[3.235s]                  from [01m[K/opt/ros/jazzy/include/rclcpp/rclcpp/memory_strategy.hpp:25[m[K,
[3.236s]                  from [01m[K/opt/ros/jazzy/include/rclcpp/rclcpp/memory_strategies.hpp:18[m[K,
[3.236s]                  from [01m[K/opt/ros/jazzy/include/rclcpp/rclcpp/executor_options.hpp:22[m[K,
[3.236s]                  from [01m[K/opt/ros/jazzy/include/rclcpp/rclcpp/executor.hpp:38[m[K,
[3.236s]                  from [01m[K/opt/ros/jazzy/include/rclcpp/rclcpp/executors/multi_threaded_executor.hpp:25[m[K,
[3.236s]                  from [01m[K/opt/ros/jazzy/include/rclcpp/rclcpp/executors.hpp:21[m[K,
[3.237s]                  from [01m[K/opt/ros/jazzy/include/rclcpp/rclcpp/rclcpp.hpp:172[m[K:
[3.237s] [01m[K/opt/ros/jazzy/include/rclcpp/rclcpp/publisher.hpp:242:3:[m[K [01;36m[Knote: [m[Kcandidate: â€˜[01m[Ktemplate<class T> std::enable_if_t<(rosidl_generator_traits::is_message<T>::value && std::is_same<T, typename rclcpp::TypeAdapter<MessageT>::ros_message_type>::value)> rclcpp::Publisher<MessageT, AllocatorT>::[01;32m[Kpublish[m[K(std::unique_ptr<T, typename std::conditional<std::is_same<typename std::allocator_traits<typename std::allocator_traits<_Allocator>::rebind_traits<typename rclcpp::TypeAdapter<MessageT, void, void>::ros_message_type>::allocator_type>::rebind_alloc<typename rclcpp::TypeAdapter<MessageT, void, void>::ros_message_type>, std::allocator<typename rclcpp::TypeAdapter<MessageT>::ros_message_type> >::value, std::default_delete<typename rclcpp::TypeAdapter<MessageT>::ros_message_type>, rclcpp::allocator::AllocatorDeleter<typename std::allocator_traits<_Allocator>::rebind_traits<typename rclcpp::TypeAdapter<MessageT, void, void>::ros_message_type>::allocator_type> >::type>) [35m[K[with MessageT = std_msgs::msg::String_<std::allocator<void> >; AllocatorT = std::allocator<void>][m[K[m[Kâ€™
[3.237s]   242 |   [01;36m[Kpublish[m[K(std::unique_ptr<T, ROSMessageTypeDeleter> msg)
[3.237s]       |   [01;36m[K^~~~~~~[m[K
[3.238s] [01m[K/opt/ros/jazzy/include/rclcpp/rclcpp/publisher.hpp:242:3:[m[K [01;36m[Knote: [m[K  template argument deduction/substitution failed:
[3.238s] [01m[K/home/tsi/ws_moveit2/src/move_relative_ur/src/move_monitoring_node.cpp:40:28:[m[K [01;36m[Knote: [m[K  â€˜[01m[Kmove_relative_ur::msg::ErrorMsg_<std::allocator<void> >[m[Kâ€™ is not derived from â€˜[01m[Kstd::unique_ptr<T, std::default_delete<std_msgs::msg::String_<std::allocator<void> > > >[m[Kâ€™
[3.238s]    40 |         [01;36m[Kerror_pub_->publish(msg)[m[K;
[3.238s]       |         [01;36m[K~~~~~~~~~~~~~~~~~~~^~~~~[m[K
[3.238s] [01m[K/opt/ros/jazzy/include/rclcpp/rclcpp/publisher.hpp:292:3:[m[K [01;36m[Knote: [m[Kcandidate: â€˜[01m[Ktemplate<class T> std::enable_if_t<(rosidl_generator_traits::is_message<T>::value && std::is_same<T, typename rclcpp::TypeAdapter<MessageT>::ros_message_type>::value)> rclcpp::Publisher<MessageT, AllocatorT>::[01;32m[Kpublish[m[K(const T&) [35m[K[with MessageT = std_msgs::msg::String_<std::allocator<void> >; AllocatorT = std::allocator<void>][m[K[m[Kâ€™
[3.239s]   292 |   [01;36m[Kpublish[m[K(const T & msg)
[3.239s]       |   [01;36m[K^~~~~~~[m[K
[3.239s] [01m[K/opt/ros/jazzy/include/rclcpp/rclcpp/publisher.hpp:292:3:[m[K [01;36m[Knote: [m[K  template argument deduction/substitution failed:
[3.239s] In file included from [01m[K/usr/include/c++/13/bits/move.h:37[m[K,
[3.240s]                  from [01m[K/usr/include/c++/13/bits/new_allocator.h:36[m[K,
[3.240s]                  from [01m[K/usr/include/x86_64-linux-gnu/c++/13/bits/c++allocator.h:33[m[K,
[3.240s]                  from [01m[K/usr/include/c++/13/bits/allocator.h:46[m[K,
[3.240s]                  from [01m[K/usr/include/c++/13/memory:65[m[K:
[3.240s] /usr/include/c++/13/type_traits: In substitution of â€˜[01m[Ktemplate<bool _Cond, class _Tp> using std::enable_if_t = typename std::enable_if::type [35m[K[with bool _Cond = false; _Tp = void][m[K[m[Kâ€™:
[3.241s] [01m[K/opt/ros/jazzy/include/rclcpp/rclcpp/publisher.hpp:292:3:[m[K   required by substitution of â€˜[01m[Ktemplate<class T> std::enable_if_t<(rosidl_generator_traits::is_message<T>::value && std::is_same<T, std_msgs::msg::String_<std::allocator<void> > >::value), void> rclcpp::Publisher<std_msgs::msg::String_<std::allocator<void> > >::[01;32m[Kpublish[m[K(const T&) [35m[K[with T = move_relative_ur::msg::ErrorMsg_<std::allocator<void> >][m[K[m[Kâ€™
[3.241s] [01m[K/home/tsi/ws_moveit2/src/move_relative_ur/src/move_monitoring_node.cpp:40:28:[m[K   required from here
[3.241s] [01m[K/usr/include/c++/13/type_traits:2610:11:[m[K [01;31m[Kerror: [m[Kno type named â€˜[01m[Ktype[m[Kâ€™ in â€˜[01m[Kstruct std::enable_if<false, void>[m[Kâ€™
[3.241s]  2610 |     using [01;31m[Kenable_if_t[m[K = typename enable_if<_Cond, _Tp>::type;
[3.241s]       |           [01;31m[K^~~~~~~~~~~[m[K
[3.241s] [01m[K/opt/ros/jazzy/include/rclcpp/rclcpp/publisher.hpp:322:3:[m[K [01;36m[Knote: [m[Kcandidate: â€˜[01m[Ktemplate<class T> std::enable_if_t<(typename rclcpp::TypeAdapter<MessageT>::is_specialized::value && std::is_same<T, typename rclcpp::TypeAdapter<MessageT>::custom_type>::value)> rclcpp::Publisher<MessageT, AllocatorT>::[01;32m[Kpublish[m[K(std::unique_ptr<T, typename std::conditional<std::is_same<typename std::allocator_traits<typename std::allocator_traits<_Allocator>::rebind_traits<typename rclcpp::TypeAdapter<MessageT, void, void>::custom_type>::allocator_type>::rebind_alloc<typename rclcpp::TypeAdapter<MessageT, void, void>::custom_type>, std::allocator<typename rclcpp::TypeAdapter<MessageT>::custom_type> >::value, std::default_delete<typename rclcpp::TypeAdapter<MessageT>::custom_type>, rclcpp::allocator::AllocatorDeleter<typename std::allocator_traits<_Allocator>::rebind_traits<typename rclcpp::TypeAdapter<MessageT, void, void>::custom_type>::allocator_type> >::type>) [35m[K[with MessageT = std_msgs::msg::String_<std::allocator<void> >; AllocatorT = std::allocator<void>][m[K[m[Kâ€™
[3.242s]   322 |   [01;36m[Kpublish[m[K(std::unique_ptr<T, PublishedTypeDeleter> msg)
[3.242s]       |   [01;36m[K^~~~~~~[m[K
[3.242s] [01m[K/opt/ros/jazzy/include/rclcpp/rclcpp/publisher.hpp:322:3:[m[K [01;36m[Knote: [m[K  template argument deduction/substitution failed:
[3.242s] [01m[K/home/tsi/ws_moveit2/src/move_relative_ur/src/move_monitoring_node.cpp:40:28:[m[K [01;36m[Knote: [m[K  â€˜[01m[Kmove_relative_ur::msg::ErrorMsg_<std::allocator<void> >[m[Kâ€™ is not derived from â€˜[01m[Kstd::unique_ptr<T, std::default_delete<std_msgs::msg::String_<std::allocator<void> > > >[m[Kâ€™
[3.242s]    40 |         [01;36m[Kerror_pub_->publish(msg)[m[K;
[3.242s]       |         [01;36m[K~~~~~~~~~~~~~~~~~~~^~~~~[m[K
[3.242s] [01m[K/opt/ros/jazzy/include/rclcpp/rclcpp/publisher.hpp:369:3:[m[K [01;36m[Knote: [m[Kcandidate: â€˜[01m[Ktemplate<class T> std::enable_if_t<(typename rclcpp::TypeAdapter<MessageT>::is_specialized::value && std::is_same<T, typename rclcpp::TypeAdapter<MessageT>::custom_type>::value)> rclcpp::Publisher<MessageT, AllocatorT>::[01;32m[Kpublish[m[K(const T&) [35m[K[with MessageT = std_msgs::msg::String_<std::allocator<void> >; AllocatorT = std::allocator<void>][m[K[m[Kâ€™
[3.243s]   369 |   [01;36m[Kpublish[m[K(const T & msg)
[3.243s]       |   [01;36m[K^~~~~~~[m[K
[3.243s] [01m[K/opt/ros/jazzy/include/rclcpp/rclcpp/publisher.hpp:369:3:[m[K [01;36m[Knote: [m[K  template argument deduction/substitution failed:
[3.243s] [01m[K/opt/ros/jazzy/include/rclcpp/rclcpp/publisher.hpp:387:3:[m[K [01;36m[Knote: [m[Kcandidate: â€˜[01m[Kvoid rclcpp::Publisher<MessageT, AllocatorT>::[01;32m[Kpublish[m[K(const rcl_serialized_message_t&) [35m[K[with MessageT = std_msgs::msg::String_<std::allocator<void> >; AllocatorT = std::allocator<void>; rcl_serialized_message_t = rcutils_uint8_array_s][m[K[m[Kâ€™
[3.243s]   387 |   [01;36m[Kpublish[m[K(const rcl_serialized_message_t & serialized_msg)
[3.243s]       |   [01;36m[K^~~~~~~[m[K
[3.243s] [01m[K/opt/ros/jazzy/include/rclcpp/rclcpp/publisher.hpp:387:44:[m[K [01;36m[Knote: [m[K  no known conversion for argument 1 from â€˜[01m[Kmove_relative_ur::msg::ErrorMsg_<std::allocator<void> >[m[Kâ€™ to â€˜[01m[Kconst rcl_serialized_message_t&[m[Kâ€™ {aka â€˜[01m[Kconst rcutils_uint8_array_s&[m[Kâ€™}
[3.244s]   387 |   publish([01;36m[Kconst rcl_serialized_message_t & serialized_msg[m[K)
[3.244s]       |           [01;36m[K~~~~~~~~~~~~~~~~~~~~~~~~~~~~~~~~~^~~~~~~~~~~~~~[m[K
[3.244s] [01m[K/opt/ros/jazzy/include/rclcpp/rclcpp/publisher.hpp:393:3:[m[K [01;36m[Knote: [m[Kcandidate: â€˜[01m[Kvoid rclcpp::Publisher<MessageT, AllocatorT>::[01;32m[Kpublish[m[K(const rclcpp::SerializedMessage&) [35m[K[with MessageT = std_msgs::msg::String_<std::allocator<void> >; AllocatorT = std::allocator<void>][m[K[m[Kâ€™
[3.244s]   393 |   [01;36m[Kpublish[m[K(const SerializedMessage & serialized_msg)
[3.244s]       |   [01;36m[K^~~~~~~[m[K
[3.244s] [01m[K/opt/ros/jazzy/include/rclcpp/rclcpp/publisher.hpp:393:37:[m[K [01;36m[Knote: [m[K  no known conversion for argument 1 from â€˜[01m[Kmove_relative_ur::msg::ErrorMsg_<std::allocator<void> >[m[Kâ€™ to â€˜[01m[Kconst rclcpp::SerializedMessage&[m[Kâ€™
[3.244s]   393 |   publish([01;36m[Kconst SerializedMessage & serialized_msg[m[K)
[3.245s]       |           [01;36m[K~~~~~~~~~~~~~~~~~~~~~~~~~~^~~~~~~~~~~~~~[m[K
[3.245s] [01m[K/opt/ros/jazzy/include/rclcpp/rclcpp/publisher.hpp:407:3:[m[K [01;36m[Knote: [m[Kcandidate: â€˜[01m[Kvoid rclcpp::Publisher<MessageT, AllocatorT>::[01;32m[Kpublish[m[K(rclcpp::LoanedMessage<typename rclcpp::TypeAdapter<MessageT>::ros_message_type, AllocatorT>&&) [35m[K[with MessageT = std_msgs::msg::String_<std::allocator<void> >; AllocatorT = std::allocator<void>; typename rclcpp::TypeAdapter<MessageT>::ros_message_type = std_msgs::msg::String_<std::allocator<void> >][m[K[m[Kâ€™
[3.245s]   407 |   [01;36m[Kpublish[m[K(rclcpp::LoanedMessage<ROSMessageType, AllocatorT> && loaned_msg)
[3.245s]       |   [01;36m[K^~~~~~~[m[K
[3.245s] [01m[K/opt/ros/jazzy/include/rclcpp/rclcpp/publisher.hpp:407:64:[m[K [01;36m[Knote: [m[K  no known conversion for argument 1 from â€˜[01m[Kmove_relative_ur::msg::ErrorMsg_<std::allocator<void> >[m[Kâ€™ to â€˜[01m[Krclcpp::LoanedMessage<std_msgs::msg::String_<std::allocator<void> >, std::allocator<void> >&&[m[Kâ€™
[3.245s]   407 |   publish([01;36m[Krclcpp::LoanedMessage<ROSMessageType, AllocatorT> && loaned_msg[m[K)
[3.245s]       |           [01;36m[K~~~~~~~~~~~~~~~~~~~~~~~~~~~~~~~~~~~~~~~~~~~~~~~~~~~~~^~~~~~~~~~[m[K
[6.420s] gmake[2]: *** [CMakeFiles/robot_monitoring_node.dir/build.make:76: CMakeFiles/robot_monitoring_node.dir/src/move_monitoring_node.cpp.o] Error 1
[6.420s] gmake[1]: *** [CMakeFiles/Makefile2:655: CMakeFiles/robot_monitoring_node.dir/all] Error 2
[6.421s] gmake: *** [Makefile:146: all] Error 2
[6.428s] Invoked command in '/home/tsi/ws_moveit2/build/move_relative_ur' returned '2': CMAKE_PREFIX_PATH=${CMAKE_PREFIX_PATH}:/home/tsi/workspace/install/moveit_configs_utils:/opt/ros/jazzy DEBUGINFOD_URLS=https://debuginfod.ubuntu.com /usr/bin/cmake --build /home/tsi/ws_moveit2/build/move_relative_ur -- -j12 -l12
