[01m[K/home/tsi/ws_moveit2/src/move_relative_ur/src/move_monitoring_node.cpp:[m[K In member function β€[01m[Kvoid RobotMonitoringNode::[01;32m[KcheckIfNodeIsRunning[m[K()[m[Kβ€™:
[01m[K/home/tsi/ws_moveit2/src/move_relative_ur/src/move_monitoring_node.cpp:71:28:[m[K [01;31m[Kerror: [m[Kβ€[01m[KisCurrentlyStopped[m[Kβ€™ was not declared in this scope
   71 |         prevStoppedState = [01;31m[KisCurrentlyStopped[m[K;  // μ΄μ „ μƒνƒ μ—…λ°μ΄νΈν•μ—¬ λ©”μ‹μ§€λ¥Ό λ¬΄ν•ν λ³΄λ‚΄λ” κ²ƒμ„ λ°©μ§€
      |                            [01;31m[K^~~~~~~~~~~~~~~~~~[m[K
gmake[2]: *** [CMakeFiles/robot_monitoring_node.dir/build.make:76: CMakeFiles/robot_monitoring_node.dir/src/move_monitoring_node.cpp.o] Error 1
gmake[1]: *** [CMakeFiles/Makefile2:655: CMakeFiles/robot_monitoring_node.dir/all] Error 2
gmake: *** [Makefile:146: all] Error 2
