[01m[K/home/tsi/ws_moveit2/src/move_relative_ur/src/move_monitoring_node.cpp:[m[K In member function ‘[01m[Kvoid RobotMonitoringNode::[01;32m[KcheckIfNodeIsRunning[m[K()[m[K’:
[01m[K/home/tsi/ws_moveit2/src/move_relative_ur/src/move_monitoring_node.cpp:71:28:[m[K [01;31m[Kerror: [m[K‘[01m[KisCurrentlyStopped[m[K’ was not declared in this scope
   71 |         prevStoppedState = [01;31m[KisCurrentlyStopped[m[K;  // 이전 상태 업데이트하여 메시지를 무한히 보내는 것을 방지
      |                            [01;31m[K^~~~~~~~~~~~~~~~~~[m[K
gmake[2]: *** [CMakeFiles/robot_monitoring_node.dir/build.make:76: CMakeFiles/robot_monitoring_node.dir/src/move_monitoring_node.cpp.o] Error 1
gmake[1]: *** [CMakeFiles/Makefile2:655: CMakeFiles/robot_monitoring_node.dir/all] Error 2
gmake: *** [Makefile:146: all] Error 2
