[0.041s] Invoking command in '/home/tsi/ws_moveit2/build/move_relative_ur': CMAKE_PREFIX_PATH=${CMAKE_PREFIX_PATH}:/home/tsi/workspace/install/moveit_configs_utils:/opt/ros/jazzy DEBUGINFOD_URLS=https://debuginfod.ubuntu.com /usr/bin/cmake --build /home/tsi/ws_moveit2/build/move_relative_ur -- -j12 -l12
[0.197s] [  2%] Built target move_relative_ur__rosidl_generator_type_description
[0.242s] [  2%] Built target ament_cmake_python_symlink_move_relative_ur
[0.253s] [ 15%] Built target move_relative_ur__rosidl_generator_c
[0.263s] [ 18%] Built target move_relative_ur__cpp
[0.293s] [ 26%] Built target move_relative_ur__rosidl_typesupport_c
[0.299s] [ 34%] Built target move_relative_ur__rosidl_typesupport_introspection_c
[0.300s] [ 42%] Built target move_relative_ur__rosidl_typesupport_fastrtps_c
[0.307s] [ 50%] Built target move_relative_ur__rosidl_typesupport_fastrtps_cpp
[0.308s] [ 57%] Built target move_relative_ur__rosidl_typesupport_cpp
[0.324s] [ 65%] Built target move_relative_ur__rosidl_typesupport_introspection_cpp
[0.368s] [ 65%] Built target move_relative_ur
[0.387s] [ 68%] [32mBuilding CXX object CMakeFiles/robot_monitoring_node.dir/src/move_monitoring_node.cpp.o[0m
[0.393s] [ 71%] [32mBuilding CXX object CMakeFiles/move_relative_node.dir/src/move_relative.cpp.o[0m
[0.408s] [ 73%] Built target move_relative_ur__py
[0.467s] [ 78%] Built target move_relative_ur__rosidl_generator_py
[0.522s] [ 84%] Built target move_relative_ur_s__rosidl_typesupport_c
[0.534s] [ 89%] Built target move_relative_ur_s__rosidl_typesupport_introspection_c
[0.536s] [ 94%] Built target move_relative_ur_s__rosidl_typesupport_fastrtps_c
[0.786s] running egg_info
[0.825s] writing move_relative_ur.egg-info/PKG-INFO
[0.825s] writing dependency_links to move_relative_ur.egg-info/dependency_links.txt
[0.830s] writing top-level names to move_relative_ur.egg-info/top_level.txt
[0.975s] reading manifest file 'move_relative_ur.egg-info/SOURCES.txt'
[0.975s] writing manifest file 'move_relative_ur.egg-info/SOURCES.txt'
[1.045s] [ 94%] Built target ament_cmake_python_build_move_relative_ur_egg
[3.505s] [01m[K/home/tsi/ws_moveit2/src/move_relative_ur/src/move_relative.cpp:55:43:[m[K [01;31m[Kerror: [m[Kâ€˜[01m[Kur_dashboard_msgs[m[Kâ€™ was not declared in this scope
[3.505s]    55 |     void robotProgramState(rclcpp::Client<[01;31m[Kur_dashboard_msgs[m[K::srv::GetProgramState>::SharedFuture future)
[3.506s]       |                                           [01;31m[K^~~~~~~~~~~~~~~~~[m[K
[3.506s] [01m[K/home/tsi/ws_moveit2/src/move_relative_ur/src/move_relative.cpp:55:82:[m[K [01;31m[Kerror: [m[Ktemplate argument 1 is invalid
[3.506s]    55 | obotProgramState(rclcpp::Client<ur_dashboard_msgs::srv::GetProgramState[01;31m[K>[m[K::SharedFuture future)
[3.506s]       |                                                                        [01;31m[K^[m[K
[3.506s] 
[3.517s] [01m[K/home/tsi/ws_moveit2/src/move_relative_ur/src/move_relative.cpp:55:43:[m[K [01;31m[Kerror: [m[Kâ€˜[01m[Kur_dashboard_msgs[m[Kâ€™ was not declared in this scope
[3.518s]    55 |     void robotProgramState(rclcpp::Client<[01;31m[Kur_dashboard_msgs[m[K::srv::GetProgramState>::SharedFuture future)
[3.518s]       |                                           [01;31m[K^~~~~~~~~~~~~~~~~[m[K
[3.518s] [01m[K/home/tsi/ws_moveit2/src/move_relative_ur/src/move_relative.cpp:55:82:[m[K [01;31m[Kerror: [m[Ktemplate argument 1 is invalid
[3.519s]    55 | obotProgramState(rclcpp::Client<ur_dashboard_msgs::srv::GetProgramState[01;31m[K>[m[K::SharedFuture future)
[3.519s]       |                                                                        [01;31m[K^[m[K
[3.519s] 
[3.532s] [01m[K/home/tsi/ws_moveit2/src/move_relative_ur/src/move_relative.cpp:55:43:[m[K [01;31m[Kerror: [m[Kâ€˜[01m[Kur_dashboard_msgs[m[Kâ€™ was not declared in this scope
[3.532s]    55 |     void robotProgramState(rclcpp::Client<[01;31m[Kur_dashboard_msgs[m[K::srv::GetProgramState>::SharedFuture future)
[3.533s]       |                                           [01;31m[K^~~~~~~~~~~~~~~~~[m[K
[3.533s] [01m[K/home/tsi/ws_moveit2/src/move_relative_ur/src/move_relative.cpp:55:82:[m[K [01;31m[Kerror: [m[Ktemplate argument 1 is invalid
[3.533s]    55 | obotProgramState(rclcpp::Client<ur_dashboard_msgs::srv::GetProgramState[01;31m[K>[m[K::SharedFuture future)
[3.534s]       |                                                                        [01;31m[K^[m[K
[3.534s] 
[3.534s] [01m[K/home/tsi/ws_moveit2/src/move_relative_ur/src/move_relative.cpp:55:28:[m[K [01;31m[Kerror: [m[Kinvalid template-id
[3.534s]    55 |     void robotProgramState([01;31m[Krclcpp[m[K::Client<ur_dashboard_msgs::srv::GetProgramState>::SharedFuture future)
[3.534s]       |                            [01;31m[K^~~~~~[m[K
[3.535s] [01m[K/home/tsi/ws_moveit2/src/move_relative_ur/src/move_relative.cpp:55:43:[m[K [01;31m[Kerror: [m[Kâ€˜[01m[Kur_dashboard_msgs[m[Kâ€™ has not been declared
[3.535s]    55 |     void robotProgramState(rclcpp::Client<[01;31m[Kur_dashboard_msgs[m[K::srv::GetProgramState>::SharedFuture future)
[3.535s]       |                                           [01;31m[K^~~~~~~~~~~~~~~~~[m[K
[3.535s] [01m[K/home/tsi/ws_moveit2/src/move_relative_ur/src/move_relative.cpp:55:98:[m[K [01;31m[Kerror: [m[Kexpected unqualified-id before â€˜[01m[Kfuture[m[Kâ€™
[3.536s]    55 | tate(rclcpp::Client<ur_dashboard_msgs::srv::GetProgramState>::SharedFuture [01;31m[Kfuture[m[K)
[3.536s]       |                                                                            [01;31m[K^~~~~~[m[K
[3.536s] 
[3.536s] [01m[K/home/tsi/ws_moveit2/src/move_relative_ur/src/move_relative.cpp:55:97:[m[K [01;31m[Kerror: [m[Kexpected â€˜[01m[K)[m[Kâ€™ before â€˜[01m[Kfuture[m[Kâ€™
[3.537s]    55 | tate[34m[K([m[Krclcpp::Client<ur_dashboard_msgs::srv::GetProgramState>::SharedFuture[01;31m[K [m[K[32m[Kfuture[m[K)
[3.537s]       |     [34m[K~[m[K                                                                     [01;31m[K^[m[K[32m[K~~~~~~[m[K
[3.537s]       |                                                                           [32m[K)[m[K
[3.537s] [01m[K/home/tsi/ws_moveit2/src/move_relative_ur/src/move_relative.cpp:55:85:[m[K [01;31m[Kerror: [m[Kexpected â€˜[01m[K;[m[Kâ€™ at end of member declaration
[3.538s]    55 | tProgramState(rclcpp::Client<ur_dashboard_msgs::srv::GetProgramState>::[01;31m[KSharedFuture[m[K future)
[3.538s]       |                                                                        [01;31m[K^~~~~~~~~~~~[m[K
[3.538s]       |                                                                                    [32m[K;[m[K
[3.538s] [01m[K/home/tsi/ws_moveit2/src/move_relative_ur/src/move_relative.cpp:55:98:[m[K [01;31m[Kerror: [m[Kâ€˜[01m[Kfuture[m[Kâ€™ does not name a type
[3.538s]    55 | tate(rclcpp::Client<ur_dashboard_msgs::srv::GetProgramState>::SharedFuture [01;31m[Kfuture[m[K)
[3.539s]       |                                                                            [01;31m[K^~~~~~[m[K
[3.539s] 
[3.601s] [01m[K/home/tsi/ws_moveit2/src/move_relative_ur/src/move_relative.cpp:[m[K In member function â€˜[01m[Kvoid URScriptRelativeMove::[01;32m[KsendRobotStatusRequest[m[K()[m[Kâ€™:
[3.602s] [01m[K/home/tsi/ws_moveit2/src/move_relative_ur/src/move_relative.cpp:43:41:[m[K [01;31m[Kerror: [m[Kâ€˜[01m[Kur_dashboard_msgs[m[Kâ€™ was not declared in this scope
[3.602s]    43 |         auto request = std::make_shared<[01;31m[Kur_dashboard_msgs[m[K::srv::GetProgramState::Request>();
[3.602s]       |                                         [01;31m[K^~~~~~~~~~~~~~~~~[m[K
[3.603s] [01m[K/home/tsi/ws_moveit2/src/move_relative_ur/src/move_relative.cpp:43:29:[m[K [01;31m[Kerror: [m[Kparse error in template argument list
[3.603s]    43 |         auto request = std::[01;31m[Kmake_shared<ur_dashboard_msgs::srv::GetProgramState::Request>[m[K();
[3.603s]       |                             [01;31m[K^~~~~~~~~~~~~~~~~~~~~~~~~~~~~~~~~~~~~~~~~~~~~~~~~~~~~~~~~~~~~[m[K
[3.604s] [01m[K/home/tsi/ws_moveit2/src/move_relative_ur/src/move_relative.cpp:43:90:[m[K [01;31m[Kerror: [m[Kno matching function for call to â€˜[01m[Kmake_shared<<expression error> >()[m[Kâ€™
[3.604s]    43 | to request = [01;31m[Kstd::make_shared<ur_dashboard_msgs::srv::GetProgramState::Request>()[m[K;
[3.605s]       |              [01;31m[K~~~~~~~~~~~~~~~~~~~~~~~~~~~~~~~~~~~~~~~~~~~~~~~~~~~~~~~~~~~~~~~~~~^~[m[K
[3.605s] 
[3.605s] In file included from [01m[K/usr/include/c++/13/memory:80[m[K,
[3.606s]                  from [01m[K/opt/ros/jazzy/include/rclcpp/rclcpp/rclcpp.hpp:169[m[K,
[3.606s]                  from [01m[K/home/tsi/ws_moveit2/src/move_relative_ur/src/move_relative.cpp:1[m[K:
[3.606s] [01m[K/usr/include/c++/13/bits/shared_ptr.h:1005:5:[m[K [01;36m[Knote: [m[Kcandidate: â€˜[01m[Ktemplate<class _Tp, class ... _Args> std::shared_ptr<typename std::enable_if<(! std::is_array< <template-parameter-1-1> >::value), _Tp>::type> std::[01;32m[Kmake_shared[m[K(_Args&& ...)[m[Kâ€™
[3.607s]  1005 |     [01;36m[Kmake_shared[m[K(_Args&&... __args)
[3.607s]       |     [01;36m[K^~~~~~~~~~~[m[K
[3.607s] [01m[K/usr/include/c++/13/bits/shared_ptr.h:1005:5:[m[K [01;36m[Knote: [m[K  template argument deduction/substitution failed:
[3.608s] [01m[K/home/tsi/ws_moveit2/src/move_relative_ur/src/move_relative.cpp:43:90:[m[K [01;31m[Kerror: [m[Ktemplate argument 1 is invalid
[3.608s]    43 | to request = [01;31m[Kstd::make_shared<ur_dashboard_msgs::srv::GetProgramState::Request>()[m[K;
[3.608s]       |              [01;31m[K~~~~~~~~~~~~~~~~~~~~~~~~~~~~~~~~~~~~~~~~~~~~~~~~~~~~~~~~~~~~~~~~~~^~[m[K
[3.609s] 
[3.615s] [01m[K/home/tsi/ws_moveit2/src/move_relative_ur/src/move_relative.cpp:46:17:[m[K [01;31m[Kerror: [m[Kâ€˜[01m[Krobot_status_client_[m[Kâ€™ was not declared in this scope
[3.615s]    46 |         while (![01;31m[Krobot_status_client_[m[K->wait_for_service(std::chrono::seconds(1))) {
[3.615s]       |                 [01;31m[K^~~~~~~~~~~~~~~~~~~~[m[K
[3.629s] [01m[K/home/tsi/ws_moveit2/src/move_relative_ur/src/move_relative.cpp:51:30:[m[K [01;31m[Kerror: [m[Kâ€˜[01m[Krobot_status_client_[m[Kâ€™ was not declared in this scope
[3.630s]    51 |         auto future_result = [01;31m[Krobot_status_client_[m[K->async_send_request(request,
[3.630s]       |                              [01;31m[K^~~~~~~~~~~~~~~~~~~~[m[K
[3.672s] [01m[K/home/tsi/ws_moveit2/src/move_relative_ur/src/move_monitoring_node.cpp:[m[K In member function â€˜[01m[Kvoid RobotMonitoringNode::[01;32m[KsafetyModeResponse[m[K(rclcpp::Client<ur_dashboard_msgs::srv::GetSafetyMode>::SharedFuture)[m[Kâ€™:
[3.673s] [01m[K/home/tsi/ws_moveit2/src/move_relative_ur/src/move_monitoring_node.cpp:270:17:[m[K [01;31m[Kerror: [m[Kexpected â€˜[01m[K;[m[Kâ€™ before â€˜[01m[Kbreak[m[Kâ€™
[3.673s]   270 |                 [01;31m[Kbreak[m[K;
[3.674s]       |                 [01;31m[K^~~~~[m[K
[3.674s] [01m[K/home/tsi/ws_moveit2/src/move_relative_ur/src/move_monitoring_node.cpp:277:17:[m[K [01;31m[Kerror: [m[Kexpected â€˜[01m[K;[m[Kâ€™ before â€˜[01m[Kbreak[m[Kâ€™
[3.675s]   277 |                 [01;31m[Kbreak[m[K;
[3.675s]       |                 [01;31m[K^~~~~[m[K
[6.377s] gmake[2]: *** [CMakeFiles/move_relative_node.dir/build.make:76: CMakeFiles/move_relative_node.dir/src/move_relative.cpp.o] Error 1
[6.378s] gmake[1]: *** [CMakeFiles/Makefile2:627: CMakeFiles/move_relative_node.dir/all] Error 2
[6.378s] gmake[1]: *** Waiting for unfinished jobs....
[7.046s] gmake[2]: *** [CMakeFiles/robot_monitoring_node.dir/build.make:76: CMakeFiles/robot_monitoring_node.dir/src/move_monitoring_node.cpp.o] Error 1
[7.047s] gmake[1]: *** [CMakeFiles/Makefile2:655: CMakeFiles/robot_monitoring_node.dir/all] Error 2
[7.048s] gmake: *** [Makefile:146: all] Error 2
[7.052s] Invoked command in '/home/tsi/ws_moveit2/build/move_relative_ur' returned '2': CMAKE_PREFIX_PATH=${CMAKE_PREFIX_PATH}:/home/tsi/workspace/install/moveit_configs_utils:/opt/ros/jazzy DEBUGINFOD_URLS=https://debuginfod.ubuntu.com /usr/bin/cmake --build /home/tsi/ws_moveit2/build/move_relative_ur -- -j12 -l12
