[01m[K/home/tsi/ws_moveit2/src/move_relative_ur/src/move_monitoring_node.cpp:58:10:[m[K [01;31m[Kerror: [m[Kexpected â€˜[01m[K;[m[Kâ€™ at end of member declaration
   58 |     bool [01;31m[KisRobotMoveRunning_[m[K == false;
      |          [01;31m[K^~~~~~~~~~~~~~~~~~~[m[K
      |                             [32m[K;[m[K
[01m[K/home/tsi/ws_moveit2/src/move_relative_ur/src/move_monitoring_node.cpp:58:30:[m[K [01;31m[Kerror: [m[Kexpected unqualified-id before â€˜[01m[K==[m[Kâ€™ token
   58 |     bool isRobotMoveRunning_ [01;31m[K==[m[K false;
      |                              [01;31m[K^~[m[K
gmake[2]: *** [CMakeFiles/robot_monitoring_node.dir/build.make:76: CMakeFiles/robot_monitoring_node.dir/src/move_monitoring_node.cpp.o] Error 1
gmake[1]: *** [CMakeFiles/Makefile2:655: CMakeFiles/robot_monitoring_node.dir/all] Error 2
gmake: *** [Makefile:146: all] Error 2
