[  2%] Built target move_relative_ur__rosidl_generator_type_description
[  2%] Built target ament_cmake_python_symlink_move_relative_ur
[  5%] Built target move_relative_ur__cpp
[ 18%] Built target move_relative_ur__rosidl_generator_c
[ 26%] Built target move_relative_ur__rosidl_typesupport_fastrtps_c
[ 34%] Built target move_relative_ur__rosidl_typesupport_introspection_c
[ 42%] Built target move_relative_ur__rosidl_typesupport_c
[ 50%] Built target move_relative_ur__rosidl_typesupport_cpp
[ 57%] Built target move_relative_ur__rosidl_typesupport_introspection_cpp
[ 65%] Built target move_relative_ur__rosidl_typesupport_fastrtps_cpp
[ 71%] Built target move_relative_node
[ 71%] Built target move_relative_ur
[ 73%] [32mBuilding CXX object CMakeFiles/robot_monitoring_node.dir/src/move_monitoring_node.cpp.o[0m
[ 76%] Built target move_relative_ur__py
[ 81%] Built target move_relative_ur__rosidl_generator_py
[ 92%] Built target move_relative_ur_s__rosidl_typesupport_introspection_c
[ 92%] Built target move_relative_ur_s__rosidl_typesupport_fastrtps_c
[ 97%] Built target move_relative_ur_s__rosidl_typesupport_c
running egg_info
writing move_relative_ur.egg-info/PKG-INFO
writing dependency_links to move_relative_ur.egg-info/dependency_links.txt
writing top-level names to move_relative_ur.egg-info/top_level.txt
reading manifest file 'move_relative_ur.egg-info/SOURCES.txt'
writing manifest file 'move_relative_ur.egg-info/SOURCES.txt'
[ 97%] Built target ament_cmake_python_build_move_relative_ur_egg
[01m[K/home/tsi/ws_moveit2/src/move_relative_ur/src/move_monitoring_node.cpp:58:10:[m[K [01;31m[Kerror: [m[Kexpected â€˜[01m[K;[m[Kâ€™ at end of member declaration
   58 |     bool [01;31m[KisRobotMoveRunning_[m[K == false;
      |          [01;31m[K^~~~~~~~~~~~~~~~~~~[m[K
      |                             [32m[K;[m[K
[01m[K/home/tsi/ws_moveit2/src/move_relative_ur/src/move_monitoring_node.cpp:58:30:[m[K [01;31m[Kerror: [m[Kexpected unqualified-id before â€˜[01m[K==[m[Kâ€™ token
   58 |     bool isRobotMoveRunning_ [01;31m[K==[m[K false;
      |                              [01;31m[K^~[m[K
gmake[2]: *** [CMakeFiles/robot_monitoring_node.dir/build.make:76: CMakeFiles/robot_monitoring_node.dir/src/move_monitoring_node.cpp.o] Error 1
gmake[1]: *** [CMakeFiles/Makefile2:655: CMakeFiles/robot_monitoring_node.dir/all] Error 2
gmake: *** [Makefile:146: all] Error 2
