[0.050s] Invoking command in '/home/tsi/ws_moveit2/build/move_relative_ur': CMAKE_PREFIX_PATH=${CMAKE_PREFIX_PATH}:/home/tsi/workspace/install/moveit_configs_utils:/opt/ros/jazzy DEBUGINFOD_URLS=https://debuginfod.ubuntu.com /usr/bin/cmake --build /home/tsi/ws_moveit2/build/move_relative_ur -- -j12 -l12
[0.237s] [  2%] Built target move_relative_ur__rosidl_generator_type_description
[0.241s] [  2%] Built target ament_cmake_python_symlink_move_relative_ur
[0.277s] [  5%] Built target move_relative_ur__cpp
[0.293s] [ 18%] Built target move_relative_ur__rosidl_generator_c
[0.340s] [ 26%] Built target move_relative_ur__rosidl_typesupport_fastrtps_c
[0.341s] [ 34%] Built target move_relative_ur__rosidl_typesupport_introspection_c
[0.342s] [ 42%] Built target move_relative_ur__rosidl_typesupport_c
[0.348s] [ 50%] Built target move_relative_ur__rosidl_typesupport_cpp
[0.352s] [ 57%] Built target move_relative_ur__rosidl_typesupport_introspection_cpp
[0.358s] [ 65%] Built target move_relative_ur__rosidl_typesupport_fastrtps_cpp
[0.397s] [ 71%] Built target move_relative_node
[0.398s] [ 71%] Built target move_relative_ur
[0.403s] [ 73%] [32mBuilding CXX object CMakeFiles/robot_monitoring_node.dir/src/move_monitoring_node.cpp.o[0m
[0.440s] [ 76%] Built target move_relative_ur__py
[0.491s] [ 81%] Built target move_relative_ur__rosidl_generator_py
[0.541s] [ 92%] Built target move_relative_ur_s__rosidl_typesupport_introspection_c
[0.542s] [ 92%] Built target move_relative_ur_s__rosidl_typesupport_fastrtps_c
[0.542s] [ 97%] Built target move_relative_ur_s__rosidl_typesupport_c
[0.677s] running egg_info
[0.714s] writing move_relative_ur.egg-info/PKG-INFO
[0.714s] writing dependency_links to move_relative_ur.egg-info/dependency_links.txt
[0.715s] writing top-level names to move_relative_ur.egg-info/top_level.txt
[0.851s] reading manifest file 'move_relative_ur.egg-info/SOURCES.txt'
[0.852s] writing manifest file 'move_relative_ur.egg-info/SOURCES.txt'
[0.912s] [ 97%] Built target ament_cmake_python_build_move_relative_ur_egg
[3.133s] [01m[K/home/tsi/ws_moveit2/src/move_relative_ur/src/move_monitoring_node.cpp:58:10:[m[K [01;31m[Kerror: [m[Kexpected â€˜[01m[K;[m[Kâ€™ at end of member declaration
[3.134s]    58 |     bool [01;31m[KisRobotMoveRunning_[m[K == false;
[3.135s]       |          [01;31m[K^~~~~~~~~~~~~~~~~~~[m[K
[3.135s]       |                             [32m[K;[m[K
[3.135s] [01m[K/home/tsi/ws_moveit2/src/move_relative_ur/src/move_monitoring_node.cpp:58:30:[m[K [01;31m[Kerror: [m[Kexpected unqualified-id before â€˜[01m[K==[m[Kâ€™ token
[3.136s]    58 |     bool isRobotMoveRunning_ [01;31m[K==[m[K false;
[3.136s]       |                              [01;31m[K^~[m[K
[6.158s] gmake[2]: *** [CMakeFiles/robot_monitoring_node.dir/build.make:76: CMakeFiles/robot_monitoring_node.dir/src/move_monitoring_node.cpp.o] Error 1
[6.159s] gmake[1]: *** [CMakeFiles/Makefile2:655: CMakeFiles/robot_monitoring_node.dir/all] Error 2
[6.159s] gmake: *** [Makefile:146: all] Error 2
[6.165s] Invoked command in '/home/tsi/ws_moveit2/build/move_relative_ur' returned '2': CMAKE_PREFIX_PATH=${CMAKE_PREFIX_PATH}:/home/tsi/workspace/install/moveit_configs_utils:/opt/ros/jazzy DEBUGINFOD_URLS=https://debuginfod.ubuntu.com /usr/bin/cmake --build /home/tsi/ws_moveit2/build/move_relative_ur -- -j12 -l12
