[0.022s] Invoking command in '/home/tsi/ws_moveit2/build/move_relative_ur': CMAKE_PREFIX_PATH=${CMAKE_PREFIX_PATH}:/home/tsi/workspace/install/moveit_configs_utils:/opt/ros/jazzy DEBUGINFOD_URLS=https://debuginfod.ubuntu.com /usr/bin/cmake --build /home/tsi/ws_moveit2/build/move_relative_ur -- -j12 -l12
[0.177s] [  2%] Built target move_relative_ur__rosidl_generator_type_description
[0.226s] [  2%] Built target ament_cmake_python_symlink_move_relative_ur
[0.232s] [ 15%] Built target move_relative_ur__rosidl_generator_c
[0.246s] [ 18%] Built target move_relative_ur__cpp
[0.279s] [ 26%] Built target move_relative_ur__rosidl_typesupport_fastrtps_c
[0.280s] [ 34%] Built target move_relative_ur__rosidl_typesupport_c
[0.282s] [ 42%] Built target move_relative_ur__rosidl_typesupport_introspection_c
[0.291s] [ 50%] Built target move_relative_ur__rosidl_typesupport_introspection_cpp
[0.292s] [ 57%] Built target move_relative_ur__rosidl_typesupport_cpp
[0.293s] [ 65%] Built target move_relative_ur__rosidl_typesupport_fastrtps_cpp
[0.349s] [ 68%] [32mBuilding CXX object CMakeFiles/robot_monitoring_node.dir/src/move_monitoring_node.cpp.o[0m
[0.349s] [ 71%] [32mBuilding CXX object CMakeFiles/move_relative_node.dir/src/move_relative.cpp.o[0m
[0.658s] running egg_info
[0.705s] writing move_relative_ur.egg-info/PKG-INFO
[0.705s] writing dependency_links to move_relative_ur.egg-info/dependency_links.txt
[0.705s] writing top-level names to move_relative_ur.egg-info/top_level.txt
[0.869s] reading manifest file 'move_relative_ur.egg-info/SOURCES.txt'
[0.870s] writing manifest file 'move_relative_ur.egg-info/SOURCES.txt'
[0.936s] [ 71%] Built target ament_cmake_python_build_move_relative_ur_egg
[0.977s] [ 71%] Built target move_relative_ur
[1.037s] [ 73%] Built target move_relative_ur__py
[1.087s] [ 78%] Built target move_relative_ur__rosidl_generator_py
[1.140s] [ 84%] Built target move_relative_ur_s__rosidl_typesupport_c
[1.144s] [ 89%] Built target move_relative_ur_s__rosidl_typesupport_introspection_c
[1.146s] [ 94%] Built target move_relative_ur_s__rosidl_typesupport_fastrtps_c
[3.447s] [01m[K/home/tsi/ws_moveit2/src/move_relative_ur/src/move_relative.cpp:[m[K In member function ‚Äò[01m[Kvoid URScriptRelativeMove::[01;32m[KerrorCallback[m[K(move_relative_ur::msg::ErrorMsg_<std::allocator<void> >::SharedPtr)[m[K‚Äô:
[3.451s] [01m[K/home/tsi/ws_moveit2/src/move_relative_ur/src/move_relative.cpp:29:13:[m[K [01;31m[Kerror: [m[K‚Äò[01m[Kerror_msg[m[K‚Äô was not declared in this scope; did you mean ‚Äò[01m[Kerror_t[m[K‚Äô?
[3.452s]    29 |         if ([01;31m[Kerror_msg[m[K == "Î°úÎ¥áÏù¥ Ï†ïÏßÄ ÏÉÅÌÉúÏóê ÏûàÏùå!") {
[3.452s]       |             [01;31m[K^~~~~~~~~[m[K
[3.452s]       |             [32m[Kerror_t[m[K
[3.693s] [01m[K/home/tsi/ws_moveit2/src/move_relative_ur/src/move_monitoring_node.cpp:[m[K In constructor ‚Äò[01m[KRobotMonitoringNode::[01;32m[KRobotMonitoringNode[m[K()[m[K‚Äô:
[3.693s] [01m[K/home/tsi/ws_moveit2/src/move_relative_ur/src/move_monitoring_node.cpp:44:28:[m[K [01;31m[Kerror: [m[K‚Äò[01m[KURScriptRelativeMove[m[K‚Äô has not been declared
[3.694s]    44 |                 std::bind(&[01;31m[KURScriptRelativeMove[m[K::checkIfNodeIsRunning, this)
[3.694s]       |                            [01;31m[K^~~~~~~~~~~~~~~~~~~~[m[K
[3.697s] [01m[K/home/tsi/ws_moveit2/src/move_relative_ur/src/move_monitoring_node.cpp:[m[K In member function ‚Äò[01m[Kvoid RobotMonitoringNode::[01;32m[KjointStateCallback[m[K(sensor_msgs::msg::JointState_<std::allocator<void> >::SharedPtr)[m[K‚Äô:
[3.697s] [01m[K/home/tsi/ws_moveit2/src/move_relative_ur/src/move_monitoring_node.cpp:76:42:[m[K [01;31m[Kerror: [m[K‚Äò[01m[Kusing std::__shared_ptr_access<sensor_msgs::msg::JointState_<std::allocator<void> >, __gnu_cxx::_S_atomic, false, false>::element_type = struct sensor_msgs::msg::JointState_<std::allocator<void> >[m[K‚Äô {aka ‚Äò[01m[Kstruct sensor_msgs::msg::JointState_<std::allocator<void> >[m[K‚Äô} has no member named ‚Äò[01m[Kmessage[m[K‚Äô
[3.697s]    76 |             std::string error_msg = msg->[01;31m[Kmessage[m[K;
[3.697s]       |                                          [01;31m[K^~~~~~~[m[K
[6.128s] gmake[2]: *** [CMakeFiles/move_relative_node.dir/build.make:76: CMakeFiles/move_relative_node.dir/src/move_relative.cpp.o] Error 1
[6.129s] gmake[1]: *** [CMakeFiles/Makefile2:627: CMakeFiles/move_relative_node.dir/all] Error 2
[6.129s] gmake[1]: *** Waiting for unfinished jobs....
[6.859s] gmake[2]: *** [CMakeFiles/robot_monitoring_node.dir/build.make:76: CMakeFiles/robot_monitoring_node.dir/src/move_monitoring_node.cpp.o] Error 1
[6.860s] gmake[1]: *** [CMakeFiles/Makefile2:655: CMakeFiles/robot_monitoring_node.dir/all] Error 2
[6.860s] gmake: *** [Makefile:146: all] Error 2
[6.868s] Invoked command in '/home/tsi/ws_moveit2/build/move_relative_ur' returned '2': CMAKE_PREFIX_PATH=${CMAKE_PREFIX_PATH}:/home/tsi/workspace/install/moveit_configs_utils:/opt/ros/jazzy DEBUGINFOD_URLS=https://debuginfod.ubuntu.com /usr/bin/cmake --build /home/tsi/ws_moveit2/build/move_relative_ur -- -j12 -l12
