[0.031s] Invoking command in '/home/tsi/ws_moveit2/build/move_relative_ur': CMAKE_PREFIX_PATH=${CMAKE_PREFIX_PATH}:/home/tsi/workspace/install/moveit_configs_utils:/opt/ros/jazzy DEBUGINFOD_URLS=https://debuginfod.ubuntu.com /usr/bin/cmake --build /home/tsi/ws_moveit2/build/move_relative_ur -- -j12 -l12
[0.186s] [  2%] Built target move_relative_ur__rosidl_generator_type_description
[0.202s] [  2%] Built target ament_cmake_python_symlink_move_relative_ur
[0.247s] [  5%] Built target move_relative_ur__cpp
[0.265s] [ 18%] Built target move_relative_ur__rosidl_generator_c
[0.312s] [ 34%] Built target move_relative_ur__rosidl_typesupport_introspection_c
[0.312s] [ 42%] Built target move_relative_ur__rosidl_typesupport_introspection_cpp
[0.314s] [ 50%] Built target move_relative_ur__rosidl_typesupport_fastrtps_cpp
[0.315s] [ 50%] Built target move_relative_ur__rosidl_typesupport_c
[0.318s] [ 57%] Built target move_relative_ur__rosidl_typesupport_cpp
[0.339s] [ 65%] Built target move_relative_ur__rosidl_typesupport_fastrtps_c
[0.377s] [ 68%] [32mBuilding CXX object CMakeFiles/move_relative_node.dir/src/move_relative.cpp.o[0m
[0.377s] [ 68%] Built target move_relative_ur
[0.381s] [ 73%] Built target robot_monitoring_node
[0.416s] [ 76%] Built target move_relative_ur__py
[0.485s] [ 81%] Built target move_relative_ur__rosidl_generator_py
[0.551s] [ 86%] Built target move_relative_ur_s__rosidl_typesupport_introspection_c
[0.560s] [ 92%] Built target move_relative_ur_s__rosidl_typesupport_c
[0.560s] [ 97%] Built target move_relative_ur_s__rosidl_typesupport_fastrtps_c
[0.777s] running egg_info
[0.826s] writing move_relative_ur.egg-info/PKG-INFO
[0.830s] writing dependency_links to move_relative_ur.egg-info/dependency_links.txt
[0.831s] writing top-level names to move_relative_ur.egg-info/top_level.txt
[0.966s] reading manifest file 'move_relative_ur.egg-info/SOURCES.txt'
[0.967s] writing manifest file 'move_relative_ur.egg-info/SOURCES.txt'
[1.025s] [ 97%] Built target ament_cmake_python_build_move_relative_ur_egg
[3.315s] In file included from [01m[K/opt/ros/jazzy/include/rclcpp/rclcpp/utilities.hpp:19[m[K,
[3.315s]                  from [01m[K/opt/ros/jazzy/include/rclcpp/rclcpp/logging.hpp:25[m[K,
[3.316s]                  from [01m[K/opt/ros/jazzy/include/rclcpp/rclcpp/copy_all_parameter_values.hpp:27[m[K,
[3.316s]                  from [01m[K/opt/ros/jazzy/include/rclcpp/rclcpp/rclcpp.hpp:171[m[K,
[3.316s]                  from [01m[K/home/tsi/ws_moveit2/src/move_relative_ur/src/move_relative.cpp:1[m[K:
[3.316s] /usr/include/c++/13/functional: In instantiation of â€˜[01m[Kstruct std::_Bind_check_arity<void (URScriptRelativeMove::*)(const std::__cxx11::basic_string<char>&), URScriptRelativeMove*>[m[Kâ€™:
[3.316s] [01m[K/usr/include/c++/13/functional:859:12:[m[K   required from â€˜[01m[Kstruct std::_Bind_helper<false, void (URScriptRelativeMove::*)(const std::__cxx11::basic_string<char>&), URScriptRelativeMove*>[m[Kâ€™
[3.317s] [01m[K/usr/include/c++/13/functional:881:5:[m[K   required by substitution of â€˜[01m[Ktemplate<class _Func, class ... _BoundArgs> typename std::_Bind_helper<std::__is_socketlike<_Func>::value, _Func, _BoundArgs ...>::type std::[01;32m[Kbind[m[K(_Func&&, _BoundArgs&& ...) [35m[K[with _Func = void (URScriptRelativeMove::*)(const std::__cxx11::basic_string<char>&); _BoundArgs = {URScriptRelativeMove*}][m[K[m[Kâ€™
[3.317s] [01m[K/home/tsi/ws_moveit2/src/move_relative_ur/src/move_relative.cpp:24:22:[m[K   required from here
[3.317s] [01m[K/usr/include/c++/13/functional:847:21:[m[K [01;31m[Kerror: [m[Kstatic assertion failed: Wrong number of arguments for pointer-to-member
[3.317s]   846 |       static_assert(_Varargs::[01;31m[Kvalue[m[K
[3.317s]       |                               [01;31m[K~~~~~[m[K
[3.318s]   847 | [01;31m[K                    ? sizeof...(_BoundArgs) >= _Arity::value + 1[m[K
[3.318s]       |                     [01;31m[K^~~~~~~~~~~~~~~~~~~~~~~~~~~~~~~~~~~~~~~~~~~~[m[K
[3.318s]   848 | [01;31m[K                    : sizeof...(_BoundArgs) == _Arity::value + 1[m[K,
[3.318s]       |                     [01;31m[K~~~~~~~~~~~~~~~~~~~~~~~~~~~~~~~~~~~~~~~~~~~~[m[K
[3.318s] [01m[K/usr/include/c++/13/functional:847:21:[m[K [01;36m[Knote: [m[Kâ€˜[01m[K(false ? (1 >= (((long unsigned int)std::integral_constant<long unsigned int, 1>::value) + 1)) : (1 == (((long unsigned int)std::integral_constant<long unsigned int, 1>::value) + 1)))[m[Kâ€™ evaluates to false
[3.323s] [01m[K/home/tsi/ws_moveit2/src/move_relative_ur/src/move_relative.cpp:[m[K In constructor â€˜[01m[KURScriptRelativeMove::[01;32m[KURScriptRelativeMove[m[K()[m[Kâ€™:
[3.324s] [01m[K/home/tsi/ws_moveit2/src/move_relative_ur/src/move_relative.cpp:22:51:[m[K [01;31m[Kerror: [m[Kno matching function for call to â€˜[01m[KURScriptRelativeMove::create_wall_timer(std::chrono::milliseconds, std::_Bind_helper<false, void (URScriptRelativeMove::*)(const std::__cxx11::basic_string<char>&), URScriptRelativeMove*>::type)[m[Kâ€™
[3.324s]    22 |         find_node_timer_ = [01;31m[Kthis->create_wall_timer([m[K
[3.325s]       |                            [01;31m[K~~~~~~~~~~~~~~~~~~~~~~~^[m[K
[3.325s]    23 | [01;31m[K            std::chrono::milliseconds(100),[m[K
[3.326s]       |             [01;31m[K~~~~~~~~~~~~~~~~~~~~~~~~~~~~~~~[m[K        
[3.327s]    24 | [01;31m[K            std::bind(&URScriptRelativeMove::checkIfNodeIsRunning, this)[m[K
[3.327s]       |             [01;31m[K~~~~~~~~~~~~~~~~~~~~~~~~~~~~~~~~~~~~~~~~~~~~~~~~~~~~~~~~~~~~[m[K
[3.327s]    25 | [01;31m[K        )[m[K;
[3.328s]       |         [01;31m[K~[m[K                                          
[3.328s] In file included from [01m[K/opt/ros/jazzy/include/rclcpp/rclcpp/executors/single_threaded_executor.hpp:28[m[K,
[3.328s]                  from [01m[K/opt/ros/jazzy/include/rclcpp/rclcpp/executors.hpp:22[m[K,
[3.328s]                  from [01m[K/opt/ros/jazzy/include/rclcpp/rclcpp/rclcpp.hpp:172[m[K:
[3.328s] [01m[K/opt/ros/jazzy/include/rclcpp/rclcpp/node.hpp:241:3:[m[K [01;36m[Knote: [m[Kcandidate: â€˜[01m[Ktemplate<class DurationRepT, class DurationT, class CallbackT> typename rclcpp::WallTimer<CallbackT>::SharedPtr rclcpp::Node::[01;32m[Kcreate_wall_timer[m[K(std::chrono::duration<_Rep1, _Period1>, CallbackT, rclcpp::CallbackGroup::SharedPtr, bool)[m[Kâ€™
[3.328s]   241 |   [01;36m[Kcreate_wall_timer[m[K(
[3.328s]       |   [01;36m[K^~~~~~~~~~~~~~~~~[m[K
[3.329s] [01m[K/opt/ros/jazzy/include/rclcpp/rclcpp/node.hpp:241:3:[m[K [01;36m[Knote: [m[K  template argument deduction/substitution failed:
[3.329s] In file included from [01m[K/opt/ros/jazzy/include/rclcpp/rclcpp/node.hpp:1663[m[K:
[3.329s] /opt/ros/jazzy/include/rclcpp/rclcpp/node_impl.hpp: In substitution of â€˜[01m[Ktemplate<class DurationRepT, class DurationT, class CallbackT> typename rclcpp::WallTimer<CallbackT>::SharedPtr rclcpp::Node::[01;32m[Kcreate_wall_timer[m[K(std::chrono::duration<_Rep1, _Period1>, CallbackT, rclcpp::CallbackGroup::SharedPtr, bool) [35m[K[with DurationRepT = long int; DurationT = std::ratio<1, 1000>; CallbackT = std::_Bind<void (URScriptRelativeMove::*(URScriptRelativeMove*))(const std::__cxx11::basic_string<char>&)>][m[K[m[Kâ€™:
[3.329s] [01m[K/home/tsi/ws_moveit2/src/move_relative_ur/src/move_relative.cpp:22:51:[m[K   required from here
[3.329s] [01m[K/opt/ros/jazzy/include/rclcpp/rclcpp/node_impl.hpp:110:1:[m[K [01;31m[Kerror: [m[Kno type named â€˜[01m[Ktype[m[Kâ€™ in â€˜[01m[Kstruct std::enable_if<false, void>[m[Kâ€™
[3.329s]   110 | [01;31m[KNode[m[K::create_wall_timer(
[3.329s]       | [01;31m[K^~~~[m[K
[3.330s] [01m[K/opt/ros/jazzy/include/rclcpp/rclcpp/node_impl.hpp:110:1:[m[K [01;31m[Kerror: [m[Kno type named â€˜[01m[Ktype[m[Kâ€™ in â€˜[01m[Kstruct std::enable_if<false, void>[m[Kâ€™
[3.330s] [01m[K/opt/ros/jazzy/include/rclcpp/rclcpp/node_impl.hpp:110:1:[m[K [01;36m[Knote: [m[Kinvalid template non-type parameter
[5.851s] gmake[2]: *** [CMakeFiles/move_relative_node.dir/build.make:76: CMakeFiles/move_relative_node.dir/src/move_relative.cpp.o] Error 1
[5.852s] gmake[1]: *** [CMakeFiles/Makefile2:627: CMakeFiles/move_relative_node.dir/all] Error 2
[5.852s] gmake: *** [Makefile:146: all] Error 2
[5.858s] Invoked command in '/home/tsi/ws_moveit2/build/move_relative_ur' returned '2': CMAKE_PREFIX_PATH=${CMAKE_PREFIX_PATH}:/home/tsi/workspace/install/moveit_configs_utils:/opt/ros/jazzy DEBUGINFOD_URLS=https://debuginfod.ubuntu.com /usr/bin/cmake --build /home/tsi/ws_moveit2/build/move_relative_ur -- -j12 -l12
