[01m[K/home/tsi/ws_moveit2/src/move_relative_ur/src/move_monitoring_node.cpp:3:10:[m[K [01;31m[Kfatal error: [m[Kur_dashboard_msgs/srv/robot_mode.hpp: No such file or directory
    3 | #include [01;31m[K<ur_dashboard_msgs/srv/robot_mode.hpp>[m[K
      |          [01;31m[K^~~~~~~~~~~~~~~~~~~~~~~~~~~~~~~~~~~~~~[m[K
compilation terminated.
gmake[2]: *** [CMakeFiles/robot_monitoring_node.dir/build.make:76: CMakeFiles/robot_monitoring_node.dir/src/move_monitoring_node.cpp.o] Error 1
gmake[1]: *** [CMakeFiles/Makefile2:655: CMakeFiles/robot_monitoring_node.dir/all] Error 2
gmake[1]: *** Waiting for unfinished jobs....
gmake: *** [Makefile:146: all] Error 2
