[0.044s] Invoking command in '/home/tsi/ws_moveit2/build/move_relative_ur': CMAKE_PREFIX_PATH=${CMAKE_PREFIX_PATH}:/home/tsi/workspace/install/moveit_configs_utils:/opt/ros/jazzy DEBUGINFOD_URLS=https://debuginfod.ubuntu.com /usr/bin/cmake --build /home/tsi/ws_moveit2/build/move_relative_ur -- -j12 -l12
[0.185s] [  2%] Built target move_relative_ur__rosidl_generator_type_description
[0.196s] [  2%] Built target ament_cmake_python_symlink_move_relative_ur
[0.226s] [  5%] Built target move_relative_ur__cpp
[0.235s] [ 18%] Built target move_relative_ur__rosidl_generator_c
[0.290s] [ 42%] Built target move_relative_ur__rosidl_typesupport_introspection_c
[0.290s] [ 42%] Built target move_relative_ur__rosidl_typesupport_cpp
[0.290s] [ 42%] Built target move_relative_ur__rosidl_typesupport_fastrtps_c
[0.290s] [ 50%] Built target move_relative_ur__rosidl_typesupport_c
[0.294s] [ 57%] Built target move_relative_ur__rosidl_typesupport_introspection_cpp
[0.297s] [ 65%] Built target move_relative_ur__rosidl_typesupport_fastrtps_cpp
[0.337s] [ 71%] Built target move_relative_node
[0.339s] [ 71%] Built target move_relative_ur
[0.350s] [ 73%] [32mBuilding CXX object CMakeFiles/robot_monitoring_node.dir/src/move_monitoring_node.cpp.o[0m
[0.391s] [ 76%] Built target move_relative_ur__py
[0.459s] [ 81%] Built target move_relative_ur__rosidl_generator_py
[0.502s] [ 86%] Built target move_relative_ur_s__rosidl_typesupport_fastrtps_c
[0.508s] [ 92%] Built target move_relative_ur_s__rosidl_typesupport_c
[0.518s] [ 97%] Built target move_relative_ur_s__rosidl_typesupport_introspection_c
[0.648s] running egg_info
[0.697s] writing move_relative_ur.egg-info/PKG-INFO
[0.697s] writing dependency_links to move_relative_ur.egg-info/dependency_links.txt
[0.697s] writing top-level names to move_relative_ur.egg-info/top_level.txt
[0.764s] [01m[K/home/tsi/ws_moveit2/src/move_relative_ur/src/move_monitoring_node.cpp:3:10:[m[K [01;31m[Kfatal error: [m[Kur_dashboard_msgs/srv/robot_mode.hpp: No such file or directory
[0.765s]     3 | #include [01;31m[K<ur_dashboard_msgs/srv/robot_mode.hpp>[m[K
[0.765s]       |          [01;31m[K^~~~~~~~~~~~~~~~~~~~~~~~~~~~~~~~~~~~~~[m[K
[0.765s] compilation terminated.
[0.769s] gmake[2]: *** [CMakeFiles/robot_monitoring_node.dir/build.make:76: CMakeFiles/robot_monitoring_node.dir/src/move_monitoring_node.cpp.o] Error 1
[0.769s] gmake[1]: *** [CMakeFiles/Makefile2:655: CMakeFiles/robot_monitoring_node.dir/all] Error 2
[0.769s] gmake[1]: *** Waiting for unfinished jobs....
[0.827s] reading manifest file 'move_relative_ur.egg-info/SOURCES.txt'
[0.827s] writing manifest file 'move_relative_ur.egg-info/SOURCES.txt'
[0.872s] [ 97%] Built target ament_cmake_python_build_move_relative_ur_egg
[0.873s] gmake: *** [Makefile:146: all] Error 2
[0.877s] Invoked command in '/home/tsi/ws_moveit2/build/move_relative_ur' returned '2': CMAKE_PREFIX_PATH=${CMAKE_PREFIX_PATH}:/home/tsi/workspace/install/moveit_configs_utils:/opt/ros/jazzy DEBUGINFOD_URLS=https://debuginfod.ubuntu.com /usr/bin/cmake --build /home/tsi/ws_moveit2/build/move_relative_ur -- -j12 -l12
