[0.035s] Invoking command in '/home/tsi/ws_moveit2/build/move_relative_ur': CMAKE_PREFIX_PATH=${CMAKE_PREFIX_PATH}:/home/tsi/workspace/install/moveit_configs_utils:/opt/ros/jazzy DEBUGINFOD_URLS=https://debuginfod.ubuntu.com /usr/bin/cmake --build /home/tsi/ws_moveit2/build/move_relative_ur -- -j12 -l12
[0.189s] [  2%] Built target move_relative_ur__rosidl_generator_type_description
[0.212s] [  2%] Built target ament_cmake_python_symlink_move_relative_ur
[0.236s] [ 18%] Built target move_relative_ur__cpp
[0.236s] [ 18%] Built target move_relative_ur__rosidl_generator_c
[0.290s] [ 26%] Built target move_relative_ur__rosidl_typesupport_c
[0.290s] [ 34%] Built target move_relative_ur__rosidl_typesupport_fastrtps_cpp
[0.290s] [ 42%] Built target move_relative_ur__rosidl_typesupport_fastrtps_c
[0.296s] [ 55%] Built target move_relative_ur__rosidl_typesupport_introspection_cpp
[0.296s] [ 57%] Built target move_relative_ur__rosidl_typesupport_introspection_c
[0.303s] [ 65%] Built target move_relative_ur__rosidl_typesupport_cpp
[0.364s] [ 65%] Built target move_relative_ur
[0.374s] [ 68%] [32mBuilding CXX object CMakeFiles/robot_monitoring_node.dir/src/move_monitoring_node.cpp.o[0m
[0.378s] [ 73%] Built target move_relative_node
[0.402s] [ 76%] Built target move_relative_ur__py
[0.452s] [ 81%] Built target move_relative_ur__rosidl_generator_py
[0.494s] [ 86%] Built target move_relative_ur_s__rosidl_typesupport_introspection_c
[0.501s] [ 92%] Built target move_relative_ur_s__rosidl_typesupport_c
[0.515s] [ 97%] Built target move_relative_ur_s__rosidl_typesupport_fastrtps_c
[0.654s] running egg_info
[0.687s] writing move_relative_ur.egg-info/PKG-INFO
[0.687s] writing dependency_links to move_relative_ur.egg-info/dependency_links.txt
[0.688s] writing top-level names to move_relative_ur.egg-info/top_level.txt
[0.814s] reading manifest file 'move_relative_ur.egg-info/SOURCES.txt'
[0.815s] writing manifest file 'move_relative_ur.egg-info/SOURCES.txt'
[0.889s] [ 97%] Built target ament_cmake_python_build_move_relative_ur_egg
[3.083s] [01m[K/home/tsi/ws_moveit2/src/move_relative_ur/src/move_monitoring_node.cpp:138:13:[m[K [01;31m[Kerror: [m[Knon-static data member declared with placeholder ‚Äò[01m[Kauto[m[K‚Äô
[3.083s]   138 |             [01;31m[Kauto[m[K check_state_request = std::make_shared<ur_dashboard_msgs::srv::IsProgramRunning::Request>();
[3.084s]       |             [01;31m[K^~~~[m[K
[3.084s] [01m[K/home/tsi/ws_moveit2/src/move_relative_ur/src/move_monitoring_node.cpp:139:13:[m[K [01;31m[Kerror: [m[Knon-static data member declared with placeholder ‚Äò[01m[Kauto[m[K‚Äô
[3.084s]   139 |             [01;31m[Kauto[m[K check_future = robot_status_client_->async_send_request(check_state_request);
[3.085s]       |             [01;31m[K^~~~[m[K
[3.085s] [01m[K/home/tsi/ws_moveit2/src/move_relative_ur/src/move_monitoring_node.cpp:140:13:[m[K [01;31m[Kerror: [m[Knon-static data member declared with placeholder ‚Äò[01m[Kauto[m[K‚Äô
[3.085s]   140 |             [01;31m[Kauto[m[K check_response = check_future.get();
[3.086s]       |             [01;31m[K^~~~[m[K
[3.086s] [01m[K/home/tsi/ws_moveit2/src/move_relative_ur/src/move_monitoring_node.cpp:142:13:[m[K [01;31m[Kerror: [m[Kexpected unqualified-id before ‚Äò[01m[Kif[m[K‚Äô
[3.086s]   142 |             [01;31m[Kif[m[K (check_response->program_running == true) robot_mode = 1;
[3.087s]       |             [01;31m[K^~[m[K
[3.087s] [01m[K/home/tsi/ws_moveit2/src/move_relative_ur/src/move_monitoring_node.cpp:144:13:[m[K [01;31m[Kerror: [m[Kexpected unqualified-id before ‚Äò[01m[Kreturn[m[K‚Äô
[3.087s]   144 |             [01;31m[Kreturn[m[K;
[3.088s]       |             [01;31m[K^~~~~~[m[K
[3.088s] [01m[K/home/tsi/ws_moveit2/src/move_relative_ur/src/move_monitoring_node.cpp:145:10:[m[K [01;31m[Kerror: [m[Kexpected ‚Äò[01m[K;[m[K‚Äô after class definition
[3.088s]   145 |         }
[3.089s]       |          [01;31m[K^[m[K
[3.089s]       |          [32m[K;[m[K
[3.093s] [01m[K/home/tsi/ws_moveit2/src/move_relative_ur/src/move_monitoring_node.cpp:[m[K In constructor ‚Äò[01m[KRobotMonitoringNode::[01;32m[KRobotMonitoringNode[m[K()[m[K‚Äô:
[3.093s] [01m[K/home/tsi/ws_moveit2/src/move_relative_ur/src/move_monitoring_node.cpp:21:13:[m[K [01;31m[Kerror: [m[K‚Äò[01m[Krobot_mode_sub_[m[K‚Äô was not declared in this scope
[3.094s]    21 |             [01;31m[Krobot_mode_sub_[m[K = this->create_client<ur_dashboard_msgs::srv::GetRobotMode>(
[3.094s]       |             [01;31m[K^~~~~~~~~~~~~~~[m[K
[3.116s] [01m[K/home/tsi/ws_moveit2/src/move_relative_ur/src/move_monitoring_node.cpp:26:13:[m[K [01;31m[Kerror: [m[K‚Äò[01m[Ksafety_mode_sub_[m[K‚Äô was not declared in this scope
[3.116s]    26 |             [01;31m[Ksafety_mode_sub_[m[K = this->create_client<ur_dashboard_msgs::srv::GetSafetyMode>(
[3.117s]       |             [01;31m[K^~~~~~~~~~~~~~~~[m[K
[3.140s] [01m[K/home/tsi/ws_moveit2/src/move_relative_ur/src/move_monitoring_node.cpp:31:13:[m[K [01;31m[Kerror: [m[K‚Äò[01m[Krobot_mode_timer_[m[K‚Äô was not declared in this scope
[3.140s]    31 |             [01;31m[Krobot_mode_timer_[m[K = this->create_wall_timer(
[3.141s]       |             [01;31m[K^~~~~~~~~~~~~~~~~[m[K
[3.141s] [01m[K/home/tsi/ws_moveit2/src/move_relative_ur/src/move_monitoring_node.cpp:33:49:[m[K [01;31m[Kerror: [m[K‚Äò[01m[KrequestRobotMode[m[K‚Äô is not a member of ‚Äò[01m[KRobotMonitoringNode[m[K‚Äô
[3.141s]    33 |                 std::bind(&RobotMonitoringNode::[01;31m[KrequestRobotMode[m[K, this));
[3.142s]       |                                                 [01;31m[K^~~~~~~~~~~~~~~~[m[K
[3.151s] [01m[K/home/tsi/ws_moveit2/src/move_relative_ur/src/move_monitoring_node.cpp:36:13:[m[K [01;31m[Kerror: [m[K‚Äò[01m[Ksafety_mode_timer_[m[K‚Äô was not declared in this scope
[3.151s]    36 |             [01;31m[Ksafety_mode_timer_[m[K = this->create_wall_timer(
[3.152s]       |             [01;31m[K^~~~~~~~~~~~~~~~~~[m[K
[3.152s] [01m[K/home/tsi/ws_moveit2/src/move_relative_ur/src/move_monitoring_node.cpp:38:49:[m[K [01;31m[Kerror: [m[K‚Äò[01m[KrequestSafetyMode[m[K‚Äô is not a member of ‚Äò[01m[KRobotMonitoringNode[m[K‚Äô
[3.152s]    38 |                 std::bind(&RobotMonitoringNode::[01;31m[KrequestSafetyMode[m[K, this));
[3.153s]       |                                                 [01;31m[K^~~~~~~~~~~~~~~~~[m[K
[3.163s] [01m[K/home/tsi/ws_moveit2/src/move_relative_ur/src/move_monitoring_node.cpp:42:13:[m[K [01;31m[Kerror: [m[K‚Äò[01m[Kjoint_state_sub_[m[K‚Äô was not declared in this scope
[3.164s]    42 |             [01;31m[Kjoint_state_sub_[m[K = this->create_subscription<sensor_msgs::msg::JointState>(
[3.164s]       |             [01;31m[K^~~~~~~~~~~~~~~~[m[K
[3.164s] [01m[K/home/tsi/ws_moveit2/src/move_relative_ur/src/move_monitoring_node.cpp:44:49:[m[K [01;31m[Kerror: [m[K‚Äò[01m[KjointStateCallback[m[K‚Äô is not a member of ‚Äò[01m[KRobotMonitoringNode[m[K‚Äô
[3.165s]    44 |                 std::bind(&RobotMonitoringNode::[01;31m[KjointStateCallback[m[K, this, std::placeholders::_1));
[3.165s]       |                                                 [01;31m[K^~~~~~~~~~~~~~~~~~[m[K
[3.170s] [01m[K/home/tsi/ws_moveit2/src/move_relative_ur/src/move_monitoring_node.cpp:47:13:[m[K [01;31m[Kerror: [m[K‚Äò[01m[Kerror_pub_[m[K‚Äô was not declared in this scope; did you mean ‚Äò[01m[Kerror_t[m[K‚Äô?
[3.170s]    47 |             [01;31m[Kerror_pub_[m[K = this->create_publisher<move_relative_ur::msg::ErrorMsg>("robot_monitoring", 10);
[3.171s]       |             [01;31m[K^~~~~~~~~~[m[K
[3.171s]       |             [32m[Kerror_t[m[K
[3.181s] [01m[K/home/tsi/ws_moveit2/src/move_relative_ur/src/move_monitoring_node.cpp:50:13:[m[K [01;31m[Kerror: [m[K‚Äò[01m[Kfind_node_timer_[m[K‚Äô was not declared in this scope; did you mean ‚Äò[01m[Knode_timers_[m[K‚Äô?
[3.181s]    50 |             [01;31m[Kfind_node_timer_[m[K = this->create_wall_timer(
[3.182s]       |             [01;31m[K^~~~~~~~~~~~~~~~[m[K
[3.182s]       |             [32m[Knode_timers_[m[K
[3.183s] [01m[K/home/tsi/ws_moveit2/src/move_relative_ur/src/move_monitoring_node.cpp:52:49:[m[K [01;31m[Kerror: [m[K‚Äò[01m[KcheckIfVelNodeIsRunning[m[K‚Äô is not a member of ‚Äò[01m[KRobotMonitoringNode[m[K‚Äô
[3.183s]    52 |                 std::bind(&RobotMonitoringNode::[01;31m[KcheckIfVelNodeIsRunning[m[K, this)
[3.183s]       |                                                 [01;31m[K^~~~~~~~~~~~~~~~~~~~~~~[m[K
[3.192s] [01m[K/home/tsi/ws_moveit2/src/move_relative_ur/src/move_monitoring_node.cpp:55:13:[m[K [01;31m[Kerror: [m[K‚Äò[01m[Krobot_status_client_[m[K‚Äô was not declared in this scope
[3.192s]    55 |             [01;31m[Krobot_status_client_[m[K = this->create_client<ur_dashboard_msgs::srv::IsProgramRunning>(
[3.193s]       |             [01;31m[K^~~~~~~~~~~~~~~~~~~~[m[K
[3.199s] [01m[K/home/tsi/ws_moveit2/src/move_relative_ur/src/move_monitoring_node.cpp:64:13:[m[K [01;31m[Kerror: [m[K‚Äò[01m[Ktimer_[m[K‚Äô was not declared in this scope; did you mean ‚Äò[01m[Ktimer_t[m[K‚Äô?
[3.199s]    64 |             [01;31m[Ktimer_[m[K = this->create_wall_timer(std::chrono::seconds(1),
[3.199s]       |             [01;31m[K^~~~~~[m[K
[3.200s]       |             [32m[Ktimer_t[m[K
[3.219s] [01m[K/home/tsi/ws_moveit2/src/move_relative_ur/src/move_monitoring_node.cpp:[m[K In member function ‚Äò[01m[Kvoid RobotMonitoringNode::[01;32m[KsendRobotStatusRequest[m[K()[m[K‚Äô:
[3.219s] [01m[K/home/tsi/ws_moveit2/src/move_relative_ur/src/move_monitoring_node.cpp:78:21:[m[K [01;31m[Kerror: [m[K‚Äò[01m[Krobot_status_client_[m[K‚Äô was not declared in this scope
[3.219s]    78 |             while (![01;31m[Krobot_status_client_[m[K->wait_for_service(std::chrono::seconds(1))) {
[3.220s]       |                     [01;31m[K^~~~~~~~~~~~~~~~~~~~[m[K
[3.233s] [01m[K/home/tsi/ws_moveit2/src/move_relative_ur/src/move_monitoring_node.cpp:83:34:[m[K [01;31m[Kerror: [m[K‚Äò[01m[Krobot_status_client_[m[K‚Äô was not declared in this scope
[3.234s]    83 |             auto future_result = [01;31m[Krobot_status_client_[m[K->async_send_request(request,
[3.234s]       |                                  [01;31m[K^~~~~~~~~~~~~~~~~~~~[m[K
[3.251s] [01m[K/home/tsi/ws_moveit2/src/move_relative_ur/src/move_monitoring_node.cpp:[m[K In member function ‚Äò[01m[Kvoid RobotMonitoringNode::[01;32m[KrobotProgramState[m[K(rclcpp::Client<ur_dashboard_msgs::srv::IsProgramRunning>::SharedFuture)[m[K‚Äô:
[3.251s] [01m[K/home/tsi/ws_moveit2/src/move_relative_ur/src/move_monitoring_node.cpp:103:60:[m[K [01;31m[Kerror: [m[K‚Äò[01m[Krobot_mode[m[K‚Äô was not declared in this scope
[3.252s]   103 |             if(state_response->program_running == false && [01;31m[Krobot_mode[m[K != 1)
[3.252s]       |                                                            [01;31m[K^~~~~~~~~~[m[K
[3.253s] [01m[K/home/tsi/ws_moveit2/src/move_relative_ur/src/move_monitoring_node.cpp:[m[K In function ‚Äò[01m[Kvoid[01;32m[K checkIfVelNodeIsRunning[m[K()[m[K‚Äô:
[3.253s] [01m[K/home/tsi/ws_moveit2/src/move_relative_ur/src/move_monitoring_node.cpp:155:27:[m[K [01;31m[Kerror: [m[Kinvalid use of ‚Äò[01m[Kthis[m[K‚Äô in non-member function
[3.254s]   155 |         auto node_names = [01;31m[Kthis[m[K->get_node_names();  // Ïã§Ìñâ Ï§ëÏù∏ ÎÖ∏Îìú Î™©Î°ù Í∞ÄÏ†∏Ïò§Í∏∞
[3.254s]       |                           [01;31m[K^~~~[m[K
[3.255s] In file included from [01m[K/opt/ros/jazzy/include/rclcpp/rclcpp/copy_all_parameter_values.hpp:27[m[K,
[3.255s]                  from [01m[K/opt/ros/jazzy/include/rclcpp/rclcpp/rclcpp.hpp:171[m[K,
[3.256s]                  from [01m[K/home/tsi/ws_moveit2/src/move_relative_ur/src/move_monitoring_node.cpp:1[m[K:
[3.256s] [01m[K/home/tsi/ws_moveit2/src/move_relative_ur/src/move_monitoring_node.cpp:[m[K In function ‚Äò[01m[Kvoid[01;32m[K jointStateCallback[m[K(sensor_msgs::msg::JointState_<std::allocator<void> >::SharedPtr)[m[K‚Äô:
[3.256s] [01m[K/home/tsi/ws_moveit2/src/move_relative_ur/src/move_monitoring_node.cpp:200:29:[m[K [01;31m[Kerror: [m[Kinvalid use of ‚Äò[01m[Kthis[m[K‚Äô in non-member function
[3.257s]   200 |                 RCLCPP_WARN([01;31m[Kthis[m[K->get_logger(), "jointStateCallback Ïã§Ìñâ 1");
[3.257s]       |                             [01;31m[K^~~~[m[K
[3.257s] [01m[K/home/tsi/ws_moveit2/src/move_relative_ur/src/move_monitoring_node.cpp:200:29:[m[K [01;31m[Kerror: [m[Kinvalid use of ‚Äò[01m[Kthis[m[K‚Äô in non-member function
[3.258s] [01m[K/home/tsi/ws_moveit2/src/move_relative_ur/src/move_monitoring_node.cpp:200:17:[m[K [01;31m[Kerror: [m[Ktemplate argument 1 is invalid
[3.258s]   200 |                 [01;31m[KRCLCPP_WARN[m[K(this->get_logger(), "jointStateCallback Ïã§Ìñâ 1");
[3.258s]       |                 [01;31m[K^~~~~~~~~~~[m[K
[3.259s] [01m[K/home/tsi/ws_moveit2/src/move_relative_ur/src/move_monitoring_node.cpp:200:17:[m[K [01;31m[Kerror: [m[Ktemplate argument 1 is invalid
[3.259s]   200 |                 [01;31m[KRCLCPP_WARN[m[K(this->get_logger(), "jointStateCallback Ïã§Ìñâ 1");
[3.260s]       |                 [01;31m[K^~~~~~~~~~~[m[K
[3.260s] [01m[K/home/tsi/ws_moveit2/src/move_relative_ur/src/move_monitoring_node.cpp:200:17:[m[K [01;31m[Kerror: [m[Ktemplate argument 1 is invalid
[3.260s]   200 |                 [01;31m[KRCLCPP_WARN[m[K(this->get_logger(), "jointStateCallback Ïã§Ìñâ 1");
[3.261s]       |                 [01;31m[K^~~~~~~~~~~[m[K
[3.261s] In file included from [01m[K/opt/ros/jazzy/include/rclcpp/rclcpp/logging.hpp:24[m[K:
[3.261s] [01m[K/home/tsi/ws_moveit2/src/move_relative_ur/src/move_monitoring_node.cpp:200:29:[m[K [01;31m[Kerror: [m[Kinvalid use of ‚Äò[01m[Kthis[m[K‚Äô in non-member function
[3.262s]   200 |                 RCLCPP_WARN([01;31m[Kthis[m[K->get_logger(), "jointStateCallback Ïã§Ìñâ 1");
[3.262s]       |                             [01;31m[K^~~~[m[K
[3.262s] [01m[K/home/tsi/ws_moveit2/src/move_relative_ur/src/move_monitoring_node.cpp:200:29:[m[K [01;31m[Kerror: [m[Kinvalid use of ‚Äò[01m[Kthis[m[K‚Äô in non-member function
[3.263s]   200 |                 RCLCPP_WARN([01;31m[Kthis[m[K->get_logger(), "jointStateCallback Ïã§Ìñâ 1");
[3.263s]       |                             [01;31m[K^~~~[m[K
[3.263s] [01m[K/home/tsi/ws_moveit2/src/move_relative_ur/src/move_monitoring_node.cpp:225:17:[m[K [01;31m[Kerror: [m[K‚Äò[01m[KsendErrorMessage[m[K‚Äô was not declared in this scope
[3.264s]   225 |                 [01;31m[KsendErrorMessage[m[K(error_msg);
[3.264s]       |                 [01;31m[K^~~~~~~~~~~~~~~~[m[K
[3.268s] [01m[K/home/tsi/ws_moveit2/src/move_relative_ur/src/move_monitoring_node.cpp:[m[K In function ‚Äò[01m[Kvoid[01;32m[K sendErrorMessage[m[K(const std::string&)[m[K‚Äô:
[3.269s] [01m[K/home/tsi/ws_moveit2/src/move_relative_ur/src/move_monitoring_node.cpp:234:14:[m[K [01;31m[Kerror: [m[K‚Äò[01m[Kerror_pub_[m[K‚Äô was not declared in this scope
[3.269s]   234 |         if (![01;31m[Kerror_pub_[m[K) {
[3.269s]       |              [01;31m[K^~~~~~~~~~[m[K
[3.269s] [01m[K/home/tsi/ws_moveit2/src/move_relative_ur/src/move_monitoring_node.cpp:235:26:[m[K [01;31m[Kerror: [m[Kinvalid use of ‚Äò[01m[Kthis[m[K‚Äô in non-member function
[3.269s]   235 |             RCLCPP_ERROR([01;31m[Kthis[m[K->get_logger(), " error_pub_ ÌçºÎ∏îÎ¶¨ÏÖîÍ∞Ä Ï¥àÍ∏∞ÌôîÎêòÏßÄ ÏïäÏùå!");
[3.270s]       |                          [01;31m[K^~~~[m[K
[3.270s] [01m[K/home/tsi/ws_moveit2/src/move_relative_ur/src/move_monitoring_node.cpp:235:26:[m[K [01;31m[Kerror: [m[Kinvalid use of ‚Äò[01m[Kthis[m[K‚Äô in non-member function
[3.270s] [01m[K/home/tsi/ws_moveit2/src/move_relative_ur/src/move_monitoring_node.cpp:235:13:[m[K [01;31m[Kerror: [m[Ktemplate argument 1 is invalid
[3.270s]   235 |             [01;31m[KRCLCPP_ERROR[m[K(this->get_logger(), " error_pub_ ÌçºÎ∏îÎ¶¨ÏÖîÍ∞Ä Ï¥àÍ∏∞ÌôîÎêòÏßÄ ÏïäÏùå!");
[3.271s]       |             [01;31m[K^~~~~~~~~~~~[m[K
[3.271s] [01m[K/home/tsi/ws_moveit2/src/move_relative_ur/src/move_monitoring_node.cpp:235:13:[m[K [01;31m[Kerror: [m[Ktemplate argument 1 is invalid
[3.271s]   235 |             [01;31m[KRCLCPP_ERROR[m[K(this->get_logger(), " error_pub_ ÌçºÎ∏îÎ¶¨ÏÖîÍ∞Ä Ï¥àÍ∏∞ÌôîÎêòÏßÄ ÏïäÏùå!");
[3.271s]       |             [01;31m[K^~~~~~~~~~~~[m[K
[3.271s] [01m[K/home/tsi/ws_moveit2/src/move_relative_ur/src/move_monitoring_node.cpp:235:13:[m[K [01;31m[Kerror: [m[Ktemplate argument 1 is invalid
[3.272s]   235 |             [01;31m[KRCLCPP_ERROR[m[K(this->get_logger(), " error_pub_ ÌçºÎ∏îÎ¶¨ÏÖîÍ∞Ä Ï¥àÍ∏∞ÌôîÎêòÏßÄ ÏïäÏùå!");
[3.272s]       |             [01;31m[K^~~~~~~~~~~~[m[K
[3.272s] [01m[K/home/tsi/ws_moveit2/src/move_relative_ur/src/move_monitoring_node.cpp:235:26:[m[K [01;31m[Kerror: [m[Kinvalid use of ‚Äò[01m[Kthis[m[K‚Äô in non-member function
[3.272s]   235 |             RCLCPP_ERROR([01;31m[Kthis[m[K->get_logger(), " error_pub_ ÌçºÎ∏îÎ¶¨ÏÖîÍ∞Ä Ï¥àÍ∏∞ÌôîÎêòÏßÄ ÏïäÏùå!");
[3.272s]       |                          [01;31m[K^~~~[m[K
[3.273s] [01m[K/home/tsi/ws_moveit2/src/move_relative_ur/src/move_monitoring_node.cpp:235:26:[m[K [01;31m[Kerror: [m[Kinvalid use of ‚Äò[01m[Kthis[m[K‚Äô in non-member function
[3.273s]   235 |             RCLCPP_ERROR([01;31m[Kthis[m[K->get_logger(), " error_pub_ ÌçºÎ∏îÎ¶¨ÏÖîÍ∞Ä Ï¥àÍ∏∞ÌôîÎêòÏßÄ ÏïäÏùå!");
[3.273s]       |                          [01;31m[K^~~~[m[K
[3.274s] [01m[K/home/tsi/ws_moveit2/src/move_relative_ur/src/move_monitoring_node.cpp:240:9:[m[K [01;31m[Kerror: [m[K‚Äò[01m[Kerror_pub_[m[K‚Äô was not declared in this scope
[3.274s]   240 |         [01;31m[Kerror_pub_[m[K->publish(msg);
[3.274s]       |         [01;31m[K^~~~~~~~~~[m[K
[3.280s] [01m[K/home/tsi/ws_moveit2/src/move_relative_ur/src/move_monitoring_node.cpp:[m[K In function ‚Äò[01m[Kvoid[01;32m[K requestRobotMode[m[K()[m[K‚Äô:
[3.281s] [01m[K/home/tsi/ws_moveit2/src/move_relative_ur/src/move_monitoring_node.cpp:246:14:[m[K [01;31m[Kerror: [m[K‚Äò[01m[Krobot_mode_sub_[m[K‚Äô was not declared in this scope
[3.281s]   246 |         if (![01;31m[Krobot_mode_sub_[m[K->wait_for_service(std::chrono::milliseconds(1000))) {
[3.281s]       |              [01;31m[K^~~~~~~~~~~~~~~[m[K
[3.281s] [01m[K/home/tsi/ws_moveit2/src/move_relative_ur/src/move_monitoring_node.cpp:247:25:[m[K [01;31m[Kerror: [m[Kinvalid use of ‚Äò[01m[Kthis[m[K‚Äô in non-member function
[3.282s]   247 |             RCLCPP_WARN([01;31m[Kthis[m[K->get_logger(), "üö® Robot Mode ÏÑúÎπÑÏä§Í∞Ä Ïã§ÌñâÎêòÏßÄ ÏïäÏùå!");
[3.282s]       |                         [01;31m[K^~~~[m[K
[3.282s] [01m[K/home/tsi/ws_moveit2/src/move_relative_ur/src/move_monitoring_node.cpp:247:25:[m[K [01;31m[Kerror: [m[Kinvalid use of ‚Äò[01m[Kthis[m[K‚Äô in non-member function
[3.282s] [01m[K/home/tsi/ws_moveit2/src/move_relative_ur/src/move_monitoring_node.cpp:247:13:[m[K [01;31m[Kerror: [m[Ktemplate argument 1 is invalid
[3.282s]   247 |             [01;31m[KRCLCPP_WARN[m[K(this->get_logger(), "üö® Robot Mode ÏÑúÎπÑÏä§Í∞Ä Ïã§ÌñâÎêòÏßÄ ÏïäÏùå!");
[3.283s]       |             [01;31m[K^~~~~~~~~~~[m[K
[3.283s] [01m[K/home/tsi/ws_moveit2/src/move_relative_ur/src/move_monitoring_node.cpp:247:13:[m[K [01;31m[Kerror: [m[Ktemplate argument 1 is invalid
[3.283s]   247 |             [01;31m[KRCLCPP_WARN[m[K(this->get_logger(), "üö® Robot Mode ÏÑúÎπÑÏä§Í∞Ä Ïã§ÌñâÎêòÏßÄ ÏïäÏùå!");
[3.283s]       |             [01;31m[K^~~~~~~~~~~[m[K
[3.284s] [01m[K/home/tsi/ws_moveit2/src/move_relative_ur/src/move_monitoring_node.cpp:247:13:[m[K [01;31m[Kerror: [m[Ktemplate argument 1 is invalid
[3.284s]   247 |             [01;31m[KRCLCPP_WARN[m[K(this->get_logger(), "üö® Robot Mode ÏÑúÎπÑÏä§Í∞Ä Ïã§ÌñâÎêòÏßÄ ÏïäÏùå!");
[3.284s]       |             [01;31m[K^~~~~~~~~~~[m[K
[3.284s] [01m[K/home/tsi/ws_moveit2/src/move_relative_ur/src/move_monitoring_node.cpp:247:25:[m[K [01;31m[Kerror: [m[Kinvalid use of ‚Äò[01m[Kthis[m[K‚Äô in non-member function
[3.284s]   247 |             RCLCPP_WARN([01;31m[Kthis[m[K->get_logger(), "üö® Robot Mode ÏÑúÎπÑÏä§Í∞Ä Ïã§ÌñâÎêòÏßÄ ÏïäÏùå!");
[3.285s]       |                         [01;31m[K^~~~[m[K
[3.285s] [01m[K/home/tsi/ws_moveit2/src/move_relative_ur/src/move_monitoring_node.cpp:247:25:[m[K [01;31m[Kerror: [m[Kinvalid use of ‚Äò[01m[Kthis[m[K‚Äô in non-member function
[3.285s]   247 |             RCLCPP_WARN([01;31m[Kthis[m[K->get_logger(), "üö® Robot Mode ÏÑúÎπÑÏä§Í∞Ä Ïã§ÌñâÎêòÏßÄ ÏïäÏùå!");
[3.286s]       |                         [01;31m[K^~~~[m[K
[3.289s] [01m[K/home/tsi/ws_moveit2/src/move_relative_ur/src/move_monitoring_node.cpp:251:23:[m[K [01;31m[Kerror: [m[K‚Äò[01m[Krobot_mode_sub_[m[K‚Äô was not declared in this scope
[3.290s]   251 |         auto future = [01;31m[Krobot_mode_sub_[m[K->async_send_request(
[3.290s]       |                       [01;31m[K^~~~~~~~~~~~~~~[m[K
[3.290s] [01m[K/home/tsi/ws_moveit2/src/move_relative_ur/src/move_monitoring_node.cpp:253:45:[m[K [01;31m[Kerror: [m[K‚Äò[01m[KrobotModeResponse[m[K‚Äô is not a member of ‚Äò[01m[KRobotMonitoringNode[m[K‚Äô
[3.291s]   253 |             std::bind(&RobotMonitoringNode::[01;31m[KrobotModeResponse[m[K, this, std::placeholders::_1));
[3.291s]       |                                             [01;31m[K^~~~~~~~~~~~~~~~~[m[K
[3.291s] [01m[K/home/tsi/ws_moveit2/src/move_relative_ur/src/move_monitoring_node.cpp:253:64:[m[K [01;31m[Kerror: [m[Kinvalid use of ‚Äò[01m[Kthis[m[K‚Äô in non-member function
[3.292s]   253 |             std::bind(&RobotMonitoringNode::robotModeResponse, [01;31m[Kthis[m[K, std::placeholders::_1));
[3.292s]       |                                                                [01;31m[K^~~~[m[K
[3.293s] [01m[K/home/tsi/ws_moveit2/src/move_relative_ur/src/move_monitoring_node.cpp:[m[K In function ‚Äò[01m[Kvoid[01;32m[K robotModeResponse[m[K(rclcpp::Client<ur_dashboard_msgs::srv::GetRobotMode>::SharedFuture)[m[K‚Äô:
[3.293s] [01m[K/home/tsi/ws_moveit2/src/move_relative_ur/src/move_monitoring_node.cpp:263:25:[m[K [01;31m[Kerror: [m[Kinvalid use of ‚Äò[01m[Kthis[m[K‚Äô in non-member function
[3.294s]   263 |             RCLCPP_WARN([01;31m[Kthis[m[K->get_logger(), "%s", error_msg.c_str());
[3.294s]       |                         [01;31m[K^~~~[m[K
[3.294s] [01m[K/home/tsi/ws_moveit2/src/move_relative_ur/src/move_monitoring_node.cpp:263:25:[m[K [01;31m[Kerror: [m[Kinvalid use of ‚Äò[01m[Kthis[m[K‚Äô in non-member function
[3.295s] [01m[K/home/tsi/ws_moveit2/src/move_relative_ur/src/move_monitoring_node.cpp:263:13:[m[K [01;31m[Kerror: [m[Ktemplate argument 1 is invalid
[3.295s]   263 |             [01;31m[KRCLCPP_WARN[m[K(this->get_logger(), "%s", error_msg.c_str());
[3.295s]       |             [01;31m[K^~~~~~~~~~~[m[K
[3.296s] [01m[K/home/tsi/ws_moveit2/src/move_relative_ur/src/move_monitoring_node.cpp:263:13:[m[K [01;31m[Kerror: [m[Ktemplate argument 1 is invalid
[3.296s]   263 |             [01;31m[KRCLCPP_WARN[m[K(this->get_logger(), "%s", error_msg.c_str());
[3.297s]       |             [01;31m[K^~~~~~~~~~~[m[K
[3.297s] [01m[K/home/tsi/ws_moveit2/src/move_relative_ur/src/move_monitoring_node.cpp:263:13:[m[K [01;31m[Kerror: [m[Ktemplate argument 1 is invalid
[3.297s]   263 |             [01;31m[KRCLCPP_WARN[m[K(this->get_logger(), "%s", error_msg.c_str());
[3.298s]       |             [01;31m[K^~~~~~~~~~~[m[K
[3.298s] [01m[K/home/tsi/ws_moveit2/src/move_relative_ur/src/move_monitoring_node.cpp:263:25:[m[K [01;31m[Kerror: [m[Kinvalid use of ‚Äò[01m[Kthis[m[K‚Äô in non-member function
[3.298s]   263 |             RCLCPP_WARN([01;31m[Kthis[m[K->get_logger(), "%s", error_msg.c_str());
[3.298s]       |                         [01;31m[K^~~~[m[K
[3.299s] [01m[K/home/tsi/ws_moveit2/src/move_relative_ur/src/move_monitoring_node.cpp:263:25:[m[K [01;31m[Kerror: [m[Kinvalid use of ‚Äò[01m[Kthis[m[K‚Äô in non-member function
[3.299s]   263 |             RCLCPP_WARN([01;31m[Kthis[m[K->get_logger(), "%s", error_msg.c_str());
[3.299s]       |                         [01;31m[K^~~~[m[K
[3.299s] [01m[K/home/tsi/ws_moveit2/src/move_relative_ur/src/move_monitoring_node.cpp:268:25:[m[K [01;31m[Kerror: [m[Kinvalid use of ‚Äò[01m[Kthis[m[K‚Äô in non-member function
[3.299s]   268 |             RCLCPP_WARN([01;31m[Kthis[m[K->get_logger(), "%s", error_msg.c_str());
[3.300s]       |                         [01;31m[K^~~~[m[K
[3.300s] [01m[K/home/tsi/ws_moveit2/src/move_relative_ur/src/move_monitoring_node.cpp:268:25:[m[K [01;31m[Kerror: [m[Kinvalid use of ‚Äò[01m[Kthis[m[K‚Äô in non-member function
[3.300s] [01m[K/home/tsi/ws_moveit2/src/move_relative_ur/src/move_monitoring_node.cpp:268:13:[m[K [01;31m[Kerror: [m[Ktemplate argument 1 is invalid
[3.300s]   268 |             [01;31m[KRCLCPP_WARN[m[K(this->get_logger(), "%s", error_msg.c_str());
[3.300s]       |             [01;31m[K^~~~~~~~~~~[m[K
[3.300s] [01m[K/home/tsi/ws_moveit2/src/move_relative_ur/src/move_monitoring_node.cpp:268:13:[m[K [01;31m[Kerror: [m[Ktemplate argument 1 is invalid
[3.301s]   268 |             [01;31m[KRCLCPP_WARN[m[K(this->get_logger(), "%s", error_msg.c_str());
[3.301s]       |             [01;31m[K^~~~~~~~~~~[m[K
[3.301s] [01m[K/home/tsi/ws_moveit2/src/move_relative_ur/src/move_monitoring_node.cpp:268:13:[m[K [01;31m[Kerror: [m[Ktemplate argument 1 is invalid
[3.301s]   268 |             [01;31m[KRCLCPP_WARN[m[K(this->get_logger(), "%s", error_msg.c_str());
[3.302s]       |             [01;31m[K^~~~~~~~~~~[m[K
[3.302s] [01m[K/home/tsi/ws_moveit2/src/move_relative_ur/src/move_monitoring_node.cpp:268:25:[m[K [01;31m[Kerror: [m[Kinvalid use of ‚Äò[01m[Kthis[m[K‚Äô in non-member function
[3.302s]   268 |             RCLCPP_WARN([01;31m[Kthis[m[K->get_logger(), "%s", error_msg.c_str());
[3.303s]       |                         [01;31m[K^~~~[m[K
[3.303s] [01m[K/home/tsi/ws_moveit2/src/move_relative_ur/src/move_monitoring_node.cpp:268:25:[m[K [01;31m[Kerror: [m[Kinvalid use of ‚Äò[01m[Kthis[m[K‚Äô in non-member function
[3.303s]   268 |             RCLCPP_WARN([01;31m[Kthis[m[K->get_logger(), "%s", error_msg.c_str());
[3.303s]       |                         [01;31m[K^~~~[m[K
[3.303s] [01m[K/home/tsi/ws_moveit2/src/move_relative_ur/src/move_monitoring_node.cpp:[m[K In function ‚Äò[01m[Kvoid[01;32m[K requestSafetyMode[m[K()[m[K‚Äô:
[3.303s] [01m[K/home/tsi/ws_moveit2/src/move_relative_ur/src/move_monitoring_node.cpp:283:14:[m[K [01;31m[Kerror: [m[K‚Äò[01m[Ksafety_mode_sub_[m[K‚Äô was not declared in this scope
[3.304s]   283 |         if (![01;31m[Ksafety_mode_sub_[m[K->wait_for_service(std::chrono::milliseconds(1000))) {
[3.304s]       |              [01;31m[K^~~~~~~~~~~~~~~~[m[K
[3.304s] [01m[K/home/tsi/ws_moveit2/src/move_relative_ur/src/move_monitoring_node.cpp:284:25:[m[K [01;31m[Kerror: [m[Kinvalid use of ‚Äò[01m[Kthis[m[K‚Äô in non-member function
[3.304s]   284 |             RCLCPP_WARN([01;31m[Kthis[m[K->get_logger(), "üö® Safety Mode ÏÑúÎπÑÏä§Í∞Ä Ïã§ÌñâÎêòÏßÄ ÏïäÏùå!");
[3.304s]       |                         [01;31m[K^~~~[m[K
[3.305s] [01m[K/home/tsi/ws_moveit2/src/move_relative_ur/src/move_monitoring_node.cpp:284:25:[m[K [01;31m[Kerror: [m[Kinvalid use of ‚Äò[01m[Kthis[m[K‚Äô in non-member function
[3.305s] [01m[K/home/tsi/ws_moveit2/src/move_relative_ur/src/move_monitoring_node.cpp:284:13:[m[K [01;31m[Kerror: [m[Ktemplate argument 1 is invalid
[3.305s]   284 |             [01;31m[KRCLCPP_WARN[m[K(this->get_logger(), "üö® Safety Mode ÏÑúÎπÑÏä§Í∞Ä Ïã§ÌñâÎêòÏßÄ ÏïäÏùå!");
[3.305s]       |             [01;31m[K^~~~~~~~~~~[m[K
[3.305s] [01m[K/home/tsi/ws_moveit2/src/move_relative_ur/src/move_monitoring_node.cpp:284:13:[m[K [01;31m[Kerror: [m[Ktemplate argument 1 is invalid
[3.305s]   284 |             [01;31m[KRCLCPP_WARN[m[K(this->get_logger(), "üö® Safety Mode ÏÑúÎπÑÏä§Í∞Ä Ïã§ÌñâÎêòÏßÄ ÏïäÏùå!");
[3.306s]       |             [01;31m[K^~~~~~~~~~~[m[K
[3.306s] [01m[K/home/tsi/ws_moveit2/src/move_relative_ur/src/move_monitoring_node.cpp:284:13:[m[K [01;31m[Kerror: [m[Ktemplate argument 1 is invalid
[3.306s]   284 |             [01;31m[KRCLCPP_WARN[m[K(this->get_logger(), "üö® Safety Mode ÏÑúÎπÑÏä§Í∞Ä Ïã§ÌñâÎêòÏßÄ ÏïäÏùå!");
[3.306s]       |             [01;31m[K^~~~~~~~~~~[m[K
[3.306s] [01m[K/home/tsi/ws_moveit2/src/move_relative_ur/src/move_monitoring_node.cpp:284:25:[m[K [01;31m[Kerror: [m[Kinvalid use of ‚Äò[01m[Kthis[m[K‚Äô in non-member function
[3.306s]   284 |             RCLCPP_WARN([01;31m[Kthis[m[K->get_logger(), "üö® Safety Mode ÏÑúÎπÑÏä§Í∞Ä Ïã§ÌñâÎêòÏßÄ ÏïäÏùå!");
[3.306s]       |                         [01;31m[K^~~~[m[K
[3.306s] [01m[K/home/tsi/ws_moveit2/src/move_relative_ur/src/move_monitoring_node.cpp:284:25:[m[K [01;31m[Kerror: [m[Kinvalid use of ‚Äò[01m[Kthis[m[K‚Äô in non-member function
[3.307s]   284 |             RCLCPP_WARN([01;31m[Kthis[m[K->get_logger(), "üö® Safety Mode ÏÑúÎπÑÏä§Í∞Ä Ïã§ÌñâÎêòÏßÄ ÏïäÏùå!");
[3.307s]       |                         [01;31m[K^~~~[m[K
[3.311s] [01m[K/home/tsi/ws_moveit2/src/move_relative_ur/src/move_monitoring_node.cpp:290:23:[m[K [01;31m[Kerror: [m[K‚Äò[01m[Ksafety_mode_sub_[m[K‚Äô was not declared in this scope
[3.311s]   290 |         auto future = [01;31m[Ksafety_mode_sub_[m[K->async_send_request(
[3.312s]       |                       [01;31m[K^~~~~~~~~~~~~~~~[m[K
[3.312s] [01m[K/home/tsi/ws_moveit2/src/move_relative_ur/src/move_monitoring_node.cpp:292:45:[m[K [01;31m[Kerror: [m[K‚Äò[01m[KsafetyModeResponse[m[K‚Äô is not a member of ‚Äò[01m[KRobotMonitoringNode[m[K‚Äô
[3.312s]   292 |             std::bind(&RobotMonitoringNode::[01;31m[KsafetyModeResponse[m[K, this, std::placeholders::_1));
[3.312s]       |                                             [01;31m[K^~~~~~~~~~~~~~~~~~[m[K
[3.312s] [01m[K/home/tsi/ws_moveit2/src/move_relative_ur/src/move_monitoring_node.cpp:292:65:[m[K [01;31m[Kerror: [m[Kinvalid use of ‚Äò[01m[Kthis[m[K‚Äô in non-member function
[3.312s]   292 |             std::bind(&RobotMonitoringNode::safetyModeResponse, [01;31m[Kthis[m[K, std::placeholders::_1));
[3.313s]       |                                                                 [01;31m[K^~~~[m[K
[3.313s] [01m[K/home/tsi/ws_moveit2/src/move_relative_ur/src/move_monitoring_node.cpp:[m[K At global scope:
[3.313s] [01m[K/home/tsi/ws_moveit2/src/move_relative_ur/src/move_monitoring_node.cpp:296:5:[m[K [01;31m[Kerror: [m[Kdeclaration of ‚Äò[01m[Kauto robot_mode[m[K‚Äô has no initializer
[3.313s]   296 |     [01;31m[Kauto[m[K robot_mode; // Î°úÎ¥á ÏïåÎûåÏù¥ Î∞úÏÉùÌïú Í≤ΩÏö∞ Î°úÎ¥á ÌîÑÎ°úÍ∑∏Îû®ÏùÄ ÏùºÏãúÏ†ïÏßÄÍ∞Ä ÎêòÎäîÎç∞ Í∑∏Í≤ÉÏùÑ Ìï¥Ï†úÌïòÍ∏∞ ÏúÑÌïú Î≥ÄÏàò
[3.313s]       |     [01;31m[K^~~~[m[K
[3.315s] [01m[K/home/tsi/ws_moveit2/src/move_relative_ur/src/move_monitoring_node.cpp:[m[K In function ‚Äò[01m[Kvoid[01;32m[K safetyModeResponse[m[K(rclcpp::Client<ur_dashboard_msgs::srv::GetSafetyMode>::SharedFuture)[m[K‚Äô:
[3.315s] [01m[K/home/tsi/ws_moveit2/src/move_relative_ur/src/move_monitoring_node.cpp:299:21:[m[K [01;31m[Kerror: [m[Kinvalid use of ‚Äò[01m[Kthis[m[K‚Äô in non-member function
[3.315s]   299 |         RCLCPP_INFO([01;31m[Kthis[m[K->get_logger(), "ÏïàÏ†Ñ Î™®Îìú ÏùëÎãµ Î∞õÏùå: %d", response->safety_mode.mode);
[3.315s]       |                     [01;31m[K^~~~[m[K
[3.316s] [01m[K/home/tsi/ws_moveit2/src/move_relative_ur/src/move_monitoring_node.cpp:299:21:[m[K [01;31m[Kerror: [m[Kinvalid use of ‚Äò[01m[Kthis[m[K‚Äô in non-member function
[3.316s] [01m[K/home/tsi/ws_moveit2/src/move_relative_ur/src/move_monitoring_node.cpp:299:9:[m[K [01;31m[Kerror: [m[Ktemplate argument 1 is invalid
[3.316s]   299 |         [01;31m[KRCLCPP_INFO[m[K(this->get_logger(), "ÏïàÏ†Ñ Î™®Îìú ÏùëÎãµ Î∞õÏùå: %d", response->safety_mode.mode);
[3.317s]       |         [01;31m[K^~~~~~~~~~~[m[K
[3.317s] [01m[K/home/tsi/ws_moveit2/src/move_relative_ur/src/move_monitoring_node.cpp:299:9:[m[K [01;31m[Kerror: [m[Ktemplate argument 1 is invalid
[3.317s]   299 |         [01;31m[KRCLCPP_INFO[m[K(this->get_logger(), "ÏïàÏ†Ñ Î™®Îìú ÏùëÎãµ Î∞õÏùå: %d", response->safety_mode.mode);
[3.317s]       |         [01;31m[K^~~~~~~~~~~[m[K
[3.318s] [01m[K/home/tsi/ws_moveit2/src/move_relative_ur/src/move_monitoring_node.cpp:299:9:[m[K [01;31m[Kerror: [m[Ktemplate argument 1 is invalid
[3.318s]   299 |         [01;31m[KRCLCPP_INFO[m[K(this->get_logger(), "ÏïàÏ†Ñ Î™®Îìú ÏùëÎãµ Î∞õÏùå: %d", response->safety_mode.mode);
[3.318s]       |         [01;31m[K^~~~~~~~~~~[m[K
[3.318s] [01m[K/home/tsi/ws_moveit2/src/move_relative_ur/src/move_monitoring_node.cpp:299:21:[m[K [01;31m[Kerror: [m[Kinvalid use of ‚Äò[01m[Kthis[m[K‚Äô in non-member function
[3.319s]   299 |         RCLCPP_INFO([01;31m[Kthis[m[K->get_logger(), "ÏïàÏ†Ñ Î™®Îìú ÏùëÎãµ Î∞õÏùå: %d", response->safety_mode.mode);
[3.319s]       |                     [01;31m[K^~~~[m[K
[3.319s] [01m[K/home/tsi/ws_moveit2/src/move_relative_ur/src/move_monitoring_node.cpp:299:21:[m[K [01;31m[Kerror: [m[Kinvalid use of ‚Äò[01m[Kthis[m[K‚Äô in non-member function
[3.320s]   299 |         RCLCPP_INFO([01;31m[Kthis[m[K->get_logger(), "ÏïàÏ†Ñ Î™®Îìú ÏùëÎãµ Î∞õÏùå: %d", response->safety_mode.mode);
[3.320s]       |                     [01;31m[K^~~~[m[K
[3.321s] [01m[K/home/tsi/ws_moveit2/src/move_relative_ur/src/move_monitoring_node.cpp:307:17:[m[K [01;31m[Kerror: [m[K‚Äò[01m[Ksafe_respones[m[K‚Äô was not declared in this scope
[3.322s]   307 |                 [01;31m[Ksafe_respones[m[K = 3;
[3.322s]       |                 [01;31m[K^~~~~~~~~~~~~[m[K
[3.328s] [01m[K/home/tsi/ws_moveit2/src/move_relative_ur/src/move_monitoring_node.cpp:315:17:[m[K [01;31m[Kerror: [m[K‚Äò[01m[Ksafe_respones[m[K‚Äô was not declared in this scope
[3.328s]   315 |                 [01;31m[Ksafe_respones[m[K = 4;
[3.328s]       |                 [01;31m[K^~~~~~~~~~~~~[m[K
[3.334s] [01m[K/home/tsi/ws_moveit2/src/move_relative_ur/src/move_monitoring_node.cpp:323:17:[m[K [01;31m[Kerror: [m[K‚Äò[01m[Ksafe_respones[m[K‚Äô was not declared in this scope
[3.334s]   323 |                 [01;31m[Ksafe_respones[m[K = 5;
[3.334s]       |                 [01;31m[K^~~~~~~~~~~~~[m[K
[3.339s] [01m[K/home/tsi/ws_moveit2/src/move_relative_ur/src/move_monitoring_node.cpp:331:17:[m[K [01;31m[Kerror: [m[K‚Äò[01m[Ksafe_respones[m[K‚Äô was not declared in this scope
[3.339s]   331 |                 [01;31m[Ksafe_respones[m[K = 6;
[3.340s]       |                 [01;31m[K^~~~~~~~~~~~~[m[K
[3.345s] [01m[K/home/tsi/ws_moveit2/src/move_relative_ur/src/move_monitoring_node.cpp:340:17:[m[K [01;31m[Kerror: [m[K‚Äò[01m[Ksafe_respones[m[K‚Äô was not declared in this scope
[3.345s]   340 |                 [01;31m[Ksafe_respones[m[K = 7;
[3.346s]       |                 [01;31m[K^~~~~~~~~~~~~[m[K
[3.351s] [01m[K/home/tsi/ws_moveit2/src/move_relative_ur/src/move_monitoring_node.cpp:349:17:[m[K [01;31m[Kerror: [m[K‚Äò[01m[Ksafe_respones[m[K‚Äô was not declared in this scope
[3.351s]   349 |                 [01;31m[Ksafe_respones[m[K = 12;
[3.351s]       |                 [01;31m[K^~~~~~~~~~~~~[m[K
[3.382s] [01m[K/home/tsi/ws_moveit2/src/move_relative_ur/src/move_monitoring_node.cpp:[m[K At global scope:
[3.382s] [01m[K/home/tsi/ws_moveit2/src/move_relative_ur/src/move_monitoring_node.cpp:377:1:[m[K [01;31m[Kerror: [m[Kexpected declaration before ‚Äò[01m[K}[m[K‚Äô token
[3.382s]   377 | [01;31m[K}[m[K;
[3.382s]       | [01;31m[K^[m[K
[4.741s] gmake[2]: *** [CMakeFiles/robot_monitoring_node.dir/build.make:76: CMakeFiles/robot_monitoring_node.dir/src/move_monitoring_node.cpp.o] Error 1
[4.742s] gmake[1]: *** [CMakeFiles/Makefile2:655: CMakeFiles/robot_monitoring_node.dir/all] Error 2
[4.742s] gmake: *** [Makefile:146: all] Error 2
[4.747s] Invoked command in '/home/tsi/ws_moveit2/build/move_relative_ur' returned '2': CMAKE_PREFIX_PATH=${CMAKE_PREFIX_PATH}:/home/tsi/workspace/install/moveit_configs_utils:/opt/ros/jazzy DEBUGINFOD_URLS=https://debuginfod.ubuntu.com /usr/bin/cmake --build /home/tsi/ws_moveit2/build/move_relative_ur -- -j12 -l12
