[01m[K/home/tsi/ws_moveit2/src/move_relative_ur/src/move_monitoring_node.cpp:308:5:[m[K [01;31m[Kerror: [m[Knon-static data member declared with placeholder â€˜[01m[Kauto[m[Kâ€™
  308 |     [01;31m[Kauto[m[K robot_mode; // ë¡œë´‡ ì•ŒëŒì´ ë°œìƒí•œ ê²½ìš° ë¡œë´‡ í”„ë¡œê·¸ë¨ì€ ì¼ì‹œì •ì§€ê°€ ë˜ëŠ”ë° ê·¸ê²ƒì„ í•´ì œí•˜ê¸° ìœ„í•œ ë³€ìˆ˜
      |     [01;31m[K^~~~[m[K
gmake[2]: *** [CMakeFiles/robot_monitoring_node.dir/build.make:76: CMakeFiles/robot_monitoring_node.dir/src/move_monitoring_node.cpp.o] Error 1
gmake[1]: *** [CMakeFiles/Makefile2:655: CMakeFiles/robot_monitoring_node.dir/all] Error 2
gmake: *** [Makefile:146: all] Error 2
