[0.026s] Invoking command in '/home/tsi/ws_moveit2/build/move_relative_ur': CMAKE_PREFIX_PATH=${CMAKE_PREFIX_PATH}:/home/tsi/workspace/install/moveit_configs_utils:/opt/ros/jazzy DEBUGINFOD_URLS=https://debuginfod.ubuntu.com /usr/bin/cmake --build /home/tsi/ws_moveit2/build/move_relative_ur -- -j12 -l12
[0.153s] [  2%] Built target move_relative_ur__rosidl_generator_type_description
[0.190s] [  2%] Built target ament_cmake_python_symlink_move_relative_ur
[0.202s] [  5%] Built target move_relative_ur__cpp
[0.216s] [ 18%] Built target move_relative_ur__rosidl_generator_c
[0.262s] [ 26%] Built target move_relative_ur__rosidl_typesupport_cpp
[0.262s] [ 34%] Built target move_relative_ur__rosidl_typesupport_c
[0.263s] [ 42%] Built target move_relative_ur__rosidl_typesupport_fastrtps_cpp
[0.266s] [ 50%] Built target move_relative_ur__rosidl_typesupport_introspection_cpp
[0.266s] [ 65%] Built target move_relative_ur__rosidl_typesupport_fastrtps_c
[0.266s] [ 65%] Built target move_relative_ur__rosidl_typesupport_introspection_c
[0.308s] [ 65%] Built target move_relative_ur
[0.312s] [ 71%] Built target move_relative_node
[0.316s] [ 73%] [32mBuilding CXX object CMakeFiles/robot_monitoring_node.dir/src/move_monitoring_node.cpp.o[0m
[0.351s] [ 76%] Built target move_relative_ur__py
[0.411s] [ 81%] Built target move_relative_ur__rosidl_generator_py
[0.456s] [ 86%] Built target move_relative_ur_s__rosidl_typesupport_introspection_c
[0.457s] [ 92%] Built target move_relative_ur_s__rosidl_typesupport_c
[0.462s] [ 97%] Built target move_relative_ur_s__rosidl_typesupport_fastrtps_c
[0.640s] running egg_info
[0.690s] writing move_relative_ur.egg-info/PKG-INFO
[0.690s] writing dependency_links to move_relative_ur.egg-info/dependency_links.txt
[0.691s] writing top-level names to move_relative_ur.egg-info/top_level.txt
[0.832s] reading manifest file 'move_relative_ur.egg-info/SOURCES.txt'
[0.833s] writing manifest file 'move_relative_ur.egg-info/SOURCES.txt'
[0.896s] [ 97%] Built target ament_cmake_python_build_move_relative_ur_egg
[3.179s] [01m[K/home/tsi/ws_moveit2/src/move_relative_ur/src/move_monitoring_node.cpp:308:5:[m[K [01;31m[Kerror: [m[Knon-static data member declared with placeholder â€˜[01m[Kauto[m[Kâ€™
[3.180s]   308 |     [01;31m[Kauto[m[K robot_mode; // ë¡œë´‡ ì•ŒëŒì´ ë°œìƒí•œ ê²½ìš° ë¡œë´‡ í”„ë¡œê·¸ë¨ì€ ì¼ì‹œì •ì§€ê°€ ë˜ëŠ”ë° ê·¸ê²ƒì„ í•´ì œí•˜ê¸° ìœ„í•œ ë³€ìˆ˜
[3.180s]       |     [01;31m[K^~~~[m[K
[6.822s] gmake[2]: *** [CMakeFiles/robot_monitoring_node.dir/build.make:76: CMakeFiles/robot_monitoring_node.dir/src/move_monitoring_node.cpp.o] Error 1
[6.822s] gmake[1]: *** [CMakeFiles/Makefile2:655: CMakeFiles/robot_monitoring_node.dir/all] Error 2
[6.823s] gmake: *** [Makefile:146: all] Error 2
[6.830s] Invoked command in '/home/tsi/ws_moveit2/build/move_relative_ur' returned '2': CMAKE_PREFIX_PATH=${CMAKE_PREFIX_PATH}:/home/tsi/workspace/install/moveit_configs_utils:/opt/ros/jazzy DEBUGINFOD_URLS=https://debuginfod.ubuntu.com /usr/bin/cmake --build /home/tsi/ws_moveit2/build/move_relative_ur -- -j12 -l12
