[0.049s] Invoking command in '/home/tsi/ws_moveit2/build/move_relative_ur': CMAKE_PREFIX_PATH=${CMAKE_PREFIX_PATH}:/home/tsi/workspace/install/moveit_configs_utils:/opt/ros/jazzy DEBUGINFOD_URLS=https://debuginfod.ubuntu.com /usr/bin/cmake --build /home/tsi/ws_moveit2/build/move_relative_ur -- -j12 -l12
[0.234s] [  2%] Built target move_relative_ur__rosidl_generator_type_description
[0.246s] [  2%] Built target ament_cmake_python_symlink_move_relative_ur
[0.269s] [  5%] Built target move_relative_ur__cpp
[0.272s] [ 18%] Built target move_relative_ur__rosidl_generator_c
[0.329s] [ 26%] Built target move_relative_ur__rosidl_typesupport_introspection_c
[0.331s] [ 34%] Built target move_relative_ur__rosidl_typesupport_c
[0.347s] [ 42%] Built target move_relative_ur__rosidl_typesupport_introspection_cpp
[0.351s] [ 50%] Built target move_relative_ur__rosidl_typesupport_cpp
[0.357s] [ 57%] Built target move_relative_ur__rosidl_typesupport_fastrtps_c
[0.360s] [ 65%] Built target move_relative_ur__rosidl_typesupport_fastrtps_cpp
[0.397s] [ 71%] Built target robot_monitoring_node
[0.403s] [ 71%] Built target move_relative_ur
[0.411s] [ 73%] [32mBuilding CXX object CMakeFiles/move_relative_node.dir/src/move_relative.cpp.o[0m
[0.456s] [ 76%] Built target move_relative_ur__py
[0.522s] [ 81%] Built target move_relative_ur__rosidl_generator_py
[0.571s] [ 86%] Built target move_relative_ur_s__rosidl_typesupport_introspection_c
[0.575s] [ 92%] Built target move_relative_ur_s__rosidl_typesupport_c
[0.576s] [ 97%] Built target move_relative_ur_s__rosidl_typesupport_fastrtps_c
[0.738s] running egg_info
[0.776s] writing move_relative_ur.egg-info/PKG-INFO
[0.776s] writing dependency_links to move_relative_ur.egg-info/dependency_links.txt
[0.777s] writing top-level names to move_relative_ur.egg-info/top_level.txt
[0.952s] reading manifest file 'move_relative_ur.egg-info/SOURCES.txt'
[0.953s] writing manifest file 'move_relative_ur.egg-info/SOURCES.txt'
[1.014s] [ 97%] Built target ament_cmake_python_build_move_relative_ur_egg
[3.236s] [01m[K/home/tsi/ws_moveit2/src/move_relative_ur/src/move_relative.cpp:[m[K In constructor â€˜[01m[KURScriptRelativeMove::[01;32m[KURScriptRelativeMove[m[K()[m[Kâ€™:
[3.237s] [01m[K/home/tsi/ws_moveit2/src/move_relative_ur/src/move_relative.cpp:22:51:[m[K [01;31m[Kerror: [m[Kno matching function for call to â€˜[01m[KURScriptRelativeMove::create_wall_timer(std::chrono::milliseconds, std::_Bind_helper<false, void (URScriptRelativeMove::*)(const std::__cxx11::basic_string<char>&), URScriptRelativeMove*, const std::_Placeholder<1>&>::type)[m[Kâ€™
[3.237s]    22 |         find_node_timer_ = [01;31m[Kthis->create_wall_timer([m[K
[3.237s]       |                            [01;31m[K~~~~~~~~~~~~~~~~~~~~~~~^[m[K
[3.238s]    23 | [01;31m[K            std::chrono::milliseconds(100),[m[K
[3.238s]       |             [01;31m[K~~~~~~~~~~~~~~~~~~~~~~~~~~~~~~~[m[K        
[3.238s]    24 | [01;31m[K            std::bind(&URScriptRelativeMove::checkIfNodeIsRunning, this, std::placeholders::_1)[m[K
[3.239s]       |             [01;31m[K~~~~~~~~~~~~~~~~~~~~~~~~~~~~~~~~~~~~~~~~~~~~~~~~~~~~~~~~~~~~~~~~~~~~~~~~~~~~~~~~~~~[m[K
[3.239s]    25 | [01;31m[K        )[m[K;
[3.239s]       |         [01;31m[K~[m[K                                          
[3.240s] In file included from [01m[K/opt/ros/jazzy/include/rclcpp/rclcpp/executors/single_threaded_executor.hpp:28[m[K,
[3.240s]                  from [01m[K/opt/ros/jazzy/include/rclcpp/rclcpp/executors.hpp:22[m[K,
[3.240s]                  from [01m[K/opt/ros/jazzy/include/rclcpp/rclcpp/rclcpp.hpp:172[m[K,
[3.241s]                  from [01m[K/home/tsi/ws_moveit2/src/move_relative_ur/src/move_relative.cpp:1[m[K:
[3.241s] [01m[K/opt/ros/jazzy/include/rclcpp/rclcpp/node.hpp:241:3:[m[K [01;36m[Knote: [m[Kcandidate: â€˜[01m[Ktemplate<class DurationRepT, class DurationT, class CallbackT> typename rclcpp::WallTimer<CallbackT>::SharedPtr rclcpp::Node::[01;32m[Kcreate_wall_timer[m[K(std::chrono::duration<_Rep1, _Period1>, CallbackT, rclcpp::CallbackGroup::SharedPtr, bool)[m[Kâ€™
[3.241s]   241 |   [01;36m[Kcreate_wall_timer[m[K(
[3.242s]       |   [01;36m[K^~~~~~~~~~~~~~~~~[m[K
[3.242s] [01m[K/opt/ros/jazzy/include/rclcpp/rclcpp/node.hpp:241:3:[m[K [01;36m[Knote: [m[K  template argument deduction/substitution failed:
[3.242s] In file included from [01m[K/opt/ros/jazzy/include/rclcpp/rclcpp/node.hpp:1663[m[K:
[3.243s] /opt/ros/jazzy/include/rclcpp/rclcpp/node_impl.hpp: In substitution of â€˜[01m[Ktemplate<class DurationRepT, class DurationT, class CallbackT> typename rclcpp::WallTimer<CallbackT>::SharedPtr rclcpp::Node::[01;32m[Kcreate_wall_timer[m[K(std::chrono::duration<_Rep1, _Period1>, CallbackT, rclcpp::CallbackGroup::SharedPtr, bool) [35m[K[with DurationRepT = long int; DurationT = std::ratio<1, 1000>; CallbackT = std::_Bind<void (URScriptRelativeMove::*(URScriptRelativeMove*, std::_Placeholder<1>))(const std::__cxx11::basic_string<char>&)>][m[K[m[Kâ€™:
[3.243s] [01m[K/home/tsi/ws_moveit2/src/move_relative_ur/src/move_relative.cpp:22:51:[m[K   required from here
[3.243s] [01m[K/opt/ros/jazzy/include/rclcpp/rclcpp/node_impl.hpp:110:1:[m[K [01;31m[Kerror: [m[Kno type named â€˜[01m[Ktype[m[Kâ€™ in â€˜[01m[Kstruct std::enable_if<false, void>[m[Kâ€™
[3.244s]   110 | [01;31m[KNode[m[K::create_wall_timer(
[3.244s]       | [01;31m[K^~~~[m[K
[3.244s] [01m[K/opt/ros/jazzy/include/rclcpp/rclcpp/node_impl.hpp:110:1:[m[K [01;31m[Kerror: [m[Kno type named â€˜[01m[Ktype[m[Kâ€™ in â€˜[01m[Kstruct std::enable_if<false, void>[m[Kâ€™
[3.245s] [01m[K/opt/ros/jazzy/include/rclcpp/rclcpp/node_impl.hpp:110:1:[m[K [01;36m[Knote: [m[Kinvalid template non-type parameter
[5.843s] gmake[2]: *** [CMakeFiles/move_relative_node.dir/build.make:76: CMakeFiles/move_relative_node.dir/src/move_relative.cpp.o] Error 1
[5.843s] gmake[1]: *** [CMakeFiles/Makefile2:627: CMakeFiles/move_relative_node.dir/all] Error 2
[5.844s] gmake: *** [Makefile:146: all] Error 2
[5.850s] Invoked command in '/home/tsi/ws_moveit2/build/move_relative_ur' returned '2': CMAKE_PREFIX_PATH=${CMAKE_PREFIX_PATH}:/home/tsi/workspace/install/moveit_configs_utils:/opt/ros/jazzy DEBUGINFOD_URLS=https://debuginfod.ubuntu.com /usr/bin/cmake --build /home/tsi/ws_moveit2/build/move_relative_ur -- -j12 -l12
