[01m[K/home/tsi/ws_moveit2/src/move_relative_ur/src/move_relative.cpp:[m[K In function â€˜[01m[Kvoid[01;32m[K signalHandler[m[K(int)[m[Kâ€™:
[01m[K/home/tsi/ws_moveit2/src/move_relative_ur/src/move_relative.cpp:14:33:[m[K [01;31m[Kerror: [m[Kâ€˜[01m[Kì…ë ¥ì„[m[Kâ€™ was not declared in this scope
   14 | void signalHandler(int signal) {[01;31m[Kì…ë ¥ì„[m[K
      |                                 [01;31m[K^~~~~~[m[K
gmake[2]: *** [CMakeFiles/move_relative_node.dir/build.make:76: CMakeFiles/move_relative_node.dir/src/move_relative.cpp.o] Error 1
gmake[1]: *** [CMakeFiles/Makefile2:627: CMakeFiles/move_relative_node.dir/all] Error 2
gmake[1]: *** Waiting for unfinished jobs....
gmake: *** [Makefile:146: all] Error 2
