[0.024s] Invoking command in '/home/tsi/ws_moveit2/build/move_relative_ur': CMAKE_PREFIX_PATH=${CMAKE_PREFIX_PATH}:/home/tsi/workspace/install/moveit_configs_utils:/opt/ros/jazzy DEBUGINFOD_URLS=https://debuginfod.ubuntu.com /usr/bin/cmake --build /home/tsi/ws_moveit2/build/move_relative_ur -- -j12 -l12
[0.174s] [  2%] Built target move_relative_ur__rosidl_generator_type_description
[0.184s] [  2%] Built target ament_cmake_python_symlink_move_relative_ur
[0.231s] [ 15%] Built target move_relative_ur__rosidl_generator_c
[0.242s] [ 18%] Built target move_relative_ur__cpp
[0.268s] [ 26%] Built target move_relative_ur__rosidl_typesupport_c
[0.271s] [ 34%] Built target move_relative_ur__rosidl_typesupport_fastrtps_c
[0.271s] [ 42%] Built target move_relative_ur__rosidl_typesupport_introspection_c
[0.285s] [ 50%] Built target move_relative_ur__rosidl_typesupport_cpp
[0.287s] [ 57%] Built target move_relative_ur__rosidl_typesupport_introspection_cpp
[0.288s] [ 65%] Built target move_relative_ur__rosidl_typesupport_fastrtps_cpp
[0.325s] [ 65%] Built target move_relative_ur
[0.333s] [ 68%] [32mBuilding CXX object CMakeFiles/move_relative_node.dir/src/move_relative.cpp.o[0m
[0.340s] [ 71%] [32mBuilding CXX object CMakeFiles/robot_monitoring_node.dir/src/move_monitoring_node.cpp.o[0m
[0.363s] [ 73%] Built target move_relative_ur__py
[0.412s] [ 78%] Built target move_relative_ur__rosidl_generator_py
[0.453s] [ 84%] Built target move_relative_ur_s__rosidl_typesupport_c
[0.460s] [ 89%] Built target move_relative_ur_s__rosidl_typesupport_fastrtps_c
[0.463s] [ 94%] Built target move_relative_ur_s__rosidl_typesupport_introspection_c
[0.616s] running egg_info
[0.664s] writing move_relative_ur.egg-info/PKG-INFO
[0.667s] writing dependency_links to move_relative_ur.egg-info/dependency_links.txt
[0.667s] writing top-level names to move_relative_ur.egg-info/top_level.txt
[0.822s] reading manifest file 'move_relative_ur.egg-info/SOURCES.txt'
[0.823s] writing manifest file 'move_relative_ur.egg-info/SOURCES.txt'
[0.890s] [ 94%] Built target ament_cmake_python_build_move_relative_ur_egg
[3.098s] [01m[K/home/tsi/ws_moveit2/src/move_relative_ur/src/move_relative.cpp:[m[K In function ‚Äò[01m[Kvoid[01;32m[K signalHandler[m[K(int)[m[K‚Äô:
[3.098s] [01m[K/home/tsi/ws_moveit2/src/move_relative_ur/src/move_relative.cpp:14:33:[m[K [01;31m[Kerror: [m[K‚Äò[01m[KÏûÖÎ†•ÏùÑ[m[K‚Äô was not declared in this scope
[3.098s]    14 | void signalHandler(int signal) {[01;31m[KÏûÖÎ†•ÏùÑ[m[K
[3.098s]       |                                 [01;31m[K^~~~~~[m[K
[5.878s] gmake[2]: *** [CMakeFiles/move_relative_node.dir/build.make:76: CMakeFiles/move_relative_node.dir/src/move_relative.cpp.o] Error 1
[5.878s] gmake[1]: *** [CMakeFiles/Makefile2:627: CMakeFiles/move_relative_node.dir/all] Error 2
[5.879s] gmake[1]: *** Waiting for unfinished jobs....
[11.984s] [ 97%] [32m[1mLinking CXX executable robot_monitoring_node[0m
[12.725s] [ 97%] Built target robot_monitoring_node
[12.727s] gmake: *** [Makefile:146: all] Error 2
[12.734s] Invoked command in '/home/tsi/ws_moveit2/build/move_relative_ur' returned '2': CMAKE_PREFIX_PATH=${CMAKE_PREFIX_PATH}:/home/tsi/workspace/install/moveit_configs_utils:/opt/ros/jazzy DEBUGINFOD_URLS=https://debuginfod.ubuntu.com /usr/bin/cmake --build /home/tsi/ws_moveit2/build/move_relative_ur -- -j12 -l12
