[0.032s] Invoking command in '/home/tsi/ws_moveit2/build/move_relative_ur': CMAKE_PREFIX_PATH=${CMAKE_PREFIX_PATH}:/home/tsi/workspace/install/moveit_configs_utils:/opt/ros/jazzy DEBUGINFOD_URLS=https://debuginfod.ubuntu.com /usr/bin/cmake --build /home/tsi/ws_moveit2/build/move_relative_ur -- -j12 -l12
[0.181s] [  2%] Built target move_relative_ur__rosidl_generator_type_description
[0.195s] [  2%] Built target ament_cmake_python_symlink_move_relative_ur
[0.221s] [  5%] Built target move_relative_ur__cpp
[0.240s] [ 18%] Built target move_relative_ur__rosidl_generator_c
[0.284s] [ 26%] Built target move_relative_ur__rosidl_typesupport_introspection_c
[0.286s] [ 34%] Built target move_relative_ur__rosidl_typesupport_introspection_cpp
[0.287s] [ 42%] Built target move_relative_ur__rosidl_typesupport_fastrtps_cpp
[0.293s] [ 57%] Built target move_relative_ur__rosidl_typesupport_fastrtps_c
[0.294s] [ 57%] Built target move_relative_ur__rosidl_typesupport_c
[0.304s] [ 65%] Built target move_relative_ur__rosidl_typesupport_cpp
[0.353s] [ 71%] Built target robot_monitoring_node
[0.359s] [ 71%] Built target move_relative_ur
[0.364s] [ 73%] [32mBuilding CXX object CMakeFiles/move_relative_node.dir/src/move_relative.cpp.o[0m
[0.404s] [ 76%] Built target move_relative_ur__py
[0.459s] [ 81%] Built target move_relative_ur__rosidl_generator_py
[0.503s] [ 86%] Built target move_relative_ur_s__rosidl_typesupport_fastrtps_c
[0.504s] [ 92%] Built target move_relative_ur_s__rosidl_typesupport_introspection_c
[0.521s] [ 97%] Built target move_relative_ur_s__rosidl_typesupport_c
[0.692s] running egg_info
[0.745s] writing move_relative_ur.egg-info/PKG-INFO
[0.746s] writing dependency_links to move_relative_ur.egg-info/dependency_links.txt
[0.746s] writing top-level names to move_relative_ur.egg-info/top_level.txt
[0.878s] reading manifest file 'move_relative_ur.egg-info/SOURCES.txt'
[0.879s] writing manifest file 'move_relative_ur.egg-info/SOURCES.txt'
[0.949s] [ 97%] Built target ament_cmake_python_build_move_relative_ur_egg
[3.216s] [01m[K/home/tsi/ws_moveit2/src/move_relative_ur/src/move_relative.cpp:157:34:[m[K [01;31m[Kerror: [m[Kexpected unqualified-id before â€˜[01m[K=[m[Kâ€™ token
[3.217s]   157 |     rclcpp::TimerBase::SharedPtr [01;31m[K=[m[K error_process_timer_;
[3.217s]       |                                  [01;31m[K^[m[K
[3.242s] [01m[K/home/tsi/ws_moveit2/src/move_relative_ur/src/move_relative.cpp:[m[K In constructor â€˜[01m[KURScriptRelativeMove::[01;32m[KURScriptRelativeMove[m[K()[m[Kâ€™:
[3.242s] [01m[K/home/tsi/ws_moveit2/src/move_relative_ur/src/move_relative.cpp:32:9:[m[K [01;31m[Kerror: [m[Kâ€˜[01m[Kerror_process_timer_[m[Kâ€™ was not declared in this scope
[3.243s]    32 |         [01;31m[Kerror_process_timer_[m[K = this->create_wall_timer(
[3.243s]       |         [01;31m[K^~~~~~~~~~~~~~~~~~~~[m[K
[3.259s] In file included from [01m[K/opt/ros/jazzy/include/rclcpp/rclcpp/logging.hpp:24[m[K,
[3.260s]                  from [01m[K/opt/ros/jazzy/include/rclcpp/rclcpp/copy_all_parameter_values.hpp:27[m[K,
[3.260s]                  from [01m[K/opt/ros/jazzy/include/rclcpp/rclcpp/rclcpp.hpp:171[m[K,
[3.261s]                  from [01m[K/home/tsi/ws_moveit2/src/move_relative_ur/src/move_relative.cpp:1[m[K:
[3.261s] [01m[K/home/tsi/ws_moveit2/src/move_relative_ur/src/move_relative.cpp:[m[K In member function â€˜[01m[Kvoid URScriptRelativeMove::[01;32m[KprocessErrorMessage[m[K()[m[Kâ€™:
[3.261s] [01m[K/home/tsi/ws_moveit2/src/move_relative_ur/src/move_relative.cpp:54:95:[m[K [01;31m[Kerror: [m[Kâ€˜[01m[Kerror_msg_[m[Kâ€™ was not declared in this scope; did you mean â€˜[01m[Kerror_msg[m[Kâ€™?
[3.262s]    54 |             RCLCPP_WARN(this->get_logger(), "ğŸš¨ ì˜¤ë¥˜ ë©”ì‹œì§€ ìˆ˜ì‹ : %s í”„ë¡œê·¸ë¨ì„ ì¢…ë£Œí•©ë‹ˆë‹¤.", [01;31m[Kerror_msg_[m[K.c_str());
[3.262s]       |                                                                                               [01;31m[K^~~~~~~~~~[m[K
[5.972s] gmake[2]: *** [CMakeFiles/move_relative_node.dir/build.make:76: CMakeFiles/move_relative_node.dir/src/move_relative.cpp.o] Error 1
[5.973s] gmake[1]: *** [CMakeFiles/Makefile2:627: CMakeFiles/move_relative_node.dir/all] Error 2
[5.973s] gmake: *** [Makefile:146: all] Error 2
[5.977s] Invoked command in '/home/tsi/ws_moveit2/build/move_relative_ur' returned '2': CMAKE_PREFIX_PATH=${CMAKE_PREFIX_PATH}:/home/tsi/workspace/install/moveit_configs_utils:/opt/ros/jazzy DEBUGINFOD_URLS=https://debuginfod.ubuntu.com /usr/bin/cmake --build /home/tsi/ws_moveit2/build/move_relative_ur -- -j12 -l12
