[0.028s] Invoking command in '/home/tsi/ws_moveit2/build/move_relative_ur': CMAKE_PREFIX_PATH=${CMAKE_PREFIX_PATH}:/home/tsi/workspace/install/moveit_configs_utils:/opt/ros/jazzy DEBUGINFOD_URLS=https://debuginfod.ubuntu.com /usr/bin/cmake --build /home/tsi/ws_moveit2/build/move_relative_ur -- -j12 -l12
[0.192s] [  2%] Built target move_relative_ur__rosidl_generator_type_description
[0.217s] [  2%] Built target ament_cmake_python_symlink_move_relative_ur
[0.232s] [  5%] Built target move_relative_ur__cpp
[0.233s] [ 18%] Built target move_relative_ur__rosidl_generator_c
[0.277s] [ 26%] Built target move_relative_ur__rosidl_typesupport_fastrtps_cpp
[0.279s] [ 44%] Built target move_relative_ur__rosidl_typesupport_fastrtps_c
[0.279s] [ 47%] Built target move_relative_ur__rosidl_typesupport_introspection_cpp
[0.280s] [ 50%] Built target move_relative_ur__rosidl_typesupport_introspection_c
[0.280s] [ 57%] Built target move_relative_ur__rosidl_typesupport_c
[0.285s] [ 65%] Built target move_relative_ur__rosidl_typesupport_cpp
[0.323s] [ 65%] Built target move_relative_ur
[0.332s] [ 71%] Built target robot_monitoring_node
[0.344s] [ 73%] [32mBuilding CXX object CMakeFiles/move_relative_node.dir/src/move_relative.cpp.o[0m
[0.361s] [ 76%] Built target move_relative_ur__py
[0.408s] [ 81%] Built target move_relative_ur__rosidl_generator_py
[0.452s] [ 86%] Built target move_relative_ur_s__rosidl_typesupport_fastrtps_c
[0.457s] [ 92%] Built target move_relative_ur_s__rosidl_typesupport_c
[0.494s] [ 97%] Built target move_relative_ur_s__rosidl_typesupport_introspection_c
[0.645s] running egg_info
[0.692s] writing move_relative_ur.egg-info/PKG-INFO
[0.692s] writing dependency_links to move_relative_ur.egg-info/dependency_links.txt
[0.693s] writing top-level names to move_relative_ur.egg-info/top_level.txt
[0.822s] reading manifest file 'move_relative_ur.egg-info/SOURCES.txt'
[0.823s] writing manifest file 'move_relative_ur.egg-info/SOURCES.txt'
[0.890s] [ 97%] Built target ament_cmake_python_build_move_relative_ur_egg
[3.284s] [01m[K/home/tsi/ws_moveit2/src/move_relative_ur/src/move_relative.cpp:157:34:[m[K [01;31m[Kerror: [m[Kexpected unqualified-id before â€˜[01m[K=[m[Kâ€™ token
[3.285s]   157 |     rclcpp::TimerBase::SharedPtr [01;31m[K=[m[K error_process_timer_;
[3.285s]       |                                  [01;31m[K^[m[K
[3.306s] [01m[K/home/tsi/ws_moveit2/src/move_relative_ur/src/move_relative.cpp:[m[K In constructor â€˜[01m[KURScriptRelativeMove::[01;32m[KURScriptRelativeMove[m[K()[m[Kâ€™:
[3.306s] [01m[K/home/tsi/ws_moveit2/src/move_relative_ur/src/move_relative.cpp:32:9:[m[K [01;31m[Kerror: [m[Kâ€˜[01m[Kerror_process_timer_[m[Kâ€™ was not declared in this scope
[3.306s]    32 |         [01;31m[Kerror_process_timer_[m[K = this->create_wall_timer(
[3.307s]       |         [01;31m[K^~~~~~~~~~~~~~~~~~~~[m[K
[6.033s] gmake[2]: *** [CMakeFiles/move_relative_node.dir/build.make:76: CMakeFiles/move_relative_node.dir/src/move_relative.cpp.o] Error 1
[6.035s] gmake[1]: *** [CMakeFiles/Makefile2:627: CMakeFiles/move_relative_node.dir/all] Error 2
[6.036s] gmake: *** [Makefile:146: all] Error 2
[6.043s] Invoked command in '/home/tsi/ws_moveit2/build/move_relative_ur' returned '2': CMAKE_PREFIX_PATH=${CMAKE_PREFIX_PATH}:/home/tsi/workspace/install/moveit_configs_utils:/opt/ros/jazzy DEBUGINFOD_URLS=https://debuginfod.ubuntu.com /usr/bin/cmake --build /home/tsi/ws_moveit2/build/move_relative_ur -- -j12 -l12
