[  2%] Built target move_relative_ur__rosidl_generator_type_description
[  2%] Built target ament_cmake_python_symlink_move_relative_ur
[  5%] Built target move_relative_ur__cpp
[ 18%] Built target move_relative_ur__rosidl_generator_c
[ 26%] Built target move_relative_ur__rosidl_typesupport_introspection_c
[ 34%] Built target move_relative_ur__rosidl_typesupport_fastrtps_cpp
[ 42%] Built target move_relative_ur__rosidl_typesupport_introspection_cpp
[ 50%] Built target move_relative_ur__rosidl_typesupport_fastrtps_c
[ 57%] Built target move_relative_ur__rosidl_typesupport_cpp
[ 65%] Built target move_relative_ur__rosidl_typesupport_c
[ 65%] Built target move_relative_ur
[ 71%] Built target move_relative_node
[ 73%] [32mBuilding CXX object CMakeFiles/robot_monitoring_node.dir/src/move_monitoring_node.cpp.o[0m
[ 76%] Built target move_relative_ur__py
[ 81%] Built target move_relative_ur__rosidl_generator_py
[ 86%] Built target move_relative_ur_s__rosidl_typesupport_fastrtps_c
[ 92%] Built target move_relative_ur_s__rosidl_typesupport_c
[ 97%] Built target move_relative_ur_s__rosidl_typesupport_introspection_c
running egg_info
writing move_relative_ur.egg-info/PKG-INFO
writing dependency_links to move_relative_ur.egg-info/dependency_links.txt
writing top-level names to move_relative_ur.egg-info/top_level.txt
reading manifest file 'move_relative_ur.egg-info/SOURCES.txt'
writing manifest file 'move_relative_ur.egg-info/SOURCES.txt'
[ 97%] Built target ament_cmake_python_build_move_relative_ur_egg
In file included from [01m[K/opt/ros/jazzy/include/rclcpp/rclcpp/copy_all_parameter_values.hpp:27[m[K,
                 from [01m[K/opt/ros/jazzy/include/rclcpp/rclcpp/rclcpp.hpp:171[m[K,
                 from [01m[K/home/tsi/ws_moveit2/src/move_relative_ur/src/move_monitoring_node.cpp:1[m[K:
[01m[K/home/tsi/ws_moveit2/src/move_relative_ur/src/move_monitoring_node.cpp:[m[K In member function ‚Äò[01m[Kvoid RobotMonitoringNode::[01;32m[KrobotModeResponse[m[K(rclcpp::Client<ur_dashboard_msgs::srv::GetRobotMode>::SharedFuture)[m[K‚Äô:
[01m[K/home/tsi/ws_moveit2/src/move_relative_ur/src/move_monitoring_node.cpp:79:42:[m[K [01;31m[Kerror: [m[Kexpected ‚Äò[01m[K)[m[K‚Äô before string constant
   79 |             RCLCPP_INFO(this->get_logger [01;31m[K"‚úÖ Î°úÎ¥á Ï†ïÏÉÅ ÎèôÏûë Ï§ë."[m[K);
      |                                          [01;31m[K^~~~~~~~~~~~~~~~~~~~~~~[m[K
[01m[K/home/tsi/ws_moveit2/src/move_relative_ur/src/move_monitoring_node.cpp:79:13:[m[K [01;36m[Knote: [m[Kto match this ‚Äò[01m[K([m[K‚Äô
   79 |             [01;36m[KRCLCPP_INFO[m[K(this->get_logger "‚úÖ Î°úÎ¥á Ï†ïÏÉÅ ÎèôÏûë Ï§ë.");
      |             [01;36m[K^~~~~~~~~~~[m[K
[01m[K/home/tsi/ws_moveit2/src/move_relative_ur/src/move_monitoring_node.cpp:79:13:[m[K [01;31m[Kerror: [m[Ktemplate argument 1 is invalid
   79 |             [01;31m[KRCLCPP_INFO[m[K(this->get_logger "‚úÖ Î°úÎ¥á Ï†ïÏÉÅ ÎèôÏûë Ï§ë.");
      |             [01;31m[K^~~~~~~~~~~[m[K
[01m[K/home/tsi/ws_moveit2/src/move_relative_ur/src/move_monitoring_node.cpp:79:13:[m[K [01;31m[Kerror: [m[Ktemplate argument 1 is invalid
   79 |             [01;31m[KRCLCPP_INFO[m[K(this->get_logger "‚úÖ Î°úÎ¥á Ï†ïÏÉÅ ÎèôÏûë Ï§ë.");
      |             [01;31m[K^~~~~~~~~~~[m[K
[01m[K/home/tsi/ws_moveit2/src/move_relative_ur/src/move_monitoring_node.cpp:79:13:[m[K [01;31m[Kerror: [m[Ktemplate argument 1 is invalid
   79 |             [01;31m[KRCLCPP_INFO[m[K(this->get_logger "‚úÖ Î°úÎ¥á Ï†ïÏÉÅ ÎèôÏûë Ï§ë.");
      |             [01;31m[K^~~~~~~~~~~[m[K
In file included from [01m[K/opt/ros/jazzy/include/rclcpp/rclcpp/logging.hpp:24[m[K:
[01m[K/home/tsi/ws_moveit2/src/move_relative_ur/src/move_monitoring_node.cpp:79:42:[m[K [01;31m[Kerror: [m[Kexpected ‚Äò[01m[K)[m[K‚Äô before string constant
   79 |             RCLCPP_INFO(this->get_logger [01;31m[K"‚úÖ Î°úÎ¥á Ï†ïÏÉÅ ÎèôÏûë Ï§ë."[m[K);
      |                                          [01;31m[K^~~~~~~~~~~~~~~~~~~~~~~[m[K
[01m[K/home/tsi/ws_moveit2/src/move_relative_ur/src/move_monitoring_node.cpp:79:13:[m[K [01;36m[Knote: [m[Kto match this ‚Äò[01m[K([m[K‚Äô
   79 |             [01;36m[KRCLCPP_INFO[m[K(this->get_logger "‚úÖ Î°úÎ¥á Ï†ïÏÉÅ ÎèôÏûë Ï§ë.");
      |             [01;36m[K^~~~~~~~~~~[m[K
[01m[K/home/tsi/ws_moveit2/src/move_relative_ur/src/move_monitoring_node.cpp:79:13:[m[K [01;31m[Kerror: [m[Kexpected ‚Äò[01m[K)[m[K‚Äô before ‚Äò[01m[K}[m[K‚Äô token
   79 |             [01;31m[KRCLCPP_INFO[m[K(this->get_logger "‚úÖ Î°úÎ¥á Ï†ïÏÉÅ ÎèôÏûë Ï§ë.");
      |             [01;31m[K^~~~~~~~~~~[m[K
[01m[K/home/tsi/ws_moveit2/src/move_relative_ur/src/move_monitoring_node.cpp:79:13:[m[K [01;36m[Knote: [m[Kto match this ‚Äò[01m[K([m[K‚Äô
   79 |             [01;36m[KRCLCPP_INFO[m[K(this->get_logger "‚úÖ Î°úÎ¥á Ï†ïÏÉÅ ÎèôÏûë Ï§ë.");
      |             [01;36m[K^~~~~~~~~~~[m[K
[01m[K/home/tsi/ws_moveit2/src/move_relative_ur/src/move_monitoring_node.cpp:79:13:[m[K [01;31m[Kerror: [m[Kexpected ‚Äò[01m[K)[m[K‚Äô before ‚Äò[01m[K}[m[K‚Äô token
   79 |             [01;31m[KRCLCPP_INFO[m[K(this->get_logger "‚úÖ Î°úÎ¥á Ï†ïÏÉÅ ÎèôÏûë Ï§ë.");
      |             [01;31m[K^~~~~~~~~~~[m[K
[01m[K/home/tsi/ws_moveit2/src/move_relative_ur/src/move_monitoring_node.cpp:79:13:[m[K [01;36m[Knote: [m[Kto match this ‚Äò[01m[K([m[K‚Äô
   79 |             [01;36m[KRCLCPP_INFO[m[K(this->get_logger "‚úÖ Î°úÎ¥á Ï†ïÏÉÅ ÎèôÏûë Ï§ë.");
      |             [01;36m[K^~~~~~~~~~~[m[K
[01m[K/home/tsi/ws_moveit2/src/move_relative_ur/src/move_monitoring_node.cpp:79:13:[m[K [01;31m[Kerror: [m[Kexpected primary-expression before ‚Äò[01m[K}[m[K‚Äô token
   79 |             [01;31m[KRCLCPP_INFO[m[K(this->get_logger "‚úÖ Î°úÎ¥á Ï†ïÏÉÅ ÎèôÏûë Ï§ë.");
      |             [01;31m[K^~~~~~~~~~~[m[K
gmake[2]: *** [CMakeFiles/robot_monitoring_node.dir/build.make:76: CMakeFiles/robot_monitoring_node.dir/src/move_monitoring_node.cpp.o] Error 1
gmake[1]: *** [CMakeFiles/Makefile2:655: CMakeFiles/robot_monitoring_node.dir/all] Error 2
gmake: *** [Makefile:146: all] Error 2
