[0.045s] Invoking command in '/home/tsi/ws_moveit2/build/move_relative_ur': CMAKE_PREFIX_PATH=${CMAKE_PREFIX_PATH}:/home/tsi/workspace/install/moveit_configs_utils:/opt/ros/jazzy DEBUGINFOD_URLS=https://debuginfod.ubuntu.com /usr/bin/cmake --build /home/tsi/ws_moveit2/build/move_relative_ur -- -j12 -l12
[0.240s] [  2%] Built target move_relative_ur__rosidl_generator_type_description
[0.258s] [  2%] Built target ament_cmake_python_symlink_move_relative_ur
[0.282s] [  5%] Built target move_relative_ur__cpp
[0.286s] [ 18%] Built target move_relative_ur__rosidl_generator_c
[0.342s] [ 26%] Built target move_relative_ur__rosidl_typesupport_introspection_c
[0.342s] [ 34%] Built target move_relative_ur__rosidl_typesupport_fastrtps_cpp
[0.342s] [ 42%] Built target move_relative_ur__rosidl_typesupport_introspection_cpp
[0.344s] [ 50%] Built target move_relative_ur__rosidl_typesupport_fastrtps_c
[0.344s] [ 57%] Built target move_relative_ur__rosidl_typesupport_cpp
[0.346s] [ 65%] Built target move_relative_ur__rosidl_typesupport_c
[0.396s] [ 65%] Built target move_relative_ur
[0.402s] [ 71%] Built target move_relative_node
[0.403s] [ 73%] [32mBuilding CXX object CMakeFiles/robot_monitoring_node.dir/src/move_monitoring_node.cpp.o[0m
[0.442s] [ 76%] Built target move_relative_ur__py
[0.491s] [ 81%] Built target move_relative_ur__rosidl_generator_py
[0.541s] [ 86%] Built target move_relative_ur_s__rosidl_typesupport_fastrtps_c
[0.548s] [ 92%] Built target move_relative_ur_s__rosidl_typesupport_c
[0.551s] [ 97%] Built target move_relative_ur_s__rosidl_typesupport_introspection_c
[0.728s] running egg_info
[0.775s] writing move_relative_ur.egg-info/PKG-INFO
[0.775s] writing dependency_links to move_relative_ur.egg-info/dependency_links.txt
[0.776s] writing top-level names to move_relative_ur.egg-info/top_level.txt
[0.928s] reading manifest file 'move_relative_ur.egg-info/SOURCES.txt'
[0.929s] writing manifest file 'move_relative_ur.egg-info/SOURCES.txt'
[1.000s] [ 97%] Built target ament_cmake_python_build_move_relative_ur_egg
[3.399s] In file included from [01m[K/opt/ros/jazzy/include/rclcpp/rclcpp/copy_all_parameter_values.hpp:27[m[K,
[3.399s]                  from [01m[K/opt/ros/jazzy/include/rclcpp/rclcpp/rclcpp.hpp:171[m[K,
[3.399s]                  from [01m[K/home/tsi/ws_moveit2/src/move_relative_ur/src/move_monitoring_node.cpp:1[m[K:
[3.400s] [01m[K/home/tsi/ws_moveit2/src/move_relative_ur/src/move_monitoring_node.cpp:[m[K In member function ‚Äò[01m[Kvoid RobotMonitoringNode::[01;32m[KrobotModeResponse[m[K(rclcpp::Client<ur_dashboard_msgs::srv::GetRobotMode>::SharedFuture)[m[K‚Äô:
[3.400s] [01m[K/home/tsi/ws_moveit2/src/move_relative_ur/src/move_monitoring_node.cpp:79:42:[m[K [01;31m[Kerror: [m[Kexpected ‚Äò[01m[K)[m[K‚Äô before string constant
[3.401s]    79 |             RCLCPP_INFO(this->get_logger [01;31m[K"‚úÖ Î°úÎ¥á Ï†ïÏÉÅ ÎèôÏûë Ï§ë."[m[K);
[3.401s]       |                                          [01;31m[K^~~~~~~~~~~~~~~~~~~~~~~[m[K
[3.401s] [01m[K/home/tsi/ws_moveit2/src/move_relative_ur/src/move_monitoring_node.cpp:79:13:[m[K [01;36m[Knote: [m[Kto match this ‚Äò[01m[K([m[K‚Äô
[3.402s]    79 |             [01;36m[KRCLCPP_INFO[m[K(this->get_logger "‚úÖ Î°úÎ¥á Ï†ïÏÉÅ ÎèôÏûë Ï§ë.");
[3.402s]       |             [01;36m[K^~~~~~~~~~~[m[K
[3.402s] [01m[K/home/tsi/ws_moveit2/src/move_relative_ur/src/move_monitoring_node.cpp:79:13:[m[K [01;31m[Kerror: [m[Ktemplate argument 1 is invalid
[3.403s]    79 |             [01;31m[KRCLCPP_INFO[m[K(this->get_logger "‚úÖ Î°úÎ¥á Ï†ïÏÉÅ ÎèôÏûë Ï§ë.");
[3.403s]       |             [01;31m[K^~~~~~~~~~~[m[K
[3.403s] [01m[K/home/tsi/ws_moveit2/src/move_relative_ur/src/move_monitoring_node.cpp:79:13:[m[K [01;31m[Kerror: [m[Ktemplate argument 1 is invalid
[3.404s]    79 |             [01;31m[KRCLCPP_INFO[m[K(this->get_logger "‚úÖ Î°úÎ¥á Ï†ïÏÉÅ ÎèôÏûë Ï§ë.");
[3.404s]       |             [01;31m[K^~~~~~~~~~~[m[K
[3.404s] [01m[K/home/tsi/ws_moveit2/src/move_relative_ur/src/move_monitoring_node.cpp:79:13:[m[K [01;31m[Kerror: [m[Ktemplate argument 1 is invalid
[3.405s]    79 |             [01;31m[KRCLCPP_INFO[m[K(this->get_logger "‚úÖ Î°úÎ¥á Ï†ïÏÉÅ ÎèôÏûë Ï§ë.");
[3.405s]       |             [01;31m[K^~~~~~~~~~~[m[K
[3.405s] In file included from [01m[K/opt/ros/jazzy/include/rclcpp/rclcpp/logging.hpp:24[m[K:
[3.406s] [01m[K/home/tsi/ws_moveit2/src/move_relative_ur/src/move_monitoring_node.cpp:79:42:[m[K [01;31m[Kerror: [m[Kexpected ‚Äò[01m[K)[m[K‚Äô before string constant
[3.406s]    79 |             RCLCPP_INFO(this->get_logger [01;31m[K"‚úÖ Î°úÎ¥á Ï†ïÏÉÅ ÎèôÏûë Ï§ë."[m[K);
[3.406s]       |                                          [01;31m[K^~~~~~~~~~~~~~~~~~~~~~~[m[K
[3.407s] [01m[K/home/tsi/ws_moveit2/src/move_relative_ur/src/move_monitoring_node.cpp:79:13:[m[K [01;36m[Knote: [m[Kto match this ‚Äò[01m[K([m[K‚Äô
[3.407s]    79 |             [01;36m[KRCLCPP_INFO[m[K(this->get_logger "‚úÖ Î°úÎ¥á Ï†ïÏÉÅ ÎèôÏûë Ï§ë.");
[3.408s]       |             [01;36m[K^~~~~~~~~~~[m[K
[3.408s] [01m[K/home/tsi/ws_moveit2/src/move_relative_ur/src/move_monitoring_node.cpp:79:13:[m[K [01;31m[Kerror: [m[Kexpected ‚Äò[01m[K)[m[K‚Äô before ‚Äò[01m[K}[m[K‚Äô token
[3.408s]    79 |             [01;31m[KRCLCPP_INFO[m[K(this->get_logger "‚úÖ Î°úÎ¥á Ï†ïÏÉÅ ÎèôÏûë Ï§ë.");
[3.409s]       |             [01;31m[K^~~~~~~~~~~[m[K
[3.409s] [01m[K/home/tsi/ws_moveit2/src/move_relative_ur/src/move_monitoring_node.cpp:79:13:[m[K [01;36m[Knote: [m[Kto match this ‚Äò[01m[K([m[K‚Äô
[3.409s]    79 |             [01;36m[KRCLCPP_INFO[m[K(this->get_logger "‚úÖ Î°úÎ¥á Ï†ïÏÉÅ ÎèôÏûë Ï§ë.");
[3.410s]       |             [01;36m[K^~~~~~~~~~~[m[K
[3.410s] [01m[K/home/tsi/ws_moveit2/src/move_relative_ur/src/move_monitoring_node.cpp:79:13:[m[K [01;31m[Kerror: [m[Kexpected ‚Äò[01m[K)[m[K‚Äô before ‚Äò[01m[K}[m[K‚Äô token
[3.410s]    79 |             [01;31m[KRCLCPP_INFO[m[K(this->get_logger "‚úÖ Î°úÎ¥á Ï†ïÏÉÅ ÎèôÏûë Ï§ë.");
[3.411s]       |             [01;31m[K^~~~~~~~~~~[m[K
[3.411s] [01m[K/home/tsi/ws_moveit2/src/move_relative_ur/src/move_monitoring_node.cpp:79:13:[m[K [01;36m[Knote: [m[Kto match this ‚Äò[01m[K([m[K‚Äô
[3.411s]    79 |             [01;36m[KRCLCPP_INFO[m[K(this->get_logger "‚úÖ Î°úÎ¥á Ï†ïÏÉÅ ÎèôÏûë Ï§ë.");
[3.412s]       |             [01;36m[K^~~~~~~~~~~[m[K
[3.412s] [01m[K/home/tsi/ws_moveit2/src/move_relative_ur/src/move_monitoring_node.cpp:79:13:[m[K [01;31m[Kerror: [m[Kexpected primary-expression before ‚Äò[01m[K}[m[K‚Äô token
[3.413s]    79 |             [01;31m[KRCLCPP_INFO[m[K(this->get_logger "‚úÖ Î°úÎ¥á Ï†ïÏÉÅ ÎèôÏûë Ï§ë.");
[3.413s]       |             [01;31m[K^~~~~~~~~~~[m[K
[4.762s] gmake[2]: *** [CMakeFiles/robot_monitoring_node.dir/build.make:76: CMakeFiles/robot_monitoring_node.dir/src/move_monitoring_node.cpp.o] Error 1
[4.762s] gmake[1]: *** [CMakeFiles/Makefile2:655: CMakeFiles/robot_monitoring_node.dir/all] Error 2
[4.763s] gmake: *** [Makefile:146: all] Error 2
[4.769s] Invoked command in '/home/tsi/ws_moveit2/build/move_relative_ur' returned '2': CMAKE_PREFIX_PATH=${CMAKE_PREFIX_PATH}:/home/tsi/workspace/install/moveit_configs_utils:/opt/ros/jazzy DEBUGINFOD_URLS=https://debuginfod.ubuntu.com /usr/bin/cmake --build /home/tsi/ws_moveit2/build/move_relative_ur -- -j12 -l12
