[01m[K/home/tsi/ws_moveit2/src/move_relative_ur/src/move_relative.cpp:[m[K In member function ‚Äò[01m[Kvoid URScriptRelativeMove::[01;32m[KgetValidInput[m[K()[m[K‚Äô:
[01m[K/home/tsi/ws_moveit2/src/move_relative_ur/src/move_relative.cpp:73:17:[m[K [01;31m[Kerror: [m[K‚Äò[01m[Kclcpp[m[K‚Äô has not been declared
   73 |                 [01;31m[Kclcpp[m[K::spin_some(this->get_node_base_interface());  // Ïù¥Î≤§Ìä∏ Ï≤òÎ¶¨
      |                 [01;31m[K^~~~~[m[K
gmake[2]: *** [CMakeFiles/move_relative_node.dir/build.make:76: CMakeFiles/move_relative_node.dir/src/move_relative.cpp.o] Error 1
gmake[1]: *** [CMakeFiles/Makefile2:627: CMakeFiles/move_relative_node.dir/all] Error 2
gmake: *** [Makefile:146: all] Error 2
