[0.045s] Invoking command in '/home/tsi/ws_moveit2/build/move_relative_ur': CMAKE_PREFIX_PATH=${CMAKE_PREFIX_PATH}:/home/tsi/workspace/install/moveit_configs_utils:/opt/ros/jazzy DEBUGINFOD_URLS=https://debuginfod.ubuntu.com /usr/bin/cmake --build /home/tsi/ws_moveit2/build/move_relative_ur -- -j12 -l12
[0.195s] [  2%] Built target move_relative_ur__rosidl_generator_type_description
[0.226s] [  2%] Built target ament_cmake_python_symlink_move_relative_ur
[0.242s] [ 15%] Built target move_relative_ur__rosidl_generator_c
[0.257s] [ 18%] Built target move_relative_ur__cpp
[0.286s] [ 26%] Built target move_relative_ur__rosidl_typesupport_c
[0.290s] [ 34%] Built target move_relative_ur__rosidl_typesupport_introspection_c
[0.292s] [ 42%] Built target move_relative_ur__rosidl_typesupport_fastrtps_c
[0.301s] [ 50%] Built target move_relative_ur__rosidl_typesupport_introspection_cpp
[0.308s] [ 57%] Built target move_relative_ur__rosidl_typesupport_cpp
[0.311s] [ 65%] Built target move_relative_ur__rosidl_typesupport_fastrtps_cpp
[0.362s] [ 65%] Built target move_relative_ur
[0.384s] [ 71%] Built target robot_monitoring_node
[0.387s] [ 73%] [32mBuilding CXX object CMakeFiles/move_relative_node.dir/src/move_relative.cpp.o[0m
[0.436s] [ 76%] Built target move_relative_ur__py
[0.481s] [ 81%] Built target move_relative_ur__rosidl_generator_py
[0.536s] [ 86%] Built target move_relative_ur_s__rosidl_typesupport_c
[0.549s] [ 92%] Built target move_relative_ur_s__rosidl_typesupport_fastrtps_c
[0.554s] [ 97%] Built target move_relative_ur_s__rosidl_typesupport_introspection_c
[0.749s] running egg_info
[0.799s] writing move_relative_ur.egg-info/PKG-INFO
[0.799s] writing dependency_links to move_relative_ur.egg-info/dependency_links.txt
[0.799s] writing top-level names to move_relative_ur.egg-info/top_level.txt
[0.984s] reading manifest file 'move_relative_ur.egg-info/SOURCES.txt'
[0.985s] writing manifest file 'move_relative_ur.egg-info/SOURCES.txt'
[1.066s] [ 97%] Built target ament_cmake_python_build_move_relative_ur_egg
[3.659s] [01m[K/home/tsi/ws_moveit2/src/move_relative_ur/src/move_relative.cpp:[m[K In member function ‚Äò[01m[Kvoid URScriptRelativeMove::[01;32m[KgetValidInput[m[K()[m[K‚Äô:
[3.659s] [01m[K/home/tsi/ws_moveit2/src/move_relative_ur/src/move_relative.cpp:73:17:[m[K [01;31m[Kerror: [m[K‚Äò[01m[Kclcpp[m[K‚Äô has not been declared
[3.660s]    73 |                 [01;31m[Kclcpp[m[K::spin_some(this->get_node_base_interface());  // Ïù¥Î≤§Ìä∏ Ï≤òÎ¶¨
[3.660s]       |                 [01;31m[K^~~~~[m[K
[6.900s] gmake[2]: *** [CMakeFiles/move_relative_node.dir/build.make:76: CMakeFiles/move_relative_node.dir/src/move_relative.cpp.o] Error 1
[6.901s] gmake[1]: *** [CMakeFiles/Makefile2:627: CMakeFiles/move_relative_node.dir/all] Error 2
[6.901s] gmake: *** [Makefile:146: all] Error 2
[6.905s] Invoked command in '/home/tsi/ws_moveit2/build/move_relative_ur' returned '2': CMAKE_PREFIX_PATH=${CMAKE_PREFIX_PATH}:/home/tsi/workspace/install/moveit_configs_utils:/opt/ros/jazzy DEBUGINFOD_URLS=https://debuginfod.ubuntu.com /usr/bin/cmake --build /home/tsi/ws_moveit2/build/move_relative_ur -- -j12 -l12
