[01m[K/home/tsi/ws_moveit2/src/move_relative_ur/src/move_relative.cpp:[m[K In member function â€˜[01m[Kvoid URScriptRelativeMove::[01;32m[KgetValidInput[m[K()[m[Kâ€™:
[01m[K/home/tsi/ws_moveit2/src/move_relative_ur/src/move_relative.cpp:74:20:[m[K [01;31m[Kerror: [m[Kreturn-statement with a value, in function returning â€˜[01m[Kvoid[m[Kâ€™ [[01;31m[K]8;;https://gcc.gnu.org/onlinedocs/gcc/Warning-Options.html#index-fpermissive-fpermissive]8;;[m[K]
   74 |             return [01;31m[K0[m[K;
      |                    [01;31m[K^[m[K
[01m[K/home/tsi/ws_moveit2/src/move_relative_ur/src/move_relative.cpp:[m[K In member function â€˜[01m[Kvoid URScriptRelativeMove::[01;32m[KmoveRelative[m[K()[m[Kâ€™:
[01m[K/home/tsi/ws_moveit2/src/move_relative_ur/src/move_relative.cpp:99:16:[m[K [01;31m[Kerror: [m[Kreturn-statement with a value, in function returning â€˜[01m[Kvoid[m[Kâ€™ [[01;31m[K]8;;https://gcc.gnu.org/onlinedocs/gcc/Warning-Options.html#index-fpermissive-fpermissive]8;;[m[K]
   99 |         return [01;31m[K0[m[K;
      |                [01;31m[K^[m[K
gmake[2]: *** [CMakeFiles/move_relative_node.dir/build.make:76: CMakeFiles/move_relative_node.dir/src/move_relative.cpp.o] Error 1
gmake[1]: *** [CMakeFiles/Makefile2:627: CMakeFiles/move_relative_node.dir/all] Error 2
gmake: *** [Makefile:146: all] Error 2
