[  2%] Built target move_relative_ur__rosidl_generator_type_description
[  2%] Built target ament_cmake_python_symlink_move_relative_ur
[ 15%] Built target move_relative_ur__rosidl_generator_c
[ 18%] Built target move_relative_ur__cpp
[ 31%] Built target move_relative_ur__rosidl_typesupport_fastrtps_c
[ 34%] Built target move_relative_ur__rosidl_typesupport_c
[ 42%] Built target move_relative_ur__rosidl_typesupport_introspection_c
[ 50%] Built target move_relative_ur__rosidl_typesupport_cpp
[ 57%] Built target move_relative_ur__rosidl_typesupport_fastrtps_cpp
[ 65%] Built target move_relative_ur__rosidl_typesupport_introspection_cpp
[ 68%] [32mBuilding CXX object CMakeFiles/move_relative_node.dir/src/move_relative.cpp.o[0m
[ 68%] Built target move_relative_ur
[ 73%] Built target robot_monitoring_node
[ 76%] Built target move_relative_ur__py
[ 81%] Built target move_relative_ur__rosidl_generator_py
[ 86%] Built target move_relative_ur_s__rosidl_typesupport_fastrtps_c
[ 92%] Built target move_relative_ur_s__rosidl_typesupport_c
[ 97%] Built target move_relative_ur_s__rosidl_typesupport_introspection_c
running egg_info
writing move_relative_ur.egg-info/PKG-INFO
writing dependency_links to move_relative_ur.egg-info/dependency_links.txt
writing top-level names to move_relative_ur.egg-info/top_level.txt
reading manifest file 'move_relative_ur.egg-info/SOURCES.txt'
writing manifest file 'move_relative_ur.egg-info/SOURCES.txt'
[ 97%] Built target ament_cmake_python_build_move_relative_ur_egg
[01m[K/home/tsi/ws_moveit2/src/move_relative_ur/src/move_relative.cpp:[m[K In member function â€˜[01m[Kvoid URScriptRelativeMove::[01;32m[KgetValidInput[m[K()[m[Kâ€™:
[01m[K/home/tsi/ws_moveit2/src/move_relative_ur/src/move_relative.cpp:74:20:[m[K [01;31m[Kerror: [m[Kreturn-statement with a value, in function returning â€˜[01m[Kvoid[m[Kâ€™ [[01;31m[K]8;;https://gcc.gnu.org/onlinedocs/gcc/Warning-Options.html#index-fpermissive-fpermissive]8;;[m[K]
   74 |             return [01;31m[K0[m[K;
      |                    [01;31m[K^[m[K
[01m[K/home/tsi/ws_moveit2/src/move_relative_ur/src/move_relative.cpp:[m[K In member function â€˜[01m[Kvoid URScriptRelativeMove::[01;32m[KmoveRelative[m[K()[m[Kâ€™:
[01m[K/home/tsi/ws_moveit2/src/move_relative_ur/src/move_relative.cpp:99:16:[m[K [01;31m[Kerror: [m[Kreturn-statement with a value, in function returning â€˜[01m[Kvoid[m[Kâ€™ [[01;31m[K]8;;https://gcc.gnu.org/onlinedocs/gcc/Warning-Options.html#index-fpermissive-fpermissive]8;;[m[K]
   99 |         return [01;31m[K0[m[K;
      |                [01;31m[K^[m[K
gmake[2]: *** [CMakeFiles/move_relative_node.dir/build.make:76: CMakeFiles/move_relative_node.dir/src/move_relative.cpp.o] Error 1
gmake[1]: *** [CMakeFiles/Makefile2:627: CMakeFiles/move_relative_node.dir/all] Error 2
gmake: *** [Makefile:146: all] Error 2
