[0.037s] Invoking command in '/home/tsi/ws_moveit2/build/move_relative_ur': CMAKE_PREFIX_PATH=${CMAKE_PREFIX_PATH}:/home/tsi/workspace/install/moveit_configs_utils:/opt/ros/jazzy DEBUGINFOD_URLS=https://debuginfod.ubuntu.com /usr/bin/cmake --build /home/tsi/ws_moveit2/build/move_relative_ur -- -j12 -l12
[0.192s] [  2%] Built target move_relative_ur__rosidl_generator_type_description
[0.228s] [  2%] Built target ament_cmake_python_symlink_move_relative_ur
[0.248s] [ 15%] Built target move_relative_ur__rosidl_generator_c
[0.256s] [ 18%] Built target move_relative_ur__cpp
[0.295s] [ 31%] Built target move_relative_ur__rosidl_typesupport_fastrtps_c
[0.295s] [ 34%] Built target move_relative_ur__rosidl_typesupport_c
[0.296s] [ 42%] Built target move_relative_ur__rosidl_typesupport_introspection_c
[0.304s] [ 50%] Built target move_relative_ur__rosidl_typesupport_cpp
[0.308s] [ 57%] Built target move_relative_ur__rosidl_typesupport_fastrtps_cpp
[0.311s] [ 65%] Built target move_relative_ur__rosidl_typesupport_introspection_cpp
[0.354s] [ 68%] [32mBuilding CXX object CMakeFiles/move_relative_node.dir/src/move_relative.cpp.o[0m
[0.356s] [ 68%] Built target move_relative_ur
[0.369s] [ 73%] Built target robot_monitoring_node
[0.399s] [ 76%] Built target move_relative_ur__py
[0.463s] [ 81%] Built target move_relative_ur__rosidl_generator_py
[0.511s] [ 86%] Built target move_relative_ur_s__rosidl_typesupport_fastrtps_c
[0.513s] [ 92%] Built target move_relative_ur_s__rosidl_typesupport_c
[0.518s] [ 97%] Built target move_relative_ur_s__rosidl_typesupport_introspection_c
[0.718s] running egg_info
[0.767s] writing move_relative_ur.egg-info/PKG-INFO
[0.767s] writing dependency_links to move_relative_ur.egg-info/dependency_links.txt
[0.768s] writing top-level names to move_relative_ur.egg-info/top_level.txt
[0.926s] reading manifest file 'move_relative_ur.egg-info/SOURCES.txt'
[0.927s] writing manifest file 'move_relative_ur.egg-info/SOURCES.txt'
[0.982s] [ 97%] Built target ament_cmake_python_build_move_relative_ur_egg
[3.174s] [01m[K/home/tsi/ws_moveit2/src/move_relative_ur/src/move_relative.cpp:[m[K In member function â€˜[01m[Kvoid URScriptRelativeMove::[01;32m[KgetValidInput[m[K()[m[Kâ€™:
[3.174s] [01m[K/home/tsi/ws_moveit2/src/move_relative_ur/src/move_relative.cpp:74:20:[m[K [01;31m[Kerror: [m[Kreturn-statement with a value, in function returning â€˜[01m[Kvoid[m[Kâ€™ [[01;31m[K]8;;https://gcc.gnu.org/onlinedocs/gcc/Warning-Options.html#index-fpermissive-fpermissive]8;;[m[K]
[3.175s]    74 |             return [01;31m[K0[m[K;
[3.175s]       |                    [01;31m[K^[m[K
[3.175s] [01m[K/home/tsi/ws_moveit2/src/move_relative_ur/src/move_relative.cpp:[m[K In member function â€˜[01m[Kvoid URScriptRelativeMove::[01;32m[KmoveRelative[m[K()[m[Kâ€™:
[3.176s] [01m[K/home/tsi/ws_moveit2/src/move_relative_ur/src/move_relative.cpp:99:16:[m[K [01;31m[Kerror: [m[Kreturn-statement with a value, in function returning â€˜[01m[Kvoid[m[Kâ€™ [[01;31m[K]8;;https://gcc.gnu.org/onlinedocs/gcc/Warning-Options.html#index-fpermissive-fpermissive]8;;[m[K]
[3.176s]    99 |         return [01;31m[K0[m[K;
[3.176s]       |                [01;31m[K^[m[K
[5.821s] gmake[2]: *** [CMakeFiles/move_relative_node.dir/build.make:76: CMakeFiles/move_relative_node.dir/src/move_relative.cpp.o] Error 1
[5.821s] gmake[1]: *** [CMakeFiles/Makefile2:627: CMakeFiles/move_relative_node.dir/all] Error 2
[5.822s] gmake: *** [Makefile:146: all] Error 2
[5.827s] Invoked command in '/home/tsi/ws_moveit2/build/move_relative_ur' returned '2': CMAKE_PREFIX_PATH=${CMAKE_PREFIX_PATH}:/home/tsi/workspace/install/moveit_configs_utils:/opt/ros/jazzy DEBUGINFOD_URLS=https://debuginfod.ubuntu.com /usr/bin/cmake --build /home/tsi/ws_moveit2/build/move_relative_ur -- -j12 -l12
