[0.038s] Invoking command in '/home/tsi/ws_moveit2/build/move_relative_ur': CMAKE_PREFIX_PATH=${CMAKE_PREFIX_PATH}:/home/tsi/workspace/install/moveit_configs_utils:/opt/ros/jazzy DEBUGINFOD_URLS=https://debuginfod.ubuntu.com /usr/bin/cmake --build /home/tsi/ws_moveit2/build/move_relative_ur -- -j12 -l12
[0.154s] [  2%] Built target move_relative_ur__rosidl_generator_type_description
[0.158s] [  2%] Built target ament_cmake_python_symlink_move_relative_ur
[0.195s] [  5%] Built target move_relative_ur__cpp
[0.203s] [ 18%] Built target move_relative_ur__rosidl_generator_c
[0.254s] [ 31%] Built target move_relative_ur__rosidl_typesupport_c
[0.254s] [ 39%] Built target move_relative_ur__rosidl_typesupport_introspection_cpp
[0.254s] [ 47%] Built target move_relative_ur__rosidl_typesupport_introspection_c
[0.254s] [ 55%] Built target move_relative_ur__rosidl_typesupport_fastrtps_c
[0.255s] [ 57%] Built target move_relative_ur__rosidl_typesupport_cpp
[0.263s] [ 65%] Built target move_relative_ur__rosidl_typesupport_fastrtps_cpp
[0.298s] [ 65%] Built target move_relative_ur
[0.314s] [ 68%] [32mBuilding CXX object CMakeFiles/robot_monitoring_node.dir/src/move_monitoring_node.cpp.o[0m
[0.314s] [ 73%] Built target move_relative_node
[0.338s] [ 76%] Built target move_relative_ur__py
[0.379s] [ 81%] Built target move_relative_ur__rosidl_generator_py
[0.423s] [ 86%] Built target move_relative_ur_s__rosidl_typesupport_c
[0.429s] [ 92%] Built target move_relative_ur_s__rosidl_typesupport_introspection_c
[0.441s] [ 97%] Built target move_relative_ur_s__rosidl_typesupport_fastrtps_c
[0.541s] running egg_info
[0.586s] writing move_relative_ur.egg-info/PKG-INFO
[0.586s] writing dependency_links to move_relative_ur.egg-info/dependency_links.txt
[0.587s] writing top-level names to move_relative_ur.egg-info/top_level.txt
[0.714s] reading manifest file 'move_relative_ur.egg-info/SOURCES.txt'
[0.714s] writing manifest file 'move_relative_ur.egg-info/SOURCES.txt'
[0.762s] [ 97%] Built target ament_cmake_python_build_move_relative_ur_egg
[3.160s] [01m[K/home/tsi/ws_moveit2/src/move_relative_ur/src/move_monitoring_node.cpp:[m[K In constructor â€˜[01m[KRobotMonitoringNode::[01;32m[KRobotMonitoringNode[m[K()[m[Kâ€™:
[3.161s] [01m[K/home/tsi/ws_moveit2/src/move_relative_ur/src/move_monitoring_node.cpp:22:77:[m[K [01;31m[Kerror: [m[Kno matching function for call to â€˜[01m[KRobotMonitoringNode::create_publisher<move_relative_ur::msg::ErrorMsg>(const char [17], int, const std::_Placeholder<1>&)[m[Kâ€™
[3.161s]    22 |         error_pub_ = [01;31m[Kthis->create_publisher<move_relative_ur::msg::ErrorMsg>("robot_monitoring", 10,std::placeholders::_1)[m[K;
[3.161s]       |                      [01;31m[K~~~~~~~~~~~~~~~~~~~~~~~~~~~~~~~~~~~~~~~~~~~~~~~~~~~~~~~^~~~~~~~~~~~~~~~~~~~~~~~~~~~~~~~~~~~~~~~~~~~~~[m[K
[3.161s] In file included from [01m[K/opt/ros/jazzy/include/rclcpp/rclcpp/executors/single_threaded_executor.hpp:28[m[K,
[3.161s]                  from [01m[K/opt/ros/jazzy/include/rclcpp/rclcpp/executors.hpp:22[m[K,
[3.162s]                  from [01m[K/opt/ros/jazzy/include/rclcpp/rclcpp/rclcpp.hpp:172[m[K,
[3.162s]                  from [01m[K/home/tsi/ws_moveit2/src/move_relative_ur/src/move_monitoring_node.cpp:1[m[K:
[3.162s] [01m[K/opt/ros/jazzy/include/rclcpp/rclcpp/node.hpp:197:3:[m[K [01;36m[Knote: [m[Kcandidate: â€˜[01m[Ktemplate<class MessageT, class AllocatorT, class PublisherT> std::shared_ptr<PublisherT> rclcpp::Node::[01;32m[Kcreate_publisher[m[K(const std::string&, const rclcpp::QoS&, const rclcpp::PublisherOptionsWithAllocator<AllocatorT>&)[m[Kâ€™
[3.162s]   197 |   [01;36m[Kcreate_publisher[m[K(
[3.162s]       |   [01;36m[K^~~~~~~~~~~~~~~~[m[K
[3.163s] [01m[K/opt/ros/jazzy/include/rclcpp/rclcpp/node.hpp:197:3:[m[K [01;36m[Knote: [m[K  template argument deduction/substitution failed:
[3.163s] [01m[K/home/tsi/ws_moveit2/src/move_relative_ur/src/move_monitoring_node.cpp:22:77:[m[K [01;36m[Knote: [m[K  â€˜[01m[Kconst std::_Placeholder<1>[m[Kâ€™ is not derived from â€˜[01m[Kconst rclcpp::PublisherOptionsWithAllocator<AllocatorT>[m[Kâ€™
[3.163s]    22 |         error_pub_ = [01;36m[Kthis->create_publisher<move_relative_ur::msg::ErrorMsg>("robot_monitoring", 10,std::placeholders::_1)[m[K;
[3.163s]       |                      [01;36m[K~~~~~~~~~~~~~~~~~~~~~~~~~~~~~~~~~~~~~~~~~~~~~~~~~~~~~~~^~~~~~~~~~~~~~~~~~~~~~~~~~~~~~~~~~~~~~~~~~~~~~[m[K
[3.163s] [01m[K/home/tsi/ws_moveit2/src/move_relative_ur/src/move_monitoring_node.cpp:[m[K In member function â€˜[01m[Kvoid RobotMonitoringNode::[01;32m[KsendErrorMessage[m[K(const std::string&)[m[Kâ€™:
[3.164s] [01m[K/home/tsi/ws_moveit2/src/move_relative_ur/src/move_monitoring_node.cpp:30:20:[m[K [01;31m[Kerror: [m[Kâ€˜[01m[Ksmove_relative_ur[m[Kâ€™ has not been declared
[3.164s]    30 |         auto msg = [01;31m[Ksmove_relative_ur[m[K::msg::ErrorMsg();
[3.164s]       |                    [01;31m[K^~~~~~~~~~~~~~~~~[m[K
[6.197s] gmake[2]: *** [CMakeFiles/robot_monitoring_node.dir/build.make:76: CMakeFiles/robot_monitoring_node.dir/src/move_monitoring_node.cpp.o] Error 1
[6.198s] gmake[1]: *** [CMakeFiles/Makefile2:655: CMakeFiles/robot_monitoring_node.dir/all] Error 2
[6.198s] gmake: *** [Makefile:146: all] Error 2
[6.202s] Invoked command in '/home/tsi/ws_moveit2/build/move_relative_ur' returned '2': CMAKE_PREFIX_PATH=${CMAKE_PREFIX_PATH}:/home/tsi/workspace/install/moveit_configs_utils:/opt/ros/jazzy DEBUGINFOD_URLS=https://debuginfod.ubuntu.com /usr/bin/cmake --build /home/tsi/ws_moveit2/build/move_relative_ur -- -j12 -l12
