[0.033s] Invoking command in '/home/tsi/ws_moveit2/build/move_relative_ur': CMAKE_PREFIX_PATH=${CMAKE_PREFIX_PATH}:/home/tsi/workspace/install/moveit_configs_utils:/opt/ros/jazzy DEBUGINFOD_URLS=https://debuginfod.ubuntu.com /usr/bin/cmake --build /home/tsi/ws_moveit2/build/move_relative_ur -- -j12 -l12
[0.177s] [  2%] Built target move_relative_ur__rosidl_generator_type_description
[0.183s] [  2%] Built target ament_cmake_python_symlink_move_relative_ur
[0.226s] [  5%] Built target move_relative_ur__cpp
[0.253s] [ 18%] Built target move_relative_ur__rosidl_generator_c
[0.303s] [ 26%] Built target move_relative_ur__rosidl_typesupport_introspection_c
[0.306s] [ 34%] Built target move_relative_ur__rosidl_typesupport_introspection_cpp
[0.308s] [ 42%] Built target move_relative_ur__rosidl_typesupport_c
[0.309s] [ 50%] Built target move_relative_ur__rosidl_typesupport_cpp
[0.309s] [ 57%] Built target move_relative_ur__rosidl_typesupport_fastrtps_cpp
[0.326s] [ 65%] Built target move_relative_ur__rosidl_typesupport_fastrtps_c
[0.360s] [ 68%] [32mBuilding CXX object CMakeFiles/move_relative_node.dir/src/move_relative.cpp.o[0m
[0.367s] [ 68%] Built target move_relative_ur
[0.374s] [ 71%] [32mBuilding CXX object CMakeFiles/robot_monitoring_node.dir/src/move_monitoring_node.cpp.o[0m
[0.411s] [ 73%] Built target move_relative_ur__py
[0.462s] [ 78%] Built target move_relative_ur__rosidl_generator_py
[0.508s] [ 84%] Built target move_relative_ur_s__rosidl_typesupport_c
[0.526s] [ 89%] Built target move_relative_ur_s__rosidl_typesupport_introspection_c
[0.531s] [ 94%] Built target move_relative_ur_s__rosidl_typesupport_fastrtps_c
[0.672s] running egg_info
[0.717s] writing move_relative_ur.egg-info/PKG-INFO
[0.718s] writing dependency_links to move_relative_ur.egg-info/dependency_links.txt
[0.718s] writing top-level names to move_relative_ur.egg-info/top_level.txt
[0.858s] reading manifest file 'move_relative_ur.egg-info/SOURCES.txt'
[0.859s] writing manifest file 'move_relative_ur.egg-info/SOURCES.txt'
[0.929s] [ 94%] Built target ament_cmake_python_build_move_relative_ur_egg
[3.317s] [01m[K/home/tsi/ws_moveit2/src/move_relative_ur/src/move_monitoring_node.cpp:212:2:[m[K [01;31m[Kerror: [m[Kexpected â€˜[01m[K}[m[Kâ€™ at end of input
[3.317s]   212 | }
[3.318s]       |  [01;31m[K^[m[K
[3.318s] [01m[K/home/tsi/ws_moveit2/src/move_relative_ur/src/move_monitoring_node.cpp:8:49:[m[K [01;36m[Knote: [m[Kto match this â€˜[01m[K{[m[Kâ€™
[3.318s]     8 | class RobotMonitoringNode : public rclcpp::Node [01;36m[K{[m[K
[3.319s]       |                                                 [01;36m[K^[m[K
[3.357s] [01m[K/home/tsi/ws_moveit2/src/move_relative_ur/src/move_monitoring_node.cpp:212:2:[m[K [01;31m[Kerror: [m[Kexpected unqualified-id at end of input
[3.357s]   212 | }
[3.357s]       |  [01;31m[K^[m[K
[4.811s] gmake[2]: *** [CMakeFiles/robot_monitoring_node.dir/build.make:76: CMakeFiles/robot_monitoring_node.dir/src/move_monitoring_node.cpp.o] Error 1
[4.812s] gmake[1]: *** [CMakeFiles/Makefile2:655: CMakeFiles/robot_monitoring_node.dir/all] Error 2
[4.812s] gmake[1]: *** Waiting for unfinished jobs....
[10.202s] [ 97%] [32m[1mLinking CXX executable move_relative_node[0m
[10.702s] [ 97%] Built target move_relative_node
[10.704s] gmake: *** [Makefile:146: all] Error 2
[10.707s] Invoked command in '/home/tsi/ws_moveit2/build/move_relative_ur' returned '2': CMAKE_PREFIX_PATH=${CMAKE_PREFIX_PATH}:/home/tsi/workspace/install/moveit_configs_utils:/opt/ros/jazzy DEBUGINFOD_URLS=https://debuginfod.ubuntu.com /usr/bin/cmake --build /home/tsi/ws_moveit2/build/move_relative_ur -- -j12 -l12
