[01m[K/home/tsi/ws_moveit2/src/move_relative_ur/src/move_relative.cpp:[m[K In constructor ‘[01m[KURScriptRelativeMove::[01;32m[KURScriptRelativeMove[m[K()[m[K’:
[01m[K/home/tsi/ws_moveit2/src/move_relative_ur/src/move_relative.cpp:22:13:[m[K [01;31m[Kerror: [m[K‘[01m[KcheckRunningNodes[m[K’ was not declared in this scope
   22 |             [01;31m[KcheckRunningNodes[m[K("robot_monitoring_node");  // 생성자에서 실행
      |             [01;31m[K^~~~~~~~~~~~~~~~~[m[K
gmake[2]: *** [CMakeFiles/move_relative_node.dir/build.make:76: CMakeFiles/move_relative_node.dir/src/move_relative.cpp.o] Error 1
gmake[1]: *** [CMakeFiles/Makefile2:627: CMakeFiles/move_relative_node.dir/all] Error 2
gmake: *** [Makefile:146: all] Error 2
