[0.032s] Invoking command in '/home/tsi/ws_moveit2/build/move_relative_ur': CMAKE_PREFIX_PATH=${CMAKE_PREFIX_PATH}:/home/tsi/workspace/install/moveit_configs_utils:/opt/ros/jazzy DEBUGINFOD_URLS=https://debuginfod.ubuntu.com /usr/bin/cmake --build /home/tsi/ws_moveit2/build/move_relative_ur -- -j12 -l12
[0.221s] [  2%] Built target move_relative_ur__rosidl_generator_type_description
[0.245s] [  2%] Built target ament_cmake_python_symlink_move_relative_ur
[0.265s] [  5%] Built target move_relative_ur__cpp
[0.269s] [ 18%] Built target move_relative_ur__rosidl_generator_c
[0.319s] [ 26%] Built target move_relative_ur__rosidl_typesupport_cpp
[0.319s] [ 34%] Built target move_relative_ur__rosidl_typesupport_fastrtps_cpp
[0.320s] [ 42%] Built target move_relative_ur__rosidl_typesupport_fastrtps_c
[0.320s] [ 50%] Built target move_relative_ur__rosidl_typesupport_introspection_cpp
[0.323s] [ 57%] Built target move_relative_ur__rosidl_typesupport_c
[0.346s] [ 65%] Built target move_relative_ur__rosidl_typesupport_introspection_c
[0.369s] [ 68%] [32mBuilding CXX object CMakeFiles/move_relative_node.dir/src/move_relative.cpp.o[0m
[0.380s] [ 73%] Built target robot_monitoring_node
[0.393s] [ 73%] Built target move_relative_ur
[0.430s] [ 76%] Built target move_relative_ur__py
[0.471s] [ 81%] Built target move_relative_ur__rosidl_generator_py
[0.514s] [ 86%] Built target move_relative_ur_s__rosidl_typesupport_introspection_c
[0.519s] [ 92%] Built target move_relative_ur_s__rosidl_typesupport_c
[0.536s] [ 97%] Built target move_relative_ur_s__rosidl_typesupport_fastrtps_c
[0.738s] running egg_info
[0.779s] writing move_relative_ur.egg-info/PKG-INFO
[0.779s] writing dependency_links to move_relative_ur.egg-info/dependency_links.txt
[0.780s] writing top-level names to move_relative_ur.egg-info/top_level.txt
[0.889s] reading manifest file 'move_relative_ur.egg-info/SOURCES.txt'
[0.889s] writing manifest file 'move_relative_ur.egg-info/SOURCES.txt'
[0.955s] [ 97%] Built target ament_cmake_python_build_move_relative_ur_egg
[3.551s] [01m[K/home/tsi/ws_moveit2/src/move_relative_ur/src/move_relative.cpp:[m[K In constructor ‚Äò[01m[KURScriptRelativeMove::[01;32m[KURScriptRelativeMove[m[K()[m[K‚Äô:
[3.551s] [01m[K/home/tsi/ws_moveit2/src/move_relative_ur/src/move_relative.cpp:22:13:[m[K [01;31m[Kerror: [m[K‚Äò[01m[KcheckRunningNodes[m[K‚Äô was not declared in this scope
[3.551s]    22 |             [01;31m[KcheckRunningNodes[m[K("robot_monitoring_node");  // ÏÉùÏÑ±ÏûêÏóêÏÑú Ïã§Ìñâ
[3.551s]       |             [01;31m[K^~~~~~~~~~~~~~~~~[m[K
[6.267s] gmake[2]: *** [CMakeFiles/move_relative_node.dir/build.make:76: CMakeFiles/move_relative_node.dir/src/move_relative.cpp.o] Error 1
[6.268s] gmake[1]: *** [CMakeFiles/Makefile2:627: CMakeFiles/move_relative_node.dir/all] Error 2
[6.268s] gmake: *** [Makefile:146: all] Error 2
[6.272s] Invoked command in '/home/tsi/ws_moveit2/build/move_relative_ur' returned '2': CMAKE_PREFIX_PATH=${CMAKE_PREFIX_PATH}:/home/tsi/workspace/install/moveit_configs_utils:/opt/ros/jazzy DEBUGINFOD_URLS=https://debuginfod.ubuntu.com /usr/bin/cmake --build /home/tsi/ws_moveit2/build/move_relative_ur -- -j12 -l12
