[0.023s] Invoking command in '/home/tsi/ws_moveit2/build/move_relative_ur': CMAKE_PREFIX_PATH=${CMAKE_PREFIX_PATH}:/home/tsi/workspace/install/moveit_configs_utils:/opt/ros/jazzy DEBUGINFOD_URLS=https://debuginfod.ubuntu.com /usr/bin/cmake --build /home/tsi/ws_moveit2/build/move_relative_ur -- -j12 -l12
[0.147s] [  2%] Built target move_relative_ur__rosidl_generator_type_description
[0.178s] [  2%] Built target ament_cmake_python_symlink_move_relative_ur
[0.182s] [ 15%] Built target move_relative_ur__rosidl_generator_c
[0.190s] [ 18%] Built target move_relative_ur__cpp
[0.226s] [ 26%] Built target move_relative_ur__rosidl_typesupport_fastrtps_c
[0.231s] [ 34%] Built target move_relative_ur__rosidl_typesupport_introspection_cpp
[0.231s] [ 50%] Built target move_relative_ur__rosidl_typesupport_cpp
[0.231s] [ 50%] Built target move_relative_ur__rosidl_typesupport_introspection_c
[0.236s] [ 57%] Built target move_relative_ur__rosidl_typesupport_c
[0.238s] [ 65%] Built target move_relative_ur__rosidl_typesupport_fastrtps_cpp
[0.271s] [ 65%] Built target move_relative_ur
[0.278s] [ 71%] Built target move_relative_node
[0.285s] [ 73%] [32mBuilding CXX object CMakeFiles/robot_monitoring_node.dir/src/move_monitoring_node.cpp.o[0m
[0.312s] [ 76%] Built target move_relative_ur__py
[0.362s] [ 81%] Built target move_relative_ur__rosidl_generator_py
[0.400s] [ 86%] Built target move_relative_ur_s__rosidl_typesupport_introspection_c
[0.413s] [ 92%] Built target move_relative_ur_s__rosidl_typesupport_c
[0.415s] [ 97%] Built target move_relative_ur_s__rosidl_typesupport_fastrtps_c
[0.534s] running egg_info
[0.565s] writing move_relative_ur.egg-info/PKG-INFO
[0.565s] writing dependency_links to move_relative_ur.egg-info/dependency_links.txt
[0.565s] writing top-level names to move_relative_ur.egg-info/top_level.txt
[0.637s] [01m[K/home/tsi/ws_moveit2/src/move_relative_ur/src/move_monitoring_node.cpp:3:10:[m[K [01;31m[Kfatal error: [m[Ksensor_msgs/msg/joint_state.hpp: No such file or directory
[0.637s]     3 | #include [01;31m[K"sensor_msgs/msg/joint_state.hpp"[m[K
[0.638s]       |          [01;31m[K^~~~~~~~~~~~~~~~~~~~~~~~~~~~~~~~~[m[K
[0.638s] compilation terminated.
[0.641s] gmake[2]: *** [CMakeFiles/robot_monitoring_node.dir/build.make:76: CMakeFiles/robot_monitoring_node.dir/src/move_monitoring_node.cpp.o] Error 1
[0.642s] gmake[1]: *** [CMakeFiles/Makefile2:655: CMakeFiles/robot_monitoring_node.dir/all] Error 2
[0.642s] gmake[1]: *** Waiting for unfinished jobs....
[0.656s] reading manifest file 'move_relative_ur.egg-info/SOURCES.txt'
[0.657s] writing manifest file 'move_relative_ur.egg-info/SOURCES.txt'
[0.710s] [ 97%] Built target ament_cmake_python_build_move_relative_ur_egg
[0.713s] gmake: *** [Makefile:146: all] Error 2
[0.723s] Invoked command in '/home/tsi/ws_moveit2/build/move_relative_ur' returned '2': CMAKE_PREFIX_PATH=${CMAKE_PREFIX_PATH}:/home/tsi/workspace/install/moveit_configs_utils:/opt/ros/jazzy DEBUGINFOD_URLS=https://debuginfod.ubuntu.com /usr/bin/cmake --build /home/tsi/ws_moveit2/build/move_relative_ur -- -j12 -l12
