[0.041s] Invoking command in '/home/tsi/ws_moveit2/build/move_relative_ur': CMAKE_PREFIX_PATH=${CMAKE_PREFIX_PATH}:/home/tsi/workspace/install/moveit_configs_utils:/opt/ros/jazzy DEBUGINFOD_URLS=https://debuginfod.ubuntu.com /usr/bin/cmake --build /home/tsi/ws_moveit2/build/move_relative_ur -- -j12 -l12
[0.199s] [  2%] Built target move_relative_ur__rosidl_generator_type_description
[0.225s] [  2%] Built target ament_cmake_python_symlink_move_relative_ur
[0.243s] [  5%] Built target move_relative_ur__cpp
[0.259s] [ 18%] Built target move_relative_ur__rosidl_generator_c
[0.307s] [ 26%] Built target move_relative_ur__rosidl_typesupport_introspection_c
[0.308s] [ 34%] Built target move_relative_ur__rosidl_typesupport_fastrtps_cpp
[0.308s] [ 42%] Built target move_relative_ur__rosidl_typesupport_c
[0.312s] [ 50%] Built target move_relative_ur__rosidl_typesupport_cpp
[0.322s] [ 57%] Built target move_relative_ur__rosidl_typesupport_introspection_cpp
[0.326s] [ 65%] Built target move_relative_ur__rosidl_typesupport_fastrtps_c
[0.367s] [ 71%] Built target move_relative_node
[0.368s] [ 73%] [32mBuilding CXX object CMakeFiles/robot_monitoring_node.dir/src/move_monitoring_node.cpp.o[0m
[0.371s] [ 73%] Built target move_relative_ur
[0.428s] [ 76%] Built target move_relative_ur__py
[0.506s] [ 81%] Built target move_relative_ur__rosidl_generator_py
[0.554s] [ 86%] Built target move_relative_ur_s__rosidl_typesupport_introspection_c
[0.558s] [ 92%] Built target move_relative_ur_s__rosidl_typesupport_c
[0.561s] [ 97%] Built target move_relative_ur_s__rosidl_typesupport_fastrtps_c
[0.666s] running egg_info
[0.721s] writing move_relative_ur.egg-info/PKG-INFO
[0.722s] writing dependency_links to move_relative_ur.egg-info/dependency_links.txt
[0.722s] writing top-level names to move_relative_ur.egg-info/top_level.txt
[0.881s] reading manifest file 'move_relative_ur.egg-info/SOURCES.txt'
[0.881s] writing manifest file 'move_relative_ur.egg-info/SOURCES.txt'
[0.934s] [ 97%] Built target ament_cmake_python_build_move_relative_ur_egg
[3.407s] [01m[K/home/tsi/ws_moveit2/src/move_relative_ur/src/move_monitoring_node.cpp:[m[K In member function â€˜[01m[Kvoid RobotMonitoringNode::[01;32m[KrobotProgramState[m[K(rclcpp::Client<ur_dashboard_msgs::srv::IsProgramRunning>::SharedFuture)[m[Kâ€™:
[3.407s] [01m[K/home/tsi/ws_moveit2/src/move_relative_ur/src/move_monitoring_node.cpp:126:21:[m[K [01;31m[Kerror: [m[Kcontinue statement not within a loop
[3.408s]   126 |                     [01;31m[Kcontinue[m[K;
[3.408s]       |                     [01;31m[K^~~~~~~~[m[K
[7.132s] gmake[2]: *** [CMakeFiles/robot_monitoring_node.dir/build.make:76: CMakeFiles/robot_monitoring_node.dir/src/move_monitoring_node.cpp.o] Error 1
[7.133s] gmake[1]: *** [CMakeFiles/Makefile2:655: CMakeFiles/robot_monitoring_node.dir/all] Error 2
[7.133s] gmake: *** [Makefile:146: all] Error 2
[7.144s] Invoked command in '/home/tsi/ws_moveit2/build/move_relative_ur' returned '2': CMAKE_PREFIX_PATH=${CMAKE_PREFIX_PATH}:/home/tsi/workspace/install/moveit_configs_utils:/opt/ros/jazzy DEBUGINFOD_URLS=https://debuginfod.ubuntu.com /usr/bin/cmake --build /home/tsi/ws_moveit2/build/move_relative_ur -- -j12 -l12
