[0.039s] Invoking command in '/home/tsi/ws_moveit2/build/move_relative_ur': CMAKE_PREFIX_PATH=${CMAKE_PREFIX_PATH}:/home/tsi/workspace/install/moveit_configs_utils:/opt/ros/jazzy DEBUGINFOD_URLS=https://debuginfod.ubuntu.com /usr/bin/cmake --build /home/tsi/ws_moveit2/build/move_relative_ur -- -j12 -l12
[0.187s] [  0%] Built target ament_cmake_python_symlink_move_relative_ur
[0.198s] [  2%] Built target move_relative_ur__rosidl_generator_type_description
[0.258s] [ 15%] Built target move_relative_ur__rosidl_generator_c
[0.268s] [ 18%] Built target move_relative_ur__cpp
[0.312s] [ 26%] Built target move_relative_ur__rosidl_typesupport_c
[0.312s] [ 34%] Built target move_relative_ur__rosidl_typesupport_fastrtps_c
[0.314s] [ 44%] Built target move_relative_ur__rosidl_typesupport_cpp
[0.314s] [ 50%] Built target move_relative_ur__rosidl_typesupport_introspection_c
[0.321s] [ 57%] Built target move_relative_ur__rosidl_typesupport_fastrtps_cpp
[0.325s] [ 65%] Built target move_relative_ur__rosidl_typesupport_introspection_cpp
[0.368s] [ 71%] Built target robot_monitoring_node
[0.369s] [ 73%] [32mBuilding CXX object CMakeFiles/move_relative_node.dir/src/move_relative.cpp.o[0m
[0.369s] [ 73%] Built target move_relative_ur
[0.429s] [ 76%] Built target move_relative_ur__py
[0.495s] [ 81%] Built target move_relative_ur__rosidl_generator_py
[0.542s] [ 92%] Built target move_relative_ur_s__rosidl_typesupport_fastrtps_c
[0.542s] [ 92%] Built target move_relative_ur_s__rosidl_typesupport_c
[0.546s] [ 97%] Built target move_relative_ur_s__rosidl_typesupport_introspection_c
[0.629s] running egg_info
[0.681s] writing move_relative_ur.egg-info/PKG-INFO
[0.682s] writing dependency_links to move_relative_ur.egg-info/dependency_links.txt
[0.682s] writing top-level names to move_relative_ur.egg-info/top_level.txt
[0.802s] reading manifest file 'move_relative_ur.egg-info/SOURCES.txt'
[0.803s] writing manifest file 'move_relative_ur.egg-info/SOURCES.txt'
[0.861s] [ 97%] Built target ament_cmake_python_build_move_relative_ur_egg
[2.966s] [01m[K/home/tsi/ws_moveit2/src/move_relative_ur/src/move_relative.cpp:[m[K In destructor â€˜[01m[Kvirtual URScriptRelativeMove::[01;32m[K~URScriptRelativeMove[m[K()[m[Kâ€™:
[2.966s] [01m[K/home/tsi/ws_moveit2/src/move_relative_ur/src/move_relative.cpp:35:13:[m[K [01;31m[Kerror: [m[Kâ€˜[01m[Kinput_thread_[m[Kâ€™ was not declared in this scope
[2.966s]    35 |         if ([01;31m[Kinput_thread_[m[K.joinable()) {
[2.967s]       |             [01;31m[K^~~~~~~~~~~~~[m[K
[5.434s] gmake[2]: *** [CMakeFiles/move_relative_node.dir/build.make:76: CMakeFiles/move_relative_node.dir/src/move_relative.cpp.o] Error 1
[5.437s] gmake[1]: *** [CMakeFiles/Makefile2:627: CMakeFiles/move_relative_node.dir/all] Error 2
[5.438s] gmake: *** [Makefile:146: all] Error 2
[5.444s] Invoked command in '/home/tsi/ws_moveit2/build/move_relative_ur' returned '2': CMAKE_PREFIX_PATH=${CMAKE_PREFIX_PATH}:/home/tsi/workspace/install/moveit_configs_utils:/opt/ros/jazzy DEBUGINFOD_URLS=https://debuginfod.ubuntu.com /usr/bin/cmake --build /home/tsi/ws_moveit2/build/move_relative_ur -- -j12 -l12
