[0.028s] Invoking command in '/home/tsi/ws_moveit2/build/move_relative_ur': CMAKE_PREFIX_PATH=${CMAKE_PREFIX_PATH}:/home/tsi/workspace/install/moveit_configs_utils:/opt/ros/jazzy DEBUGINFOD_URLS=https://debuginfod.ubuntu.com /usr/bin/cmake --build /home/tsi/ws_moveit2/build/move_relative_ur -- -j12 -l12
[0.188s] [  2%] Built target move_relative_ur__rosidl_generator_type_description
[0.228s] [ 13%] Built target move_relative_ur__cpp
[0.228s] [ 18%] Built target move_relative_ur__rosidl_generator_c
[0.234s] [ 18%] Built target ament_cmake_python_symlink_move_relative_ur
[0.284s] [ 26%] Built target move_relative_ur__rosidl_typesupport_fastrtps_cpp
[0.284s] [ 34%] Built target move_relative_ur__rosidl_typesupport_fastrtps_c
[0.284s] [ 42%] Built target move_relative_ur__rosidl_typesupport_introspection_c
[0.286s] [ 50%] Built target move_relative_ur__rosidl_typesupport_c
[0.288s] [ 57%] Built target move_relative_ur__rosidl_typesupport_introspection_cpp
[0.290s] [ 65%] Built target move_relative_ur__rosidl_typesupport_cpp
[0.343s] [ 65%] Built target move_relative_ur
[0.355s] [ 68%] [32mBuilding CXX object CMakeFiles/robot_monitoring_node.dir/src/move_monitoring_node.cpp.o[0m
[0.356s] [ 73%] Built target move_relative_node
[0.382s] [ 76%] Built target move_relative_ur__py
[0.458s] [ 81%] Built target move_relative_ur__rosidl_generator_py
[0.499s] [ 86%] Built target move_relative_ur_s__rosidl_typesupport_fastrtps_c
[0.509s] [ 92%] Built target move_relative_ur_s__rosidl_typesupport_c
[0.511s] [ 97%] Built target move_relative_ur_s__rosidl_typesupport_introspection_c
[0.709s] running egg_info
[0.755s] writing move_relative_ur.egg-info/PKG-INFO
[0.755s] writing dependency_links to move_relative_ur.egg-info/dependency_links.txt
[0.756s] writing top-level names to move_relative_ur.egg-info/top_level.txt
[0.904s] reading manifest file 'move_relative_ur.egg-info/SOURCES.txt'
[0.905s] writing manifest file 'move_relative_ur.egg-info/SOURCES.txt'
[0.974s] [ 97%] Built target ament_cmake_python_build_move_relative_ur_egg
[3.331s] [01m[K/home/tsi/ws_moveit2/src/move_relative_ur/src/move_monitoring_node.cpp:[m[K In member function â€˜[01m[Kvoid RobotMonitoringNode::[01;32m[KrobotProgramState[m[K(rclcpp::Client<ur_dashboard_msgs::srv::IsProgramRunning>::SharedFuture)[m[Kâ€™:
[3.331s] [01m[K/home/tsi/ws_moveit2/src/move_relative_ur/src/move_monitoring_node.cpp:135:45:[m[K [01;31m[Kerror: [m[Kâ€˜[01m[Kclient[m[Kâ€™ was not declared in this scope
[3.332s]   135 |                         auto check_future = [01;31m[Kclient[m[K->async_send_request(check_state_request);
[3.332s]       |                                             [01;31m[K^~~~~~[m[K
[6.834s] gmake[2]: *** [CMakeFiles/robot_monitoring_node.dir/build.make:76: CMakeFiles/robot_monitoring_node.dir/src/move_monitoring_node.cpp.o] Error 1
[6.834s] gmake[1]: *** [CMakeFiles/Makefile2:655: CMakeFiles/robot_monitoring_node.dir/all] Error 2
[6.835s] gmake: *** [Makefile:146: all] Error 2
[6.839s] Invoked command in '/home/tsi/ws_moveit2/build/move_relative_ur' returned '2': CMAKE_PREFIX_PATH=${CMAKE_PREFIX_PATH}:/home/tsi/workspace/install/moveit_configs_utils:/opt/ros/jazzy DEBUGINFOD_URLS=https://debuginfod.ubuntu.com /usr/bin/cmake --build /home/tsi/ws_moveit2/build/move_relative_ur -- -j12 -l12
