[01m[K/home/tsi/ws_moveit2/src/move_relative_ur/src/move_monitoring_node.cpp:[m[K In constructor ‚Äò[01m[KRobotMonitoringNode::[01;32m[KRobotMonitoringNode[m[K()[m[K‚Äô:
[01m[K/home/tsi/ws_moveit2/src/move_relative_ur/src/move_monitoring_node.cpp:22:67:[m[K [01;31m[Kerror: [m[Kno matching function for call to ‚Äò[01m[KRobotMonitoringNode::create_publisher<std_msgs::msg::String>(const char [17], int, std::_Bind_helper<false, void (RobotMonitoringNode::*)(const std::__cxx11::basic_string<char>&), RobotMonitoringNode*, const std::_Placeholder<1>&>::type)[m[K‚Äô
   22 |         error_pub_ = [01;31m[Kthis->create_publisher<std_msgs::msg::String>("robot_monitoring", 10[m[K
      |                      [01;31m[K~~~~~~~~~~~~~~~~~~~~~~~~~~~~~~~~~~~~~~~~~~~~~^~~~~~~~~~~~~~~~~~~~~~~[m[K
   23 | [01;31m[K        , std::bind(&RobotMonitoringNode::sendErrorMessage, this, std::placeholders::_1))[m[K;
      |         [01;31m[K~~~~~~~~~~~~~~~~~~~~~~~~~~~~~~~~~~~~~~~~~~~~~~~~~~~~~~~~~~~~~~~~~~~~~~~~~~~~~~~~~[m[K
In file included from [01m[K/opt/ros/jazzy/include/rclcpp/rclcpp/executors/single_threaded_executor.hpp:28[m[K,
                 from [01m[K/opt/ros/jazzy/include/rclcpp/rclcpp/executors.hpp:22[m[K,
                 from [01m[K/opt/ros/jazzy/include/rclcpp/rclcpp/rclcpp.hpp:172[m[K,
                 from [01m[K/home/tsi/ws_moveit2/src/move_relative_ur/src/move_monitoring_node.cpp:1[m[K:
[01m[K/opt/ros/jazzy/include/rclcpp/rclcpp/node.hpp:197:3:[m[K [01;36m[Knote: [m[Kcandidate: ‚Äò[01m[Ktemplate<class MessageT, class AllocatorT, class PublisherT> std::shared_ptr<PublisherT> rclcpp::Node::[01;32m[Kcreate_publisher[m[K(const std::string&, const rclcpp::QoS&, const rclcpp::PublisherOptionsWithAllocator<AllocatorT>&)[m[K‚Äô
  197 |   [01;36m[Kcreate_publisher[m[K(
      |   [01;36m[K^~~~~~~~~~~~~~~~[m[K
[01m[K/opt/ros/jazzy/include/rclcpp/rclcpp/node.hpp:197:3:[m[K [01;36m[Knote: [m[K  template argument deduction/substitution failed:
[01m[K/home/tsi/ws_moveit2/src/move_relative_ur/src/move_monitoring_node.cpp:22:67:[m[K [01;36m[Knote: [m[K  ‚Äò[01m[Kstd::_Bind_helper<false, void (RobotMonitoringNode::*)(const std::__cxx11::basic_string<char>&), RobotMonitoringNode*, const std::_Placeholder<1>&>::type[m[K‚Äô is not derived from ‚Äò[01m[Kconst rclcpp::PublisherOptionsWithAllocator<AllocatorT>[m[K‚Äô
   22 |         error_pub_ = [01;36m[Kthis->create_publisher<std_msgs::msg::String>("robot_monitoring", 10[m[K
      |                      [01;36m[K~~~~~~~~~~~~~~~~~~~~~~~~~~~~~~~~~~~~~~~~~~~~~^~~~~~~~~~~~~~~~~~~~~~~[m[K
   23 | [01;36m[K        , std::bind(&RobotMonitoringNode::sendErrorMessage, this, std::placeholders::_1))[m[K;
      |         [01;36m[K~~~~~~~~~~~~~~~~~~~~~~~~~~~~~~~~~~~~~~~~~~~~~~~~~~~~~~~~~~~~~~~~~~~~~~~~~~~~~~~~~[m[K
In file included from [01m[K/opt/ros/jazzy/include/rclcpp/rclcpp/copy_all_parameter_values.hpp:27[m[K,
                 from [01m[K/opt/ros/jazzy/include/rclcpp/rclcpp/rclcpp.hpp:171[m[K,
                 from [01m[K/home/tsi/ws_moveit2/src/move_relative_ur/src/move_relative.cpp:1[m[K:
[01m[K/home/tsi/ws_moveit2/src/move_relative_ur/src/move_relative.cpp:[m[K In function ‚Äò[01m[Kint[01;32m[K main[m[K(int, char**)[m[K‚Äô:
[01m[K/home/tsi/ws_moveit2/src/move_relative_ur/src/move_relative.cpp:120:17:[m[K [01;31m[Kerror: [m[Kinvalid use of ‚Äò[01m[Kthis[m[K‚Äô in non-member function
  120 |     RCLCPP_INFO([01;31m[Kthis[m[K->get_logger(), "move ÎÖ∏Îìú Ï¢ÖÎ£å??");
      |                 [01;31m[K^~~~[m[K
[01m[K/home/tsi/ws_moveit2/src/move_relative_ur/src/move_relative.cpp:120:17:[m[K [01;31m[Kerror: [m[Kinvalid use of ‚Äò[01m[Kthis[m[K‚Äô in non-member function
[01m[K/home/tsi/ws_moveit2/src/move_relative_ur/src/move_relative.cpp:120:5:[m[K [01;31m[Kerror: [m[Ktemplate argument 1 is invalid
  120 |     [01;31m[KRCLCPP_INFO[m[K(this->get_logger(), "move ÎÖ∏Îìú Ï¢ÖÎ£å??");
      |     [01;31m[K^~~~~~~~~~~[m[K
[01m[K/home/tsi/ws_moveit2/src/move_relative_ur/src/move_relative.cpp:120:5:[m[K [01;31m[Kerror: [m[Ktemplate argument 1 is invalid
  120 |     [01;31m[KRCLCPP_INFO[m[K(this->get_logger(), "move ÎÖ∏Îìú Ï¢ÖÎ£å??");
      |     [01;31m[K^~~~~~~~~~~[m[K
[01m[K/home/tsi/ws_moveit2/src/move_relative_ur/src/move_relative.cpp:120:5:[m[K [01;31m[Kerror: [m[Ktemplate argument 1 is invalid
  120 |     [01;31m[KRCLCPP_INFO[m[K(this->get_logger(), "move ÎÖ∏Îìú Ï¢ÖÎ£å??");
      |     [01;31m[K^~~~~~~~~~~[m[K
In file included from [01m[K/opt/ros/jazzy/include/rclcpp/rclcpp/logging.hpp:24[m[K:
[01m[K/home/tsi/ws_moveit2/src/move_relative_ur/src/move_relative.cpp:120:17:[m[K [01;31m[Kerror: [m[Kinvalid use of ‚Äò[01m[Kthis[m[K‚Äô in non-member function
  120 |     RCLCPP_INFO([01;31m[Kthis[m[K->get_logger(), "move ÎÖ∏Îìú Ï¢ÖÎ£å??");
      |                 [01;31m[K^~~~[m[K
[01m[K/home/tsi/ws_moveit2/src/move_relative_ur/src/move_relative.cpp:120:17:[m[K [01;31m[Kerror: [m[Kinvalid use of ‚Äò[01m[Kthis[m[K‚Äô in non-member function
  120 |     RCLCPP_INFO([01;31m[Kthis[m[K->get_logger(), "move ÎÖ∏Îìú Ï¢ÖÎ£å??");
      |                 [01;31m[K^~~~[m[K
In file included from [01m[K/opt/ros/jazzy/include/rclcpp/rclcpp/copy_all_parameter_values.hpp:27[m[K,
                 from [01m[K/opt/ros/jazzy/include/rclcpp/rclcpp/rclcpp.hpp:171[m[K:
[01m[K/home/tsi/ws_moveit2/src/move_relative_ur/src/move_monitoring_node.cpp:[m[K In function ‚Äò[01m[Kint[01;32m[K main[m[K(int, char**)[m[K‚Äô:
[01m[K/home/tsi/ws_moveit2/src/move_relative_ur/src/move_monitoring_node.cpp:71:17:[m[K [01;31m[Kerror: [m[Kinvalid use of ‚Äò[01m[Kthis[m[K‚Äô in non-member function
   71 |     RCLCPP_INFO([01;31m[Kthis[m[K->get_logger(), "monitoring ÎÖ∏ÎìúÍ∞Ä Í∑∏ÎÉ• Ï¢ÖÎ£åÎêòÎäîÍ±¥Í∞Ä??");
      |                 [01;31m[K^~~~[m[K
[01m[K/home/tsi/ws_moveit2/src/move_relative_ur/src/move_monitoring_node.cpp:71:17:[m[K [01;31m[Kerror: [m[Kinvalid use of ‚Äò[01m[Kthis[m[K‚Äô in non-member function
[01m[K/home/tsi/ws_moveit2/src/move_relative_ur/src/move_monitoring_node.cpp:71:5:[m[K [01;31m[Kerror: [m[Ktemplate argument 1 is invalid
   71 |     [01;31m[KRCLCPP_INFO[m[K(this->get_logger(), "monitoring ÎÖ∏ÎìúÍ∞Ä Í∑∏ÎÉ• Ï¢ÖÎ£åÎêòÎäîÍ±¥Í∞Ä??");
      |     [01;31m[K^~~~~~~~~~~[m[K
[01m[K/home/tsi/ws_moveit2/src/move_relative_ur/src/move_monitoring_node.cpp:71:5:[m[K [01;31m[Kerror: [m[Ktemplate argument 1 is invalid
   71 |     [01;31m[KRCLCPP_INFO[m[K(this->get_logger(), "monitoring ÎÖ∏ÎìúÍ∞Ä Í∑∏ÎÉ• Ï¢ÖÎ£åÎêòÎäîÍ±¥Í∞Ä??");
      |     [01;31m[K^~~~~~~~~~~[m[K
[01m[K/home/tsi/ws_moveit2/src/move_relative_ur/src/move_monitoring_node.cpp:71:5:[m[K [01;31m[Kerror: [m[Ktemplate argument 1 is invalid
   71 |     [01;31m[KRCLCPP_INFO[m[K(this->get_logger(), "monitoring ÎÖ∏ÎìúÍ∞Ä Í∑∏ÎÉ• Ï¢ÖÎ£åÎêòÎäîÍ±¥Í∞Ä??");
      |     [01;31m[K^~~~~~~~~~~[m[K
In file included from [01m[K/opt/ros/jazzy/include/rclcpp/rclcpp/logging.hpp:24[m[K:
[01m[K/home/tsi/ws_moveit2/src/move_relative_ur/src/move_monitoring_node.cpp:71:17:[m[K [01;31m[Kerror: [m[Kinvalid use of ‚Äò[01m[Kthis[m[K‚Äô in non-member function
   71 |     RCLCPP_INFO([01;31m[Kthis[m[K->get_logger(), "monitoring ÎÖ∏ÎìúÍ∞Ä Í∑∏ÎÉ• Ï¢ÖÎ£åÎêòÎäîÍ±¥Í∞Ä??");
      |                 [01;31m[K^~~~[m[K
[01m[K/home/tsi/ws_moveit2/src/move_relative_ur/src/move_monitoring_node.cpp:71:17:[m[K [01;31m[Kerror: [m[Kinvalid use of ‚Äò[01m[Kthis[m[K‚Äô in non-member function
   71 |     RCLCPP_INFO([01;31m[Kthis[m[K->get_logger(), "monitoring ÎÖ∏ÎìúÍ∞Ä Í∑∏ÎÉ• Ï¢ÖÎ£åÎêòÎäîÍ±¥Í∞Ä??");
      |                 [01;31m[K^~~~[m[K
gmake[2]: *** [CMakeFiles/move_relative_node.dir/build.make:76: CMakeFiles/move_relative_node.dir/src/move_relative.cpp.o] Error 1
gmake[1]: *** [CMakeFiles/Makefile2:627: CMakeFiles/move_relative_node.dir/all] Error 2
gmake[1]: *** Waiting for unfinished jobs....
gmake[2]: *** [CMakeFiles/robot_monitoring_node.dir/build.make:76: CMakeFiles/robot_monitoring_node.dir/src/move_monitoring_node.cpp.o] Error 1
gmake[1]: *** [CMakeFiles/Makefile2:655: CMakeFiles/robot_monitoring_node.dir/all] Error 2
gmake: *** [Makefile:146: all] Error 2
