[0.041s] Invoking command in '/home/tsi/ws_moveit2/build/move_relative_ur': CMAKE_PREFIX_PATH=${CMAKE_PREFIX_PATH}:/home/tsi/workspace/install/moveit_configs_utils:/opt/ros/jazzy DEBUGINFOD_URLS=https://debuginfod.ubuntu.com /usr/bin/cmake --build /home/tsi/ws_moveit2/build/move_relative_ur -- -j12 -l12
[0.178s] [  2%] Built target move_relative_ur__rosidl_generator_type_description
[0.197s] [  2%] Built target ament_cmake_python_symlink_move_relative_ur
[0.215s] [  5%] Built target move_relative_ur__cpp
[0.216s] [ 18%] Built target move_relative_ur__rosidl_generator_c
[0.270s] [ 26%] Built target move_relative_ur__rosidl_typesupport_fastrtps_c
[0.272s] [ 34%] Built target move_relative_ur__rosidl_typesupport_cpp
[0.273s] [ 42%] Built target move_relative_ur__rosidl_typesupport_fastrtps_cpp
[0.279s] [ 50%] Built target move_relative_ur__rosidl_typesupport_introspection_c
[0.288s] [ 63%] Built target move_relative_ur__rosidl_typesupport_introspection_cpp
[0.288s] [ 65%] Built target move_relative_ur__rosidl_typesupport_c
[0.343s] [ 68%] [32mBuilding CXX object CMakeFiles/move_relative_node.dir/src/move_relative.cpp.o[0m
[0.352s] [ 68%] Built target move_relative_ur
[0.357s] [ 71%] [32mBuilding CXX object CMakeFiles/robot_monitoring_node.dir/src/move_monitoring_node.cpp.o[0m
[0.395s] [ 73%] Built target move_relative_ur__py
[0.452s] [ 78%] Built target move_relative_ur__rosidl_generator_py
[0.500s] [ 94%] Built target move_relative_ur_s__rosidl_typesupport_fastrtps_c
[0.501s] [ 94%] Built target move_relative_ur_s__rosidl_typesupport_c
[0.501s] [ 94%] Built target move_relative_ur_s__rosidl_typesupport_introspection_c
[0.750s] running egg_info
[0.793s] writing move_relative_ur.egg-info/PKG-INFO
[0.794s] writing dependency_links to move_relative_ur.egg-info/dependency_links.txt
[0.794s] writing top-level names to move_relative_ur.egg-info/top_level.txt
[0.973s] reading manifest file 'move_relative_ur.egg-info/SOURCES.txt'
[0.974s] writing manifest file 'move_relative_ur.egg-info/SOURCES.txt'
[1.052s] [ 94%] Built target ament_cmake_python_build_move_relative_ur_egg
[3.580s] [01m[K/home/tsi/ws_moveit2/src/move_relative_ur/src/move_monitoring_node.cpp:[m[K In constructor â€˜[01m[KRobotMonitoringNode::[01;32m[KRobotMonitoringNode[m[K()[m[Kâ€™:
[3.580s] [01m[K/home/tsi/ws_moveit2/src/move_relative_ur/src/move_monitoring_node.cpp:44:28:[m[K [01;31m[Kerror: [m[Kâ€˜[01m[KURScriptRelativeMove[m[Kâ€™ has not been declared
[3.581s]    44 |                 std::bind(&[01;31m[KURScriptRelativeMove[m[K::checkIfNodeIsRunning, this)
[3.581s]       |                            [01;31m[K^~~~~~~~~~~~~~~~~~~~[m[K
[3.583s] [01m[K/home/tsi/ws_moveit2/src/move_relative_ur/src/move_monitoring_node.cpp:[m[K In member function â€˜[01m[Kvoid RobotMonitoringNode::[01;32m[KjointStateCallback[m[K(sensor_msgs::msg::JointState_<std::allocator<void> >::SharedPtr)[m[Kâ€™:
[3.584s] [01m[K/home/tsi/ws_moveit2/src/move_relative_ur/src/move_monitoring_node.cpp:76:42:[m[K [01;31m[Kerror: [m[Kâ€˜[01m[Kusing std::__shared_ptr_access<sensor_msgs::msg::JointState_<std::allocator<void> >, __gnu_cxx::_S_atomic, false, false>::element_type = struct sensor_msgs::msg::JointState_<std::allocator<void> >[m[Kâ€™ {aka â€˜[01m[Kstruct sensor_msgs::msg::JointState_<std::allocator<void> >[m[Kâ€™} has no member named â€˜[01m[Kmessage[m[Kâ€™
[3.584s]    76 |             std::string error_msg = msg->[01;31m[Kmessage[m[K;
[3.584s]       |                                          [01;31m[K^~~~~~~[m[K
[6.713s] gmake[2]: *** [CMakeFiles/robot_monitoring_node.dir/build.make:76: CMakeFiles/robot_monitoring_node.dir/src/move_monitoring_node.cpp.o] Error 1
[6.714s] gmake[1]: *** [CMakeFiles/Makefile2:655: CMakeFiles/robot_monitoring_node.dir/all] Error 2
[6.714s] gmake[1]: *** Waiting for unfinished jobs....
[10.390s] [ 97%] [32m[1mLinking CXX executable move_relative_node[0m
[10.874s] [ 97%] Built target move_relative_node
[10.879s] gmake: *** [Makefile:146: all] Error 2
[10.883s] Invoked command in '/home/tsi/ws_moveit2/build/move_relative_ur' returned '2': CMAKE_PREFIX_PATH=${CMAKE_PREFIX_PATH}:/home/tsi/workspace/install/moveit_configs_utils:/opt/ros/jazzy DEBUGINFOD_URLS=https://debuginfod.ubuntu.com /usr/bin/cmake --build /home/tsi/ws_moveit2/build/move_relative_ur -- -j12 -l12
