[0.032s] Invoking command in '/home/tsi/ws_moveit2/build/move_relative_ur': CMAKE_PREFIX_PATH=${CMAKE_PREFIX_PATH}:/home/tsi/workspace/install/moveit_configs_utils:/opt/ros/jazzy DEBUGINFOD_URLS=https://debuginfod.ubuntu.com /usr/bin/cmake --build /home/tsi/ws_moveit2/build/move_relative_ur -- -j12 -l12
[0.194s] [  2%] Built target move_relative_ur__rosidl_generator_type_description
[0.237s] [  2%] Built target ament_cmake_python_symlink_move_relative_ur
[0.252s] [  5%] Built target move_relative_ur__cpp
[0.258s] [ 18%] Built target move_relative_ur__rosidl_generator_c
[0.306s] [ 26%] Built target move_relative_ur__rosidl_typesupport_introspection_cpp
[0.306s] [ 34%] Built target move_relative_ur__rosidl_typesupport_fastrtps_c
[0.307s] [ 42%] Built target move_relative_ur__rosidl_typesupport_cpp
[0.317s] [ 50%] Built target move_relative_ur__rosidl_typesupport_c
[0.323s] [ 57%] Built target move_relative_ur__rosidl_typesupport_fastrtps_cpp
[0.323s] [ 65%] Built target move_relative_ur__rosidl_typesupport_introspection_c
[0.366s] [ 65%] Built target move_relative_ur
[0.374s] [ 71%] Built target move_relative_node
[0.385s] [ 73%] [32mBuilding CXX object CMakeFiles/robot_monitoring_node.dir/src/move_monitoring_node.cpp.o[0m
[0.402s] [ 76%] Built target move_relative_ur__py
[0.474s] [ 81%] Built target move_relative_ur__rosidl_generator_py
[0.548s] [ 86%] Built target move_relative_ur_s__rosidl_typesupport_fastrtps_c
[0.552s] [ 92%] Built target move_relative_ur_s__rosidl_typesupport_c
[0.558s] [ 97%] Built target move_relative_ur_s__rosidl_typesupport_introspection_c
[0.755s] running egg_info
[0.805s] writing move_relative_ur.egg-info/PKG-INFO
[0.806s] writing dependency_links to move_relative_ur.egg-info/dependency_links.txt
[0.809s] writing top-level names to move_relative_ur.egg-info/top_level.txt
[1.044s] reading manifest file 'move_relative_ur.egg-info/SOURCES.txt'
[1.045s] writing manifest file 'move_relative_ur.egg-info/SOURCES.txt'
[1.123s] [ 97%] Built target ament_cmake_python_build_move_relative_ur_egg
[3.828s] [01m[K/home/tsi/ws_moveit2/src/move_relative_ur/src/move_monitoring_node.cpp:[m[K In member function â€˜[01m[Kvoid RobotMonitoringNode::[01;32m[KjointStateCallback[m[K(sensor_msgs::msg::JointState_<std::allocator<void> >::SharedPtr)[m[Kâ€™:
[3.828s] [01m[K/home/tsi/ws_moveit2/src/move_relative_ur/src/move_monitoring_node.cpp:76:42:[m[K [01;31m[Kerror: [m[Kâ€˜[01m[Kusing std::__shared_ptr_access<sensor_msgs::msg::JointState_<std::allocator<void> >, __gnu_cxx::_S_atomic, false, false>::element_type = struct sensor_msgs::msg::JointState_<std::allocator<void> >[m[Kâ€™ {aka â€˜[01m[Kstruct sensor_msgs::msg::JointState_<std::allocator<void> >[m[Kâ€™} has no member named â€˜[01m[Kmessage[m[Kâ€™
[3.828s]    76 |             std::string error_msg = msg->[01;31m[Kmessage[m[K;
[3.828s]       |                                          [01;31m[K^~~~~~~[m[K
[6.985s] gmake[2]: *** [CMakeFiles/robot_monitoring_node.dir/build.make:76: CMakeFiles/robot_monitoring_node.dir/src/move_monitoring_node.cpp.o] Error 1
[6.985s] gmake[1]: *** [CMakeFiles/Makefile2:655: CMakeFiles/robot_monitoring_node.dir/all] Error 2
[6.986s] gmake: *** [Makefile:146: all] Error 2
[6.992s] Invoked command in '/home/tsi/ws_moveit2/build/move_relative_ur' returned '2': CMAKE_PREFIX_PATH=${CMAKE_PREFIX_PATH}:/home/tsi/workspace/install/moveit_configs_utils:/opt/ros/jazzy DEBUGINFOD_URLS=https://debuginfod.ubuntu.com /usr/bin/cmake --build /home/tsi/ws_moveit2/build/move_relative_ur -- -j12 -l12
