[0.039s] Invoking command in '/home/tsi/ws_moveit2/build/move_relative_ur': CMAKE_PREFIX_PATH=${CMAKE_PREFIX_PATH}:/home/tsi/workspace/install/moveit_configs_utils:/opt/ros/jazzy DEBUGINFOD_URLS=https://debuginfod.ubuntu.com /usr/bin/cmake --build /home/tsi/ws_moveit2/build/move_relative_ur -- -j12 -l12
[0.168s] [  2%] Built target move_relative_ur__rosidl_generator_type_description
[0.177s] [  2%] Built target ament_cmake_python_symlink_move_relative_ur
[0.214s] [  5%] Built target move_relative_ur__cpp
[0.215s] [ 18%] Built target move_relative_ur__rosidl_generator_c
[0.262s] [ 26%] Built target move_relative_ur__rosidl_typesupport_introspection_c
[0.264s] [ 34%] Built target move_relative_ur__rosidl_typesupport_c
[0.265s] [ 50%] Built target move_relative_ur__rosidl_typesupport_cpp
[0.265s] [ 50%] Built target move_relative_ur__rosidl_typesupport_fastrtps_c
[0.267s] [ 57%] Built target move_relative_ur__rosidl_typesupport_fastrtps_cpp
[0.267s] [ 65%] Built target move_relative_ur__rosidl_typesupport_introspection_cpp
[0.309s] [ 65%] Built target move_relative_ur
[0.315s] [ 71%] Built target move_relative_node
[0.327s] [ 73%] [32mBuilding CXX object CMakeFiles/robot_monitoring_node.dir/src/move_monitoring_node.cpp.o[0m
[0.348s] [ 76%] Built target move_relative_ur__py
[0.388s] [ 81%] Built target move_relative_ur__rosidl_generator_py
[0.432s] [ 86%] Built target move_relative_ur_s__rosidl_typesupport_introspection_c
[0.436s] [ 92%] Built target move_relative_ur_s__rosidl_typesupport_c
[0.441s] [ 97%] Built target move_relative_ur_s__rosidl_typesupport_fastrtps_c
[0.663s] running egg_info
[0.714s] writing move_relative_ur.egg-info/PKG-INFO
[0.715s] writing dependency_links to move_relative_ur.egg-info/dependency_links.txt
[0.715s] writing top-level names to move_relative_ur.egg-info/top_level.txt
[0.896s] reading manifest file 'move_relative_ur.egg-info/SOURCES.txt'
[0.897s] writing manifest file 'move_relative_ur.egg-info/SOURCES.txt'
[0.949s] [ 97%] Built target ament_cmake_python_build_move_relative_ur_egg
[3.396s] [01m[K/home/tsi/ws_moveit2/src/move_relative_ur/src/move_monitoring_node.cpp:67:62:[m[K [01;31m[Kerror: [m[Kâ€˜[01m[Ksrv[m[Kâ€™ is not a member of â€˜[01m[Kur_dashboard_msgs[m[Kâ€™; did you mean â€˜[01m[Krcl_interfaces::srv[m[Kâ€™?
[3.396s]    67 |     void robotModeResponse(rclcpp::Client<ur_dashboard_msgs::[01;31m[Ksrv[m[K::GetRobotMode>::SharedFuture future) {
[3.397s]       |                                                              [01;31m[K^~~[m[K
[3.397s] In file included from [01m[K/opt/ros/jazzy/include/rcl_interfaces/rcl_interfaces/srv/list_parameters.hpp:7[m[K,
[3.397s]                  from [01m[K/opt/ros/jazzy/include/rclcpp/rclcpp/copy_all_parameter_values.hpp:21[m[K,
[3.398s]                  from [01m[K/opt/ros/jazzy/include/rclcpp/rclcpp/rclcpp.hpp:171[m[K,
[3.399s]                  from [01m[K/home/tsi/ws_moveit2/src/move_relative_ur/src/move_monitoring_node.cpp:1[m[K:
[3.399s] [01m[K/opt/ros/jazzy/include/rcl_interfaces/rcl_interfaces/srv/detail/list_parameters__struct.hpp:30:11:[m[K [01;36m[Knote: [m[Kâ€˜[01m[Krcl_interfaces::srv[m[Kâ€™ declared here
[3.400s]    30 | namespace [01;36m[Ksrv[m[K
[3.400s]       |           [01;36m[K^~~[m[K
[3.401s] [01m[K/home/tsi/ws_moveit2/src/move_relative_ur/src/move_monitoring_node.cpp:67:79:[m[K [01;31m[Kerror: [m[Ktemplate argument 1 is invalid
[3.401s]    67 |     void robotModeResponse(rclcpp::Client<ur_dashboard_msgs::srv::GetRobotMode[01;31m[K>[m[K::SharedFuture future) {
[3.402s]       |                                                                               [01;31m[K^[m[K
[3.402s] [01m[K/home/tsi/ws_moveit2/src/move_relative_ur/src/move_monitoring_node.cpp:67:62:[m[K [01;31m[Kerror: [m[Kâ€˜[01m[Ksrv[m[Kâ€™ is not a member of â€˜[01m[Kur_dashboard_msgs[m[Kâ€™; did you mean â€˜[01m[Krcl_interfaces::srv[m[Kâ€™?
[3.402s]    67 |     void robotModeResponse(rclcpp::Client<ur_dashboard_msgs::[01;31m[Ksrv[m[K::GetRobotMode>::SharedFuture future) {
[3.403s]       |                                                              [01;31m[K^~~[m[K
[3.404s] [01m[K/opt/ros/jazzy/include/rcl_interfaces/rcl_interfaces/srv/detail/list_parameters__struct.hpp:30:11:[m[K [01;36m[Knote: [m[Kâ€˜[01m[Krcl_interfaces::srv[m[Kâ€™ declared here
[3.404s]    30 | namespace [01;36m[Ksrv[m[K
[3.404s]       |           [01;36m[K^~~[m[K
[3.405s] [01m[K/home/tsi/ws_moveit2/src/move_relative_ur/src/move_monitoring_node.cpp:67:79:[m[K [01;31m[Kerror: [m[Ktemplate argument 1 is invalid
[3.405s]    67 |     void robotModeResponse(rclcpp::Client<ur_dashboard_msgs::srv::GetRobotMode[01;31m[K>[m[K::SharedFuture future) {
[3.405s]       |                                                                               [01;31m[K^[m[K
[3.406s] [01m[K/home/tsi/ws_moveit2/src/move_relative_ur/src/move_monitoring_node.cpp:67:62:[m[K [01;31m[Kerror: [m[Kâ€˜[01m[Ksrv[m[Kâ€™ is not a member of â€˜[01m[Kur_dashboard_msgs[m[Kâ€™; did you mean â€˜[01m[Krcl_interfaces::srv[m[Kâ€™?
[3.406s]    67 |     void robotModeResponse(rclcpp::Client<ur_dashboard_msgs::[01;31m[Ksrv[m[K::GetRobotMode>::SharedFuture future) {
[3.406s]       |                                                              [01;31m[K^~~[m[K
[3.407s] [01m[K/opt/ros/jazzy/include/rcl_interfaces/rcl_interfaces/srv/detail/list_parameters__struct.hpp:30:11:[m[K [01;36m[Knote: [m[Kâ€˜[01m[Krcl_interfaces::srv[m[Kâ€™ declared here
[3.407s]    30 | namespace [01;36m[Ksrv[m[K
[3.407s]       |           [01;36m[K^~~[m[K
[3.408s] [01m[K/home/tsi/ws_moveit2/src/move_relative_ur/src/move_monitoring_node.cpp:67:79:[m[K [01;31m[Kerror: [m[Ktemplate argument 1 is invalid
[3.408s]    67 |     void robotModeResponse(rclcpp::Client<ur_dashboard_msgs::srv::GetRobotMode[01;31m[K>[m[K::SharedFuture future) {
[3.409s]       |                                                                               [01;31m[K^[m[K
[3.410s] [01m[K/home/tsi/ws_moveit2/src/move_relative_ur/src/move_monitoring_node.cpp:67:28:[m[K [01;31m[Kerror: [m[Kinvalid template-id
[3.410s]    67 |     void robotModeResponse([01;31m[Krclcpp[m[K::Client<ur_dashboard_msgs::srv::GetRobotMode>::SharedFuture future) {
[3.411s]       |                            [01;31m[K^~~~~~[m[K
[3.411s] [01m[K/home/tsi/ws_moveit2/src/move_relative_ur/src/move_monitoring_node.cpp:67:62:[m[K [01;31m[Kerror: [m[Kâ€˜[01m[Kur_dashboard_msgs::srv[m[Kâ€™ has not been declared
[3.412s]    67 |     void robotModeResponse(rclcpp::Client<ur_dashboard_msgs::[01;31m[Ksrv[m[K::GetRobotMode>::SharedFuture future) {
[3.412s]       |                                                              [01;31m[K^~~[m[K
[3.412s] [01m[K/home/tsi/ws_moveit2/src/move_relative_ur/src/move_monitoring_node.cpp:67:95:[m[K [01;31m[Kerror: [m[Kexpected unqualified-id before â€˜[01m[Kfuture[m[Kâ€™
[3.412s]    67 |     void robotModeResponse(rclcpp::Client<ur_dashboard_msgs::srv::GetRobotMode>::SharedFuture [01;31m[Kfuture[m[K) {
[3.413s]       |                                                                                               [01;31m[K^~~~~~[m[K
[3.413s] [01m[K/home/tsi/ws_moveit2/src/move_relative_ur/src/move_monitoring_node.cpp:67:94:[m[K [01;31m[Kerror: [m[Kexpected â€˜[01m[K)[m[Kâ€™ before â€˜[01m[Kfuture[m[Kâ€™
[3.413s]    67 |     void robotModeResponse[34m[K([m[Krclcpp::Client<ur_dashboard_msgs::srv::GetRobotMode>::SharedFuture[01;31m[K [m[K[32m[Kfuture[m[K) {
[3.413s]       |                           [34m[K~[m[K                                                                  [01;31m[K^[m[K[32m[K~~~~~~[m[K
[3.414s]       |                                                                                              [32m[K)[m[K
[3.415s] [01m[K/home/tsi/ws_moveit2/src/move_relative_ur/src/move_monitoring_node.cpp:67:82:[m[K [01;31m[Kerror: [m[Kexpected â€˜[01m[K;[m[Kâ€™ at end of member declaration
[3.415s]    67 |     void robotModeResponse(rclcpp::Client<ur_dashboard_msgs::srv::GetRobotMode>::[01;31m[KSharedFuture[m[K future) {
[3.416s]       |                                                                                  [01;31m[K^~~~~~~~~~~~[m[K
[3.416s]       |                                                                                              [32m[K;[m[K
[3.417s] [01m[K/home/tsi/ws_moveit2/src/move_relative_ur/src/move_monitoring_node.cpp:67:95:[m[K [01;31m[Kerror: [m[Kâ€˜[01m[Kfuture[m[Kâ€™ does not name a type
[3.417s]    67 |     void robotModeResponse(rclcpp::Client<ur_dashboard_msgs::srv::GetRobotMode>::SharedFuture [01;31m[Kfuture[m[K) {
[3.417s]       |                                                                                               [01;31m[K^~~~~~[m[K
[3.417s] [01m[K/home/tsi/ws_moveit2/src/move_relative_ur/src/move_monitoring_node.cpp:98:63:[m[K [01;31m[Kerror: [m[Kâ€˜[01m[Ksrv[m[Kâ€™ is not a member of â€˜[01m[Kur_dashboard_msgs[m[Kâ€™; did you mean â€˜[01m[Krcl_interfaces::srv[m[Kâ€™?
[3.417s]    98 |     void safetyModeResponse(rclcpp::Client<ur_dashboard_msgs::[01;31m[Ksrv[m[K::GetSafetyMode>::SharedFuture future) {
[3.418s]       |                                                               [01;31m[K^~~[m[K
[3.418s] [01m[K/opt/ros/jazzy/include/rcl_interfaces/rcl_interfaces/srv/detail/list_parameters__struct.hpp:30:11:[m[K [01;36m[Knote: [m[Kâ€˜[01m[Krcl_interfaces::srv[m[Kâ€™ declared here
[3.418s]    30 | namespace [01;36m[Ksrv[m[K
[3.418s]       |           [01;36m[K^~~[m[K
[3.419s] [01m[K/home/tsi/ws_moveit2/src/move_relative_ur/src/move_monitoring_node.cpp:98:81:[m[K [01;31m[Kerror: [m[Ktemplate argument 1 is invalid
[3.419s]    98 |     void safetyModeResponse(rclcpp::Client<ur_dashboard_msgs::srv::GetSafetyMode[01;31m[K>[m[K::SharedFuture future) {
[3.419s]       |                                                                                 [01;31m[K^[m[K
[3.420s] [01m[K/home/tsi/ws_moveit2/src/move_relative_ur/src/move_monitoring_node.cpp:98:63:[m[K [01;31m[Kerror: [m[Kâ€˜[01m[Ksrv[m[Kâ€™ is not a member of â€˜[01m[Kur_dashboard_msgs[m[Kâ€™; did you mean â€˜[01m[Krcl_interfaces::srv[m[Kâ€™?
[3.420s]    98 |     void safetyModeResponse(rclcpp::Client<ur_dashboard_msgs::[01;31m[Ksrv[m[K::GetSafetyMode>::SharedFuture future) {
[3.420s]       |                                                               [01;31m[K^~~[m[K
[3.420s] [01m[K/opt/ros/jazzy/include/rcl_interfaces/rcl_interfaces/srv/detail/list_parameters__struct.hpp:30:11:[m[K [01;36m[Knote: [m[Kâ€˜[01m[Krcl_interfaces::srv[m[Kâ€™ declared here
[3.421s]    30 | namespace [01;36m[Ksrv[m[K
[3.421s]       |           [01;36m[K^~~[m[K
[3.421s] [01m[K/home/tsi/ws_moveit2/src/move_relative_ur/src/move_monitoring_node.cpp:98:81:[m[K [01;31m[Kerror: [m[Ktemplate argument 1 is invalid
[3.421s]    98 |     void safetyModeResponse(rclcpp::Client<ur_dashboard_msgs::srv::GetSafetyMode[01;31m[K>[m[K::SharedFuture future) {
[3.422s]       |                                                                                 [01;31m[K^[m[K
[3.422s] [01m[K/home/tsi/ws_moveit2/src/move_relative_ur/src/move_monitoring_node.cpp:98:63:[m[K [01;31m[Kerror: [m[Kâ€˜[01m[Ksrv[m[Kâ€™ is not a member of â€˜[01m[Kur_dashboard_msgs[m[Kâ€™; did you mean â€˜[01m[Krcl_interfaces::srv[m[Kâ€™?
[3.422s]    98 |     void safetyModeResponse(rclcpp::Client<ur_dashboard_msgs::[01;31m[Ksrv[m[K::GetSafetyMode>::SharedFuture future) {
[3.422s]       |                                                               [01;31m[K^~~[m[K
[3.422s] [01m[K/opt/ros/jazzy/include/rcl_interfaces/rcl_interfaces/srv/detail/list_parameters__struct.hpp:30:11:[m[K [01;36m[Knote: [m[Kâ€˜[01m[Krcl_interfaces::srv[m[Kâ€™ declared here
[3.422s]    30 | namespace [01;36m[Ksrv[m[K
[3.423s]       |           [01;36m[K^~~[m[K
[3.423s] [01m[K/home/tsi/ws_moveit2/src/move_relative_ur/src/move_monitoring_node.cpp:98:81:[m[K [01;31m[Kerror: [m[Ktemplate argument 1 is invalid
[3.423s]    98 |     void safetyModeResponse(rclcpp::Client<ur_dashboard_msgs::srv::GetSafetyMode[01;31m[K>[m[K::SharedFuture future) {
[3.423s]       |                                                                                 [01;31m[K^[m[K
[3.423s] [01m[K/home/tsi/ws_moveit2/src/move_relative_ur/src/move_monitoring_node.cpp:98:29:[m[K [01;31m[Kerror: [m[Kinvalid template-id
[3.423s]    98 |     void safetyModeResponse([01;31m[Krclcpp[m[K::Client<ur_dashboard_msgs::srv::GetSafetyMode>::SharedFuture future) {
[3.423s]       |                             [01;31m[K^~~~~~[m[K
[3.424s] [01m[K/home/tsi/ws_moveit2/src/move_relative_ur/src/move_monitoring_node.cpp:98:63:[m[K [01;31m[Kerror: [m[Kâ€˜[01m[Kur_dashboard_msgs::srv[m[Kâ€™ has not been declared
[3.424s]    98 |     void safetyModeResponse(rclcpp::Client<ur_dashboard_msgs::[01;31m[Ksrv[m[K::GetSafetyMode>::SharedFuture future) {
[3.424s]       |                                                               [01;31m[K^~~[m[K
[3.424s] [01m[K/home/tsi/ws_moveit2/src/move_relative_ur/src/move_monitoring_node.cpp:98:97:[m[K [01;31m[Kerror: [m[Kexpected unqualified-id before â€˜[01m[Kfuture[m[Kâ€™
[3.424s]    98 |     void safetyModeResponse(rclcpp::Client<ur_dashboard_msgs::srv::GetSafetyMode>::SharedFuture [01;31m[Kfuture[m[K) {
[3.424s]       |                                                                                                 [01;31m[K^~~~~~[m[K
[3.424s] [01m[K/home/tsi/ws_moveit2/src/move_relative_ur/src/move_monitoring_node.cpp:98:96:[m[K [01;31m[Kerror: [m[Kexpected â€˜[01m[K)[m[Kâ€™ before â€˜[01m[Kfuture[m[Kâ€™
[3.425s]    98 |     void safetyModeResponse[34m[K([m[Krclcpp::Client<ur_dashboard_msgs::srv::GetSafetyMode>::SharedFuture[01;31m[K [m[K[32m[Kfuture[m[K) {
[3.425s]       |                            [34m[K~[m[K                                                                   [01;31m[K^[m[K[32m[K~~~~~~[m[K
[3.425s]       |                                                                                                [32m[K)[m[K
[3.425s] [01m[K/home/tsi/ws_moveit2/src/move_relative_ur/src/move_monitoring_node.cpp:98:84:[m[K [01;31m[Kerror: [m[Kexpected â€˜[01m[K;[m[Kâ€™ at end of member declaration
[3.425s]    98 |     void safetyModeResponse(rclcpp::Client<ur_dashboard_msgs::srv::GetSafetyMode>::[01;31m[KSharedFuture[m[K future) {
[3.425s]       |                                                                                    [01;31m[K^~~~~~~~~~~~[m[K
[3.426s]       |                                                                                                [32m[K;[m[K
[3.426s] [01m[K/home/tsi/ws_moveit2/src/move_relative_ur/src/move_monitoring_node.cpp:98:97:[m[K [01;31m[Kerror: [m[Kâ€˜[01m[Kfuture[m[Kâ€™ does not name a type
[3.426s]    98 |     void safetyModeResponse(rclcpp::Client<ur_dashboard_msgs::srv::GetSafetyMode>::SharedFuture [01;31m[Kfuture[m[K) {
[3.426s]       |                                                                                                 [01;31m[K^~~~~~[m[K
[3.426s] [01m[K/home/tsi/ws_moveit2/src/move_relative_ur/src/move_monitoring_node.cpp:152:39:[m[K [01;31m[Kerror: [m[Kâ€˜[01m[Ksrv[m[Kâ€™ is not a member of â€˜[01m[Kur_dashboard_msgs[m[Kâ€™; did you mean â€˜[01m[Krcl_interfaces::srv[m[Kâ€™?
[3.426s]   152 |     rclcpp::Client<ur_dashboard_msgs::[01;31m[Ksrv[m[K::GetRobotMode>::SharedPtr robot_mode_sub_;
[3.426s]       |                                       [01;31m[K^~~[m[K
[3.427s] [01m[K/opt/ros/jazzy/include/rcl_interfaces/rcl_interfaces/srv/detail/list_parameters__struct.hpp:30:11:[m[K [01;36m[Knote: [m[Kâ€˜[01m[Krcl_interfaces::srv[m[Kâ€™ declared here
[3.427s]    30 | namespace [01;36m[Ksrv[m[K
[3.427s]       |           [01;36m[K^~~[m[K
[3.427s] [01m[K/home/tsi/ws_moveit2/src/move_relative_ur/src/move_monitoring_node.cpp:152:56:[m[K [01;31m[Kerror: [m[Ktemplate argument 1 is invalid
[3.427s]   152 |     rclcpp::Client<ur_dashboard_msgs::srv::GetRobotMode[01;31m[K>[m[K::SharedPtr robot_mode_sub_;
[3.427s]       |                                                        [01;31m[K^[m[K
[3.428s] [01m[K/home/tsi/ws_moveit2/src/move_relative_ur/src/move_monitoring_node.cpp:152:59:[m[K [01;31m[Kerror: [m[Kexpected â€˜[01m[K;[m[Kâ€™ at end of member declaration
[3.428s]   152 |     rclcpp::Client<ur_dashboard_msgs::srv::GetRobotMode>::[01;31m[KSharedPtr[m[K robot_mode_sub_;
[3.428s]       |                                                           [01;31m[K^~~~~~~~~[m[K
[3.428s]       |                                                                    [32m[K;[m[K
[3.428s] [01m[K/home/tsi/ws_moveit2/src/move_relative_ur/src/move_monitoring_node.cpp:152:69:[m[K [01;31m[Kerror: [m[Kâ€˜[01m[Krobot_mode_sub_[m[Kâ€™ does not name a type
[3.428s]   152 |     rclcpp::Client<ur_dashboard_msgs::srv::GetRobotMode>::SharedPtr [01;31m[Krobot_mode_sub_[m[K;
[3.429s]       |                                                                     [01;31m[K^~~~~~~~~~~~~~~[m[K
[3.429s] [01m[K/home/tsi/ws_moveit2/src/move_relative_ur/src/move_monitoring_node.cpp:153:39:[m[K [01;31m[Kerror: [m[Kâ€˜[01m[Ksrv[m[Kâ€™ is not a member of â€˜[01m[Kur_dashboard_msgs[m[Kâ€™; did you mean â€˜[01m[Krcl_interfaces::srv[m[Kâ€™?
[3.429s]   153 |     rclcpp::Client<ur_dashboard_msgs::[01;31m[Ksrv[m[K::GetSafetyMode>::SharedPtr safety_mode_sub_;
[3.429s]       |                                       [01;31m[K^~~[m[K
[3.429s] [01m[K/opt/ros/jazzy/include/rcl_interfaces/rcl_interfaces/srv/detail/list_parameters__struct.hpp:30:11:[m[K [01;36m[Knote: [m[Kâ€˜[01m[Krcl_interfaces::srv[m[Kâ€™ declared here
[3.429s]    30 | namespace [01;36m[Ksrv[m[K
[3.429s]       |           [01;36m[K^~~[m[K
[3.430s] [01m[K/home/tsi/ws_moveit2/src/move_relative_ur/src/move_monitoring_node.cpp:153:57:[m[K [01;31m[Kerror: [m[Ktemplate argument 1 is invalid
[3.430s]   153 |     rclcpp::Client<ur_dashboard_msgs::srv::GetSafetyMode[01;31m[K>[m[K::SharedPtr safety_mode_sub_;
[3.430s]       |                                                         [01;31m[K^[m[K
[3.430s] [01m[K/home/tsi/ws_moveit2/src/move_relative_ur/src/move_monitoring_node.cpp:153:60:[m[K [01;31m[Kerror: [m[Kexpected â€˜[01m[K;[m[Kâ€™ at end of member declaration
[3.430s]   153 |     rclcpp::Client<ur_dashboard_msgs::srv::GetSafetyMode>::[01;31m[KSharedPtr[m[K safety_mode_sub_;
[3.431s]       |                                                            [01;31m[K^~~~~~~~~[m[K
[3.431s]       |                                                                     [32m[K;[m[K
[3.431s] [01m[K/home/tsi/ws_moveit2/src/move_relative_ur/src/move_monitoring_node.cpp:153:60:[m[K [01;31m[Kerror: [m[Kredeclaration of â€˜[01m[Kint RobotMonitoringNode::SharedPtr[m[Kâ€™
[3.431s] [01m[K/home/tsi/ws_moveit2/src/move_relative_ur/src/move_monitoring_node.cpp:152:59:[m[K [01;36m[Knote: [m[Kprevious declaration â€˜[01m[Kint RobotMonitoringNode::SharedPtr[m[Kâ€™
[3.431s]   152 |     rclcpp::Client<ur_dashboard_msgs::srv::GetRobotMode>::[01;36m[KSharedPtr[m[K robot_mode_sub_;
[3.431s]       |                                                           [01;36m[K^~~~~~~~~[m[K
[3.431s] [01m[K/home/tsi/ws_moveit2/src/move_relative_ur/src/move_monitoring_node.cpp:153:70:[m[K [01;31m[Kerror: [m[Kâ€˜[01m[Ksafety_mode_sub_[m[Kâ€™ does not name a type
[3.432s]   153 |     rclcpp::Client<ur_dashboard_msgs::srv::GetSafetyMode>::SharedPtr [01;31m[Ksafety_mode_sub_[m[K;
[3.432s]       |                                                                      [01;31m[K^~~~~~~~~~~~~~~~[m[K
[3.443s] [01m[K/home/tsi/ws_moveit2/src/move_relative_ur/src/move_monitoring_node.cpp:[m[K In constructor â€˜[01m[KRobotMonitoringNode::[01;32m[KRobotMonitoringNode[m[K()[m[Kâ€™:
[3.444s] [01m[K/home/tsi/ws_moveit2/src/move_relative_ur/src/move_monitoring_node.cpp:12:9:[m[K [01;31m[Kerror: [m[Kâ€˜[01m[Krobot_mode_sub_[m[Kâ€™ was not declared in this scope
[3.444s]    12 |         [01;31m[Krobot_mode_sub_[m[K = this->create_client<ur_dashboard_msgs::srv::GetRobotMode>(
[3.444s]       |         [01;31m[K^~~~~~~~~~~~~~~[m[K
[3.444s] [01m[K/home/tsi/ws_moveit2/src/move_relative_ur/src/move_monitoring_node.cpp:12:66:[m[K [01;31m[Kerror: [m[Kâ€˜[01m[Ksrv[m[Kâ€™ is not a member of â€˜[01m[Kur_dashboard_msgs[m[Kâ€™; did you mean â€˜[01m[Krcl_interfaces::srv[m[Kâ€™?
[3.444s]    12 |         robot_mode_sub_ = this->create_client<ur_dashboard_msgs::[01;31m[Ksrv[m[K::GetRobotMode>(
[3.445s]       |                                                                  [01;31m[K^~~[m[K
[3.445s] [01m[K/opt/ros/jazzy/include/rcl_interfaces/rcl_interfaces/srv/detail/list_parameters__struct.hpp:30:11:[m[K [01;36m[Knote: [m[Kâ€˜[01m[Krcl_interfaces::srv[m[Kâ€™ declared here
[3.445s]    30 | namespace [01;36m[Ksrv[m[K
[3.445s]       |           [01;36m[K^~~[m[K
[3.445s] [01m[K/home/tsi/ws_moveit2/src/move_relative_ur/src/move_monitoring_node.cpp:12:33:[m[K [01;31m[Kerror: [m[Kparse error in template argument list
[3.445s]    12 |         robot_mode_sub_ = this->[01;31m[Kcreate_client<ur_dashboard_msgs::srv::GetRobotMode>[m[K(
[3.446s]       |                                 [01;31m[K^~~~~~~~~~~~~~~~~~~~~~~~~~~~~~~~~~~~~~~~~~~~~~~~~~~[m[K
[3.446s] [01m[K/home/tsi/ws_moveit2/src/move_relative_ur/src/move_monitoring_node.cpp:12:84:[m[K [01;31m[Kerror: [m[Kno matching function for call to â€˜[01m[KRobotMonitoringNode::create_client<<expression error> >(const char [33])[m[Kâ€™
[3.446s]    12 |         robot_mode_sub_ = [01;31m[Kthis->create_client<ur_dashboard_msgs::srv::GetRobotMode>([m[K
[3.446s]       |                           [01;31m[K~~~~~~~~~~~~~~~~~~~~~~~~~~~~~~~~~~~~~~~~~~~~~~~~~~~~~~~~~^[m[K
[3.446s]    13 | [01;31m[K            "/dashboard_client/get_robot_mode")[m[K;//,
[3.446s]       |             [01;31m[K~~~~~~~~~~~~~~~~~~~~~~~~~~~~~~~~~~~[m[K                                     
[3.446s] In file included from [01m[K/opt/ros/jazzy/include/rclcpp/rclcpp/executors/single_threaded_executor.hpp:28[m[K,
[3.447s]                  from [01m[K/opt/ros/jazzy/include/rclcpp/rclcpp/executors.hpp:22[m[K,
[3.447s]                  from [01m[K/opt/ros/jazzy/include/rclcpp/rclcpp/rclcpp.hpp:172[m[K:
[3.447s] [01m[K/opt/ros/jazzy/include/rclcpp/rclcpp/node.hpp:271:3:[m[K [01;36m[Knote: [m[Kcandidate: â€˜[01m[Ktemplate<class ServiceT> typename rclcpp::Client<ServiceT>::SharedPtr rclcpp::Node::[01;32m[Kcreate_client[m[K(const std::string&, const rmw_qos_profile_t&, rclcpp::CallbackGroup::SharedPtr)[m[Kâ€™
[3.447s]   271 |   [01;36m[Kcreate_client[m[K(
[3.447s]       |   [01;36m[K^~~~~~~~~~~~~[m[K
[3.447s] [01m[K/opt/ros/jazzy/include/rclcpp/rclcpp/node.hpp:271:3:[m[K [01;36m[Knote: [m[K  candidate expects 2 arguments, 1 provided
[3.447s] [01m[K/opt/ros/jazzy/include/rclcpp/rclcpp/node.hpp:285:3:[m[K [01;36m[Knote: [m[Kcandidate: â€˜[01m[Ktemplate<class ServiceT> typename rclcpp::Client<ServiceT>::SharedPtr rclcpp::Node::[01;32m[Kcreate_client[m[K(const std::string&, const rclcpp::QoS&, rclcpp::CallbackGroup::SharedPtr)[m[Kâ€™
[3.447s]   285 |   [01;36m[Kcreate_client[m[K(
[3.448s]       |   [01;36m[K^~~~~~~~~~~~~[m[K
[3.448s] [01m[K/opt/ros/jazzy/include/rclcpp/rclcpp/node.hpp:285:3:[m[K [01;36m[Knote: [m[K  template argument deduction/substitution failed:
[3.448s] [01m[K/home/tsi/ws_moveit2/src/move_relative_ur/src/move_monitoring_node.cpp:12:84:[m[K [01;31m[Kerror: [m[Ktemplate argument 1 is invalid
[3.448s]    12 |         robot_mode_sub_ = [01;31m[Kthis->create_client<ur_dashboard_msgs::srv::GetRobotMode>([m[K
[3.448s]       |                           [01;31m[K~~~~~~~~~~~~~~~~~~~~~~~~~~~~~~~~~~~~~~~~~~~~~~~~~~~~~~~~~^[m[K
[3.448s]    13 | [01;31m[K            "/dashboard_client/get_robot_mode")[m[K;//,
[3.448s]       |             [01;31m[K~~~~~~~~~~~~~~~~~~~~~~~~~~~~~~~~~~~[m[K                                     
[3.457s] [01m[K/home/tsi/ws_moveit2/src/move_relative_ur/src/move_monitoring_node.cpp:17:9:[m[K [01;31m[Kerror: [m[Kâ€˜[01m[Ksafety_mode_sub_[m[Kâ€™ was not declared in this scope
[3.458s]    17 |         [01;31m[Ksafety_mode_sub_[m[K = this->create_client<ur_dashboard_msgs::srv::GetSafetyMode>(
[3.458s]       |         [01;31m[K^~~~~~~~~~~~~~~~[m[K
[3.458s] [01m[K/home/tsi/ws_moveit2/src/move_relative_ur/src/move_monitoring_node.cpp:17:67:[m[K [01;31m[Kerror: [m[Kâ€˜[01m[Ksrv[m[Kâ€™ is not a member of â€˜[01m[Kur_dashboard_msgs[m[Kâ€™; did you mean â€˜[01m[Krcl_interfaces::srv[m[Kâ€™?
[3.458s]    17 |         safety_mode_sub_ = this->create_client<ur_dashboard_msgs::[01;31m[Ksrv[m[K::GetSafetyMode>(
[3.459s]       |                                                                   [01;31m[K^~~[m[K
[3.459s] [01m[K/opt/ros/jazzy/include/rcl_interfaces/rcl_interfaces/srv/detail/list_parameters__struct.hpp:30:11:[m[K [01;36m[Knote: [m[Kâ€˜[01m[Krcl_interfaces::srv[m[Kâ€™ declared here
[3.459s]    30 | namespace [01;36m[Ksrv[m[K
[3.460s]       |           [01;36m[K^~~[m[K
[3.460s] [01m[K/home/tsi/ws_moveit2/src/move_relative_ur/src/move_monitoring_node.cpp:17:34:[m[K [01;31m[Kerror: [m[Kparse error in template argument list
[3.460s]    17 |         safety_mode_sub_ = this->[01;31m[Kcreate_client<ur_dashboard_msgs::srv::GetSafetyMode>[m[K(
[3.460s]       |                                  [01;31m[K^~~~~~~~~~~~~~~~~~~~~~~~~~~~~~~~~~~~~~~~~~~~~~~~~~~~[m[K
[3.461s] [01m[K/home/tsi/ws_moveit2/src/move_relative_ur/src/move_monitoring_node.cpp:17:86:[m[K [01;31m[Kerror: [m[Kno matching function for call to â€˜[01m[KRobotMonitoringNode::create_client<<expression error> >(const char [34])[m[Kâ€™
[3.461s]    17 |         safety_mode_sub_ = [01;31m[Kthis->create_client<ur_dashboard_msgs::srv::GetSafetyMode>([m[K
[3.461s]       |                            [01;31m[K~~~~~~~~~~~~~~~~~~~~~~~~~~~~~~~~~~~~~~~~~~~~~~~~~~~~~~~~~~^[m[K
[3.461s]    18 | [01;31m[K            "/dashboard_client/get_safety_mode")[m[K;//,
[3.462s]       |             [01;31m[K~~~~~~~~~~~~~~~~~~~~~~~~~~~~~~~~~~~~[m[K                                      
[3.462s] [01m[K/opt/ros/jazzy/include/rclcpp/rclcpp/node.hpp:271:3:[m[K [01;36m[Knote: [m[Kcandidate: â€˜[01m[Ktemplate<class ServiceT> typename rclcpp::Client<ServiceT>::SharedPtr rclcpp::Node::[01;32m[Kcreate_client[m[K(const std::string&, const rmw_qos_profile_t&, rclcpp::CallbackGroup::SharedPtr)[m[Kâ€™
[3.462s]   271 |   [01;36m[Kcreate_client[m[K(
[3.462s]       |   [01;36m[K^~~~~~~~~~~~~[m[K
[3.462s] [01m[K/opt/ros/jazzy/include/rclcpp/rclcpp/node.hpp:271:3:[m[K [01;36m[Knote: [m[K  candidate expects 2 arguments, 1 provided
[3.462s] [01m[K/opt/ros/jazzy/include/rclcpp/rclcpp/node.hpp:285:3:[m[K [01;36m[Knote: [m[Kcandidate: â€˜[01m[Ktemplate<class ServiceT> typename rclcpp::Client<ServiceT>::SharedPtr rclcpp::Node::[01;32m[Kcreate_client[m[K(const std::string&, const rclcpp::QoS&, rclcpp::CallbackGroup::SharedPtr)[m[Kâ€™
[3.463s]   285 |   [01;36m[Kcreate_client[m[K(
[3.463s]       |   [01;36m[K^~~~~~~~~~~~~[m[K
[3.463s] [01m[K/opt/ros/jazzy/include/rclcpp/rclcpp/node.hpp:285:3:[m[K [01;36m[Knote: [m[K  template argument deduction/substitution failed:
[3.464s] [01m[K/home/tsi/ws_moveit2/src/move_relative_ur/src/move_monitoring_node.cpp:17:86:[m[K [01;31m[Kerror: [m[Ktemplate argument 1 is invalid
[3.464s]    17 |         safety_mode_sub_ = [01;31m[Kthis->create_client<ur_dashboard_msgs::srv::GetSafetyMode>([m[K
[3.464s]       |                            [01;31m[K~~~~~~~~~~~~~~~~~~~~~~~~~~~~~~~~~~~~~~~~~~~~~~~~~~~~~~~~~~^[m[K
[3.464s]    18 | [01;31m[K            "/dashboard_client/get_safety_mode")[m[K;//,
[3.464s]       |             [01;31m[K~~~~~~~~~~~~~~~~~~~~~~~~~~~~~~~~~~~~[m[K                                      
[3.467s] [01m[K/home/tsi/ws_moveit2/src/move_relative_ur/src/move_monitoring_node.cpp:22:9:[m[K [01;31m[Kerror: [m[Kâ€˜[01m[Ktimer_[m[Kâ€™ was not declared in this scope; did you mean â€˜[01m[Ktimer_t[m[Kâ€™?
[3.468s]    22 |         [01;31m[Ktimer_[m[K = this->create_wall_timer(
[3.468s]       |         [01;31m[K^~~~~~[m[K
[3.468s]       |         [32m[Ktimer_t[m[K
[3.468s] [01m[K/home/tsi/ws_moveit2/src/move_relative_ur/src/move_monitoring_node.cpp:23:37:[m[K [01;31m[Kerror: [m[Kno matching function for call to â€˜[01m[Kstd::chrono::duration<long int>::duration(double)[m[Kâ€™
[3.468s]    23 |             std::chrono::seconds(0.1[01;31m[K)[m[K,
[3.468s]       |                                     [01;31m[K^[m[K
[3.468s] In file included from [01m[K/usr/include/c++/13/chrono:41[m[K,
[3.469s]                  from [01m[K/opt/ros/jazzy/include/rclcpp/rclcpp/utilities.hpp:18[m[K,
[3.469s]                  from [01m[K/opt/ros/jazzy/include/rclcpp/rclcpp/logging.hpp:25[m[K,
[3.469s]                  from [01m[K/opt/ros/jazzy/include/rclcpp/rclcpp/copy_all_parameter_values.hpp:27[m[K:
[3.469s] [01m[K/usr/include/c++/13/bits/chrono.h:581:21:[m[K [01;36m[Knote: [m[Kcandidate: â€˜[01m[Ktemplate<class _Rep2, class _Period2, class> constexpr std::chrono::duration<_Rep, _Period>::[01;32m[Kduration[m[K(const std::chrono::duration<_Rep, _Period>&) [35m[K[with _Period2 = _Rep2; <template-parameter-2-3> = _Period2; _Rep = long int; _Period = std::ratio<1>][m[K[m[Kâ€™
[3.469s]   581 |           constexpr [01;36m[Kduration[m[K(const duration<_Rep2, _Period2>& __d)
[3.469s]       |                     [01;36m[K^~~~~~~~[m[K
[3.469s] [01m[K/usr/include/c++/13/bits/chrono.h:581:21:[m[K [01;36m[Knote: [m[K  template argument deduction/substitution failed:
[3.469s] [01m[K/home/tsi/ws_moveit2/src/move_relative_ur/src/move_monitoring_node.cpp:23:37:[m[K [01;36m[Knote: [m[K  mismatched types â€˜[01m[Kconst std::chrono::duration<_Rep1, _Period1>[m[Kâ€™ and â€˜[01m[Kdouble[m[Kâ€™
[3.469s]    23 |             std::chrono::seconds(0.1[01;36m[K)[m[K,
[3.469s]       |                                     [01;36m[K^[m[K
[3.470s] [01m[K/usr/include/c++/13/bits/chrono.h:573:30:[m[K [01;36m[Knote: [m[Kcandidate: â€˜[01m[Ktemplate<class _Rep2, class> constexpr std::chrono::duration<_Rep, _Period>::[01;32m[Kduration[m[K(const _Rep2&) [35m[K[with <template-parameter-2-2> = _Rep2; _Rep = long int; _Period = std::ratio<1>][m[K[m[Kâ€™
[3.470s]   573 |           constexpr explicit [01;36m[Kduration[m[K(const _Rep2& __rep)
[3.470s]       |                              [01;36m[K^~~~~~~~[m[K
[3.470s] [01m[K/usr/include/c++/13/bits/chrono.h:573:30:[m[K [01;36m[Knote: [m[K  template argument deduction/substitution failed:
[3.470s] In file included from [01m[K/usr/include/c++/13/bits/move.h:37[m[K,
[3.470s]                  from [01m[K/usr/include/c++/13/bits/new_allocator.h:36[m[K,
[3.470s]                  from [01m[K/usr/include/x86_64-linux-gnu/c++/13/bits/c++allocator.h:33[m[K,
[3.470s]                  from [01m[K/usr/include/c++/13/bits/allocator.h:46[m[K,
[3.470s]                  from [01m[K/usr/include/c++/13/memory:65[m[K,
[3.470s]                  from [01m[K/opt/ros/jazzy/include/rclcpp/rclcpp/rclcpp.hpp:169[m[K:
[3.471s] /usr/include/c++/13/type_traits: In substitution of â€˜[01m[Ktemplate<bool _Cond, class _Tp> using std::__enable_if_t = typename std::enable_if::type [35m[K[with bool _Cond = false; _Tp = void][m[K[m[Kâ€™:
[3.471s] [01m[K/usr/include/c++/13/type_traits:2224:11:[m[K   required by substitution of â€˜[01m[Ktemplate<class ... _Cond> using std::_Require = std::__enable_if_t<std::__and_<_Bn>::value> [35m[K[with _Cond = {std::is_convertible<const double&, long int>, std::__or_<std::chrono::treat_as_floating_point<long int>, std::__not_<std::chrono::treat_as_floating_point<double> > >}][m[K[m[Kâ€™
[3.471s] [01m[K/usr/include/c++/13/bits/chrono.h:570:27:[m[K   required from here
[3.471s] [01m[K/usr/include/c++/13/type_traits:116:11:[m[K [01;31m[Kerror: [m[Kno type named â€˜[01m[Ktype[m[Kâ€™ in â€˜[01m[Kstruct std::enable_if<false, void>[m[Kâ€™
[3.471s]   116 |     using [01;31m[K__enable_if_t[m[K = typename enable_if<_Cond, _Tp>::type;
[3.471s]       |           [01;31m[K^~~~~~~~~~~~~[m[K
[3.471s] [01m[K/usr/include/c++/13/bits/chrono.h:566:9:[m[K [01;36m[Knote: [m[Kcandidate: â€˜[01m[Kconstexpr std::chrono::duration<_Rep, _Period>::[01;32m[Kduration[m[K(const std::chrono::duration<_Rep, _Period>&) [35m[K[with _Rep = long int; _Period = std::ratio<1>][m[K[m[Kâ€™
[3.471s]   566 |         [01;36m[Kduration[m[K(const duration&) = default;
[3.471s]       |         [01;36m[K^~~~~~~~[m[K
[3.472s] [01m[K/usr/include/c++/13/bits/chrono.h:566:18:[m[K [01;36m[Knote: [m[K  no known conversion for argument 1 from â€˜[01m[Kdouble[m[Kâ€™ to â€˜[01m[Kconst std::chrono::duration<long int>&[m[Kâ€™
[3.472s]   566 |         duration([01;36m[Kconst duration&[m[K) = default;
[3.472s]       |                  [01;36m[K^~~~~~~~~~~~~~~[m[K
[3.472s] [01m[K/usr/include/c++/13/bits/chrono.h:564:19:[m[K [01;36m[Knote: [m[Kcandidate: â€˜[01m[Kstd::chrono::duration<_Rep, _Period>::[01;32m[Kduration[m[K() [35m[K[with _Rep = long int; _Period = std::ratio<1>][m[K[m[Kâ€™
[3.472s]   564 |         constexpr [01;36m[Kduration[m[K() = default;
[3.472s]       |                   [01;36m[K^~~~~~~~[m[K
[3.472s] [01m[K/usr/include/c++/13/bits/chrono.h:564:19:[m[K [01;36m[Knote: [m[K  candidate expects 0 arguments, 1 provided
[3.478s] [01m[K/home/tsi/ws_moveit2/src/move_relative_ur/src/move_monitoring_node.cpp:28:37:[m[K [01;31m[Kerror: [m[Kno matching function for call to â€˜[01m[Kstd::chrono::duration<long int>::duration(double)[m[Kâ€™
[3.478s]    28 |             std::chrono::seconds(0.1[01;31m[K)[m[K,
[3.479s]       |                                     [01;31m[K^[m[K
[3.479s] [01m[K/usr/include/c++/13/bits/chrono.h:581:21:[m[K [01;36m[Knote: [m[Kcandidate: â€˜[01m[Ktemplate<class _Rep2, class _Period2, class> constexpr std::chrono::duration<_Rep, _Period>::[01;32m[Kduration[m[K(const std::chrono::duration<_Rep, _Period>&) [35m[K[with _Period2 = _Rep2; <template-parameter-2-3> = _Period2; _Rep = long int; _Period = std::ratio<1>][m[K[m[Kâ€™
[3.479s]   581 |           constexpr [01;36m[Kduration[m[K(const duration<_Rep2, _Period2>& __d)
[3.479s]       |                     [01;36m[K^~~~~~~~[m[K
[3.479s] [01m[K/usr/include/c++/13/bits/chrono.h:581:21:[m[K [01;36m[Knote: [m[K  template argument deduction/substitution failed:
[3.479s] [01m[K/home/tsi/ws_moveit2/src/move_relative_ur/src/move_monitoring_node.cpp:28:37:[m[K [01;36m[Knote: [m[K  mismatched types â€˜[01m[Kconst std::chrono::duration<_Rep1, _Period1>[m[Kâ€™ and â€˜[01m[Kdouble[m[Kâ€™
[3.479s]    28 |             std::chrono::seconds(0.1[01;36m[K)[m[K,
[3.479s]       |                                     [01;36m[K^[m[K
[3.479s] [01m[K/usr/include/c++/13/bits/chrono.h:573:30:[m[K [01;36m[Knote: [m[Kcandidate: â€˜[01m[Ktemplate<class _Rep2, class> constexpr std::chrono::duration<_Rep, _Period>::[01;32m[Kduration[m[K(const _Rep2&) [35m[K[with <template-parameter-2-2> = _Rep2; _Rep = long int; _Period = std::ratio<1>][m[K[m[Kâ€™
[3.480s]   573 |           constexpr explicit [01;36m[Kduration[m[K(const _Rep2& __rep)
[3.480s]       |                              [01;36m[K^~~~~~~~[m[K
[3.480s] [01m[K/usr/include/c++/13/bits/chrono.h:573:30:[m[K [01;36m[Knote: [m[K  template argument deduction/substitution failed:
[3.480s] [01m[K/usr/include/c++/13/bits/chrono.h:566:9:[m[K [01;36m[Knote: [m[Kcandidate: â€˜[01m[Kconstexpr std::chrono::duration<_Rep, _Period>::[01;32m[Kduration[m[K(const std::chrono::duration<_Rep, _Period>&) [35m[K[with _Rep = long int; _Period = std::ratio<1>][m[K[m[Kâ€™
[3.480s]   566 |         [01;36m[Kduration[m[K(const duration&) = default;
[3.480s]       |         [01;36m[K^~~~~~~~[m[K
[3.480s] [01m[K/usr/include/c++/13/bits/chrono.h:566:18:[m[K [01;36m[Knote: [m[K  no known conversion for argument 1 from â€˜[01m[Kdouble[m[Kâ€™ to â€˜[01m[Kconst std::chrono::duration<long int>&[m[Kâ€™
[3.480s]   566 |         duration([01;36m[Kconst duration&[m[K) = default;
[3.480s]       |                  [01;36m[K^~~~~~~~~~~~~~~[m[K
[3.480s] [01m[K/usr/include/c++/13/bits/chrono.h:564:19:[m[K [01;36m[Knote: [m[Kcandidate: â€˜[01m[Kstd::chrono::duration<_Rep, _Period>::[01;32m[Kduration[m[K() [35m[K[with _Rep = long int; _Period = std::ratio<1>][m[K[m[Kâ€™
[3.481s]   564 |         constexpr [01;36m[Kduration[m[K() = default;
[3.481s]       |                   [01;36m[K^~~~~~~~[m[K
[3.481s] [01m[K/usr/include/c++/13/bits/chrono.h:564:19:[m[K [01;36m[Knote: [m[K  candidate expects 0 arguments, 1 provided
[3.499s] [01m[K/home/tsi/ws_moveit2/src/move_relative_ur/src/move_monitoring_node.cpp:[m[K In member function â€˜[01m[Kvoid RobotMonitoringNode::[01;32m[KrequestRobotMode[m[K()[m[Kâ€™:
[3.499s] [01m[K/home/tsi/ws_moveit2/src/move_relative_ur/src/move_monitoring_node.cpp:55:14:[m[K [01;31m[Kerror: [m[Kâ€˜[01m[Krobot_mode_client_[m[Kâ€™ was not declared in this scope
[3.499s]    55 |         if (![01;31m[Krobot_mode_client_[m[K->wait_for_service(std::chrono::seconds(1))) {
[3.499s]       |              [01;31m[K^~~~~~~~~~~~~~~~~~[m[K
[3.500s] [01m[K/home/tsi/ws_moveit2/src/move_relative_ur/src/move_monitoring_node.cpp:60:60:[m[K [01;31m[Kerror: [m[Kâ€˜[01m[Ksrv[m[Kâ€™ is not a member of â€˜[01m[Kur_dashboard_msgs[m[Kâ€™; did you mean â€˜[01m[Krcl_interfaces::srv[m[Kâ€™?
[3.500s]    60 |         auto request = std::make_shared<ur_dashboard_msgs::[01;31m[Ksrv[m[K::GetRobotMode::Request>();
[3.500s]       |                                                            [01;31m[K^~~[m[K
[3.500s] [01m[K/opt/ros/jazzy/include/rcl_interfaces/rcl_interfaces/srv/detail/list_parameters__struct.hpp:30:11:[m[K [01;36m[Knote: [m[Kâ€˜[01m[Krcl_interfaces::srv[m[Kâ€™ declared here
[3.500s]    30 | namespace [01;36m[Ksrv[m[K
[3.501s]       |           [01;36m[K^~~[m[K
[3.501s] [01m[K/home/tsi/ws_moveit2/src/move_relative_ur/src/move_monitoring_node.cpp:60:29:[m[K [01;31m[Kerror: [m[Kparse error in template argument list
[3.501s]    60 |         auto request = std::[01;31m[Kmake_shared<ur_dashboard_msgs::srv::GetRobotMode::Request>[m[K();
[3.501s]       |                             [01;31m[K^~~~~~~~~~~~~~~~~~~~~~~~~~~~~~~~~~~~~~~~~~~~~~~~~~~~~~~~~~[m[K
[3.501s] [01m[K/home/tsi/ws_moveit2/src/move_relative_ur/src/move_monitoring_node.cpp:60:87:[m[K [01;31m[Kerror: [m[Kno matching function for call to â€˜[01m[Kmake_shared<<expression error> >()[m[Kâ€™
[3.501s]    60 |         auto request = [01;31m[Kstd::make_shared<ur_dashboard_msgs::srv::GetRobotMode::Request>()[m[K;
[3.501s]       |                        [01;31m[K~~~~~~~~~~~~~~~~~~~~~~~~~~~~~~~~~~~~~~~~~~~~~~~~~~~~~~~~~~~~~~~^~[m[K
[3.502s] In file included from [01m[K/usr/include/c++/13/memory:80[m[K:
[3.502s] [01m[K/usr/include/c++/13/bits/shared_ptr.h:1005:5:[m[K [01;36m[Knote: [m[Kcandidate: â€˜[01m[Ktemplate<class _Tp, class ... _Args> std::shared_ptr<typename std::enable_if<(! std::is_array< <template-parameter-1-1> >::value), _Tp>::type> std::[01;32m[Kmake_shared[m[K(_Args&& ...)[m[Kâ€™
[3.502s]  1005 |     [01;36m[Kmake_shared[m[K(_Args&&... __args)
[3.502s]       |     [01;36m[K^~~~~~~~~~~[m[K
[3.502s] [01m[K/usr/include/c++/13/bits/shared_ptr.h:1005:5:[m[K [01;36m[Knote: [m[K  template argument deduction/substitution failed:
[3.502s] [01m[K/home/tsi/ws_moveit2/src/move_relative_ur/src/move_monitoring_node.cpp:60:87:[m[K [01;31m[Kerror: [m[Ktemplate argument 1 is invalid
[3.502s]    60 |         auto request = [01;31m[Kstd::make_shared<ur_dashboard_msgs::srv::GetRobotMode::Request>()[m[K;
[3.502s]       |                        [01;31m[K~~~~~~~~~~~~~~~~~~~~~~~~~~~~~~~~~~~~~~~~~~~~~~~~~~~~~~~~~~~~~~~^~[m[K
[3.514s] [01m[K/home/tsi/ws_moveit2/src/move_relative_ur/src/move_monitoring_node.cpp:62:23:[m[K [01;31m[Kerror: [m[Kâ€˜[01m[Krobot_mode_client_[m[Kâ€™ was not declared in this scope
[3.514s]    62 |         auto future = [01;31m[Krobot_mode_client_[m[K->async_send_request(
[3.514s]       |                       [01;31m[K^~~~~~~~~~~~~~~~~~[m[K
[3.540s] [01m[K/home/tsi/ws_moveit2/src/move_relative_ur/src/move_monitoring_node.cpp:[m[K In member function â€˜[01m[Kvoid RobotMonitoringNode::[01;32m[KrequestSafetyMode[m[K()[m[Kâ€™:
[3.540s] [01m[K/home/tsi/ws_moveit2/src/move_relative_ur/src/move_monitoring_node.cpp:85:14:[m[K [01;31m[Kerror: [m[Kâ€˜[01m[Ksafety_mode_client_[m[Kâ€™ was not declared in this scope
[3.541s]    85 |         if (![01;31m[Ksafety_mode_client_[m[K->wait_for_service(std::chrono::seconds(1))) {
[3.541s]       |              [01;31m[K^~~~~~~~~~~~~~~~~~~[m[K
[3.542s] [01m[K/home/tsi/ws_moveit2/src/move_relative_ur/src/move_monitoring_node.cpp:90:60:[m[K [01;31m[Kerror: [m[Kâ€˜[01m[Ksrv[m[Kâ€™ is not a member of â€˜[01m[Kur_dashboard_msgs[m[Kâ€™; did you mean â€˜[01m[Krcl_interfaces::srv[m[Kâ€™?
[3.542s]    90 |         auto request = std::make_shared<ur_dashboard_msgs::[01;31m[Ksrv[m[K::GetSafetyMode::Request>();
[3.542s]       |                                                            [01;31m[K^~~[m[K
[3.542s] [01m[K/opt/ros/jazzy/include/rcl_interfaces/rcl_interfaces/srv/detail/list_parameters__struct.hpp:30:11:[m[K [01;36m[Knote: [m[Kâ€˜[01m[Krcl_interfaces::srv[m[Kâ€™ declared here
[3.542s]    30 | namespace [01;36m[Ksrv[m[K
[3.542s]       |           [01;36m[K^~~[m[K
[3.542s] [01m[K/home/tsi/ws_moveit2/src/move_relative_ur/src/move_monitoring_node.cpp:90:29:[m[K [01;31m[Kerror: [m[Kparse error in template argument list
[3.543s]    90 |         auto request = std::[01;31m[Kmake_shared<ur_dashboard_msgs::srv::GetSafetyMode::Request>[m[K();
[3.543s]       |                             [01;31m[K^~~~~~~~~~~~~~~~~~~~~~~~~~~~~~~~~~~~~~~~~~~~~~~~~~~~~~~~~~~[m[K
[3.543s] [01m[K/home/tsi/ws_moveit2/src/move_relative_ur/src/move_monitoring_node.cpp:90:88:[m[K [01;31m[Kerror: [m[Kno matching function for call to â€˜[01m[Kmake_shared<<expression error> >()[m[Kâ€™
[3.543s]    90 |         auto request = [01;31m[Kstd::make_shared<ur_dashboard_msgs::srv::GetSafetyMode::Request>()[m[K;
[3.543s]       |                        [01;31m[K~~~~~~~~~~~~~~~~~~~~~~~~~~~~~~~~~~~~~~~~~~~~~~~~~~~~~~~~~~~~~~~~^~[m[K
[3.543s] [01m[K/usr/include/c++/13/bits/shared_ptr.h:1005:5:[m[K [01;36m[Knote: [m[Kcandidate: â€˜[01m[Ktemplate<class _Tp, class ... _Args> std::shared_ptr<typename std::enable_if<(! std::is_array< <template-parameter-1-1> >::value), _Tp>::type> std::[01;32m[Kmake_shared[m[K(_Args&& ...)[m[Kâ€™
[3.543s]  1005 |     [01;36m[Kmake_shared[m[K(_Args&&... __args)
[3.543s]       |     [01;36m[K^~~~~~~~~~~[m[K
[3.543s] [01m[K/usr/include/c++/13/bits/shared_ptr.h:1005:5:[m[K [01;36m[Knote: [m[K  template argument deduction/substitution failed:
[3.544s] [01m[K/home/tsi/ws_moveit2/src/move_relative_ur/src/move_monitoring_node.cpp:90:88:[m[K [01;31m[Kerror: [m[Ktemplate argument 1 is invalid
[3.544s]    90 |         auto request = [01;31m[Kstd::make_shared<ur_dashboard_msgs::srv::GetSafetyMode::Request>()[m[K;
[3.544s]       |                        [01;31m[K~~~~~~~~~~~~~~~~~~~~~~~~~~~~~~~~~~~~~~~~~~~~~~~~~~~~~~~~~~~~~~~~^~[m[K
[3.556s] [01m[K/home/tsi/ws_moveit2/src/move_relative_ur/src/move_monitoring_node.cpp:92:23:[m[K [01;31m[Kerror: [m[Kâ€˜[01m[Ksafety_mode_client_[m[Kâ€™ was not declared in this scope
[3.557s]    92 |         auto future = [01;31m[Ksafety_mode_client_[m[K->async_send_request(
[3.557s]       |                       [01;31m[K^~~~~~~~~~~~~~~~~~~[m[K
[4.681s] gmake[2]: *** [CMakeFiles/robot_monitoring_node.dir/build.make:76: CMakeFiles/robot_monitoring_node.dir/src/move_monitoring_node.cpp.o] Error 1
[4.681s] gmake[1]: *** [CMakeFiles/Makefile2:655: CMakeFiles/robot_monitoring_node.dir/all] Error 2
[4.682s] gmake: *** [Makefile:146: all] Error 2
[4.686s] Invoked command in '/home/tsi/ws_moveit2/build/move_relative_ur' returned '2': CMAKE_PREFIX_PATH=${CMAKE_PREFIX_PATH}:/home/tsi/workspace/install/moveit_configs_utils:/opt/ros/jazzy DEBUGINFOD_URLS=https://debuginfod.ubuntu.com /usr/bin/cmake --build /home/tsi/ws_moveit2/build/move_relative_ur -- -j12 -l12
