[0.026s] Invoking command in '/home/tsi/ws_moveit2/build/move_relative_ur': CMAKE_PREFIX_PATH=${CMAKE_PREFIX_PATH}:/home/tsi/workspace/install/moveit_configs_utils:/opt/ros/jazzy DEBUGINFOD_URLS=https://debuginfod.ubuntu.com /usr/bin/cmake --build /home/tsi/ws_moveit2/build/move_relative_ur -- -j12 -l12
[0.160s] [  0%] Built target ament_cmake_python_symlink_move_relative_ur
[0.172s] [  2%] Built target move_relative_ur__rosidl_generator_type_description
[0.208s] [  5%] Built target move_relative_ur__cpp
[0.215s] [ 18%] Built target move_relative_ur__rosidl_generator_c
[0.261s] [ 26%] Built target move_relative_ur__rosidl_typesupport_fastrtps_cpp
[0.261s] [ 34%] Built target move_relative_ur__rosidl_typesupport_fastrtps_c
[0.261s] [ 42%] Built target move_relative_ur__rosidl_typesupport_cpp
[0.262s] [ 50%] Built target move_relative_ur__rosidl_typesupport_introspection_c
[0.268s] [ 57%] Built target move_relative_ur__rosidl_typesupport_introspection_cpp
[0.276s] [ 65%] Built target move_relative_ur__rosidl_typesupport_c
[0.307s] [ 71%] Built target move_relative_node
[0.320s] [ 73%] [32mBuilding CXX object CMakeFiles/robot_monitoring_node.dir/src/move_monitoring_node.cpp.o[0m
[0.326s] [ 73%] Built target move_relative_ur
[0.374s] [ 76%] Built target move_relative_ur__py
[0.423s] [ 81%] Built target move_relative_ur__rosidl_generator_py
[0.465s] [ 86%] Built target move_relative_ur_s__rosidl_typesupport_c
[0.467s] [ 92%] Built target move_relative_ur_s__rosidl_typesupport_introspection_c
[0.477s] [ 97%] Built target move_relative_ur_s__rosidl_typesupport_fastrtps_c
[0.632s] running egg_info
[0.704s] writing move_relative_ur.egg-info/PKG-INFO
[0.705s] writing dependency_links to move_relative_ur.egg-info/dependency_links.txt
[0.705s] writing top-level names to move_relative_ur.egg-info/top_level.txt
[0.871s] reading manifest file 'move_relative_ur.egg-info/SOURCES.txt'
[0.872s] writing manifest file 'move_relative_ur.egg-info/SOURCES.txt'
[0.929s] [ 97%] Built target ament_cmake_python_build_move_relative_ur_egg
[3.143s] [01m[K/home/tsi/ws_moveit2/src/move_relative_ur/src/move_monitoring_node.cpp:[m[K In constructor ‚Äò[01m[KRobotMonitoringNode::[01;32m[KRobotMonitoringNode[m[K()[m[K‚Äô:
[3.144s] [01m[K/home/tsi/ws_moveit2/src/move_relative_ur/src/move_monitoring_node.cpp:23:37:[m[K [01;31m[Kerror: [m[Kno matching function for call to ‚Äò[01m[Kstd::chrono::duration<long int>::duration(double)[m[K‚Äô
[3.144s]    23 |             std::chrono::seconds(0.1[01;31m[K)[m[K,
[3.145s]       |                                     [01;31m[K^[m[K
[3.145s] In file included from [01m[K/usr/include/c++/13/chrono:41[m[K,
[3.145s]                  from [01m[K/opt/ros/jazzy/include/rclcpp/rclcpp/utilities.hpp:18[m[K,
[3.146s]                  from [01m[K/opt/ros/jazzy/include/rclcpp/rclcpp/logging.hpp:25[m[K,
[3.146s]                  from [01m[K/opt/ros/jazzy/include/rclcpp/rclcpp/copy_all_parameter_values.hpp:27[m[K,
[3.146s]                  from [01m[K/opt/ros/jazzy/include/rclcpp/rclcpp/rclcpp.hpp:171[m[K,
[3.147s]                  from [01m[K/home/tsi/ws_moveit2/src/move_relative_ur/src/move_monitoring_node.cpp:1[m[K:
[3.147s] [01m[K/usr/include/c++/13/bits/chrono.h:581:21:[m[K [01;36m[Knote: [m[Kcandidate: ‚Äò[01m[Ktemplate<class _Rep2, class _Period2, class> constexpr std::chrono::duration<_Rep, _Period>::[01;32m[Kduration[m[K(const std::chrono::duration<_Rep, _Period>&) [35m[K[with _Period2 = _Rep2; <template-parameter-2-3> = _Period2; _Rep = long int; _Period = std::ratio<1>][m[K[m[K‚Äô
[3.148s]   581 |           constexpr [01;36m[Kduration[m[K(const duration<_Rep2, _Period2>& __d)
[3.148s]       |                     [01;36m[K^~~~~~~~[m[K
[3.148s] [01m[K/usr/include/c++/13/bits/chrono.h:581:21:[m[K [01;36m[Knote: [m[K  template argument deduction/substitution failed:
[3.149s] [01m[K/home/tsi/ws_moveit2/src/move_relative_ur/src/move_monitoring_node.cpp:23:37:[m[K [01;36m[Knote: [m[K  mismatched types ‚Äò[01m[Kconst std::chrono::duration<_Rep1, _Period1>[m[K‚Äô and ‚Äò[01m[Kdouble[m[K‚Äô
[3.149s]    23 |             std::chrono::seconds(0.1[01;36m[K)[m[K,
[3.149s]       |                                     [01;36m[K^[m[K
[3.150s] [01m[K/usr/include/c++/13/bits/chrono.h:573:30:[m[K [01;36m[Knote: [m[Kcandidate: ‚Äò[01m[Ktemplate<class _Rep2, class> constexpr std::chrono::duration<_Rep, _Period>::[01;32m[Kduration[m[K(const _Rep2&) [35m[K[with <template-parameter-2-2> = _Rep2; _Rep = long int; _Period = std::ratio<1>][m[K[m[K‚Äô
[3.150s]   573 |           constexpr explicit [01;36m[Kduration[m[K(const _Rep2& __rep)
[3.150s]       |                              [01;36m[K^~~~~~~~[m[K
[3.151s] [01m[K/usr/include/c++/13/bits/chrono.h:573:30:[m[K [01;36m[Knote: [m[K  template argument deduction/substitution failed:
[3.151s] In file included from [01m[K/usr/include/c++/13/bits/move.h:37[m[K,
[3.152s]                  from [01m[K/usr/include/c++/13/bits/new_allocator.h:36[m[K,
[3.152s]                  from [01m[K/usr/include/x86_64-linux-gnu/c++/13/bits/c++allocator.h:33[m[K,
[3.152s]                  from [01m[K/usr/include/c++/13/bits/allocator.h:46[m[K,
[3.153s]                  from [01m[K/usr/include/c++/13/memory:65[m[K,
[3.153s]                  from [01m[K/opt/ros/jazzy/include/rclcpp/rclcpp/rclcpp.hpp:169[m[K:
[3.153s] /usr/include/c++/13/type_traits: In substitution of ‚Äò[01m[Ktemplate<bool _Cond, class _Tp> using std::__enable_if_t = typename std::enable_if::type [35m[K[with bool _Cond = false; _Tp = void][m[K[m[K‚Äô:
[3.154s] [01m[K/usr/include/c++/13/type_traits:2224:11:[m[K   required by substitution of ‚Äò[01m[Ktemplate<class ... _Cond> using std::_Require = std::__enable_if_t<std::__and_<_Bn>::value> [35m[K[with _Cond = {std::is_convertible<const double&, long int>, std::__or_<std::chrono::treat_as_floating_point<long int>, std::__not_<std::chrono::treat_as_floating_point<double> > >}][m[K[m[K‚Äô
[3.154s] [01m[K/usr/include/c++/13/bits/chrono.h:570:27:[m[K   required from here
[3.154s] [01m[K/usr/include/c++/13/type_traits:116:11:[m[K [01;31m[Kerror: [m[Kno type named ‚Äò[01m[Ktype[m[K‚Äô in ‚Äò[01m[Kstruct std::enable_if<false, void>[m[K‚Äô
[3.155s]   116 |     using [01;31m[K__enable_if_t[m[K = typename enable_if<_Cond, _Tp>::type;
[3.155s]       |           [01;31m[K^~~~~~~~~~~~~[m[K
[3.155s] [01m[K/usr/include/c++/13/bits/chrono.h:566:9:[m[K [01;36m[Knote: [m[Kcandidate: ‚Äò[01m[Kconstexpr std::chrono::duration<_Rep, _Period>::[01;32m[Kduration[m[K(const std::chrono::duration<_Rep, _Period>&) [35m[K[with _Rep = long int; _Period = std::ratio<1>][m[K[m[K‚Äô
[3.156s]   566 |         [01;36m[Kduration[m[K(const duration&) = default;
[3.156s]       |         [01;36m[K^~~~~~~~[m[K
[3.156s] [01m[K/usr/include/c++/13/bits/chrono.h:566:18:[m[K [01;36m[Knote: [m[K  no known conversion for argument 1 from ‚Äò[01m[Kdouble[m[K‚Äô to ‚Äò[01m[Kconst std::chrono::duration<long int>&[m[K‚Äô
[3.157s]   566 |         duration([01;36m[Kconst duration&[m[K) = default;
[3.157s]       |                  [01;36m[K^~~~~~~~~~~~~~~[m[K
[3.157s] [01m[K/usr/include/c++/13/bits/chrono.h:564:19:[m[K [01;36m[Knote: [m[Kcandidate: ‚Äò[01m[Kstd::chrono::duration<_Rep, _Period>::[01;32m[Kduration[m[K() [35m[K[with _Rep = long int; _Period = std::ratio<1>][m[K[m[K‚Äô
[3.157s]   564 |         constexpr [01;36m[Kduration[m[K() = default;
[3.158s]       |                   [01;36m[K^~~~~~~~[m[K
[3.158s] [01m[K/usr/include/c++/13/bits/chrono.h:564:19:[m[K [01;36m[Knote: [m[K  candidate expects 0 arguments, 1 provided
[3.158s] [01m[K/home/tsi/ws_moveit2/src/move_relative_ur/src/move_monitoring_node.cpp:28:37:[m[K [01;31m[Kerror: [m[Kno matching function for call to ‚Äò[01m[Kstd::chrono::duration<long int>::duration(double)[m[K‚Äô
[3.158s]    28 |             std::chrono::seconds(0.1[01;31m[K)[m[K,
[3.158s]       |                                     [01;31m[K^[m[K
[3.159s] [01m[K/usr/include/c++/13/bits/chrono.h:581:21:[m[K [01;36m[Knote: [m[Kcandidate: ‚Äò[01m[Ktemplate<class _Rep2, class _Period2, class> constexpr std::chrono::duration<_Rep, _Period>::[01;32m[Kduration[m[K(const std::chrono::duration<_Rep, _Period>&) [35m[K[with _Period2 = _Rep2; <template-parameter-2-3> = _Period2; _Rep = long int; _Period = std::ratio<1>][m[K[m[K‚Äô
[3.159s]   581 |           constexpr [01;36m[Kduration[m[K(const duration<_Rep2, _Period2>& __d)
[3.159s]       |                     [01;36m[K^~~~~~~~[m[K
[3.159s] [01m[K/usr/include/c++/13/bits/chrono.h:581:21:[m[K [01;36m[Knote: [m[K  template argument deduction/substitution failed:
[3.160s] [01m[K/home/tsi/ws_moveit2/src/move_relative_ur/src/move_monitoring_node.cpp:28:37:[m[K [01;36m[Knote: [m[K  mismatched types ‚Äò[01m[Kconst std::chrono::duration<_Rep1, _Period1>[m[K‚Äô and ‚Äò[01m[Kdouble[m[K‚Äô
[3.160s]    28 |             std::chrono::seconds(0.1[01;36m[K)[m[K,
[3.160s]       |                                     [01;36m[K^[m[K
[3.160s] [01m[K/usr/include/c++/13/bits/chrono.h:573:30:[m[K [01;36m[Knote: [m[Kcandidate: ‚Äò[01m[Ktemplate<class _Rep2, class> constexpr std::chrono::duration<_Rep, _Period>::[01;32m[Kduration[m[K(const _Rep2&) [35m[K[with <template-parameter-2-2> = _Rep2; _Rep = long int; _Period = std::ratio<1>][m[K[m[K‚Äô
[3.160s]   573 |           constexpr explicit [01;36m[Kduration[m[K(const _Rep2& __rep)
[3.161s]       |                              [01;36m[K^~~~~~~~[m[K
[3.161s] [01m[K/usr/include/c++/13/bits/chrono.h:573:30:[m[K [01;36m[Knote: [m[K  template argument deduction/substitution failed:
[3.161s] [01m[K/usr/include/c++/13/bits/chrono.h:566:9:[m[K [01;36m[Knote: [m[Kcandidate: ‚Äò[01m[Kconstexpr std::chrono::duration<_Rep, _Period>::[01;32m[Kduration[m[K(const std::chrono::duration<_Rep, _Period>&) [35m[K[with _Rep = long int; _Period = std::ratio<1>][m[K[m[K‚Äô
[3.161s]   566 |         [01;36m[Kduration[m[K(const duration&) = default;
[3.162s]       |         [01;36m[K^~~~~~~~[m[K
[3.162s] [01m[K/usr/include/c++/13/bits/chrono.h:566:18:[m[K [01;36m[Knote: [m[K  no known conversion for argument 1 from ‚Äò[01m[Kdouble[m[K‚Äô to ‚Äò[01m[Kconst std::chrono::duration<long int>&[m[K‚Äô
[3.162s]   566 |         duration([01;36m[Kconst duration&[m[K) = default;
[3.162s]       |                  [01;36m[K^~~~~~~~~~~~~~~[m[K
[3.162s] [01m[K/usr/include/c++/13/bits/chrono.h:564:19:[m[K [01;36m[Knote: [m[Kcandidate: ‚Äò[01m[Kstd::chrono::duration<_Rep, _Period>::[01;32m[Kduration[m[K() [35m[K[with _Rep = long int; _Period = std::ratio<1>][m[K[m[K‚Äô
[3.163s]   564 |         constexpr [01;36m[Kduration[m[K() = default;
[3.163s]       |                   [01;36m[K^~~~~~~~[m[K
[3.163s] [01m[K/usr/include/c++/13/bits/chrono.h:564:19:[m[K [01;36m[Knote: [m[K  candidate expects 0 arguments, 1 provided
[3.163s] [01m[K/home/tsi/ws_moveit2/src/move_relative_ur/src/move_monitoring_node.cpp:[m[K In member function ‚Äò[01m[Kvoid RobotMonitoringNode::[01;32m[KrequestRobotMode[m[K()[m[K‚Äô:
[3.164s] [01m[K/home/tsi/ws_moveit2/src/move_relative_ur/src/move_monitoring_node.cpp:55:33:[m[K [01;31m[Kerror: [m[K‚Äò[01m[Kusing std::__shared_ptr_access<rclcpp::TimerBase, __gnu_cxx::_S_atomic, false, false>::element_type = class rclcpp::TimerBase[m[K‚Äô {aka ‚Äò[01m[Kclass rclcpp::TimerBase[m[K‚Äô} has no member named ‚Äò[01m[Kwait_for_service[m[K‚Äô
[3.164s]    55 |         if (!robot_mode_timer_->[01;31m[Kwait_for_service[m[K(std::chrono::seconds(1))) {
[3.164s]       |                                 [01;31m[K^~~~~~~~~~~~~~~~[m[K
[3.164s] [01m[K/home/tsi/ws_moveit2/src/move_relative_ur/src/move_monitoring_node.cpp:62:42:[m[K [01;31m[Kerror: [m[K‚Äò[01m[Kusing std::__shared_ptr_access<rclcpp::TimerBase, __gnu_cxx::_S_atomic, false, false>::element_type = class rclcpp::TimerBase[m[K‚Äô {aka ‚Äò[01m[Kclass rclcpp::TimerBase[m[K‚Äô} has no member named ‚Äò[01m[Kasync_send_request[m[K‚Äô
[3.165s]    62 |         auto future = robot_mode_timer_->[01;31m[Kasync_send_request[m[K(
[3.165s]       |                                          [01;31m[K^~~~~~~~~~~~~~~~~~[m[K
[3.165s] [01m[K/home/tsi/ws_moveit2/src/move_relative_ur/src/move_monitoring_node.cpp:[m[K In member function ‚Äò[01m[Kvoid RobotMonitoringNode::[01;32m[KrobotModeResponse[m[K(rclcpp::Client<ur_dashboard_msgs::srv::GetRobotMode>::SharedFuture)[m[K‚Äô:
[3.166s] [01m[K/home/tsi/ws_moveit2/src/move_relative_ur/src/move_monitoring_node.cpp:79:42:[m[K [01;31m[Kerror: [m[Kexpected ‚Äò[01m[K)[m[K‚Äô before string constant
[3.166s]    79 |             RCLCPP_INFO(this->get_logger [01;31m[K"‚úÖ Î°úÎ¥á Ï†ïÏÉÅ ÎèôÏûë Ï§ë."[m[K);
[3.166s]       |                                          [01;31m[K^~~~~~~~~~~~~~~~~~~~~~~[m[K
[3.166s] [01m[K/home/tsi/ws_moveit2/src/move_relative_ur/src/move_monitoring_node.cpp:79:13:[m[K [01;36m[Knote: [m[Kto match this ‚Äò[01m[K([m[K‚Äô
[3.167s]    79 |             [01;36m[KRCLCPP_INFO[m[K(this->get_logger "‚úÖ Î°úÎ¥á Ï†ïÏÉÅ ÎèôÏûë Ï§ë.");
[3.167s]       |             [01;36m[K^~~~~~~~~~~[m[K
[3.167s] [01m[K/home/tsi/ws_moveit2/src/move_relative_ur/src/move_monitoring_node.cpp:79:13:[m[K [01;31m[Kerror: [m[Ktemplate argument 1 is invalid
[3.167s]    79 |             [01;31m[KRCLCPP_INFO[m[K(this->get_logger "‚úÖ Î°úÎ¥á Ï†ïÏÉÅ ÎèôÏûë Ï§ë.");
[3.167s]       |             [01;31m[K^~~~~~~~~~~[m[K
[3.167s] [01m[K/home/tsi/ws_moveit2/src/move_relative_ur/src/move_monitoring_node.cpp:79:13:[m[K [01;31m[Kerror: [m[Ktemplate argument 1 is invalid
[3.167s]    79 |             [01;31m[KRCLCPP_INFO[m[K(this->get_logger "‚úÖ Î°úÎ¥á Ï†ïÏÉÅ ÎèôÏûë Ï§ë.");
[3.168s]       |             [01;31m[K^~~~~~~~~~~[m[K
[3.168s] [01m[K/home/tsi/ws_moveit2/src/move_relative_ur/src/move_monitoring_node.cpp:79:13:[m[K [01;31m[Kerror: [m[Ktemplate argument 1 is invalid
[3.168s]    79 |             [01;31m[KRCLCPP_INFO[m[K(this->get_logger "‚úÖ Î°úÎ¥á Ï†ïÏÉÅ ÎèôÏûë Ï§ë.");
[3.168s]       |             [01;31m[K^~~~~~~~~~~[m[K
[3.168s] In file included from [01m[K/opt/ros/jazzy/include/rclcpp/rclcpp/logging.hpp:24[m[K:
[3.168s] [01m[K/home/tsi/ws_moveit2/src/move_relative_ur/src/move_monitoring_node.cpp:79:42:[m[K [01;31m[Kerror: [m[Kexpected ‚Äò[01m[K)[m[K‚Äô before string constant
[3.168s]    79 |             RCLCPP_INFO(this->get_logger [01;31m[K"‚úÖ Î°úÎ¥á Ï†ïÏÉÅ ÎèôÏûë Ï§ë."[m[K);
[3.169s]       |                                          [01;31m[K^~~~~~~~~~~~~~~~~~~~~~~[m[K
[3.169s] [01m[K/home/tsi/ws_moveit2/src/move_relative_ur/src/move_monitoring_node.cpp:79:13:[m[K [01;36m[Knote: [m[Kto match this ‚Äò[01m[K([m[K‚Äô
[3.169s]    79 |             [01;36m[KRCLCPP_INFO[m[K(this->get_logger "‚úÖ Î°úÎ¥á Ï†ïÏÉÅ ÎèôÏûë Ï§ë.");
[3.169s]       |             [01;36m[K^~~~~~~~~~~[m[K
[3.169s] [01m[K/home/tsi/ws_moveit2/src/move_relative_ur/src/move_monitoring_node.cpp:79:13:[m[K [01;31m[Kerror: [m[Kexpected ‚Äò[01m[K)[m[K‚Äô before ‚Äò[01m[K}[m[K‚Äô token
[3.169s]    79 |             [01;31m[KRCLCPP_INFO[m[K(this->get_logger "‚úÖ Î°úÎ¥á Ï†ïÏÉÅ ÎèôÏûë Ï§ë.");
[3.169s]       |             [01;31m[K^~~~~~~~~~~[m[K
[3.170s] [01m[K/home/tsi/ws_moveit2/src/move_relative_ur/src/move_monitoring_node.cpp:79:13:[m[K [01;36m[Knote: [m[Kto match this ‚Äò[01m[K([m[K‚Äô
[3.170s]    79 |             [01;36m[KRCLCPP_INFO[m[K(this->get_logger "‚úÖ Î°úÎ¥á Ï†ïÏÉÅ ÎèôÏûë Ï§ë.");
[3.170s]       |             [01;36m[K^~~~~~~~~~~[m[K
[3.170s] [01m[K/home/tsi/ws_moveit2/src/move_relative_ur/src/move_monitoring_node.cpp:79:13:[m[K [01;31m[Kerror: [m[Kexpected ‚Äò[01m[K)[m[K‚Äô before ‚Äò[01m[K}[m[K‚Äô token
[3.170s]    79 |             [01;31m[KRCLCPP_INFO[m[K(this->get_logger "‚úÖ Î°úÎ¥á Ï†ïÏÉÅ ÎèôÏûë Ï§ë.");
[3.170s]       |             [01;31m[K^~~~~~~~~~~[m[K
[3.170s] [01m[K/home/tsi/ws_moveit2/src/move_relative_ur/src/move_monitoring_node.cpp:79:13:[m[K [01;36m[Knote: [m[Kto match this ‚Äò[01m[K([m[K‚Äô
[3.171s]    79 |             [01;36m[KRCLCPP_INFO[m[K(this->get_logger "‚úÖ Î°úÎ¥á Ï†ïÏÉÅ ÎèôÏûë Ï§ë.");
[3.171s]       |             [01;36m[K^~~~~~~~~~~[m[K
[3.171s] [01m[K/home/tsi/ws_moveit2/src/move_relative_ur/src/move_monitoring_node.cpp:79:13:[m[K [01;31m[Kerror: [m[Kexpected primary-expression before ‚Äò[01m[K}[m[K‚Äô token
[3.171s]    79 |             [01;31m[KRCLCPP_INFO[m[K(this->get_logger "‚úÖ Î°úÎ¥á Ï†ïÏÉÅ ÎèôÏûë Ï§ë.");
[3.171s]       |             [01;31m[K^~~~~~~~~~~[m[K
[3.171s] [01m[K/home/tsi/ws_moveit2/src/move_relative_ur/src/move_monitoring_node.cpp:[m[K In member function ‚Äò[01m[Kvoid RobotMonitoringNode::[01;32m[KrequestSafetyMode[m[K()[m[K‚Äô:
[3.172s] [01m[K/home/tsi/ws_moveit2/src/move_relative_ur/src/move_monitoring_node.cpp:85:34:[m[K [01;31m[Kerror: [m[K‚Äò[01m[Kusing std::__shared_ptr_access<rclcpp::TimerBase, __gnu_cxx::_S_atomic, false, false>::element_type = class rclcpp::TimerBase[m[K‚Äô {aka ‚Äò[01m[Kclass rclcpp::TimerBase[m[K‚Äô} has no member named ‚Äò[01m[Kwait_for_service[m[K‚Äô
[3.172s]    85 |         if (!safety_mode_timer_->[01;31m[Kwait_for_service[m[K(std::chrono::seconds(1))) {
[3.172s]       |                                  [01;31m[K^~~~~~~~~~~~~~~~[m[K
[3.172s] [01m[K/home/tsi/ws_moveit2/src/move_relative_ur/src/move_monitoring_node.cpp:92:43:[m[K [01;31m[Kerror: [m[K‚Äò[01m[Kusing std::__shared_ptr_access<rclcpp::TimerBase, __gnu_cxx::_S_atomic, false, false>::element_type = class rclcpp::TimerBase[m[K‚Äô {aka ‚Äò[01m[Kclass rclcpp::TimerBase[m[K‚Äô} has no member named ‚Äò[01m[Kasync_send_request[m[K‚Äô
[3.172s]    92 |         auto future = safety_mode_timer_->[01;31m[Kasync_send_request[m[K(
[3.172s]       |                                           [01;31m[K^~~~~~~~~~~~~~~~~~[m[K
[4.518s] gmake[2]: *** [CMakeFiles/robot_monitoring_node.dir/build.make:76: CMakeFiles/robot_monitoring_node.dir/src/move_monitoring_node.cpp.o] Error 1
[4.518s] gmake[1]: *** [CMakeFiles/Makefile2:655: CMakeFiles/robot_monitoring_node.dir/all] Error 2
[4.519s] gmake: *** [Makefile:146: all] Error 2
[4.525s] Invoked command in '/home/tsi/ws_moveit2/build/move_relative_ur' returned '2': CMAKE_PREFIX_PATH=${CMAKE_PREFIX_PATH}:/home/tsi/workspace/install/moveit_configs_utils:/opt/ros/jazzy DEBUGINFOD_URLS=https://debuginfod.ubuntu.com /usr/bin/cmake --build /home/tsi/ws_moveit2/build/move_relative_ur -- -j12 -l12
