[  2%] Built target move_relative_ur__rosidl_generator_type_description
[  2%] Built target ament_cmake_python_symlink_move_relative_ur
[ 15%] Built target move_relative_ur__rosidl_generator_c
[ 18%] Built target move_relative_ur__cpp
[ 34%] Built target move_relative_ur__rosidl_typesupport_c
[ 34%] Built target move_relative_ur__rosidl_typesupport_introspection_c
[ 42%] Built target move_relative_ur__rosidl_typesupport_fastrtps_c
[ 50%] Built target move_relative_ur__rosidl_typesupport_cpp
[ 57%] Built target move_relative_ur__rosidl_typesupport_introspection_cpp
[ 65%] Built target move_relative_ur__rosidl_typesupport_fastrtps_cpp
[ 65%] Built target move_relative_ur
[ 71%] Built target move_relative_node
[ 73%] [32mBuilding CXX object CMakeFiles/robot_monitoring_node.dir/src/move_monitoring_node.cpp.o[0m
[ 76%] Built target move_relative_ur__py
[ 81%] Built target move_relative_ur__rosidl_generator_py
[ 86%] Built target move_relative_ur_s__rosidl_typesupport_introspection_c
[ 97%] Built target move_relative_ur_s__rosidl_typesupport_c
[ 97%] Built target move_relative_ur_s__rosidl_typesupport_fastrtps_c
running egg_info
writing move_relative_ur.egg-info/PKG-INFO
writing dependency_links to move_relative_ur.egg-info/dependency_links.txt
writing top-level names to move_relative_ur.egg-info/top_level.txt
reading manifest file 'move_relative_ur.egg-info/SOURCES.txt'
writing manifest file 'move_relative_ur.egg-info/SOURCES.txt'
[ 97%] Built target ament_cmake_python_build_move_relative_ur_egg
[01m[K/home/tsi/ws_moveit2/src/move_relative_ur/src/move_monitoring_node.cpp:74:47:[m[K [01;31m[Kerror: [m[Kâ€˜[01m[Ksur_dashboard_msgs[m[Kâ€™ was not declared in this scope; did you mean â€˜[01m[Kur_dashboard_msgs[m[Kâ€™?
   74 |         void robotProgramState(rclcpp::Client<[01;31m[Ksur_dashboard_msgs[m[K::srv::IsProgramRunning>::SharedFuture future)
      |                                               [01;31m[K^~~~~~~~~~~~~~~~~~[m[K
      |                                               [32m[Kur_dashboard_msgs[m[K
[01m[K/home/tsi/ws_moveit2/src/move_relative_ur/src/move_monitoring_node.cpp:74:88:[m[K [01;31m[Kerror: [m[Ktemplate argument 1 is invalid
   74 |         void robotProgramState(rclcpp::Client<sur_dashboard_msgs::srv::IsProgramRunning[01;31m[K>[m[K::SharedFuture future)
      |                                                                                        [01;31m[K^[m[K
[01m[K/home/tsi/ws_moveit2/src/move_relative_ur/src/move_monitoring_node.cpp:74:47:[m[K [01;31m[Kerror: [m[Kâ€˜[01m[Ksur_dashboard_msgs[m[Kâ€™ was not declared in this scope; did you mean â€˜[01m[Kur_dashboard_msgs[m[Kâ€™?
   74 |         void robotProgramState(rclcpp::Client<[01;31m[Ksur_dashboard_msgs[m[K::srv::IsProgramRunning>::SharedFuture future)
      |                                               [01;31m[K^~~~~~~~~~~~~~~~~~[m[K
      |                                               [32m[Kur_dashboard_msgs[m[K
[01m[K/home/tsi/ws_moveit2/src/move_relative_ur/src/move_monitoring_node.cpp:74:88:[m[K [01;31m[Kerror: [m[Ktemplate argument 1 is invalid
   74 |         void robotProgramState(rclcpp::Client<sur_dashboard_msgs::srv::IsProgramRunning[01;31m[K>[m[K::SharedFuture future)
      |                                                                                        [01;31m[K^[m[K
[01m[K/home/tsi/ws_moveit2/src/move_relative_ur/src/move_monitoring_node.cpp:74:47:[m[K [01;31m[Kerror: [m[Kâ€˜[01m[Ksur_dashboard_msgs[m[Kâ€™ was not declared in this scope; did you mean â€˜[01m[Kur_dashboard_msgs[m[Kâ€™?
   74 |         void robotProgramState(rclcpp::Client<[01;31m[Ksur_dashboard_msgs[m[K::srv::IsProgramRunning>::SharedFuture future)
      |                                               [01;31m[K^~~~~~~~~~~~~~~~~~[m[K
      |                                               [32m[Kur_dashboard_msgs[m[K
[01m[K/home/tsi/ws_moveit2/src/move_relative_ur/src/move_monitoring_node.cpp:74:88:[m[K [01;31m[Kerror: [m[Ktemplate argument 1 is invalid
   74 |         void robotProgramState(rclcpp::Client<sur_dashboard_msgs::srv::IsProgramRunning[01;31m[K>[m[K::SharedFuture future)
      |                                                                                        [01;31m[K^[m[K
[01m[K/home/tsi/ws_moveit2/src/move_relative_ur/src/move_monitoring_node.cpp:74:32:[m[K [01;31m[Kerror: [m[Kinvalid template-id
   74 |         void robotProgramState([01;31m[Krclcpp[m[K::Client<sur_dashboard_msgs::srv::IsProgramRunning>::SharedFuture future)
      |                                [01;31m[K^~~~~~[m[K
[01m[K/home/tsi/ws_moveit2/src/move_relative_ur/src/move_monitoring_node.cpp:74:47:[m[K [01;31m[Kerror: [m[Kâ€˜[01m[Ksur_dashboard_msgs[m[Kâ€™ has not been declared
   74 |         void robotProgramState(rclcpp::Client<[01;31m[Ksur_dashboard_msgs[m[K::srv::IsProgramRunning>::SharedFuture future)
      |                                               [01;31m[K^~~~~~~~~~~~~~~~~~[m[K
[01m[K/home/tsi/ws_moveit2/src/move_relative_ur/src/move_monitoring_node.cpp:74:104:[m[K [01;31m[Kerror: [m[Kexpected unqualified-id before â€˜[01m[Kfuture[m[Kâ€™
   74 |         void robotProgramState(rclcpp::Client<sur_dashboard_msgs::srv::IsProgramRunning>::SharedFuture [01;31m[Kfuture[m[K)
      |                                                                                                        [01;31m[K^~~~~~[m[K
[01m[K/home/tsi/ws_moveit2/src/move_relative_ur/src/move_monitoring_node.cpp:74:103:[m[K [01;31m[Kerror: [m[Kexpected â€˜[01m[K)[m[Kâ€™ before â€˜[01m[Kfuture[m[Kâ€™
   74 |         void robotProgramState[34m[K([m[Krclcpp::Client<sur_dashboard_msgs::srv::IsProgramRunning>::SharedFuture[01;31m[K [m[K[32m[Kfuture[m[K)
      |                               [34m[K~[m[K                                                                       [01;31m[K^[m[K[32m[K~~~~~~[m[K
      |                                                                                                       [32m[K)[m[K
[01m[K/home/tsi/ws_moveit2/src/move_relative_ur/src/move_monitoring_node.cpp:74:91:[m[K [01;31m[Kerror: [m[Kexpected â€˜[01m[K;[m[Kâ€™ at end of member declaration
   74 |         void robotProgramState(rclcpp::Client<sur_dashboard_msgs::srv::IsProgramRunning>::[01;31m[KSharedFuture[m[K future)
      |                                                                                           [01;31m[K^~~~~~~~~~~~[m[K
      |                                                                                                       [32m[K;[m[K
[01m[K/home/tsi/ws_moveit2/src/move_relative_ur/src/move_monitoring_node.cpp:74:104:[m[K [01;31m[Kerror: [m[Kâ€˜[01m[Kfuture[m[Kâ€™ does not name a type
   74 |         void robotProgramState(rclcpp::Client<sur_dashboard_msgs::srv::IsProgramRunning>::SharedFuture [01;31m[Kfuture[m[K)
      |                                                                                                        [01;31m[K^~~~~~[m[K
[01m[K/home/tsi/ws_moveit2/src/move_relative_ur/src/move_monitoring_node.cpp:313:20:[m[K [01;31m[Kerror: [m[Kâ€˜[01m[Ksur_dashboard_msgs[m[Kâ€™ was not declared in this scope; did you mean â€˜[01m[Kur_dashboard_msgs[m[Kâ€™?
  313 |     rclcpp::Client<[01;31m[Ksur_dashboard_msgs[m[K::srv::IsProgramRunning>::SharedPtr robot_status_client_;
      |                    [01;31m[K^~~~~~~~~~~~~~~~~~[m[K
      |                    [32m[Kur_dashboard_msgs[m[K
[01m[K/home/tsi/ws_moveit2/src/move_relative_ur/src/move_monitoring_node.cpp:313:61:[m[K [01;31m[Kerror: [m[Ktemplate argument 1 is invalid
  313 |     rclcpp::Client<sur_dashboard_msgs::srv::IsProgramRunning[01;31m[K>[m[K::SharedPtr robot_status_client_;
      |                                                             [01;31m[K^[m[K
[01m[K/home/tsi/ws_moveit2/src/move_relative_ur/src/move_monitoring_node.cpp:313:64:[m[K [01;31m[Kerror: [m[Kexpected â€˜[01m[K;[m[Kâ€™ at end of member declaration
  313 |     rclcpp::Client<sur_dashboard_msgs::srv::IsProgramRunning>::[01;31m[KSharedPtr[m[K robot_status_client_;
      |                                                                [01;31m[K^~~~~~~~~[m[K
      |                                                                         [32m[K;[m[K
[01m[K/home/tsi/ws_moveit2/src/move_relative_ur/src/move_monitoring_node.cpp:313:74:[m[K [01;31m[Kerror: [m[Kâ€˜[01m[Krobot_status_client_[m[Kâ€™ does not name a type
  313 |     rclcpp::Client<sur_dashboard_msgs::srv::IsProgramRunning>::SharedPtr [01;31m[Krobot_status_client_[m[K;
      |                                                                          [01;31m[K^~~~~~~~~~~~~~~~~~~~[m[K
[01m[K/home/tsi/ws_moveit2/src/move_relative_ur/src/move_monitoring_node.cpp:[m[K In constructor â€˜[01m[KRobotMonitoringNode::[01;32m[KRobotMonitoringNode[m[K()[m[Kâ€™:
[01m[K/home/tsi/ws_moveit2/src/move_relative_ur/src/move_monitoring_node.cpp:50:13:[m[K [01;31m[Kerror: [m[Kâ€˜[01m[Krobot_status_client_[m[Kâ€™ was not declared in this scope
   50 |             [01;31m[Krobot_status_client_[m[K = this->create_client<ur_dashboard_msgs::srv::IsProgramRunning>(
      |             [01;31m[K^~~~~~~~~~~~~~~~~~~~[m[K
[01m[K/home/tsi/ws_moveit2/src/move_relative_ur/src/move_monitoring_node.cpp:[m[K In member function â€˜[01m[Kvoid RobotMonitoringNode::[01;32m[KsendRobotStatusRequest[m[K()[m[Kâ€™:
[01m[K/home/tsi/ws_moveit2/src/move_relative_ur/src/move_monitoring_node.cpp:65:21:[m[K [01;31m[Kerror: [m[Kâ€˜[01m[Krobot_status_client_[m[Kâ€™ was not declared in this scope
   65 |             while (![01;31m[Krobot_status_client_[m[K->wait_for_service(std::chrono::seconds(1))) {
      |                     [01;31m[K^~~~~~~~~~~~~~~~~~~~[m[K
[01m[K/home/tsi/ws_moveit2/src/move_relative_ur/src/move_monitoring_node.cpp:70:34:[m[K [01;31m[Kerror: [m[Kâ€˜[01m[Krobot_status_client_[m[Kâ€™ was not declared in this scope
   70 |             auto future_result = [01;31m[Krobot_status_client_[m[K->async_send_request(request,
      |                                  [01;31m[K^~~~~~~~~~~~~~~~~~~~[m[K
gmake[2]: *** [CMakeFiles/robot_monitoring_node.dir/build.make:76: CMakeFiles/robot_monitoring_node.dir/src/move_monitoring_node.cpp.o] Error 1
gmake[1]: *** [CMakeFiles/Makefile2:655: CMakeFiles/robot_monitoring_node.dir/all] Error 2
gmake: *** [Makefile:146: all] Error 2
