[0.046s] Invoking command in '/home/tsi/ws_moveit2/build/move_relative_ur': CMAKE_PREFIX_PATH=${CMAKE_PREFIX_PATH}:/home/tsi/workspace/install/moveit_configs_utils:/opt/ros/jazzy DEBUGINFOD_URLS=https://debuginfod.ubuntu.com /usr/bin/cmake --build /home/tsi/ws_moveit2/build/move_relative_ur -- -j12 -l12
[0.195s] [  2%] Built target move_relative_ur__rosidl_generator_type_description
[0.207s] [  2%] Built target ament_cmake_python_symlink_move_relative_ur
[0.242s] [ 15%] Built target move_relative_ur__rosidl_generator_c
[0.251s] [ 18%] Built target move_relative_ur__cpp
[0.289s] [ 34%] Built target move_relative_ur__rosidl_typesupport_c
[0.290s] [ 34%] Built target move_relative_ur__rosidl_typesupport_introspection_c
[0.290s] [ 42%] Built target move_relative_ur__rosidl_typesupport_fastrtps_c
[0.302s] [ 50%] Built target move_relative_ur__rosidl_typesupport_cpp
[0.304s] [ 57%] Built target move_relative_ur__rosidl_typesupport_introspection_cpp
[0.309s] [ 65%] Built target move_relative_ur__rosidl_typesupport_fastrtps_cpp
[0.346s] [ 65%] Built target move_relative_ur
[0.356s] [ 71%] Built target move_relative_node
[0.361s] [ 73%] [32mBuilding CXX object CMakeFiles/robot_monitoring_node.dir/src/move_monitoring_node.cpp.o[0m
[0.390s] [ 76%] Built target move_relative_ur__py
[0.442s] [ 81%] Built target move_relative_ur__rosidl_generator_py
[0.499s] [ 86%] Built target move_relative_ur_s__rosidl_typesupport_introspection_c
[0.504s] [ 97%] Built target move_relative_ur_s__rosidl_typesupport_c
[0.505s] [ 97%] Built target move_relative_ur_s__rosidl_typesupport_fastrtps_c
[0.659s] running egg_info
[0.709s] writing move_relative_ur.egg-info/PKG-INFO
[0.710s] writing dependency_links to move_relative_ur.egg-info/dependency_links.txt
[0.710s] writing top-level names to move_relative_ur.egg-info/top_level.txt
[0.849s] reading manifest file 'move_relative_ur.egg-info/SOURCES.txt'
[0.850s] writing manifest file 'move_relative_ur.egg-info/SOURCES.txt'
[0.910s] [ 97%] Built target ament_cmake_python_build_move_relative_ur_egg
[3.490s] [01m[K/home/tsi/ws_moveit2/src/move_relative_ur/src/move_monitoring_node.cpp:74:47:[m[K [01;31m[Kerror: [m[Kâ€˜[01m[Ksur_dashboard_msgs[m[Kâ€™ was not declared in this scope; did you mean â€˜[01m[Kur_dashboard_msgs[m[Kâ€™?
[3.490s]    74 |         void robotProgramState(rclcpp::Client<[01;31m[Ksur_dashboard_msgs[m[K::srv::IsProgramRunning>::SharedFuture future)
[3.490s]       |                                               [01;31m[K^~~~~~~~~~~~~~~~~~[m[K
[3.490s]       |                                               [32m[Kur_dashboard_msgs[m[K
[3.490s] [01m[K/home/tsi/ws_moveit2/src/move_relative_ur/src/move_monitoring_node.cpp:74:88:[m[K [01;31m[Kerror: [m[Ktemplate argument 1 is invalid
[3.491s]    74 |         void robotProgramState(rclcpp::Client<sur_dashboard_msgs::srv::IsProgramRunning[01;31m[K>[m[K::SharedFuture future)
[3.491s]       |                                                                                        [01;31m[K^[m[K
[3.498s] [01m[K/home/tsi/ws_moveit2/src/move_relative_ur/src/move_monitoring_node.cpp:74:47:[m[K [01;31m[Kerror: [m[Kâ€˜[01m[Ksur_dashboard_msgs[m[Kâ€™ was not declared in this scope; did you mean â€˜[01m[Kur_dashboard_msgs[m[Kâ€™?
[3.498s]    74 |         void robotProgramState(rclcpp::Client<[01;31m[Ksur_dashboard_msgs[m[K::srv::IsProgramRunning>::SharedFuture future)
[3.499s]       |                                               [01;31m[K^~~~~~~~~~~~~~~~~~[m[K
[3.499s]       |                                               [32m[Kur_dashboard_msgs[m[K
[3.499s] [01m[K/home/tsi/ws_moveit2/src/move_relative_ur/src/move_monitoring_node.cpp:74:88:[m[K [01;31m[Kerror: [m[Ktemplate argument 1 is invalid
[3.500s]    74 |         void robotProgramState(rclcpp::Client<sur_dashboard_msgs::srv::IsProgramRunning[01;31m[K>[m[K::SharedFuture future)
[3.500s]       |                                                                                        [01;31m[K^[m[K
[3.506s] [01m[K/home/tsi/ws_moveit2/src/move_relative_ur/src/move_monitoring_node.cpp:74:47:[m[K [01;31m[Kerror: [m[Kâ€˜[01m[Ksur_dashboard_msgs[m[Kâ€™ was not declared in this scope; did you mean â€˜[01m[Kur_dashboard_msgs[m[Kâ€™?
[3.507s]    74 |         void robotProgramState(rclcpp::Client<[01;31m[Ksur_dashboard_msgs[m[K::srv::IsProgramRunning>::SharedFuture future)
[3.507s]       |                                               [01;31m[K^~~~~~~~~~~~~~~~~~[m[K
[3.507s]       |                                               [32m[Kur_dashboard_msgs[m[K
[3.507s] [01m[K/home/tsi/ws_moveit2/src/move_relative_ur/src/move_monitoring_node.cpp:74:88:[m[K [01;31m[Kerror: [m[Ktemplate argument 1 is invalid
[3.507s]    74 |         void robotProgramState(rclcpp::Client<sur_dashboard_msgs::srv::IsProgramRunning[01;31m[K>[m[K::SharedFuture future)
[3.507s]       |                                                                                        [01;31m[K^[m[K
[3.508s] [01m[K/home/tsi/ws_moveit2/src/move_relative_ur/src/move_monitoring_node.cpp:74:32:[m[K [01;31m[Kerror: [m[Kinvalid template-id
[3.508s]    74 |         void robotProgramState([01;31m[Krclcpp[m[K::Client<sur_dashboard_msgs::srv::IsProgramRunning>::SharedFuture future)
[3.508s]       |                                [01;31m[K^~~~~~[m[K
[3.508s] [01m[K/home/tsi/ws_moveit2/src/move_relative_ur/src/move_monitoring_node.cpp:74:47:[m[K [01;31m[Kerror: [m[Kâ€˜[01m[Ksur_dashboard_msgs[m[Kâ€™ has not been declared
[3.508s]    74 |         void robotProgramState(rclcpp::Client<[01;31m[Ksur_dashboard_msgs[m[K::srv::IsProgramRunning>::SharedFuture future)
[3.509s]       |                                               [01;31m[K^~~~~~~~~~~~~~~~~~[m[K
[3.509s] [01m[K/home/tsi/ws_moveit2/src/move_relative_ur/src/move_monitoring_node.cpp:74:104:[m[K [01;31m[Kerror: [m[Kexpected unqualified-id before â€˜[01m[Kfuture[m[Kâ€™
[3.509s]    74 |         void robotProgramState(rclcpp::Client<sur_dashboard_msgs::srv::IsProgramRunning>::SharedFuture [01;31m[Kfuture[m[K)
[3.509s]       |                                                                                                        [01;31m[K^~~~~~[m[K
[3.509s] [01m[K/home/tsi/ws_moveit2/src/move_relative_ur/src/move_monitoring_node.cpp:74:103:[m[K [01;31m[Kerror: [m[Kexpected â€˜[01m[K)[m[Kâ€™ before â€˜[01m[Kfuture[m[Kâ€™
[3.509s]    74 |         void robotProgramState[34m[K([m[Krclcpp::Client<sur_dashboard_msgs::srv::IsProgramRunning>::SharedFuture[01;31m[K [m[K[32m[Kfuture[m[K)
[3.509s]       |                               [34m[K~[m[K                                                                       [01;31m[K^[m[K[32m[K~~~~~~[m[K
[3.510s]       |                                                                                                       [32m[K)[m[K
[3.510s] [01m[K/home/tsi/ws_moveit2/src/move_relative_ur/src/move_monitoring_node.cpp:74:91:[m[K [01;31m[Kerror: [m[Kexpected â€˜[01m[K;[m[Kâ€™ at end of member declaration
[3.510s]    74 |         void robotProgramState(rclcpp::Client<sur_dashboard_msgs::srv::IsProgramRunning>::[01;31m[KSharedFuture[m[K future)
[3.510s]       |                                                                                           [01;31m[K^~~~~~~~~~~~[m[K
[3.510s]       |                                                                                                       [32m[K;[m[K
[3.510s] [01m[K/home/tsi/ws_moveit2/src/move_relative_ur/src/move_monitoring_node.cpp:74:104:[m[K [01;31m[Kerror: [m[Kâ€˜[01m[Kfuture[m[Kâ€™ does not name a type
[3.510s]    74 |         void robotProgramState(rclcpp::Client<sur_dashboard_msgs::srv::IsProgramRunning>::SharedFuture [01;31m[Kfuture[m[K)
[3.511s]       |                                                                                                        [01;31m[K^~~~~~[m[K
[3.641s] [01m[K/home/tsi/ws_moveit2/src/move_relative_ur/src/move_monitoring_node.cpp:313:20:[m[K [01;31m[Kerror: [m[Kâ€˜[01m[Ksur_dashboard_msgs[m[Kâ€™ was not declared in this scope; did you mean â€˜[01m[Kur_dashboard_msgs[m[Kâ€™?
[3.642s]   313 |     rclcpp::Client<[01;31m[Ksur_dashboard_msgs[m[K::srv::IsProgramRunning>::SharedPtr robot_status_client_;
[3.642s]       |                    [01;31m[K^~~~~~~~~~~~~~~~~~[m[K
[3.642s]       |                    [32m[Kur_dashboard_msgs[m[K
[3.643s] [01m[K/home/tsi/ws_moveit2/src/move_relative_ur/src/move_monitoring_node.cpp:313:61:[m[K [01;31m[Kerror: [m[Ktemplate argument 1 is invalid
[3.643s]   313 |     rclcpp::Client<sur_dashboard_msgs::srv::IsProgramRunning[01;31m[K>[m[K::SharedPtr robot_status_client_;
[3.643s]       |                                                             [01;31m[K^[m[K
[3.643s] [01m[K/home/tsi/ws_moveit2/src/move_relative_ur/src/move_monitoring_node.cpp:313:64:[m[K [01;31m[Kerror: [m[Kexpected â€˜[01m[K;[m[Kâ€™ at end of member declaration
[3.644s]   313 |     rclcpp::Client<sur_dashboard_msgs::srv::IsProgramRunning>::[01;31m[KSharedPtr[m[K robot_status_client_;
[3.644s]       |                                                                [01;31m[K^~~~~~~~~[m[K
[3.644s]       |                                                                         [32m[K;[m[K
[3.648s] [01m[K/home/tsi/ws_moveit2/src/move_relative_ur/src/move_monitoring_node.cpp:313:74:[m[K [01;31m[Kerror: [m[Kâ€˜[01m[Krobot_status_client_[m[Kâ€™ does not name a type
[3.648s]   313 |     rclcpp::Client<sur_dashboard_msgs::srv::IsProgramRunning>::SharedPtr [01;31m[Krobot_status_client_[m[K;
[3.648s]       |                                                                          [01;31m[K^~~~~~~~~~~~~~~~~~~~[m[K
[3.704s] [01m[K/home/tsi/ws_moveit2/src/move_relative_ur/src/move_monitoring_node.cpp:[m[K In constructor â€˜[01m[KRobotMonitoringNode::[01;32m[KRobotMonitoringNode[m[K()[m[Kâ€™:
[3.705s] [01m[K/home/tsi/ws_moveit2/src/move_relative_ur/src/move_monitoring_node.cpp:50:13:[m[K [01;31m[Kerror: [m[Kâ€˜[01m[Krobot_status_client_[m[Kâ€™ was not declared in this scope
[3.705s]    50 |             [01;31m[Krobot_status_client_[m[K = this->create_client<ur_dashboard_msgs::srv::IsProgramRunning>(
[3.705s]       |             [01;31m[K^~~~~~~~~~~~~~~~~~~~[m[K
[3.731s] [01m[K/home/tsi/ws_moveit2/src/move_relative_ur/src/move_monitoring_node.cpp:[m[K In member function â€˜[01m[Kvoid RobotMonitoringNode::[01;32m[KsendRobotStatusRequest[m[K()[m[Kâ€™:
[3.731s] [01m[K/home/tsi/ws_moveit2/src/move_relative_ur/src/move_monitoring_node.cpp:65:21:[m[K [01;31m[Kerror: [m[Kâ€˜[01m[Krobot_status_client_[m[Kâ€™ was not declared in this scope
[3.731s]    65 |             while (![01;31m[Krobot_status_client_[m[K->wait_for_service(std::chrono::seconds(1))) {
[3.732s]       |                     [01;31m[K^~~~~~~~~~~~~~~~~~~~[m[K
[3.744s] [01m[K/home/tsi/ws_moveit2/src/move_relative_ur/src/move_monitoring_node.cpp:70:34:[m[K [01;31m[Kerror: [m[Kâ€˜[01m[Krobot_status_client_[m[Kâ€™ was not declared in this scope
[3.744s]    70 |             auto future_result = [01;31m[Krobot_status_client_[m[K->async_send_request(request,
[3.745s]       |                                  [01;31m[K^~~~~~~~~~~~~~~~~~~~[m[K
[6.910s] gmake[2]: *** [CMakeFiles/robot_monitoring_node.dir/build.make:76: CMakeFiles/robot_monitoring_node.dir/src/move_monitoring_node.cpp.o] Error 1
[6.910s] gmake[1]: *** [CMakeFiles/Makefile2:655: CMakeFiles/robot_monitoring_node.dir/all] Error 2
[6.911s] gmake: *** [Makefile:146: all] Error 2
[6.917s] Invoked command in '/home/tsi/ws_moveit2/build/move_relative_ur' returned '2': CMAKE_PREFIX_PATH=${CMAKE_PREFIX_PATH}:/home/tsi/workspace/install/moveit_configs_utils:/opt/ros/jazzy DEBUGINFOD_URLS=https://debuginfod.ubuntu.com /usr/bin/cmake --build /home/tsi/ws_moveit2/build/move_relative_ur -- -j12 -l12
