[01m[K/home/tsi/ws_moveit2/src/move_relative_ur/src/move_relative.cpp:[m[K In constructor â€˜[01m[KURScriptRelativeMove::[01;32m[KURScriptRelativeMove[m[K()[m[Kâ€™:
[01m[K/home/tsi/ws_moveit2/src/move_relative_ur/src/move_relative.cpp:32:46:[m[K [01;31m[Kerror: [m[Kâ€˜[01m[KerrorCallback[m[Kâ€™ is not a member of â€˜[01m[KURScriptRelativeMove[m[Kâ€™
   32 |             std::bind(&URScriptRelativeMove::[01;31m[KerrorCallback[m[K, this, std::placeholders::_1));
      |                                              [01;31m[K^~~~~~~~~~~~~[m[K
gmake[2]: *** [CMakeFiles/move_relative_node.dir/build.make:76: CMakeFiles/move_relative_node.dir/src/move_relative.cpp.o] Error 1
gmake[1]: *** [CMakeFiles/Makefile2:627: CMakeFiles/move_relative_node.dir/all] Error 2
gmake: *** [Makefile:146: all] Error 2
