[0.033s] Invoking command in '/home/tsi/ws_moveit2/build/move_relative_ur': CMAKE_PREFIX_PATH=${CMAKE_PREFIX_PATH}:/home/tsi/workspace/install/moveit_configs_utils:/opt/ros/jazzy DEBUGINFOD_URLS=https://debuginfod.ubuntu.com /usr/bin/cmake --build /home/tsi/ws_moveit2/build/move_relative_ur -- -j12 -l12
[0.166s] [  2%] Built target move_relative_ur__rosidl_generator_type_description
[0.195s] [  2%] Built target ament_cmake_python_symlink_move_relative_ur
[0.209s] [ 15%] Built target move_relative_ur__rosidl_generator_c
[0.218s] [ 18%] Built target move_relative_ur__cpp
[0.257s] [ 26%] Built target move_relative_ur__rosidl_typesupport_c
[0.258s] [ 34%] Built target move_relative_ur__rosidl_typesupport_fastrtps_c
[0.259s] [ 42%] Built target move_relative_ur__rosidl_typesupport_introspection_c
[0.267s] [ 50%] Built target move_relative_ur__rosidl_typesupport_cpp
[0.268s] [ 57%] Built target move_relative_ur__rosidl_typesupport_fastrtps_cpp
[0.269s] [ 65%] Built target move_relative_ur__rosidl_typesupport_introspection_cpp
[0.313s] [ 65%] Built target move_relative_ur
[0.326s] [ 71%] Built target move_relative_node
[0.333s] [ 73%] [32mBuilding CXX object CMakeFiles/robot_monitoring_node.dir/src/move_monitoring_node.cpp.o[0m
[0.361s] [ 76%] Built target move_relative_ur__py
[0.399s] [ 81%] Built target move_relative_ur__rosidl_generator_py
[0.447s] [ 86%] Built target move_relative_ur_s__rosidl_typesupport_fastrtps_c
[0.454s] [ 92%] Built target move_relative_ur_s__rosidl_typesupport_introspection_c
[0.457s] [ 97%] Built target move_relative_ur_s__rosidl_typesupport_c
[0.665s] running egg_info
[0.713s] writing move_relative_ur.egg-info/PKG-INFO
[0.713s] writing dependency_links to move_relative_ur.egg-info/dependency_links.txt
[0.714s] writing top-level names to move_relative_ur.egg-info/top_level.txt
[0.844s] reading manifest file 'move_relative_ur.egg-info/SOURCES.txt'
[0.845s] writing manifest file 'move_relative_ur.egg-info/SOURCES.txt'
[0.911s] [ 97%] Built target ament_cmake_python_build_move_relative_ur_egg
[3.170s] [01m[K/home/tsi/ws_moveit2/src/move_relative_ur/src/move_monitoring_node.cpp:[m[K In constructor â€˜[01m[KRobotMonitoringNode::[01;32m[KRobotMonitoringNode[m[K()[m[Kâ€™:
[3.171s] [01m[K/home/tsi/ws_moveit2/src/move_relative_ur/src/move_monitoring_node.cpp:22:100:[m[K [01;31m[Kerror: [m[Kno match for â€˜[01m[Koperator=[m[Kâ€™ (operand types are â€˜[01m[Krclcpp::Publisher<std_msgs::msg::String_<std::allocator<void> > >::SharedPtr[m[Kâ€™ {aka â€˜[01m[Kstd::shared_ptr<rclcpp::Publisher<std_msgs::msg::String_<std::allocator<void> > > >[m[Kâ€™} and â€˜[01m[Kstd::shared_ptr<rclcpp::Publisher<move_relative_ur::msg::ErrorMsg_<std::allocator<void> >, std::allocator<void> > >[m[Kâ€™)
[3.172s]    22 |         error_pub_ = this->create_publisher<move_relative_ur::msg::ErrorMsg>("robot_monitoring", 10[01;31m[K)[m[K;
[3.172s]       |                                                                                                    [01;31m[K^[m[K
[3.172s] In file included from [01m[K/usr/include/c++/13/memory:80[m[K,
[3.173s]                  from [01m[K/opt/ros/jazzy/include/rclcpp/rclcpp/rclcpp.hpp:169[m[K,
[3.173s]                  from [01m[K/home/tsi/ws_moveit2/src/move_relative_ur/src/move_monitoring_node.cpp:1[m[K:
[3.173s] [01m[K/usr/include/c++/13/bits/shared_ptr.h:418:9:[m[K [01;36m[Knote: [m[Kcandidate: â€˜[01m[Ktemplate<class _Yp> std::shared_ptr<_Tp>::_Assignable<const std::shared_ptr<_Yp>&> std::shared_ptr<_Tp>::[01;32m[Koperator=[m[K(const std::shared_ptr<_Yp>&) [35m[K[with _Tp = rclcpp::Publisher<std_msgs::msg::String_<std::allocator<void> > >][m[K[m[Kâ€™
[3.174s]   418 |         [01;36m[Koperator[m[K=(const shared_ptr<_Yp>& __r) noexcept
[3.174s]       |         [01;36m[K^~~~~~~~[m[K
[3.174s] [01m[K/usr/include/c++/13/bits/shared_ptr.h:418:9:[m[K [01;36m[Knote: [m[K  template argument deduction/substitution failed:
[3.174s] /usr/include/c++/13/bits/shared_ptr.h: In substitution of â€˜[01m[Ktemplate<class _Tp> template<class _Arg> using std::shared_ptr<_Tp>::_Assignable = typename std::enable_if<std::is_assignable<std::__shared_ptr<_Tp>&, _Arg>::value, std::shared_ptr<_Tp>&>::type [35m[K[with _Arg = const std::shared_ptr<rclcpp::Publisher<move_relative_ur::msg::ErrorMsg_<std::allocator<void> >, std::allocator<void> > >&; _Tp = rclcpp::Publisher<std_msgs::msg::String_<std::allocator<void> > >][m[K[m[Kâ€™:
[3.175s] [01m[K/usr/include/c++/13/bits/shared_ptr.h:418:2:[m[K   required by substitution of â€˜[01m[Ktemplate<class _Yp> std::shared_ptr<rclcpp::Publisher<std_msgs::msg::String_<std::allocator<void> > > >::_Assignable<const std::shared_ptr<_Tp>&> std::shared_ptr<rclcpp::Publisher<std_msgs::msg::String_<std::allocator<void> > > >::[01;32m[Koperator=[m[K(const std::shared_ptr<_Tp>&) [35m[K[with _Yp = rclcpp::Publisher<move_relative_ur::msg::ErrorMsg_<std::allocator<void> >, std::allocator<void> >][m[K[m[Kâ€™
[3.175s] [01m[K/home/tsi/ws_moveit2/src/move_relative_ur/src/move_monitoring_node.cpp:22:100:[m[K   required from here
[3.175s] [01m[K/usr/include/c++/13/bits/shared_ptr.h:183:15:[m[K [01;31m[Kerror: [m[Kno type named â€˜[01m[Ktype[m[Kâ€™ in â€˜[01m[Kstruct std::enable_if<false, std::shared_ptr<rclcpp::Publisher<std_msgs::msg::String_<std::allocator<void> > > >&>[m[Kâ€™
[3.176s]   183 |         using [01;31m[K_Assignable[m[K = typename enable_if<
[3.176s]       |               [01;31m[K^~~~~~~~~~~[m[K
[3.177s] [01m[K/usr/include/c++/13/bits/shared_ptr.h:429:9:[m[K [01;36m[Knote: [m[Kcandidate: â€˜[01m[Ktemplate<class _Yp> std::shared_ptr<_Tp>::_Assignable<std::auto_ptr<_Up> > std::shared_ptr<_Tp>::[01;32m[Koperator=[m[K(std::auto_ptr<_Up>&&) [35m[K[with _Tp = rclcpp::Publisher<std_msgs::msg::String_<std::allocator<void> > >][m[K[m[Kâ€™
[3.177s]   429 |         [01;36m[Koperator[m[K=(auto_ptr<_Yp>&& __r)
[3.177s]       |         [01;36m[K^~~~~~~~[m[K
[3.177s] [01m[K/usr/include/c++/13/bits/shared_ptr.h:429:9:[m[K [01;36m[Knote: [m[K  template argument deduction/substitution failed:
[3.178s] [01m[K/home/tsi/ws_moveit2/src/move_relative_ur/src/move_monitoring_node.cpp:22:100:[m[K [01;36m[Knote: [m[K  â€˜[01m[Kstd::shared_ptr<rclcpp::Publisher<move_relative_ur::msg::ErrorMsg_<std::allocator<void> >, std::allocator<void> > >[m[Kâ€™ is not derived from â€˜[01m[Kstd::auto_ptr<_Up>[m[Kâ€™
[3.178s]    22 |         error_pub_ = this->create_publisher<move_relative_ur::msg::ErrorMsg>("robot_monitoring", 10[01;36m[K)[m[K;
[3.179s]       |                                                                                                    [01;36m[K^[m[K
[3.179s] [01m[K/usr/include/c++/13/bits/shared_ptr.h:446:9:[m[K [01;36m[Knote: [m[Kcandidate: â€˜[01m[Ktemplate<class _Yp> std::shared_ptr<_Tp>::_Assignable<std::shared_ptr<_Yp> > std::shared_ptr<_Tp>::[01;32m[Koperator=[m[K(std::shared_ptr<_Yp>&&) [35m[K[with _Tp = rclcpp::Publisher<std_msgs::msg::String_<std::allocator<void> > >][m[K[m[Kâ€™
[3.179s]   446 |         [01;36m[Koperator[m[K=(shared_ptr<_Yp>&& __r) noexcept
[3.180s]       |         [01;36m[K^~~~~~~~[m[K
[3.180s] [01m[K/usr/include/c++/13/bits/shared_ptr.h:446:9:[m[K [01;36m[Knote: [m[K  template argument deduction/substitution failed:
[3.180s] /usr/include/c++/13/bits/shared_ptr.h: In substitution of â€˜[01m[Ktemplate<class _Tp> template<class _Arg> using std::shared_ptr<_Tp>::_Assignable = typename std::enable_if<std::is_assignable<std::__shared_ptr<_Tp>&, _Arg>::value, std::shared_ptr<_Tp>&>::type [35m[K[with _Arg = std::shared_ptr<rclcpp::Publisher<move_relative_ur::msg::ErrorMsg_<std::allocator<void> >, std::allocator<void> > >; _Tp = rclcpp::Publisher<std_msgs::msg::String_<std::allocator<void> > >][m[K[m[Kâ€™:
[3.181s] [01m[K/usr/include/c++/13/bits/shared_ptr.h:446:2:[m[K   required by substitution of â€˜[01m[Ktemplate<class _Yp> std::shared_ptr<rclcpp::Publisher<std_msgs::msg::String_<std::allocator<void> > > >::_Assignable<std::shared_ptr<_Tp> > std::shared_ptr<rclcpp::Publisher<std_msgs::msg::String_<std::allocator<void> > > >::[01;32m[Koperator=[m[K(std::shared_ptr<_Tp>&&) [35m[K[with _Yp = rclcpp::Publisher<move_relative_ur::msg::ErrorMsg_<std::allocator<void> >, std::allocator<void> >][m[K[m[Kâ€™
[3.181s] [01m[K/home/tsi/ws_moveit2/src/move_relative_ur/src/move_monitoring_node.cpp:22:100:[m[K   required from here
[3.181s] [01m[K/usr/include/c++/13/bits/shared_ptr.h:183:15:[m[K [01;31m[Kerror: [m[Kno type named â€˜[01m[Ktype[m[Kâ€™ in â€˜[01m[Kstruct std::enable_if<false, std::shared_ptr<rclcpp::Publisher<std_msgs::msg::String_<std::allocator<void> > > >&>[m[Kâ€™
[3.181s]   183 |         using [01;31m[K_Assignable[m[K = typename enable_if<
[3.182s]       |               [01;31m[K^~~~~~~~~~~[m[K
[3.182s] [01m[K/usr/include/c++/13/bits/shared_ptr.h:454:9:[m[K [01;36m[Knote: [m[Kcandidate: â€˜[01m[Ktemplate<class _Yp, class _Del> std::shared_ptr<_Tp>::_Assignable<std::unique_ptr<_Up, _Ep> > std::shared_ptr<_Tp>::[01;32m[Koperator=[m[K(std::unique_ptr<_Up, _Ep>&&) [35m[K[with _Del = _Yp; _Tp = rclcpp::Publisher<std_msgs::msg::String_<std::allocator<void> > >][m[K[m[Kâ€™
[3.182s]   454 |         [01;36m[Koperator[m[K=(unique_ptr<_Yp, _Del>&& __r)
[3.182s]       |         [01;36m[K^~~~~~~~[m[K
[3.182s] [01m[K/usr/include/c++/13/bits/shared_ptr.h:454:9:[m[K [01;36m[Knote: [m[K  template argument deduction/substitution failed:
[3.183s] [01m[K/home/tsi/ws_moveit2/src/move_relative_ur/src/move_monitoring_node.cpp:22:100:[m[K [01;36m[Knote: [m[K  â€˜[01m[Kstd::shared_ptr<rclcpp::Publisher<move_relative_ur::msg::ErrorMsg_<std::allocator<void> >, std::allocator<void> > >[m[Kâ€™ is not derived from â€˜[01m[Kstd::unique_ptr<_Tp, _Dp>[m[Kâ€™
[3.183s]    22 |         error_pub_ = this->create_publisher<move_relative_ur::msg::ErrorMsg>("robot_monitoring", 10[01;36m[K)[m[K;
[3.183s]       |                                                                                                    [01;36m[K^[m[K
[3.183s] [01m[K/usr/include/c++/13/bits/shared_ptr.h:414:19:[m[K [01;36m[Knote: [m[Kcandidate: â€˜[01m[Kstd::shared_ptr<_Tp>& std::shared_ptr<_Tp>::[01;32m[Koperator=[m[K(const std::shared_ptr<_Tp>&) [35m[K[with _Tp = rclcpp::Publisher<std_msgs::msg::String_<std::allocator<void> > >][m[K[m[Kâ€™
[3.183s]   414 |       shared_ptr& [01;36m[Koperator[m[K=(const shared_ptr&) noexcept = default;
[3.184s]       |                   [01;36m[K^~~~~~~~[m[K
[3.184s] [01m[K/usr/include/c++/13/bits/shared_ptr.h:414:29:[m[K [01;36m[Knote: [m[K  no known conversion for argument 1 from â€˜[01m[Kstd::shared_ptr<rclcpp::Publisher<move_relative_ur::msg::ErrorMsg_<std::allocator<void> >, std::allocator<void> > >[m[Kâ€™ to â€˜[01m[Kconst std::shared_ptr<rclcpp::Publisher<std_msgs::msg::String_<std::allocator<void> > > >&[m[Kâ€™
[3.184s]   414 |       shared_ptr& operator=([01;36m[Kconst shared_ptr&[m[K) noexcept = default;
[3.184s]       |                             [01;36m[K^~~~~~~~~~~~~~~~~[m[K
[3.184s] [01m[K/usr/include/c++/13/bits/shared_ptr.h:438:7:[m[K [01;36m[Knote: [m[Kcandidate: â€˜[01m[Kstd::shared_ptr<_Tp>& std::shared_ptr<_Tp>::[01;32m[Koperator=[m[K(std::shared_ptr<_Tp>&&) [35m[K[with _Tp = rclcpp::Publisher<std_msgs::msg::String_<std::allocator<void> > >][m[K[m[Kâ€™
[3.184s]   438 |       [01;36m[Koperator[m[K=(shared_ptr&& __r) noexcept
[3.185s]       |       [01;36m[K^~~~~~~~[m[K
[3.185s] [01m[K/usr/include/c++/13/bits/shared_ptr.h:438:30:[m[K [01;36m[Knote: [m[K  no known conversion for argument 1 from â€˜[01m[Kstd::shared_ptr<rclcpp::Publisher<move_relative_ur::msg::ErrorMsg_<std::allocator<void> >, std::allocator<void> > >[m[Kâ€™ to â€˜[01m[Kstd::shared_ptr<rclcpp::Publisher<std_msgs::msg::String_<std::allocator<void> > > >&&[m[Kâ€™
[3.185s]   438 |       operator=([01;36m[Kshared_ptr&& __r[m[K) noexcept
[3.185s]       |                 [01;36m[K~~~~~~~~~~~~~^~~[m[K
[3.185s] [01m[K/home/tsi/ws_moveit2/src/move_relative_ur/src/move_monitoring_node.cpp:[m[K In member function â€˜[01m[Kvoid RobotMonitoringNode::[01;32m[KsendErrorMessage[m[K(const std::string&)[m[Kâ€™:
[3.186s] [01m[K/home/tsi/ws_moveit2/src/move_relative_ur/src/move_monitoring_node.cpp:30:20:[m[K [01;31m[Kerror: [m[Kâ€˜[01m[Ksmove_relative_ur[m[Kâ€™ has not been declared
[3.186s]    30 |         auto msg = [01;31m[Ksmove_relative_ur[m[K::msg::ErrorMsg();
[3.186s]       |                    [01;31m[K^~~~~~~~~~~~~~~~~[m[K
[6.572s] gmake[2]: *** [CMakeFiles/robot_monitoring_node.dir/build.make:76: CMakeFiles/robot_monitoring_node.dir/src/move_monitoring_node.cpp.o] Error 1
[6.572s] gmake[1]: *** [CMakeFiles/Makefile2:655: CMakeFiles/robot_monitoring_node.dir/all] Error 2
[6.573s] gmake: *** [Makefile:146: all] Error 2
[6.576s] Invoked command in '/home/tsi/ws_moveit2/build/move_relative_ur' returned '2': CMAKE_PREFIX_PATH=${CMAKE_PREFIX_PATH}:/home/tsi/workspace/install/moveit_configs_utils:/opt/ros/jazzy DEBUGINFOD_URLS=https://debuginfod.ubuntu.com /usr/bin/cmake --build /home/tsi/ws_moveit2/build/move_relative_ur -- -j12 -l12
