[0.038s] Invoking command in '/home/tsi/ws_moveit2/build/move_relative_ur': CMAKE_PREFIX_PATH=${CMAKE_PREFIX_PATH}:/home/tsi/workspace/install/moveit_configs_utils:/opt/ros/jazzy DEBUGINFOD_URLS=https://debuginfod.ubuntu.com /usr/bin/cmake --build /home/tsi/ws_moveit2/build/move_relative_ur -- -j12 -l12
[0.103s] -- Found ament_cmake: 2.5.3 (/opt/ros/jazzy/share/ament_cmake/cmake)
[0.167s] -- Found Python3: /usr/bin/python3 (found version "3.12.3") found components: Interpreter 
[0.281s] -- Override CMake install command with custom implementation using symlinks instead of copying resources
[0.305s] -- Found rclcpp: 28.1.6 (/opt/ros/jazzy/share/rclcpp/cmake)
[0.351s] -- Found rosidl_generator_c: 4.6.5 (/opt/ros/jazzy/share/rosidl_generator_c/cmake)
[0.364s] -- Found rosidl_generator_cpp: 4.6.5 (/opt/ros/jazzy/share/rosidl_generator_cpp/cmake)
[0.382s] -- Using all available rosidl_typesupport_c: rosidl_typesupport_fastrtps_c;rosidl_typesupport_introspection_c
[0.404s] -- Using all available rosidl_typesupport_cpp: rosidl_typesupport_fastrtps_cpp;rosidl_typesupport_introspection_cpp
[0.519s] -- Found rmw_implementation_cmake: 7.3.1 (/opt/ros/jazzy/share/rmw_implementation_cmake/cmake)
[0.524s] -- Found rmw_fastrtps_cpp: 8.4.1 (/opt/ros/jazzy/share/rmw_fastrtps_cpp/cmake)
[0.660s] -- Using RMW implementation 'rmw_fastrtps_cpp' as default
[0.765s] -- Found std_msgs: 5.3.5 (/opt/ros/jazzy/share/std_msgs/cmake)
[0.788s] -- Found geometry_msgs: 5.3.5 (/opt/ros/jazzy/share/geometry_msgs/cmake)
[0.816s] -- Found ur_dashboard_msgs: 3.0.2 (/home/tsi/workspace/install/ur_dashboard_msgs/share/ur_dashboard_msgs/cmake)
[0.901s] -- Found sensor_msgs: 5.3.5 (/opt/ros/jazzy/share/sensor_msgs/cmake)
[0.959s] -- Found std_srvs: 5.3.5 (/opt/ros/jazzy/share/std_srvs/cmake)
[0.983s] -- Found rosidl_default_generators: 1.6.0 (/opt/ros/jazzy/share/rosidl_default_generators/cmake)
[0.996s] -- Found rosidl_adapter: 4.6.5 (/opt/ros/jazzy/share/rosidl_adapter/cmake)
[1.450s] -- Found ament_cmake_ros: 0.12.0 (/opt/ros/jazzy/share/ament_cmake_ros/cmake)
[1.787s] -- Using all available rosidl_typesupport_c: rosidl_typesupport_fastrtps_c;rosidl_typesupport_introspection_c
[1.928s] -- Using all available rosidl_typesupport_cpp: rosidl_typesupport_fastrtps_cpp;rosidl_typesupport_introspection_cpp
[1.931s] -- Found python_cmake_module: 0.11.1 (/opt/ros/jazzy/share/python_cmake_module/cmake)
[2.427s] -- Found Python3: /usr/bin/python3 (found version "3.12.3") found components: Interpreter Development NumPy Development.Module Development.Embed 
[2.540s] -- Found ament_lint_auto: 0.17.1 (/opt/ros/jazzy/share/ament_lint_auto/cmake)
[2.556s] -- Added test 'cppcheck' to perform static code analysis on C / C++ code
[2.557s] -- Configured cppcheck include dirs: 
[2.557s] -- Configured cppcheck exclude dirs and/or files: 
[2.558s] -- Added test 'lint_cmake' to check CMake code style
[2.559s] -- Added test 'uncrustify' to check C / C++ code style
[2.559s] -- Configured uncrustify additional arguments: 
[2.560s] -- Added test 'xmllint' to check XML markup files
[2.564s] -- Configuring done (2.5s)
[2.636s] -- Generating done (0.1s)
[2.652s] -- Build files have been written to: /home/tsi/ws_moveit2/build/move_relative_ur
[2.758s] [  2%] Built target move_relative_ur__rosidl_generator_type_description
[2.783s] [  2%] Built target ament_cmake_python_symlink_move_relative_ur
[2.798s] [  5%] Built target move_relative_ur__cpp
[2.804s] [ 18%] Built target move_relative_ur__rosidl_generator_c
[2.852s] [ 26%] Built target move_relative_ur__rosidl_typesupport_c
[2.854s] [ 36%] Built target move_relative_ur__rosidl_typesupport_cpp
[2.855s] [ 50%] Built target move_relative_ur__rosidl_typesupport_fastrtps_cpp
[2.855s] [ 50%] Built target move_relative_ur__rosidl_typesupport_introspection_cpp
[2.857s] [ 57%] Built target move_relative_ur__rosidl_typesupport_introspection_c
[2.861s] [ 65%] Built target move_relative_ur__rosidl_typesupport_fastrtps_c
[2.904s] [ 68%] Built target move_relative_ur
[2.905s] [ 68%] [32mBuilding CXX object CMakeFiles/robot_monitoring_node.dir/src/move_monitoring_node.cpp.o[0m
[2.916s] [ 71%] [32mBuilding CXX object CMakeFiles/move_relative_node.dir/src/move_relative.cpp.o[0m
[2.950s] [ 73%] Built target move_relative_ur__py
[2.998s] [ 78%] Built target move_relative_ur__rosidl_generator_py
[3.045s] [ 84%] Built target move_relative_ur_s__rosidl_typesupport_fastrtps_c
[3.053s] [ 89%] Built target move_relative_ur_s__rosidl_typesupport_c
[3.057s] [ 94%] Built target move_relative_ur_s__rosidl_typesupport_introspection_c
[3.234s] running egg_info
[3.276s] writing move_relative_ur.egg-info/PKG-INFO
[3.276s] writing dependency_links to move_relative_ur.egg-info/dependency_links.txt
[3.277s] writing top-level names to move_relative_ur.egg-info/top_level.txt
[3.413s] reading manifest file 'move_relative_ur.egg-info/SOURCES.txt'
[3.414s] writing manifest file 'move_relative_ur.egg-info/SOURCES.txt'
[3.483s] [ 94%] Built target ament_cmake_python_build_move_relative_ur_egg
[5.985s] [01m[K/home/tsi/ws_moveit2/src/move_relative_ur/src/move_monitoring_node.cpp:[m[K In member function â€˜[01m[Kvoid RobotMonitoringNode::[01;32m[KrobotProgramState[m[K(rclcpp::Client<std_srvs::srv::Trigger>::SharedFuture)[m[Kâ€™:
[5.985s] [01m[K/home/tsi/ws_moveit2/src/move_relative_ur/src/move_monitoring_node.cpp:82:32:[m[K [01;31m[Kerror: [m[Kâ€˜[01m[Kusing std::__shared_ptr_access<std_srvs::srv::Trigger_Response_<std::allocator<void> >, __gnu_cxx::_S_atomic, false, false>::element_type = struct std_srvs::srv::Trigger_Response_<std::allocator<void> >[m[Kâ€™ {aka â€˜[01m[Kstruct std_srvs::srv::Trigger_Response_<std::allocator<void> >[m[Kâ€™} has no member named â€˜[01m[Kstate[m[Kâ€™
[5.986s]    82 |             if(state_response->[01;31m[Kstate[m[K.state == "PAUSED" && safe_respones > 0)
[5.986s]       |                                [01;31m[K^~~~~[m[K
[9.321s] gmake[2]: *** [CMakeFiles/robot_monitoring_node.dir/build.make:76: CMakeFiles/robot_monitoring_node.dir/src/move_monitoring_node.cpp.o] Error 1
[9.322s] gmake[1]: *** [CMakeFiles/Makefile2:655: CMakeFiles/robot_monitoring_node.dir/all] Error 2
[9.322s] gmake[1]: *** Waiting for unfinished jobs....
[12.890s] [ 97%] [32m[1mLinking CXX executable move_relative_node[0m
[13.438s] [ 97%] Built target move_relative_node
[13.440s] gmake: *** [Makefile:146: all] Error 2
[13.444s] Invoked command in '/home/tsi/ws_moveit2/build/move_relative_ur' returned '2': CMAKE_PREFIX_PATH=${CMAKE_PREFIX_PATH}:/home/tsi/workspace/install/moveit_configs_utils:/opt/ros/jazzy DEBUGINFOD_URLS=https://debuginfod.ubuntu.com /usr/bin/cmake --build /home/tsi/ws_moveit2/build/move_relative_ur -- -j12 -l12
