[01m[K/home/tsi/ws_moveit2/src/move_relative_ur/src/move_monitoring_node.cpp:378:2:[m[K [01;31m[Kerror: [m[Kexpected â€˜[01m[K}[m[Kâ€™ at end of input
  378 | }
      |  [01;31m[K^[m[K
[01m[K/home/tsi/ws_moveit2/src/move_relative_ur/src/move_monitoring_node.cpp:17:49:[m[K [01;36m[Knote: [m[Kto match this â€˜[01m[K{[m[Kâ€™
   17 | class RobotMonitoringNode : public rclcpp::Node [01;36m[K{[m[K
      |                                                 [01;36m[K^[m[K
[01m[K/home/tsi/ws_moveit2/src/move_relative_ur/src/move_monitoring_node.cpp:[m[K In constructor â€˜[01m[KRobotMonitoringNode::[01;32m[KRobotMonitoringNode[m[K()[m[Kâ€™:
[01m[K/home/tsi/ws_moveit2/src/move_relative_ur/src/move_monitoring_node.cpp:21:13:[m[K [01;31m[Kerror: [m[Kâ€˜[01m[Krobot_mode_sub_[m[Kâ€™ was not declared in this scope
   21 |             [01;31m[Krobot_mode_sub_[m[K = this->create_client<ur_dashboard_msgs::srv::GetRobotMode>(
      |             [01;31m[K^~~~~~~~~~~~~~~[m[K
[01m[K/home/tsi/ws_moveit2/src/move_relative_ur/src/move_monitoring_node.cpp:26:13:[m[K [01;31m[Kerror: [m[Kâ€˜[01m[Ksafety_mode_sub_[m[Kâ€™ was not declared in this scope
   26 |             [01;31m[Ksafety_mode_sub_[m[K = this->create_client<ur_dashboard_msgs::srv::GetSafetyMode>(
      |             [01;31m[K^~~~~~~~~~~~~~~~[m[K
[01m[K/home/tsi/ws_moveit2/src/move_relative_ur/src/move_monitoring_node.cpp:31:13:[m[K [01;31m[Kerror: [m[Kâ€˜[01m[Krobot_mode_timer_[m[Kâ€™ was not declared in this scope
   31 |             [01;31m[Krobot_mode_timer_[m[K = this->create_wall_timer(
      |             [01;31m[K^~~~~~~~~~~~~~~~~[m[K
[01m[K/home/tsi/ws_moveit2/src/move_relative_ur/src/move_monitoring_node.cpp:33:49:[m[K [01;31m[Kerror: [m[Kâ€˜[01m[KrequestRobotMode[m[Kâ€™ is not a member of â€˜[01m[KRobotMonitoringNode[m[Kâ€™
   33 |                 std::bind(&RobotMonitoringNode::[01;31m[KrequestRobotMode[m[K, this));
      |                                                 [01;31m[K^~~~~~~~~~~~~~~~[m[K
[01m[K/home/tsi/ws_moveit2/src/move_relative_ur/src/move_monitoring_node.cpp:36:13:[m[K [01;31m[Kerror: [m[Kâ€˜[01m[Ksafety_mode_timer_[m[Kâ€™ was not declared in this scope
   36 |             [01;31m[Ksafety_mode_timer_[m[K = this->create_wall_timer(
      |             [01;31m[K^~~~~~~~~~~~~~~~~~[m[K
[01m[K/home/tsi/ws_moveit2/src/move_relative_ur/src/move_monitoring_node.cpp:38:49:[m[K [01;31m[Kerror: [m[Kâ€˜[01m[KrequestSafetyMode[m[Kâ€™ is not a member of â€˜[01m[KRobotMonitoringNode[m[Kâ€™
   38 |                 std::bind(&RobotMonitoringNode::[01;31m[KrequestSafetyMode[m[K, this));
      |                                                 [01;31m[K^~~~~~~~~~~~~~~~~[m[K
[01m[K/home/tsi/ws_moveit2/src/move_relative_ur/src/move_monitoring_node.cpp:42:13:[m[K [01;31m[Kerror: [m[Kâ€˜[01m[Kjoint_state_sub_[m[Kâ€™ was not declared in this scope
   42 |             [01;31m[Kjoint_state_sub_[m[K = this->create_subscription<sensor_msgs::msg::JointState>(
      |             [01;31m[K^~~~~~~~~~~~~~~~[m[K
[01m[K/home/tsi/ws_moveit2/src/move_relative_ur/src/move_monitoring_node.cpp:44:49:[m[K [01;31m[Kerror: [m[Kâ€˜[01m[KjointStateCallback[m[Kâ€™ is not a member of â€˜[01m[KRobotMonitoringNode[m[Kâ€™
   44 |                 std::bind(&RobotMonitoringNode::[01;31m[KjointStateCallback[m[K, this, std::placeholders::_1));
      |                                                 [01;31m[K^~~~~~~~~~~~~~~~~~[m[K
[01m[K/home/tsi/ws_moveit2/src/move_relative_ur/src/move_monitoring_node.cpp:47:13:[m[K [01;31m[Kerror: [m[Kâ€˜[01m[Kerror_pub_[m[Kâ€™ was not declared in this scope; did you mean â€˜[01m[Kerror_t[m[Kâ€™?
   47 |             [01;31m[Kerror_pub_[m[K = this->create_publisher<move_relative_ur::msg::ErrorMsg>("robot_monitoring", 10);
      |             [01;31m[K^~~~~~~~~~[m[K
      |             [32m[Kerror_t[m[K
[01m[K/home/tsi/ws_moveit2/src/move_relative_ur/src/move_monitoring_node.cpp:50:13:[m[K [01;31m[Kerror: [m[Kâ€˜[01m[Kfind_node_timer_[m[Kâ€™ was not declared in this scope; did you mean â€˜[01m[Knode_timers_[m[Kâ€™?
   50 |             [01;31m[Kfind_node_timer_[m[K = this->create_wall_timer(
      |             [01;31m[K^~~~~~~~~~~~~~~~[m[K
      |             [32m[Knode_timers_[m[K
[01m[K/home/tsi/ws_moveit2/src/move_relative_ur/src/move_monitoring_node.cpp:52:49:[m[K [01;31m[Kerror: [m[Kâ€˜[01m[KcheckIfVelNodeIsRunning[m[Kâ€™ is not a member of â€˜[01m[KRobotMonitoringNode[m[Kâ€™
   52 |                 std::bind(&RobotMonitoringNode::[01;31m[KcheckIfVelNodeIsRunning[m[K, this)
      |                                                 [01;31m[K^~~~~~~~~~~~~~~~~~~~~~~[m[K
[01m[K/home/tsi/ws_moveit2/src/move_relative_ur/src/move_monitoring_node.cpp:55:13:[m[K [01;31m[Kerror: [m[Kâ€˜[01m[Krobot_status_client_[m[Kâ€™ was not declared in this scope
   55 |             [01;31m[Krobot_status_client_[m[K = this->create_client<ur_dashboard_msgs::srv::IsProgramRunning>(
      |             [01;31m[K^~~~~~~~~~~~~~~~~~~~[m[K
[01m[K/home/tsi/ws_moveit2/src/move_relative_ur/src/move_monitoring_node.cpp:64:13:[m[K [01;31m[Kerror: [m[Kâ€˜[01m[Ktimer_[m[Kâ€™ was not declared in this scope; did you mean â€˜[01m[Ktimer_t[m[Kâ€™?
   64 |             [01;31m[Ktimer_[m[K = this->create_wall_timer(std::chrono::seconds(2),
      |             [01;31m[K^~~~~~[m[K
      |             [32m[Ktimer_t[m[K
[01m[K/home/tsi/ws_moveit2/src/move_relative_ur/src/move_monitoring_node.cpp:[m[K In member function â€˜[01m[Kvoid RobotMonitoringNode::[01;32m[KsendRobotStatusRequest[m[K()[m[Kâ€™:
[01m[K/home/tsi/ws_moveit2/src/move_relative_ur/src/move_monitoring_node.cpp:78:21:[m[K [01;31m[Kerror: [m[Kâ€˜[01m[Krobot_status_client_[m[Kâ€™ was not declared in this scope
   78 |             while (![01;31m[Krobot_status_client_[m[K->wait_for_service(std::chrono::seconds(1))) {
      |                     [01;31m[K^~~~~~~~~~~~~~~~~~~~[m[K
[01m[K/home/tsi/ws_moveit2/src/move_relative_ur/src/move_monitoring_node.cpp:83:34:[m[K [01;31m[Kerror: [m[Kâ€˜[01m[Krobot_status_client_[m[Kâ€™ was not declared in this scope
   83 |             auto future_result = [01;31m[Krobot_status_client_[m[K->async_send_request(request,
      |                                  [01;31m[K^~~~~~~~~~~~~~~~~~~~[m[K
[01m[K/home/tsi/ws_moveit2/src/move_relative_ur/src/move_monitoring_node.cpp:[m[K In member function â€˜[01m[Kvoid RobotMonitoringNode::[01;32m[KrobotProgramState[m[K(rclcpp::Client<ur_dashboard_msgs::srv::IsProgramRunning>::SharedFuture)[m[Kâ€™:
[01m[K/home/tsi/ws_moveit2/src/move_relative_ur/src/move_monitoring_node.cpp:134:42:[m[K [01;31m[Kerror: [m[Kâ€˜[01m[Krobot_status_client_[m[Kâ€™ was not declared in this scope
  134 |                      auto check_future = [01;31m[Krobot_status_client_[m[K->async_send_request(check_state_request);
      |                                          [01;31m[K^~~~~~~~~~~~~~~~~~~~[m[K
[01m[K/home/tsi/ws_moveit2/src/move_relative_ur/src/move_monitoring_node.cpp:151:36:[m[K [01;31m[Kerror: [m[Ka function-definition is not allowed here before â€˜[01m[K{[m[Kâ€™ token
  151 |     void checkIfVelNodeIsRunning() [01;31m[K{[m[K
      |                                    [01;31m[K^[m[K
[01m[K/home/tsi/ws_moveit2/src/move_relative_ur/src/move_monitoring_node.cpp:184:80:[m[K [01;31m[Kerror: [m[Ka function-definition is not allowed here before â€˜[01m[K{[m[Kâ€™ token
  184 |     void jointStateCallback(const sensor_msgs::msg::JointState::SharedPtr msg) [01;31m[K{[m[K
      |                                                                                [01;31m[K^[m[K
[01m[K/home/tsi/ws_moveit2/src/move_relative_ur/src/move_monitoring_node.cpp:230:57:[m[K [01;31m[Kerror: [m[Ka function-definition is not allowed here before â€˜[01m[K{[m[Kâ€™ token
  230 |     void sendErrorMessage(const std::string &error_msg) [01;31m[K{[m[K
      |                                                         [01;31m[K^[m[K
[01m[K/home/tsi/ws_moveit2/src/move_relative_ur/src/move_monitoring_node.cpp:242:29:[m[K [01;31m[Kerror: [m[Ka function-definition is not allowed here before â€˜[01m[K{[m[Kâ€™ token
  242 |     void requestRobotMode() [01;31m[K{[m[K
      |                             [01;31m[K^[m[K
[01m[K/home/tsi/ws_moveit2/src/move_relative_ur/src/move_monitoring_node.cpp:254:103:[m[K [01;31m[Kerror: [m[Ka function-definition is not allowed here before â€˜[01m[K{[m[Kâ€™ token
  254 |     void robotModeResponse(rclcpp::Client<ur_dashboard_msgs::srv::GetRobotMode>::SharedFuture future) [01;31m[K{[m[K
      |                                                                                                       [01;31m[K^[m[K
[01m[K/home/tsi/ws_moveit2/src/move_relative_ur/src/move_monitoring_node.cpp:279:30:[m[K [01;31m[Kerror: [m[Ka function-definition is not allowed here before â€˜[01m[K{[m[Kâ€™ token
  279 |     void requestSafetyMode() [01;31m[K{[m[K
      |                              [01;31m[K^[m[K
[01m[K/home/tsi/ws_moveit2/src/move_relative_ur/src/move_monitoring_node.cpp:293:105:[m[K [01;31m[Kerror: [m[Ka function-definition is not allowed here before â€˜[01m[K{[m[Kâ€™ token
  293 |     void safetyModeResponse(rclcpp::Client<ur_dashboard_msgs::srv::GetSafetyMode>::SharedFuture future) [01;31m[K{[m[K
      |                                                                                                         [01;31m[K^[m[K
[01m[K/home/tsi/ws_moveit2/src/move_relative_ur/src/move_monitoring_node.cpp:[m[K At global scope:
[01m[K/home/tsi/ws_moveit2/src/move_relative_ur/src/move_monitoring_node.cpp:378:2:[m[K [01;31m[Kerror: [m[Kexpected unqualified-id at end of input
  378 | }
      |  [01;31m[K^[m[K
gmake[2]: *** [CMakeFiles/robot_monitoring_node.dir/build.make:76: CMakeFiles/robot_monitoring_node.dir/src/move_monitoring_node.cpp.o] Error 1
gmake[1]: *** [CMakeFiles/Makefile2:655: CMakeFiles/robot_monitoring_node.dir/all] Error 2
gmake: *** [Makefile:146: all] Error 2
