[0.030s] Invoking command in '/home/tsi/ws_moveit2/build/move_relative_ur': CMAKE_PREFIX_PATH=${CMAKE_PREFIX_PATH}:/home/tsi/workspace/install/moveit_configs_utils:/opt/ros/jazzy DEBUGINFOD_URLS=https://debuginfod.ubuntu.com /usr/bin/cmake --build /home/tsi/ws_moveit2/build/move_relative_ur -- -j12 -l12
[0.169s] [  2%] Built target move_relative_ur__rosidl_generator_type_description
[0.210s] [ 15%] Built target move_relative_ur__rosidl_generator_c
[0.211s] [ 15%] Built target ament_cmake_python_symlink_move_relative_ur
[0.232s] [ 18%] Built target move_relative_ur__cpp
[0.258s] [ 26%] Built target move_relative_ur__rosidl_typesupport_introspection_c
[0.261s] [ 34%] Built target move_relative_ur__rosidl_typesupport_c
[0.261s] [ 42%] Built target move_relative_ur__rosidl_typesupport_fastrtps_c
[0.278s] [ 57%] Built target move_relative_ur__rosidl_typesupport_cpp
[0.278s] [ 57%] Built target move_relative_ur__rosidl_typesupport_introspection_cpp
[0.278s] [ 65%] Built target move_relative_ur__rosidl_typesupport_fastrtps_cpp
[0.317s] [ 65%] Built target move_relative_ur
[0.331s] [ 71%] Built target move_relative_node
[0.334s] [ 73%] [32mBuilding CXX object CMakeFiles/robot_monitoring_node.dir/src/move_monitoring_node.cpp.o[0m
[0.369s] [ 76%] Built target move_relative_ur__py
[0.439s] [ 81%] Built target move_relative_ur__rosidl_generator_py
[0.481s] [ 86%] Built target move_relative_ur_s__rosidl_typesupport_fastrtps_c
[0.499s] [ 92%] Built target move_relative_ur_s__rosidl_typesupport_introspection_c
[0.501s] [ 97%] Built target move_relative_ur_s__rosidl_typesupport_c
[0.635s] running egg_info
[0.675s] writing move_relative_ur.egg-info/PKG-INFO
[0.675s] writing dependency_links to move_relative_ur.egg-info/dependency_links.txt
[0.676s] writing top-level names to move_relative_ur.egg-info/top_level.txt
[0.806s] reading manifest file 'move_relative_ur.egg-info/SOURCES.txt'
[0.807s] writing manifest file 'move_relative_ur.egg-info/SOURCES.txt'
[0.872s] [ 97%] Built target ament_cmake_python_build_move_relative_ur_egg
[2.900s] [01m[K/home/tsi/ws_moveit2/src/move_relative_ur/src/move_monitoring_node.cpp:378:2:[m[K [01;31m[Kerror: [m[Kexpected â€˜[01m[K}[m[Kâ€™ at end of input
[2.900s]   378 | }
[2.900s]       |  [01;31m[K^[m[K
[2.901s] [01m[K/home/tsi/ws_moveit2/src/move_relative_ur/src/move_monitoring_node.cpp:17:49:[m[K [01;36m[Knote: [m[Kto match this â€˜[01m[K{[m[Kâ€™
[2.901s]    17 | class RobotMonitoringNode : public rclcpp::Node [01;36m[K{[m[K
[2.901s]       |                                                 [01;36m[K^[m[K
[2.911s] [01m[K/home/tsi/ws_moveit2/src/move_relative_ur/src/move_monitoring_node.cpp:[m[K In constructor â€˜[01m[KRobotMonitoringNode::[01;32m[KRobotMonitoringNode[m[K()[m[Kâ€™:
[2.911s] [01m[K/home/tsi/ws_moveit2/src/move_relative_ur/src/move_monitoring_node.cpp:21:13:[m[K [01;31m[Kerror: [m[Kâ€˜[01m[Krobot_mode_sub_[m[Kâ€™ was not declared in this scope
[2.911s]    21 |             [01;31m[Krobot_mode_sub_[m[K = this->create_client<ur_dashboard_msgs::srv::GetRobotMode>(
[2.912s]       |             [01;31m[K^~~~~~~~~~~~~~~[m[K
[2.938s] [01m[K/home/tsi/ws_moveit2/src/move_relative_ur/src/move_monitoring_node.cpp:26:13:[m[K [01;31m[Kerror: [m[Kâ€˜[01m[Ksafety_mode_sub_[m[Kâ€™ was not declared in this scope
[2.939s]    26 |             [01;31m[Ksafety_mode_sub_[m[K = this->create_client<ur_dashboard_msgs::srv::GetSafetyMode>(
[2.939s]       |             [01;31m[K^~~~~~~~~~~~~~~~[m[K
[2.958s] [01m[K/home/tsi/ws_moveit2/src/move_relative_ur/src/move_monitoring_node.cpp:31:13:[m[K [01;31m[Kerror: [m[Kâ€˜[01m[Krobot_mode_timer_[m[Kâ€™ was not declared in this scope
[2.958s]    31 |             [01;31m[Krobot_mode_timer_[m[K = this->create_wall_timer(
[2.959s]       |             [01;31m[K^~~~~~~~~~~~~~~~~[m[K
[2.959s] [01m[K/home/tsi/ws_moveit2/src/move_relative_ur/src/move_monitoring_node.cpp:33:49:[m[K [01;31m[Kerror: [m[Kâ€˜[01m[KrequestRobotMode[m[Kâ€™ is not a member of â€˜[01m[KRobotMonitoringNode[m[Kâ€™
[2.960s]    33 |                 std::bind(&RobotMonitoringNode::[01;31m[KrequestRobotMode[m[K, this));
[2.960s]       |                                                 [01;31m[K^~~~~~~~~~~~~~~~[m[K
[2.969s] [01m[K/home/tsi/ws_moveit2/src/move_relative_ur/src/move_monitoring_node.cpp:36:13:[m[K [01;31m[Kerror: [m[Kâ€˜[01m[Ksafety_mode_timer_[m[Kâ€™ was not declared in this scope
[2.969s]    36 |             [01;31m[Ksafety_mode_timer_[m[K = this->create_wall_timer(
[2.969s]       |             [01;31m[K^~~~~~~~~~~~~~~~~~[m[K
[2.969s] [01m[K/home/tsi/ws_moveit2/src/move_relative_ur/src/move_monitoring_node.cpp:38:49:[m[K [01;31m[Kerror: [m[Kâ€˜[01m[KrequestSafetyMode[m[Kâ€™ is not a member of â€˜[01m[KRobotMonitoringNode[m[Kâ€™
[2.969s]    38 |                 std::bind(&RobotMonitoringNode::[01;31m[KrequestSafetyMode[m[K, this));
[2.970s]       |                                                 [01;31m[K^~~~~~~~~~~~~~~~~[m[K
[2.978s] [01m[K/home/tsi/ws_moveit2/src/move_relative_ur/src/move_monitoring_node.cpp:42:13:[m[K [01;31m[Kerror: [m[Kâ€˜[01m[Kjoint_state_sub_[m[Kâ€™ was not declared in this scope
[2.978s]    42 |             [01;31m[Kjoint_state_sub_[m[K = this->create_subscription<sensor_msgs::msg::JointState>(
[2.978s]       |             [01;31m[K^~~~~~~~~~~~~~~~[m[K
[2.978s] [01m[K/home/tsi/ws_moveit2/src/move_relative_ur/src/move_monitoring_node.cpp:44:49:[m[K [01;31m[Kerror: [m[Kâ€˜[01m[KjointStateCallback[m[Kâ€™ is not a member of â€˜[01m[KRobotMonitoringNode[m[Kâ€™
[2.979s]    44 |                 std::bind(&RobotMonitoringNode::[01;31m[KjointStateCallback[m[K, this, std::placeholders::_1));
[2.979s]       |                                                 [01;31m[K^~~~~~~~~~~~~~~~~~[m[K
[2.985s] [01m[K/home/tsi/ws_moveit2/src/move_relative_ur/src/move_monitoring_node.cpp:47:13:[m[K [01;31m[Kerror: [m[Kâ€˜[01m[Kerror_pub_[m[Kâ€™ was not declared in this scope; did you mean â€˜[01m[Kerror_t[m[Kâ€™?
[2.985s]    47 |             [01;31m[Kerror_pub_[m[K = this->create_publisher<move_relative_ur::msg::ErrorMsg>("robot_monitoring", 10);
[2.985s]       |             [01;31m[K^~~~~~~~~~[m[K
[2.986s]       |             [32m[Kerror_t[m[K
[2.996s] [01m[K/home/tsi/ws_moveit2/src/move_relative_ur/src/move_monitoring_node.cpp:50:13:[m[K [01;31m[Kerror: [m[Kâ€˜[01m[Kfind_node_timer_[m[Kâ€™ was not declared in this scope; did you mean â€˜[01m[Knode_timers_[m[Kâ€™?
[2.996s]    50 |             [01;31m[Kfind_node_timer_[m[K = this->create_wall_timer(
[2.997s]       |             [01;31m[K^~~~~~~~~~~~~~~~[m[K
[2.997s]       |             [32m[Knode_timers_[m[K
[2.997s] [01m[K/home/tsi/ws_moveit2/src/move_relative_ur/src/move_monitoring_node.cpp:52:49:[m[K [01;31m[Kerror: [m[Kâ€˜[01m[KcheckIfVelNodeIsRunning[m[Kâ€™ is not a member of â€˜[01m[KRobotMonitoringNode[m[Kâ€™
[2.998s]    52 |                 std::bind(&RobotMonitoringNode::[01;31m[KcheckIfVelNodeIsRunning[m[K, this)
[2.998s]       |                                                 [01;31m[K^~~~~~~~~~~~~~~~~~~~~~~[m[K
[3.007s] [01m[K/home/tsi/ws_moveit2/src/move_relative_ur/src/move_monitoring_node.cpp:55:13:[m[K [01;31m[Kerror: [m[Kâ€˜[01m[Krobot_status_client_[m[Kâ€™ was not declared in this scope
[3.007s]    55 |             [01;31m[Krobot_status_client_[m[K = this->create_client<ur_dashboard_msgs::srv::IsProgramRunning>(
[3.007s]       |             [01;31m[K^~~~~~~~~~~~~~~~~~~~[m[K
[3.015s] [01m[K/home/tsi/ws_moveit2/src/move_relative_ur/src/move_monitoring_node.cpp:64:13:[m[K [01;31m[Kerror: [m[Kâ€˜[01m[Ktimer_[m[Kâ€™ was not declared in this scope; did you mean â€˜[01m[Ktimer_t[m[Kâ€™?
[3.016s]    64 |             [01;31m[Ktimer_[m[K = this->create_wall_timer(std::chrono::seconds(2),
[3.016s]       |             [01;31m[K^~~~~~[m[K
[3.016s]       |             [32m[Ktimer_t[m[K
[3.036s] [01m[K/home/tsi/ws_moveit2/src/move_relative_ur/src/move_monitoring_node.cpp:[m[K In member function â€˜[01m[Kvoid RobotMonitoringNode::[01;32m[KsendRobotStatusRequest[m[K()[m[Kâ€™:
[3.036s] [01m[K/home/tsi/ws_moveit2/src/move_relative_ur/src/move_monitoring_node.cpp:78:21:[m[K [01;31m[Kerror: [m[Kâ€˜[01m[Krobot_status_client_[m[Kâ€™ was not declared in this scope
[3.037s]    78 |             while (![01;31m[Krobot_status_client_[m[K->wait_for_service(std::chrono::seconds(1))) {
[3.037s]       |                     [01;31m[K^~~~~~~~~~~~~~~~~~~~[m[K
[3.048s] [01m[K/home/tsi/ws_moveit2/src/move_relative_ur/src/move_monitoring_node.cpp:83:34:[m[K [01;31m[Kerror: [m[Kâ€˜[01m[Krobot_status_client_[m[Kâ€™ was not declared in this scope
[3.048s]    83 |             auto future_result = [01;31m[Krobot_status_client_[m[K->async_send_request(request,
[3.049s]       |                                  [01;31m[K^~~~~~~~~~~~~~~~~~~~[m[K
[3.070s] [01m[K/home/tsi/ws_moveit2/src/move_relative_ur/src/move_monitoring_node.cpp:[m[K In member function â€˜[01m[Kvoid RobotMonitoringNode::[01;32m[KrobotProgramState[m[K(rclcpp::Client<ur_dashboard_msgs::srv::IsProgramRunning>::SharedFuture)[m[Kâ€™:
[3.070s] [01m[K/home/tsi/ws_moveit2/src/move_relative_ur/src/move_monitoring_node.cpp:134:42:[m[K [01;31m[Kerror: [m[Kâ€˜[01m[Krobot_status_client_[m[Kâ€™ was not declared in this scope
[3.070s]   134 |                      auto check_future = [01;31m[Krobot_status_client_[m[K->async_send_request(check_state_request);
[3.071s]       |                                          [01;31m[K^~~~~~~~~~~~~~~~~~~~[m[K
[3.071s] [01m[K/home/tsi/ws_moveit2/src/move_relative_ur/src/move_monitoring_node.cpp:151:36:[m[K [01;31m[Kerror: [m[Ka function-definition is not allowed here before â€˜[01m[K{[m[Kâ€™ token
[3.071s]   151 |     void checkIfVelNodeIsRunning() [01;31m[K{[m[K
[3.072s]       |                                    [01;31m[K^[m[K
[3.072s] [01m[K/home/tsi/ws_moveit2/src/move_relative_ur/src/move_monitoring_node.cpp:184:80:[m[K [01;31m[Kerror: [m[Ka function-definition is not allowed here before â€˜[01m[K{[m[Kâ€™ token
[3.072s]   184 |     void jointStateCallback(const sensor_msgs::msg::JointState::SharedPtr msg) [01;31m[K{[m[K
[3.073s]       |                                                                                [01;31m[K^[m[K
[3.073s] [01m[K/home/tsi/ws_moveit2/src/move_relative_ur/src/move_monitoring_node.cpp:230:57:[m[K [01;31m[Kerror: [m[Ka function-definition is not allowed here before â€˜[01m[K{[m[Kâ€™ token
[3.073s]   230 |     void sendErrorMessage(const std::string &error_msg) [01;31m[K{[m[K
[3.074s]       |                                                         [01;31m[K^[m[K
[3.074s] [01m[K/home/tsi/ws_moveit2/src/move_relative_ur/src/move_monitoring_node.cpp:242:29:[m[K [01;31m[Kerror: [m[Ka function-definition is not allowed here before â€˜[01m[K{[m[Kâ€™ token
[3.074s]   242 |     void requestRobotMode() [01;31m[K{[m[K
[3.075s]       |                             [01;31m[K^[m[K
[3.075s] [01m[K/home/tsi/ws_moveit2/src/move_relative_ur/src/move_monitoring_node.cpp:254:103:[m[K [01;31m[Kerror: [m[Ka function-definition is not allowed here before â€˜[01m[K{[m[Kâ€™ token
[3.075s]   254 |     void robotModeResponse(rclcpp::Client<ur_dashboard_msgs::srv::GetRobotMode>::SharedFuture future) [01;31m[K{[m[K
[3.076s]       |                                                                                                       [01;31m[K^[m[K
[3.076s] [01m[K/home/tsi/ws_moveit2/src/move_relative_ur/src/move_monitoring_node.cpp:279:30:[m[K [01;31m[Kerror: [m[Ka function-definition is not allowed here before â€˜[01m[K{[m[Kâ€™ token
[3.076s]   279 |     void requestSafetyMode() [01;31m[K{[m[K
[3.076s]       |                              [01;31m[K^[m[K
[3.077s] [01m[K/home/tsi/ws_moveit2/src/move_relative_ur/src/move_monitoring_node.cpp:293:105:[m[K [01;31m[Kerror: [m[Ka function-definition is not allowed here before â€˜[01m[K{[m[Kâ€™ token
[3.077s]   293 |     void safetyModeResponse(rclcpp::Client<ur_dashboard_msgs::srv::GetSafetyMode>::SharedFuture future) [01;31m[K{[m[K
[3.077s]       |                                                                                                         [01;31m[K^[m[K
[3.098s] [01m[K/home/tsi/ws_moveit2/src/move_relative_ur/src/move_monitoring_node.cpp:[m[K At global scope:
[3.098s] [01m[K/home/tsi/ws_moveit2/src/move_relative_ur/src/move_monitoring_node.cpp:378:2:[m[K [01;31m[Kerror: [m[Kexpected unqualified-id at end of input
[3.099s]   378 | }
[3.099s]       |  [01;31m[K^[m[K
[4.465s] gmake[2]: *** [CMakeFiles/robot_monitoring_node.dir/build.make:76: CMakeFiles/robot_monitoring_node.dir/src/move_monitoring_node.cpp.o] Error 1
[4.466s] gmake[1]: *** [CMakeFiles/Makefile2:655: CMakeFiles/robot_monitoring_node.dir/all] Error 2
[4.466s] gmake: *** [Makefile:146: all] Error 2
[4.472s] Invoked command in '/home/tsi/ws_moveit2/build/move_relative_ur' returned '2': CMAKE_PREFIX_PATH=${CMAKE_PREFIX_PATH}:/home/tsi/workspace/install/moveit_configs_utils:/opt/ros/jazzy DEBUGINFOD_URLS=https://debuginfod.ubuntu.com /usr/bin/cmake --build /home/tsi/ws_moveit2/build/move_relative_ur -- -j12 -l12
