[0.037s] Invoking command in '/home/tsi/ws_moveit2/build/move_relative_ur': CMAKE_PREFIX_PATH=${CMAKE_PREFIX_PATH}:/home/tsi/workspace/install/moveit_configs_utils:/opt/ros/jazzy DEBUGINFOD_URLS=https://debuginfod.ubuntu.com /usr/bin/cmake --build /home/tsi/ws_moveit2/build/move_relative_ur -- -j12 -l12
[0.191s] [  2%] Built target move_relative_ur__rosidl_generator_type_description
[0.207s] [  2%] Built target ament_cmake_python_symlink_move_relative_ur
[0.238s] [  5%] Built target move_relative_ur__cpp
[0.250s] [ 18%] Built target move_relative_ur__rosidl_generator_c
[0.294s] [ 26%] Built target move_relative_ur__rosidl_typesupport_cpp
[0.296s] [ 34%] Built target move_relative_ur__rosidl_typesupport_c
[0.299s] [ 42%] Built target move_relative_ur__rosidl_typesupport_fastrtps_cpp
[0.300s] [ 57%] Built target move_relative_ur__rosidl_typesupport_introspection_c
[0.301s] [ 57%] Built target move_relative_ur__rosidl_typesupport_fastrtps_c
[0.301s] [ 65%] Built target move_relative_ur__rosidl_typesupport_introspection_cpp
[0.347s] [ 65%] Built target move_relative_ur
[0.360s] [ 68%] [32mBuilding CXX object CMakeFiles/robot_monitoring_node.dir/src/move_monitoring_node.cpp.o[0m
[0.366s] [ 71%] [32mBuilding CXX object CMakeFiles/move_relative_node.dir/src/move_relative.cpp.o[0m
[0.386s] [ 73%] Built target move_relative_ur__py
[0.452s] [ 78%] Built target move_relative_ur__rosidl_generator_py
[0.496s] [ 84%] Built target move_relative_ur_s__rosidl_typesupport_c
[0.500s] [ 89%] Built target move_relative_ur_s__rosidl_typesupport_introspection_c
[0.505s] [ 94%] Built target move_relative_ur_s__rosidl_typesupport_fastrtps_c
[0.815s] running egg_info
[0.843s] [01m[K/home/tsi/ws_moveit2/src/move_relative_ur/src/move_monitoring_node.cpp:8:10:[m[K [01;31m[Kfatal error: [m[Kur_dashboard_msgs/srv/play.hpp: No such file or directory
[0.843s]     8 | #include [01;31m[K"ur_dashboard_msgs/srv/play.hpp"[m[K
[0.843s]       |          [01;31m[K^~~~~~~~~~~~~~~~~~~~~~~~~~~~~~~~[m[K
[0.844s] compilation terminated.
[0.847s] gmake[2]: *** [CMakeFiles/robot_monitoring_node.dir/build.make:76: CMakeFiles/robot_monitoring_node.dir/src/move_monitoring_node.cpp.o] Error 1
[0.847s] gmake[1]: *** [CMakeFiles/Makefile2:655: CMakeFiles/robot_monitoring_node.dir/all] Error 2
[0.848s] gmake[1]: *** Waiting for unfinished jobs....
[0.872s] writing move_relative_ur.egg-info/PKG-INFO
[0.872s] writing dependency_links to move_relative_ur.egg-info/dependency_links.txt
[0.873s] writing top-level names to move_relative_ur.egg-info/top_level.txt
[1.010s] reading manifest file 'move_relative_ur.egg-info/SOURCES.txt'
[1.011s] writing manifest file 'move_relative_ur.egg-info/SOURCES.txt'
[1.072s] [ 94%] Built target ament_cmake_python_build_move_relative_ur_egg
[3.156s] [01m[K/home/tsi/ws_moveit2/src/move_relative_ur/src/move_relative.cpp:55:43:[m[K [01;31m[Kerror: [m[Kâ€˜[01m[Kur_dashboard_msgs[m[Kâ€™ was not declared in this scope
[3.157s]    55 |     void robotProgramState(rclcpp::Client<[01;31m[Kur_dashboard_msgs[m[K::srv::GetProgramState>::SharedFuture future)
[3.157s]       |                                           [01;31m[K^~~~~~~~~~~~~~~~~[m[K
[3.157s] [01m[K/home/tsi/ws_moveit2/src/move_relative_ur/src/move_relative.cpp:55:82:[m[K [01;31m[Kerror: [m[Ktemplate argument 1 is invalid
[3.158s]    55 |     void robotProgramState(rclcpp::Client<ur_dashboard_msgs::srv::GetProgramState[01;31m[K>[m[K::SharedFuture future)
[3.158s]       |                                                                                  [01;31m[K^[m[K
[3.166s] [01m[K/home/tsi/ws_moveit2/src/move_relative_ur/src/move_relative.cpp:55:43:[m[K [01;31m[Kerror: [m[Kâ€˜[01m[Kur_dashboard_msgs[m[Kâ€™ was not declared in this scope
[3.167s]    55 |     void robotProgramState(rclcpp::Client<[01;31m[Kur_dashboard_msgs[m[K::srv::GetProgramState>::SharedFuture future)
[3.167s]       |                                           [01;31m[K^~~~~~~~~~~~~~~~~[m[K
[3.167s] [01m[K/home/tsi/ws_moveit2/src/move_relative_ur/src/move_relative.cpp:55:82:[m[K [01;31m[Kerror: [m[Ktemplate argument 1 is invalid
[3.167s]    55 |     void robotProgramState(rclcpp::Client<ur_dashboard_msgs::srv::GetProgramState[01;31m[K>[m[K::SharedFuture future)
[3.167s]       |                                                                                  [01;31m[K^[m[K
[3.178s] [01m[K/home/tsi/ws_moveit2/src/move_relative_ur/src/move_relative.cpp:55:43:[m[K [01;31m[Kerror: [m[Kâ€˜[01m[Kur_dashboard_msgs[m[Kâ€™ was not declared in this scope
[3.178s]    55 |     void robotProgramState(rclcpp::Client<[01;31m[Kur_dashboard_msgs[m[K::srv::GetProgramState>::SharedFuture future)
[3.178s]       |                                           [01;31m[K^~~~~~~~~~~~~~~~~[m[K
[3.179s] [01m[K/home/tsi/ws_moveit2/src/move_relative_ur/src/move_relative.cpp:55:82:[m[K [01;31m[Kerror: [m[Ktemplate argument 1 is invalid
[3.179s]    55 |     void robotProgramState(rclcpp::Client<ur_dashboard_msgs::srv::GetProgramState[01;31m[K>[m[K::SharedFuture future)
[3.179s]       |                                                                                  [01;31m[K^[m[K
[3.179s] [01m[K/home/tsi/ws_moveit2/src/move_relative_ur/src/move_relative.cpp:55:28:[m[K [01;31m[Kerror: [m[Kinvalid template-id
[3.180s]    55 |     void robotProgramState([01;31m[Krclcpp[m[K::Client<ur_dashboard_msgs::srv::GetProgramState>::SharedFuture future)
[3.180s]       |                            [01;31m[K^~~~~~[m[K
[3.180s] [01m[K/home/tsi/ws_moveit2/src/move_relative_ur/src/move_relative.cpp:55:43:[m[K [01;31m[Kerror: [m[Kâ€˜[01m[Kur_dashboard_msgs[m[Kâ€™ has not been declared
[3.181s]    55 |     void robotProgramState(rclcpp::Client<[01;31m[Kur_dashboard_msgs[m[K::srv::GetProgramState>::SharedFuture future)
[3.181s]       |                                           [01;31m[K^~~~~~~~~~~~~~~~~[m[K
[3.181s] [01m[K/home/tsi/ws_moveit2/src/move_relative_ur/src/move_relative.cpp:55:98:[m[K [01;31m[Kerror: [m[Kexpected unqualified-id before â€˜[01m[Kfuture[m[Kâ€™
[3.181s]    55 |     void robotProgramState(rclcpp::Client<ur_dashboard_msgs::srv::GetProgramState>::SharedFuture [01;31m[Kfuture[m[K)
[3.182s]       |                                                                                                  [01;31m[K^~~~~~[m[K
[3.182s] [01m[K/home/tsi/ws_moveit2/src/move_relative_ur/src/move_relative.cpp:55:97:[m[K [01;31m[Kerror: [m[Kexpected â€˜[01m[K)[m[Kâ€™ before â€˜[01m[Kfuture[m[Kâ€™
[3.182s]    55 |     void robotProgramState[34m[K([m[Krclcpp::Client<ur_dashboard_msgs::srv::GetProgramState>::SharedFuture[01;31m[K [m[K[32m[Kfuture[m[K)
[3.182s]       |                           [34m[K~[m[K                                                                     [01;31m[K^[m[K[32m[K~~~~~~[m[K
[3.183s]       |                                                                                                 [32m[K)[m[K
[3.183s] [01m[K/home/tsi/ws_moveit2/src/move_relative_ur/src/move_relative.cpp:55:85:[m[K [01;31m[Kerror: [m[Kexpected â€˜[01m[K;[m[Kâ€™ at end of member declaration
[3.183s]    55 |     void robotProgramState(rclcpp::Client<ur_dashboard_msgs::srv::GetProgramState>::[01;31m[KSharedFuture[m[K future)
[3.183s]       |                                                                                     [01;31m[K^~~~~~~~~~~~[m[K
[3.184s]       |                                                                                                 [32m[K;[m[K
[3.184s] [01m[K/home/tsi/ws_moveit2/src/move_relative_ur/src/move_relative.cpp:55:98:[m[K [01;31m[Kerror: [m[Kâ€˜[01m[Kfuture[m[Kâ€™ does not name a type
[3.184s]    55 |     void robotProgramState(rclcpp::Client<ur_dashboard_msgs::srv::GetProgramState>::SharedFuture [01;31m[Kfuture[m[K)
[3.185s]       |                                                                                                  [01;31m[K^~~~~~[m[K
[3.238s] [01m[K/home/tsi/ws_moveit2/src/move_relative_ur/src/move_relative.cpp:[m[K In member function â€˜[01m[Kvoid URScriptRelativeMove::[01;32m[KsendRobotStatusRequest[m[K()[m[Kâ€™:
[3.239s] [01m[K/home/tsi/ws_moveit2/src/move_relative_ur/src/move_relative.cpp:43:41:[m[K [01;31m[Kerror: [m[Kâ€˜[01m[Kur_dashboard_msgs[m[Kâ€™ was not declared in this scope
[3.239s]    43 |         auto request = std::make_shared<[01;31m[Kur_dashboard_msgs[m[K::srv::GetProgramState::Request>();
[3.240s]       |                                         [01;31m[K^~~~~~~~~~~~~~~~~[m[K
[3.240s] [01m[K/home/tsi/ws_moveit2/src/move_relative_ur/src/move_relative.cpp:43:29:[m[K [01;31m[Kerror: [m[Kparse error in template argument list
[3.240s]    43 |         auto request = std::[01;31m[Kmake_shared<ur_dashboard_msgs::srv::GetProgramState::Request>[m[K();
[3.241s]       |                             [01;31m[K^~~~~~~~~~~~~~~~~~~~~~~~~~~~~~~~~~~~~~~~~~~~~~~~~~~~~~~~~~~~~[m[K
[3.241s] [01m[K/home/tsi/ws_moveit2/src/move_relative_ur/src/move_relative.cpp:43:90:[m[K [01;31m[Kerror: [m[Kno matching function for call to â€˜[01m[Kmake_shared<<expression error> >()[m[Kâ€™
[3.241s]    43 |         auto request = [01;31m[Kstd::make_shared<ur_dashboard_msgs::srv::GetProgramState::Request>()[m[K;
[3.242s]       |                        [01;31m[K~~~~~~~~~~~~~~~~~~~~~~~~~~~~~~~~~~~~~~~~~~~~~~~~~~~~~~~~~~~~~~~~~~^~[m[K
[3.242s] In file included from [01m[K/usr/include/c++/13/memory:80[m[K,
[3.242s]                  from [01m[K/opt/ros/jazzy/include/rclcpp/rclcpp/rclcpp.hpp:169[m[K,
[3.243s]                  from [01m[K/home/tsi/ws_moveit2/src/move_relative_ur/src/move_relative.cpp:1[m[K:
[3.243s] [01m[K/usr/include/c++/13/bits/shared_ptr.h:1005:5:[m[K [01;36m[Knote: [m[Kcandidate: â€˜[01m[Ktemplate<class _Tp, class ... _Args> std::shared_ptr<typename std::enable_if<(! std::is_array< <template-parameter-1-1> >::value), _Tp>::type> std::[01;32m[Kmake_shared[m[K(_Args&& ...)[m[Kâ€™
[3.243s]  1005 |     [01;36m[Kmake_shared[m[K(_Args&&... __args)
[3.244s]       |     [01;36m[K^~~~~~~~~~~[m[K
[3.244s] [01m[K/usr/include/c++/13/bits/shared_ptr.h:1005:5:[m[K [01;36m[Knote: [m[K  template argument deduction/substitution failed:
[3.244s] [01m[K/home/tsi/ws_moveit2/src/move_relative_ur/src/move_relative.cpp:43:90:[m[K [01;31m[Kerror: [m[Ktemplate argument 1 is invalid
[3.245s]    43 |         auto request = [01;31m[Kstd::make_shared<ur_dashboard_msgs::srv::GetProgramState::Request>()[m[K;
[3.245s]       |                        [01;31m[K~~~~~~~~~~~~~~~~~~~~~~~~~~~~~~~~~~~~~~~~~~~~~~~~~~~~~~~~~~~~~~~~~~^~[m[K
[3.252s] [01m[K/home/tsi/ws_moveit2/src/move_relative_ur/src/move_relative.cpp:46:17:[m[K [01;31m[Kerror: [m[Kâ€˜[01m[Krobot_status_client_[m[Kâ€™ was not declared in this scope
[3.253s]    46 |         while (![01;31m[Krobot_status_client_[m[K->wait_for_service(std::chrono::seconds(1))) {
[3.253s]       |                 [01;31m[K^~~~~~~~~~~~~~~~~~~~[m[K
[3.266s] [01m[K/home/tsi/ws_moveit2/src/move_relative_ur/src/move_relative.cpp:51:30:[m[K [01;31m[Kerror: [m[Kâ€˜[01m[Krobot_status_client_[m[Kâ€™ was not declared in this scope
[3.266s]    51 |         auto future_result = [01;31m[Krobot_status_client_[m[K->async_send_request(request,
[3.266s]       |                              [01;31m[K^~~~~~~~~~~~~~~~~~~~[m[K
[5.872s] gmake[2]: *** [CMakeFiles/move_relative_node.dir/build.make:76: CMakeFiles/move_relative_node.dir/src/move_relative.cpp.o] Error 1
[5.872s] gmake[1]: *** [CMakeFiles/Makefile2:627: CMakeFiles/move_relative_node.dir/all] Error 2
[5.873s] gmake: *** [Makefile:146: all] Error 2
[5.878s] Invoked command in '/home/tsi/ws_moveit2/build/move_relative_ur' returned '2': CMAKE_PREFIX_PATH=${CMAKE_PREFIX_PATH}:/home/tsi/workspace/install/moveit_configs_utils:/opt/ros/jazzy DEBUGINFOD_URLS=https://debuginfod.ubuntu.com /usr/bin/cmake --build /home/tsi/ws_moveit2/build/move_relative_ur -- -j12 -l12
