[  2%] Built target move_relative_ur__rosidl_generator_type_description
[  2%] Built target ament_cmake_python_symlink_move_relative_ur
[  5%] Built target move_relative_ur__cpp
[ 18%] Built target move_relative_ur__rosidl_generator_c
[ 26%] Built target move_relative_ur__rosidl_typesupport_introspection_c
[ 34%] Built target move_relative_ur__rosidl_typesupport_c
[ 42%] Built target move_relative_ur__rosidl_typesupport_cpp
[ 50%] Built target move_relative_ur__rosidl_typesupport_fastrtps_c
[ 57%] Built target move_relative_ur__rosidl_typesupport_introspection_cpp
[ 65%] Built target move_relative_ur__rosidl_typesupport_fastrtps_cpp
[ 65%] Built target move_relative_ur
[ 68%] [32mBuilding CXX object CMakeFiles/robot_monitoring_node.dir/src/move_monitoring_node.cpp.o[0m
[ 71%] [32mBuilding CXX object CMakeFiles/move_relative_node.dir/src/move_relative.cpp.o[0m
[ 73%] Built target move_relative_ur__py
[ 78%] Built target move_relative_ur__rosidl_generator_py
[ 84%] Built target move_relative_ur_s__rosidl_typesupport_introspection_c
[ 89%] Built target move_relative_ur_s__rosidl_typesupport_fastrtps_c
[ 94%] Built target move_relative_ur_s__rosidl_typesupport_c
running egg_info
writing move_relative_ur.egg-info/PKG-INFO
writing dependency_links to move_relative_ur.egg-info/dependency_links.txt
writing top-level names to move_relative_ur.egg-info/top_level.txt
reading manifest file 'move_relative_ur.egg-info/SOURCES.txt'
writing manifest file 'move_relative_ur.egg-info/SOURCES.txt'
[ 94%] Built target ament_cmake_python_build_move_relative_ur_egg
gmake[1]: *** [CMakeFiles/Makefile2:627: CMakeFiles/move_relative_node.dir/all] Killed
gmake[1]: *** Waiting for unfinished jobs....
[ 97%] [32m[1mLinking CXX executable robot_monitoring_node[0m
[ 97%] Built target robot_monitoring_node
gmake: *** [Makefile:146: all] Error 2
