[0.039s] Invoking command in '/home/tsi/ws_moveit2/build/move_relative_ur': CMAKE_PREFIX_PATH=${CMAKE_PREFIX_PATH}:/home/tsi/workspace/install/moveit_configs_utils:/opt/ros/jazzy DEBUGINFOD_URLS=https://debuginfod.ubuntu.com /usr/bin/cmake --build /home/tsi/ws_moveit2/build/move_relative_ur -- -j12 -l12
[0.214s] [  0%] Built target ament_cmake_python_symlink_move_relative_ur
[0.222s] [  2%] Built target move_relative_ur__rosidl_generator_type_description
[0.262s] [ 15%] Built target move_relative_ur__rosidl_generator_c
[0.277s] [ 18%] Built target move_relative_ur__cpp
[0.332s] [ 26%] Built target move_relative_ur__rosidl_typesupport_fastrtps_c
[0.340s] [ 34%] Built target move_relative_ur__rosidl_typesupport_introspection_c
[0.342s] [ 42%] Built target move_relative_ur__rosidl_typesupport_introspection_cpp
[0.343s] [ 50%] Built target move_relative_ur__rosidl_typesupport_cpp
[0.347s] [ 57%] Built target move_relative_ur__rosidl_typesupport_c
[0.348s] [ 65%] Built target move_relative_ur__rosidl_typesupport_fastrtps_cpp
[0.388s] [ 65%] Built target move_relative_ur
[0.399s] [ 68%] [32mBuilding CXX object CMakeFiles/robot_monitoring_node.dir/src/move_monitoring_node.cpp.o[0m
[0.402s] [ 71%] [32mBuilding CXX object CMakeFiles/move_relative_node.dir/src/move_relative.cpp.o[0m
[0.445s] [ 73%] Built target move_relative_ur__py
[0.519s] [ 78%] Built target move_relative_ur__rosidl_generator_py
[0.579s] [ 84%] Built target move_relative_ur_s__rosidl_typesupport_fastrtps_c
[0.582s] [ 89%] Built target move_relative_ur_s__rosidl_typesupport_c
[0.583s] [ 94%] Built target move_relative_ur_s__rosidl_typesupport_introspection_c
[0.748s] running egg_info
[0.795s] writing move_relative_ur.egg-info/PKG-INFO
[0.796s] writing dependency_links to move_relative_ur.egg-info/dependency_links.txt
[0.796s] writing top-level names to move_relative_ur.egg-info/top_level.txt
[0.883s] [01m[K/home/tsi/ws_moveit2/src/move_relative_ur/src/move_monitoring_node.cpp:8:10:[m[K [01;31m[Kfatal error: [m[Kur_dashboard_msgs/srv/play.hpp: No such file or directory
[0.883s]     8 | #include [01;31m[K"ur_dashboard_msgs/srv/play.hpp"[m[K
[0.884s]       |          [01;31m[K^~~~~~~~~~~~~~~~~~~~~~~~~~~~~~~~[m[K
[0.884s] compilation terminated.
[0.888s] gmake[2]: *** [CMakeFiles/robot_monitoring_node.dir/build.make:76: CMakeFiles/robot_monitoring_node.dir/src/move_monitoring_node.cpp.o] Error 1
[0.888s] gmake[1]: *** [CMakeFiles/Makefile2:655: CMakeFiles/robot_monitoring_node.dir/all] Error 2
[0.888s] gmake[1]: *** Waiting for unfinished jobs....
[0.933s] reading manifest file 'move_relative_ur.egg-info/SOURCES.txt'
[0.934s] writing manifest file 'move_relative_ur.egg-info/SOURCES.txt'
[0.997s] [ 94%] Built target ament_cmake_python_build_move_relative_ur_egg
[3.218s] [01m[K/home/tsi/ws_moveit2/src/move_relative_ur/src/move_relative.cpp:55:43:[m[K [01;31m[Kerror: [m[Kâ€˜[01m[Kur_dashboard_msgs[m[Kâ€™ was not declared in this scope
[3.219s]    55 |     void robotProgramState(rclcpp::Client<[01;31m[Kur_dashboard_msgs[m[K::srv::GetProgramState>::SharedFuture future)
[3.219s]       |                                           [01;31m[K^~~~~~~~~~~~~~~~~[m[K
[3.219s] [01m[K/home/tsi/ws_moveit2/src/move_relative_ur/src/move_relative.cpp:55:82:[m[K [01;31m[Kerror: [m[Ktemplate argument 1 is invalid
[3.220s]    55 |     void robotProgramState(rclcpp::Client<ur_dashboard_msgs::srv::GetProgramState[01;31m[K>[m[K::SharedFuture future)
[3.220s]       |                                                                                  [01;31m[K^[m[K
[3.231s] [01m[K/home/tsi/ws_moveit2/src/move_relative_ur/src/move_relative.cpp:55:43:[m[K [01;31m[Kerror: [m[Kâ€˜[01m[Kur_dashboard_msgs[m[Kâ€™ was not declared in this scope
[3.231s]    55 |     void robotProgramState(rclcpp::Client<[01;31m[Kur_dashboard_msgs[m[K::srv::GetProgramState>::SharedFuture future)
[3.231s]       |                                           [01;31m[K^~~~~~~~~~~~~~~~~[m[K
[3.232s] [01m[K/home/tsi/ws_moveit2/src/move_relative_ur/src/move_relative.cpp:55:82:[m[K [01;31m[Kerror: [m[Ktemplate argument 1 is invalid
[3.232s]    55 |     void robotProgramState(rclcpp::Client<ur_dashboard_msgs::srv::GetProgramState[01;31m[K>[m[K::SharedFuture future)
[3.232s]       |                                                                                  [01;31m[K^[m[K
[3.244s] [01m[K/home/tsi/ws_moveit2/src/move_relative_ur/src/move_relative.cpp:55:43:[m[K [01;31m[Kerror: [m[Kâ€˜[01m[Kur_dashboard_msgs[m[Kâ€™ was not declared in this scope
[3.244s]    55 |     void robotProgramState(rclcpp::Client<[01;31m[Kur_dashboard_msgs[m[K::srv::GetProgramState>::SharedFuture future)
[3.245s]       |                                           [01;31m[K^~~~~~~~~~~~~~~~~[m[K
[3.245s] [01m[K/home/tsi/ws_moveit2/src/move_relative_ur/src/move_relative.cpp:55:82:[m[K [01;31m[Kerror: [m[Ktemplate argument 1 is invalid
[3.245s]    55 |     void robotProgramState(rclcpp::Client<ur_dashboard_msgs::srv::GetProgramState[01;31m[K>[m[K::SharedFuture future)
[3.246s]       |                                                                                  [01;31m[K^[m[K
[3.246s] [01m[K/home/tsi/ws_moveit2/src/move_relative_ur/src/move_relative.cpp:55:28:[m[K [01;31m[Kerror: [m[Kinvalid template-id
[3.247s]    55 |     void robotProgramState([01;31m[Krclcpp[m[K::Client<ur_dashboard_msgs::srv::GetProgramState>::SharedFuture future)
[3.247s]       |                            [01;31m[K^~~~~~[m[K
[3.247s] [01m[K/home/tsi/ws_moveit2/src/move_relative_ur/src/move_relative.cpp:55:43:[m[K [01;31m[Kerror: [m[Kâ€˜[01m[Kur_dashboard_msgs[m[Kâ€™ has not been declared
[3.248s]    55 |     void robotProgramState(rclcpp::Client<[01;31m[Kur_dashboard_msgs[m[K::srv::GetProgramState>::SharedFuture future)
[3.248s]       |                                           [01;31m[K^~~~~~~~~~~~~~~~~[m[K
[3.248s] [01m[K/home/tsi/ws_moveit2/src/move_relative_ur/src/move_relative.cpp:55:98:[m[K [01;31m[Kerror: [m[Kexpected unqualified-id before â€˜[01m[Kfuture[m[Kâ€™
[3.249s]    55 |     void robotProgramState(rclcpp::Client<ur_dashboard_msgs::srv::GetProgramState>::SharedFuture [01;31m[Kfuture[m[K)
[3.249s]       |                                                                                                  [01;31m[K^~~~~~[m[K
[3.249s] [01m[K/home/tsi/ws_moveit2/src/move_relative_ur/src/move_relative.cpp:55:97:[m[K [01;31m[Kerror: [m[Kexpected â€˜[01m[K)[m[Kâ€™ before â€˜[01m[Kfuture[m[Kâ€™
[3.250s]    55 |     void robotProgramState[34m[K([m[Krclcpp::Client<ur_dashboard_msgs::srv::GetProgramState>::SharedFuture[01;31m[K [m[K[32m[Kfuture[m[K)
[3.250s]       |                           [34m[K~[m[K                                                                     [01;31m[K^[m[K[32m[K~~~~~~[m[K
[3.250s]       |                                                                                                 [32m[K)[m[K
[3.251s] [01m[K/home/tsi/ws_moveit2/src/move_relative_ur/src/move_relative.cpp:55:85:[m[K [01;31m[Kerror: [m[Kexpected â€˜[01m[K;[m[Kâ€™ at end of member declaration
[3.251s]    55 |     void robotProgramState(rclcpp::Client<ur_dashboard_msgs::srv::GetProgramState>::[01;31m[KSharedFuture[m[K future)
[3.251s]       |                                                                                     [01;31m[K^~~~~~~~~~~~[m[K
[3.252s]       |                                                                                                 [32m[K;[m[K
[3.252s] [01m[K/home/tsi/ws_moveit2/src/move_relative_ur/src/move_relative.cpp:55:98:[m[K [01;31m[Kerror: [m[Kâ€˜[01m[Kfuture[m[Kâ€™ does not name a type
[3.252s]    55 |     void robotProgramState(rclcpp::Client<ur_dashboard_msgs::srv::GetProgramState>::SharedFuture [01;31m[Kfuture[m[K)
[3.253s]       |                                                                                                  [01;31m[K^~~~~~[m[K
[3.309s] [01m[K/home/tsi/ws_moveit2/src/move_relative_ur/src/move_relative.cpp:[m[K In member function â€˜[01m[Kvoid URScriptRelativeMove::[01;32m[KsendRobotStatusRequest[m[K()[m[Kâ€™:
[3.310s] [01m[K/home/tsi/ws_moveit2/src/move_relative_ur/src/move_relative.cpp:43:41:[m[K [01;31m[Kerror: [m[Kâ€˜[01m[Kur_dashboard_msgs[m[Kâ€™ was not declared in this scope
[3.310s]    43 |         auto request = std::make_shared<[01;31m[Kur_dashboard_msgs[m[K::srv::GetProgramState::Request>();
[3.311s]       |                                         [01;31m[K^~~~~~~~~~~~~~~~~[m[K
[3.311s] [01m[K/home/tsi/ws_moveit2/src/move_relative_ur/src/move_relative.cpp:43:29:[m[K [01;31m[Kerror: [m[Kparse error in template argument list
[3.312s]    43 |         auto request = std::[01;31m[Kmake_shared<ur_dashboard_msgs::srv::GetProgramState::Request>[m[K();
[3.312s]       |                             [01;31m[K^~~~~~~~~~~~~~~~~~~~~~~~~~~~~~~~~~~~~~~~~~~~~~~~~~~~~~~~~~~~~[m[K
[3.312s] [01m[K/home/tsi/ws_moveit2/src/move_relative_ur/src/move_relative.cpp:43:90:[m[K [01;31m[Kerror: [m[Kno matching function for call to â€˜[01m[Kmake_shared<<expression error> >()[m[Kâ€™
[3.313s]    43 |         auto request = [01;31m[Kstd::make_shared<ur_dashboard_msgs::srv::GetProgramState::Request>()[m[K;
[3.313s]       |                        [01;31m[K~~~~~~~~~~~~~~~~~~~~~~~~~~~~~~~~~~~~~~~~~~~~~~~~~~~~~~~~~~~~~~~~~~^~[m[K
[3.313s] In file included from [01m[K/usr/include/c++/13/memory:80[m[K,
[3.314s]                  from [01m[K/opt/ros/jazzy/include/rclcpp/rclcpp/rclcpp.hpp:169[m[K,
[3.314s]                  from [01m[K/home/tsi/ws_moveit2/src/move_relative_ur/src/move_relative.cpp:1[m[K:
[3.314s] [01m[K/usr/include/c++/13/bits/shared_ptr.h:1005:5:[m[K [01;36m[Knote: [m[Kcandidate: â€˜[01m[Ktemplate<class _Tp, class ... _Args> std::shared_ptr<typename std::enable_if<(! std::is_array< <template-parameter-1-1> >::value), _Tp>::type> std::[01;32m[Kmake_shared[m[K(_Args&& ...)[m[Kâ€™
[3.315s]  1005 |     [01;36m[Kmake_shared[m[K(_Args&&... __args)
[3.315s]       |     [01;36m[K^~~~~~~~~~~[m[K
[3.315s] [01m[K/usr/include/c++/13/bits/shared_ptr.h:1005:5:[m[K [01;36m[Knote: [m[K  template argument deduction/substitution failed:
[3.316s] [01m[K/home/tsi/ws_moveit2/src/move_relative_ur/src/move_relative.cpp:43:90:[m[K [01;31m[Kerror: [m[Ktemplate argument 1 is invalid
[3.316s]    43 |         auto request = [01;31m[Kstd::make_shared<ur_dashboard_msgs::srv::GetProgramState::Request>()[m[K;
[3.316s]       |                        [01;31m[K~~~~~~~~~~~~~~~~~~~~~~~~~~~~~~~~~~~~~~~~~~~~~~~~~~~~~~~~~~~~~~~~~~^~[m[K
[3.328s] [01m[K/home/tsi/ws_moveit2/src/move_relative_ur/src/move_relative.cpp:46:17:[m[K [01;31m[Kerror: [m[Kâ€˜[01m[Krobot_status_client_[m[Kâ€™ was not declared in this scope
[3.329s]    46 |         while (![01;31m[Krobot_status_client_[m[K->wait_for_service(std::chrono::seconds(1))) {
[3.329s]       |                 [01;31m[K^~~~~~~~~~~~~~~~~~~~[m[K
[3.340s] [01m[K/home/tsi/ws_moveit2/src/move_relative_ur/src/move_relative.cpp:51:30:[m[K [01;31m[Kerror: [m[Kâ€˜[01m[Krobot_status_client_[m[Kâ€™ was not declared in this scope
[3.341s]    51 |         auto future_result = [01;31m[Krobot_status_client_[m[K->async_send_request(request,
[3.341s]       |                              [01;31m[K^~~~~~~~~~~~~~~~~~~~[m[K
[6.074s] gmake[2]: *** [CMakeFiles/move_relative_node.dir/build.make:76: CMakeFiles/move_relative_node.dir/src/move_relative.cpp.o] Error 1
[6.074s] gmake[1]: *** [CMakeFiles/Makefile2:627: CMakeFiles/move_relative_node.dir/all] Error 2
[6.074s] gmake: *** [Makefile:146: all] Error 2
[6.080s] Invoked command in '/home/tsi/ws_moveit2/build/move_relative_ur' returned '2': CMAKE_PREFIX_PATH=${CMAKE_PREFIX_PATH}:/home/tsi/workspace/install/moveit_configs_utils:/opt/ros/jazzy DEBUGINFOD_URLS=https://debuginfod.ubuntu.com /usr/bin/cmake --build /home/tsi/ws_moveit2/build/move_relative_ur -- -j12 -l12
