[  2%] Built target move_relative_ur__rosidl_generator_type_description
[  2%] Built target ament_cmake_python_symlink_move_relative_ur
[  5%] Built target move_relative_ur__cpp
[ 18%] Built target move_relative_ur__rosidl_generator_c
[ 26%] Built target move_relative_ur__rosidl_typesupport_introspection_c
[ 34%] Built target move_relative_ur__rosidl_typesupport_fastrtps_c
[ 42%] Built target move_relative_ur__rosidl_typesupport_fastrtps_cpp
[ 50%] Built target move_relative_ur__rosidl_typesupport_introspection_cpp
[ 57%] Built target move_relative_ur__rosidl_typesupport_c
[ 65%] Built target move_relative_ur__rosidl_typesupport_cpp
[ 65%] Built target move_relative_ur
[ 71%] Built target move_relative_node
[ 73%] [32mBuilding CXX object CMakeFiles/robot_monitoring_node.dir/src/move_monitoring_node.cpp.o[0m
[ 76%] Built target move_relative_ur__py
[ 81%] Built target move_relative_ur__rosidl_generator_py
[ 86%] Built target move_relative_ur_s__rosidl_typesupport_fastrtps_c
[ 92%] Built target move_relative_ur_s__rosidl_typesupport_c
[ 97%] Built target move_relative_ur_s__rosidl_typesupport_introspection_c
running egg_info
writing move_relative_ur.egg-info/PKG-INFO
writing dependency_links to move_relative_ur.egg-info/dependency_links.txt
writing top-level names to move_relative_ur.egg-info/top_level.txt
reading manifest file 'move_relative_ur.egg-info/SOURCES.txt'
writing manifest file 'move_relative_ur.egg-info/SOURCES.txt'
[ 97%] Built target ament_cmake_python_build_move_relative_ur_egg
[01m[K/home/tsi/ws_moveit2/src/move_relative_ur/src/move_monitoring_node.cpp:67:62:[m[K [01;31m[Kerror: [m[Kâ€˜[01m[Ksrv[m[Kâ€™ is not a member of â€˜[01m[Kur_dashboard_msgs[m[Kâ€™; did you mean â€˜[01m[Krcl_interfaces::srv[m[Kâ€™?
   67 |     void robotModeResponse(rclcpp::Client<ur_dashboard_msgs::[01;31m[Ksrv[m[K::GetRobotMode>::SharedFuture future) {
      |                                                              [01;31m[K^~~[m[K
In file included from [01m[K/opt/ros/jazzy/include/rcl_interfaces/rcl_interfaces/srv/list_parameters.hpp:7[m[K,
                 from [01m[K/opt/ros/jazzy/include/rclcpp/rclcpp/copy_all_parameter_values.hpp:21[m[K,
                 from [01m[K/opt/ros/jazzy/include/rclcpp/rclcpp/rclcpp.hpp:171[m[K,
                 from [01m[K/home/tsi/ws_moveit2/src/move_relative_ur/src/move_monitoring_node.cpp:1[m[K:
[01m[K/opt/ros/jazzy/include/rcl_interfaces/rcl_interfaces/srv/detail/list_parameters__struct.hpp:30:11:[m[K [01;36m[Knote: [m[Kâ€˜[01m[Krcl_interfaces::srv[m[Kâ€™ declared here
   30 | namespace [01;36m[Ksrv[m[K
      |           [01;36m[K^~~[m[K
[01m[K/home/tsi/ws_moveit2/src/move_relative_ur/src/move_monitoring_node.cpp:67:79:[m[K [01;31m[Kerror: [m[Ktemplate argument 1 is invalid
   67 |     void robotModeResponse(rclcpp::Client<ur_dashboard_msgs::srv::GetRobotMode[01;31m[K>[m[K::SharedFuture future) {
      |                                                                               [01;31m[K^[m[K
[01m[K/home/tsi/ws_moveit2/src/move_relative_ur/src/move_monitoring_node.cpp:67:62:[m[K [01;31m[Kerror: [m[Kâ€˜[01m[Ksrv[m[Kâ€™ is not a member of â€˜[01m[Kur_dashboard_msgs[m[Kâ€™; did you mean â€˜[01m[Krcl_interfaces::srv[m[Kâ€™?
   67 |     void robotModeResponse(rclcpp::Client<ur_dashboard_msgs::[01;31m[Ksrv[m[K::GetRobotMode>::SharedFuture future) {
      |                                                              [01;31m[K^~~[m[K
[01m[K/opt/ros/jazzy/include/rcl_interfaces/rcl_interfaces/srv/detail/list_parameters__struct.hpp:30:11:[m[K [01;36m[Knote: [m[Kâ€˜[01m[Krcl_interfaces::srv[m[Kâ€™ declared here
   30 | namespace [01;36m[Ksrv[m[K
      |           [01;36m[K^~~[m[K
[01m[K/home/tsi/ws_moveit2/src/move_relative_ur/src/move_monitoring_node.cpp:67:79:[m[K [01;31m[Kerror: [m[Ktemplate argument 1 is invalid
   67 |     void robotModeResponse(rclcpp::Client<ur_dashboard_msgs::srv::GetRobotMode[01;31m[K>[m[K::SharedFuture future) {
      |                                                                               [01;31m[K^[m[K
[01m[K/home/tsi/ws_moveit2/src/move_relative_ur/src/move_monitoring_node.cpp:67:62:[m[K [01;31m[Kerror: [m[Kâ€˜[01m[Ksrv[m[Kâ€™ is not a member of â€˜[01m[Kur_dashboard_msgs[m[Kâ€™; did you mean â€˜[01m[Krcl_interfaces::srv[m[Kâ€™?
   67 |     void robotModeResponse(rclcpp::Client<ur_dashboard_msgs::[01;31m[Ksrv[m[K::GetRobotMode>::SharedFuture future) {
      |                                                              [01;31m[K^~~[m[K
[01m[K/opt/ros/jazzy/include/rcl_interfaces/rcl_interfaces/srv/detail/list_parameters__struct.hpp:30:11:[m[K [01;36m[Knote: [m[Kâ€˜[01m[Krcl_interfaces::srv[m[Kâ€™ declared here
   30 | namespace [01;36m[Ksrv[m[K
      |           [01;36m[K^~~[m[K
[01m[K/home/tsi/ws_moveit2/src/move_relative_ur/src/move_monitoring_node.cpp:67:79:[m[K [01;31m[Kerror: [m[Ktemplate argument 1 is invalid
   67 |     void robotModeResponse(rclcpp::Client<ur_dashboard_msgs::srv::GetRobotMode[01;31m[K>[m[K::SharedFuture future) {
      |                                                                               [01;31m[K^[m[K
[01m[K/home/tsi/ws_moveit2/src/move_relative_ur/src/move_monitoring_node.cpp:67:28:[m[K [01;31m[Kerror: [m[Kinvalid template-id
   67 |     void robotModeResponse([01;31m[Krclcpp[m[K::Client<ur_dashboard_msgs::srv::GetRobotMode>::SharedFuture future) {
      |                            [01;31m[K^~~~~~[m[K
[01m[K/home/tsi/ws_moveit2/src/move_relative_ur/src/move_monitoring_node.cpp:67:62:[m[K [01;31m[Kerror: [m[Kâ€˜[01m[Kur_dashboard_msgs::srv[m[Kâ€™ has not been declared
   67 |     void robotModeResponse(rclcpp::Client<ur_dashboard_msgs::[01;31m[Ksrv[m[K::GetRobotMode>::SharedFuture future) {
      |                                                              [01;31m[K^~~[m[K
[01m[K/home/tsi/ws_moveit2/src/move_relative_ur/src/move_monitoring_node.cpp:67:95:[m[K [01;31m[Kerror: [m[Kexpected unqualified-id before â€˜[01m[Kfuture[m[Kâ€™
   67 |     void robotModeResponse(rclcpp::Client<ur_dashboard_msgs::srv::GetRobotMode>::SharedFuture [01;31m[Kfuture[m[K) {
      |                                                                                               [01;31m[K^~~~~~[m[K
[01m[K/home/tsi/ws_moveit2/src/move_relative_ur/src/move_monitoring_node.cpp:67:94:[m[K [01;31m[Kerror: [m[Kexpected â€˜[01m[K)[m[Kâ€™ before â€˜[01m[Kfuture[m[Kâ€™
   67 |     void robotModeResponse[34m[K([m[Krclcpp::Client<ur_dashboard_msgs::srv::GetRobotMode>::SharedFuture[01;31m[K [m[K[32m[Kfuture[m[K) {
      |                           [34m[K~[m[K                                                                  [01;31m[K^[m[K[32m[K~~~~~~[m[K
      |                                                                                              [32m[K)[m[K
[01m[K/home/tsi/ws_moveit2/src/move_relative_ur/src/move_monitoring_node.cpp:67:82:[m[K [01;31m[Kerror: [m[Kexpected â€˜[01m[K;[m[Kâ€™ at end of member declaration
   67 |     void robotModeResponse(rclcpp::Client<ur_dashboard_msgs::srv::GetRobotMode>::[01;31m[KSharedFuture[m[K future) {
      |                                                                                  [01;31m[K^~~~~~~~~~~~[m[K
      |                                                                                              [32m[K;[m[K
[01m[K/home/tsi/ws_moveit2/src/move_relative_ur/src/move_monitoring_node.cpp:67:95:[m[K [01;31m[Kerror: [m[Kâ€˜[01m[Kfuture[m[Kâ€™ does not name a type
   67 |     void robotModeResponse(rclcpp::Client<ur_dashboard_msgs::srv::GetRobotMode>::SharedFuture [01;31m[Kfuture[m[K) {
      |                                                                                               [01;31m[K^~~~~~[m[K
[01m[K/home/tsi/ws_moveit2/src/move_relative_ur/src/move_monitoring_node.cpp:98:63:[m[K [01;31m[Kerror: [m[Kâ€˜[01m[Ksrv[m[Kâ€™ is not a member of â€˜[01m[Kur_dashboard_msgs[m[Kâ€™; did you mean â€˜[01m[Krcl_interfaces::srv[m[Kâ€™?
   98 |     void safetyModeResponse(rclcpp::Client<ur_dashboard_msgs::[01;31m[Ksrv[m[K::GetSafetyMode>::SharedFuture future) {
      |                                                               [01;31m[K^~~[m[K
[01m[K/opt/ros/jazzy/include/rcl_interfaces/rcl_interfaces/srv/detail/list_parameters__struct.hpp:30:11:[m[K [01;36m[Knote: [m[Kâ€˜[01m[Krcl_interfaces::srv[m[Kâ€™ declared here
   30 | namespace [01;36m[Ksrv[m[K
      |           [01;36m[K^~~[m[K
[01m[K/home/tsi/ws_moveit2/src/move_relative_ur/src/move_monitoring_node.cpp:98:81:[m[K [01;31m[Kerror: [m[Ktemplate argument 1 is invalid
   98 |     void safetyModeResponse(rclcpp::Client<ur_dashboard_msgs::srv::GetSafetyMode[01;31m[K>[m[K::SharedFuture future) {
      |                                                                                 [01;31m[K^[m[K
[01m[K/home/tsi/ws_moveit2/src/move_relative_ur/src/move_monitoring_node.cpp:98:63:[m[K [01;31m[Kerror: [m[Kâ€˜[01m[Ksrv[m[Kâ€™ is not a member of â€˜[01m[Kur_dashboard_msgs[m[Kâ€™; did you mean â€˜[01m[Krcl_interfaces::srv[m[Kâ€™?
   98 |     void safetyModeResponse(rclcpp::Client<ur_dashboard_msgs::[01;31m[Ksrv[m[K::GetSafetyMode>::SharedFuture future) {
      |                                                               [01;31m[K^~~[m[K
[01m[K/opt/ros/jazzy/include/rcl_interfaces/rcl_interfaces/srv/detail/list_parameters__struct.hpp:30:11:[m[K [01;36m[Knote: [m[Kâ€˜[01m[Krcl_interfaces::srv[m[Kâ€™ declared here
   30 | namespace [01;36m[Ksrv[m[K
      |           [01;36m[K^~~[m[K
[01m[K/home/tsi/ws_moveit2/src/move_relative_ur/src/move_monitoring_node.cpp:98:81:[m[K [01;31m[Kerror: [m[Ktemplate argument 1 is invalid
   98 |     void safetyModeResponse(rclcpp::Client<ur_dashboard_msgs::srv::GetSafetyMode[01;31m[K>[m[K::SharedFuture future) {
      |                                                                                 [01;31m[K^[m[K
[01m[K/home/tsi/ws_moveit2/src/move_relative_ur/src/move_monitoring_node.cpp:98:63:[m[K [01;31m[Kerror: [m[Kâ€˜[01m[Ksrv[m[Kâ€™ is not a member of â€˜[01m[Kur_dashboard_msgs[m[Kâ€™; did you mean â€˜[01m[Krcl_interfaces::srv[m[Kâ€™?
   98 |     void safetyModeResponse(rclcpp::Client<ur_dashboard_msgs::[01;31m[Ksrv[m[K::GetSafetyMode>::SharedFuture future) {
      |                                                               [01;31m[K^~~[m[K
[01m[K/opt/ros/jazzy/include/rcl_interfaces/rcl_interfaces/srv/detail/list_parameters__struct.hpp:30:11:[m[K [01;36m[Knote: [m[Kâ€˜[01m[Krcl_interfaces::srv[m[Kâ€™ declared here
   30 | namespace [01;36m[Ksrv[m[K
      |           [01;36m[K^~~[m[K
[01m[K/home/tsi/ws_moveit2/src/move_relative_ur/src/move_monitoring_node.cpp:98:81:[m[K [01;31m[Kerror: [m[Ktemplate argument 1 is invalid
   98 |     void safetyModeResponse(rclcpp::Client<ur_dashboard_msgs::srv::GetSafetyMode[01;31m[K>[m[K::SharedFuture future) {
      |                                                                                 [01;31m[K^[m[K
[01m[K/home/tsi/ws_moveit2/src/move_relative_ur/src/move_monitoring_node.cpp:98:29:[m[K [01;31m[Kerror: [m[Kinvalid template-id
   98 |     void safetyModeResponse([01;31m[Krclcpp[m[K::Client<ur_dashboard_msgs::srv::GetSafetyMode>::SharedFuture future) {
      |                             [01;31m[K^~~~~~[m[K
[01m[K/home/tsi/ws_moveit2/src/move_relative_ur/src/move_monitoring_node.cpp:98:63:[m[K [01;31m[Kerror: [m[Kâ€˜[01m[Kur_dashboard_msgs::srv[m[Kâ€™ has not been declared
   98 |     void safetyModeResponse(rclcpp::Client<ur_dashboard_msgs::[01;31m[Ksrv[m[K::GetSafetyMode>::SharedFuture future) {
      |                                                               [01;31m[K^~~[m[K
[01m[K/home/tsi/ws_moveit2/src/move_relative_ur/src/move_monitoring_node.cpp:98:97:[m[K [01;31m[Kerror: [m[Kexpected unqualified-id before â€˜[01m[Kfuture[m[Kâ€™
   98 |     void safetyModeResponse(rclcpp::Client<ur_dashboard_msgs::srv::GetSafetyMode>::SharedFuture [01;31m[Kfuture[m[K) {
      |                                                                                                 [01;31m[K^~~~~~[m[K
[01m[K/home/tsi/ws_moveit2/src/move_relative_ur/src/move_monitoring_node.cpp:98:96:[m[K [01;31m[Kerror: [m[Kexpected â€˜[01m[K)[m[Kâ€™ before â€˜[01m[Kfuture[m[Kâ€™
   98 |     void safetyModeResponse[34m[K([m[Krclcpp::Client<ur_dashboard_msgs::srv::GetSafetyMode>::SharedFuture[01;31m[K [m[K[32m[Kfuture[m[K) {
      |                            [34m[K~[m[K                                                                   [01;31m[K^[m[K[32m[K~~~~~~[m[K
      |                                                                                                [32m[K)[m[K
[01m[K/home/tsi/ws_moveit2/src/move_relative_ur/src/move_monitoring_node.cpp:98:84:[m[K [01;31m[Kerror: [m[Kexpected â€˜[01m[K;[m[Kâ€™ at end of member declaration
   98 |     void safetyModeResponse(rclcpp::Client<ur_dashboard_msgs::srv::GetSafetyMode>::[01;31m[KSharedFuture[m[K future) {
      |                                                                                    [01;31m[K^~~~~~~~~~~~[m[K
      |                                                                                                [32m[K;[m[K
[01m[K/home/tsi/ws_moveit2/src/move_relative_ur/src/move_monitoring_node.cpp:98:97:[m[K [01;31m[Kerror: [m[Kâ€˜[01m[Kfuture[m[Kâ€™ does not name a type
   98 |     void safetyModeResponse(rclcpp::Client<ur_dashboard_msgs::srv::GetSafetyMode>::SharedFuture [01;31m[Kfuture[m[K) {
      |                                                                                                 [01;31m[K^~~~~~[m[K
[01m[K/home/tsi/ws_moveit2/src/move_relative_ur/src/move_monitoring_node.cpp:152:39:[m[K [01;31m[Kerror: [m[Kâ€˜[01m[Ksrv[m[Kâ€™ is not a member of â€˜[01m[Kur_dashboard_msgs[m[Kâ€™; did you mean â€˜[01m[Krcl_interfaces::srv[m[Kâ€™?
  152 |     rclcpp::Client<ur_dashboard_msgs::[01;31m[Ksrv[m[K::GetRobotMode>::SharedPtr robot_mode_sub_;
      |                                       [01;31m[K^~~[m[K
[01m[K/opt/ros/jazzy/include/rcl_interfaces/rcl_interfaces/srv/detail/list_parameters__struct.hpp:30:11:[m[K [01;36m[Knote: [m[Kâ€˜[01m[Krcl_interfaces::srv[m[Kâ€™ declared here
   30 | namespace [01;36m[Ksrv[m[K
      |           [01;36m[K^~~[m[K
[01m[K/home/tsi/ws_moveit2/src/move_relative_ur/src/move_monitoring_node.cpp:152:56:[m[K [01;31m[Kerror: [m[Ktemplate argument 1 is invalid
  152 |     rclcpp::Client<ur_dashboard_msgs::srv::GetRobotMode[01;31m[K>[m[K::SharedPtr robot_mode_sub_;
      |                                                        [01;31m[K^[m[K
[01m[K/home/tsi/ws_moveit2/src/move_relative_ur/src/move_monitoring_node.cpp:152:59:[m[K [01;31m[Kerror: [m[Kexpected â€˜[01m[K;[m[Kâ€™ at end of member declaration
  152 |     rclcpp::Client<ur_dashboard_msgs::srv::GetRobotMode>::[01;31m[KSharedPtr[m[K robot_mode_sub_;
      |                                                           [01;31m[K^~~~~~~~~[m[K
      |                                                                    [32m[K;[m[K
[01m[K/home/tsi/ws_moveit2/src/move_relative_ur/src/move_monitoring_node.cpp:152:69:[m[K [01;31m[Kerror: [m[Kâ€˜[01m[Krobot_mode_sub_[m[Kâ€™ does not name a type
  152 |     rclcpp::Client<ur_dashboard_msgs::srv::GetRobotMode>::SharedPtr [01;31m[Krobot_mode_sub_[m[K;
      |                                                                     [01;31m[K^~~~~~~~~~~~~~~[m[K
[01m[K/home/tsi/ws_moveit2/src/move_relative_ur/src/move_monitoring_node.cpp:153:39:[m[K [01;31m[Kerror: [m[Kâ€˜[01m[Ksrv[m[Kâ€™ is not a member of â€˜[01m[Kur_dashboard_msgs[m[Kâ€™; did you mean â€˜[01m[Krcl_interfaces::srv[m[Kâ€™?
  153 |     rclcpp::Client<ur_dashboard_msgs::[01;31m[Ksrv[m[K::GetSafetyMode>::SharedPtr safety_mode_sub_;
      |                                       [01;31m[K^~~[m[K
[01m[K/opt/ros/jazzy/include/rcl_interfaces/rcl_interfaces/srv/detail/list_parameters__struct.hpp:30:11:[m[K [01;36m[Knote: [m[Kâ€˜[01m[Krcl_interfaces::srv[m[Kâ€™ declared here
   30 | namespace [01;36m[Ksrv[m[K
      |           [01;36m[K^~~[m[K
[01m[K/home/tsi/ws_moveit2/src/move_relative_ur/src/move_monitoring_node.cpp:153:57:[m[K [01;31m[Kerror: [m[Ktemplate argument 1 is invalid
  153 |     rclcpp::Client<ur_dashboard_msgs::srv::GetSafetyMode[01;31m[K>[m[K::SharedPtr safety_mode_sub_;
      |                                                         [01;31m[K^[m[K
[01m[K/home/tsi/ws_moveit2/src/move_relative_ur/src/move_monitoring_node.cpp:153:60:[m[K [01;31m[Kerror: [m[Kexpected â€˜[01m[K;[m[Kâ€™ at end of member declaration
  153 |     rclcpp::Client<ur_dashboard_msgs::srv::GetSafetyMode>::[01;31m[KSharedPtr[m[K safety_mode_sub_;
      |                                                            [01;31m[K^~~~~~~~~[m[K
      |                                                                     [32m[K;[m[K
[01m[K/home/tsi/ws_moveit2/src/move_relative_ur/src/move_monitoring_node.cpp:153:60:[m[K [01;31m[Kerror: [m[Kredeclaration of â€˜[01m[Kint RobotMonitoringNode::SharedPtr[m[Kâ€™
[01m[K/home/tsi/ws_moveit2/src/move_relative_ur/src/move_monitoring_node.cpp:152:59:[m[K [01;36m[Knote: [m[Kprevious declaration â€˜[01m[Kint RobotMonitoringNode::SharedPtr[m[Kâ€™
  152 |     rclcpp::Client<ur_dashboard_msgs::srv::GetRobotMode>::[01;36m[KSharedPtr[m[K robot_mode_sub_;
      |                                                           [01;36m[K^~~~~~~~~[m[K
[01m[K/home/tsi/ws_moveit2/src/move_relative_ur/src/move_monitoring_node.cpp:153:70:[m[K [01;31m[Kerror: [m[Kâ€˜[01m[Ksafety_mode_sub_[m[Kâ€™ does not name a type
  153 |     rclcpp::Client<ur_dashboard_msgs::srv::GetSafetyMode>::SharedPtr [01;31m[Ksafety_mode_sub_[m[K;
      |                                                                      [01;31m[K^~~~~~~~~~~~~~~~[m[K
[01m[K/home/tsi/ws_moveit2/src/move_relative_ur/src/move_monitoring_node.cpp:[m[K In constructor â€˜[01m[KRobotMonitoringNode::[01;32m[KRobotMonitoringNode[m[K()[m[Kâ€™:
[01m[K/home/tsi/ws_moveit2/src/move_relative_ur/src/move_monitoring_node.cpp:12:9:[m[K [01;31m[Kerror: [m[Kâ€˜[01m[Krobot_mode_sub_[m[Kâ€™ was not declared in this scope
   12 |         [01;31m[Krobot_mode_sub_[m[K = this->create_client<ur_dashboard_msgs::srv::GetRobotMode>(
      |         [01;31m[K^~~~~~~~~~~~~~~[m[K
[01m[K/home/tsi/ws_moveit2/src/move_relative_ur/src/move_monitoring_node.cpp:12:66:[m[K [01;31m[Kerror: [m[Kâ€˜[01m[Ksrv[m[Kâ€™ is not a member of â€˜[01m[Kur_dashboard_msgs[m[Kâ€™; did you mean â€˜[01m[Krcl_interfaces::srv[m[Kâ€™?
   12 |         robot_mode_sub_ = this->create_client<ur_dashboard_msgs::[01;31m[Ksrv[m[K::GetRobotMode>(
      |                                                                  [01;31m[K^~~[m[K
[01m[K/opt/ros/jazzy/include/rcl_interfaces/rcl_interfaces/srv/detail/list_parameters__struct.hpp:30:11:[m[K [01;36m[Knote: [m[Kâ€˜[01m[Krcl_interfaces::srv[m[Kâ€™ declared here
   30 | namespace [01;36m[Ksrv[m[K
      |           [01;36m[K^~~[m[K
[01m[K/home/tsi/ws_moveit2/src/move_relative_ur/src/move_monitoring_node.cpp:12:33:[m[K [01;31m[Kerror: [m[Kparse error in template argument list
   12 |         robot_mode_sub_ = this->[01;31m[Kcreate_client<ur_dashboard_msgs::srv::GetRobotMode>[m[K(
      |                                 [01;31m[K^~~~~~~~~~~~~~~~~~~~~~~~~~~~~~~~~~~~~~~~~~~~~~~~~~~[m[K
[01m[K/home/tsi/ws_moveit2/src/move_relative_ur/src/move_monitoring_node.cpp:12:84:[m[K [01;31m[Kerror: [m[Kno matching function for call to â€˜[01m[KRobotMonitoringNode::create_client<<expression error> >(const char [33], int)[m[Kâ€™
   12 |         robot_mode_sub_ = [01;31m[Kthis->create_client<ur_dashboard_msgs::srv::GetRobotMode>([m[K
      |                           [01;31m[K~~~~~~~~~~~~~~~~~~~~~~~~~~~~~~~~~~~~~~~~~~~~~~~~~~~~~~~~~^[m[K
   13 | [01;31m[K            "/dashboard_client/get_robot_mode", 10)[m[K;//,
      |             [01;31m[K~~~~~~~~~~~~~~~~~~~~~~~~~~~~~~~~~~~~~~~[m[K                                 
In file included from [01m[K/opt/ros/jazzy/include/rclcpp/rclcpp/executors/single_threaded_executor.hpp:28[m[K,
                 from [01m[K/opt/ros/jazzy/include/rclcpp/rclcpp/executors.hpp:22[m[K,
                 from [01m[K/opt/ros/jazzy/include/rclcpp/rclcpp/rclcpp.hpp:172[m[K:
[01m[K/opt/ros/jazzy/include/rclcpp/rclcpp/node.hpp:271:3:[m[K [01;36m[Knote: [m[Kcandidate: â€˜[01m[Ktemplate<class ServiceT> typename rclcpp::Client<ServiceT>::SharedPtr rclcpp::Node::[01;32m[Kcreate_client[m[K(const std::string&, const rmw_qos_profile_t&, rclcpp::CallbackGroup::SharedPtr)[m[Kâ€™
  271 |   [01;36m[Kcreate_client[m[K(
      |   [01;36m[K^~~~~~~~~~~~~[m[K
[01m[K/opt/ros/jazzy/include/rclcpp/rclcpp/node.hpp:271:3:[m[K [01;36m[Knote: [m[K  template argument deduction/substitution failed:
[01m[K/home/tsi/ws_moveit2/src/move_relative_ur/src/move_monitoring_node.cpp:12:84:[m[K [01;31m[Kerror: [m[Ktemplate argument 1 is invalid
   12 |         robot_mode_sub_ = [01;31m[Kthis->create_client<ur_dashboard_msgs::srv::GetRobotMode>([m[K
      |                           [01;31m[K~~~~~~~~~~~~~~~~~~~~~~~~~~~~~~~~~~~~~~~~~~~~~~~~~~~~~~~~~^[m[K
   13 | [01;31m[K            "/dashboard_client/get_robot_mode", 10)[m[K;//,
      |             [01;31m[K~~~~~~~~~~~~~~~~~~~~~~~~~~~~~~~~~~~~~~~[m[K                                 
[01m[K/opt/ros/jazzy/include/rclcpp/rclcpp/node.hpp:285:3:[m[K [01;36m[Knote: [m[Kcandidate: â€˜[01m[Ktemplate<class ServiceT> typename rclcpp::Client<ServiceT>::SharedPtr rclcpp::Node::[01;32m[Kcreate_client[m[K(const std::string&, const rclcpp::QoS&, rclcpp::CallbackGroup::SharedPtr)[m[Kâ€™
  285 |   [01;36m[Kcreate_client[m[K(
      |   [01;36m[K^~~~~~~~~~~~~[m[K
[01m[K/opt/ros/jazzy/include/rclcpp/rclcpp/node.hpp:285:3:[m[K [01;36m[Knote: [m[K  template argument deduction/substitution failed:
[01m[K/home/tsi/ws_moveit2/src/move_relative_ur/src/move_monitoring_node.cpp:12:84:[m[K [01;31m[Kerror: [m[Ktemplate argument 1 is invalid
   12 |         robot_mode_sub_ = [01;31m[Kthis->create_client<ur_dashboard_msgs::srv::GetRobotMode>([m[K
      |                           [01;31m[K~~~~~~~~~~~~~~~~~~~~~~~~~~~~~~~~~~~~~~~~~~~~~~~~~~~~~~~~~^[m[K
   13 | [01;31m[K            "/dashboard_client/get_robot_mode", 10)[m[K;//,
      |             [01;31m[K~~~~~~~~~~~~~~~~~~~~~~~~~~~~~~~~~~~~~~~[m[K                                 
[01m[K/home/tsi/ws_moveit2/src/move_relative_ur/src/move_monitoring_node.cpp:17:9:[m[K [01;31m[Kerror: [m[Kâ€˜[01m[Ksafety_mode_sub_[m[Kâ€™ was not declared in this scope
   17 |         [01;31m[Ksafety_mode_sub_[m[K = this->create_client<ur_dashboard_msgs::srv::GetSafetyMode>(
      |         [01;31m[K^~~~~~~~~~~~~~~~[m[K
[01m[K/home/tsi/ws_moveit2/src/move_relative_ur/src/move_monitoring_node.cpp:17:67:[m[K [01;31m[Kerror: [m[Kâ€˜[01m[Ksrv[m[Kâ€™ is not a member of â€˜[01m[Kur_dashboard_msgs[m[Kâ€™; did you mean â€˜[01m[Krcl_interfaces::srv[m[Kâ€™?
   17 |         safety_mode_sub_ = this->create_client<ur_dashboard_msgs::[01;31m[Ksrv[m[K::GetSafetyMode>(
      |                                                                   [01;31m[K^~~[m[K
[01m[K/opt/ros/jazzy/include/rcl_interfaces/rcl_interfaces/srv/detail/list_parameters__struct.hpp:30:11:[m[K [01;36m[Knote: [m[Kâ€˜[01m[Krcl_interfaces::srv[m[Kâ€™ declared here
   30 | namespace [01;36m[Ksrv[m[K
      |           [01;36m[K^~~[m[K
[01m[K/home/tsi/ws_moveit2/src/move_relative_ur/src/move_monitoring_node.cpp:17:34:[m[K [01;31m[Kerror: [m[Kparse error in template argument list
   17 |         safety_mode_sub_ = this->[01;31m[Kcreate_client<ur_dashboard_msgs::srv::GetSafetyMode>[m[K(
      |                                  [01;31m[K^~~~~~~~~~~~~~~~~~~~~~~~~~~~~~~~~~~~~~~~~~~~~~~~~~~~[m[K
[01m[K/home/tsi/ws_moveit2/src/move_relative_ur/src/move_monitoring_node.cpp:17:86:[m[K [01;31m[Kerror: [m[Kno matching function for call to â€˜[01m[KRobotMonitoringNode::create_client<<expression error> >(const char [34], int)[m[Kâ€™
   17 |         safety_mode_sub_ = [01;31m[Kthis->create_client<ur_dashboard_msgs::srv::GetSafetyMode>([m[K
      |                            [01;31m[K~~~~~~~~~~~~~~~~~~~~~~~~~~~~~~~~~~~~~~~~~~~~~~~~~~~~~~~~~~^[m[K
   18 | [01;31m[K            "/dashboard_client/get_safety_mode", 10)[m[K;//,
      |             [01;31m[K~~~~~~~~~~~~~~~~~~~~~~~~~~~~~~~~~~~~~~~~[m[K                                  
[01m[K/opt/ros/jazzy/include/rclcpp/rclcpp/node.hpp:271:3:[m[K [01;36m[Knote: [m[Kcandidate: â€˜[01m[Ktemplate<class ServiceT> typename rclcpp::Client<ServiceT>::SharedPtr rclcpp::Node::[01;32m[Kcreate_client[m[K(const std::string&, const rmw_qos_profile_t&, rclcpp::CallbackGroup::SharedPtr)[m[Kâ€™
  271 |   [01;36m[Kcreate_client[m[K(
      |   [01;36m[K^~~~~~~~~~~~~[m[K
[01m[K/opt/ros/jazzy/include/rclcpp/rclcpp/node.hpp:271:3:[m[K [01;36m[Knote: [m[K  template argument deduction/substitution failed:
[01m[K/home/tsi/ws_moveit2/src/move_relative_ur/src/move_monitoring_node.cpp:17:86:[m[K [01;31m[Kerror: [m[Ktemplate argument 1 is invalid
   17 |         safety_mode_sub_ = [01;31m[Kthis->create_client<ur_dashboard_msgs::srv::GetSafetyMode>([m[K
      |                            [01;31m[K~~~~~~~~~~~~~~~~~~~~~~~~~~~~~~~~~~~~~~~~~~~~~~~~~~~~~~~~~~^[m[K
   18 | [01;31m[K            "/dashboard_client/get_safety_mode", 10)[m[K;//,
      |             [01;31m[K~~~~~~~~~~~~~~~~~~~~~~~~~~~~~~~~~~~~~~~~[m[K                                  
[01m[K/opt/ros/jazzy/include/rclcpp/rclcpp/node.hpp:285:3:[m[K [01;36m[Knote: [m[Kcandidate: â€˜[01m[Ktemplate<class ServiceT> typename rclcpp::Client<ServiceT>::SharedPtr rclcpp::Node::[01;32m[Kcreate_client[m[K(const std::string&, const rclcpp::QoS&, rclcpp::CallbackGroup::SharedPtr)[m[Kâ€™
  285 |   [01;36m[Kcreate_client[m[K(
      |   [01;36m[K^~~~~~~~~~~~~[m[K
[01m[K/opt/ros/jazzy/include/rclcpp/rclcpp/node.hpp:285:3:[m[K [01;36m[Knote: [m[K  template argument deduction/substitution failed:
[01m[K/home/tsi/ws_moveit2/src/move_relative_ur/src/move_monitoring_node.cpp:17:86:[m[K [01;31m[Kerror: [m[Ktemplate argument 1 is invalid
   17 |         safety_mode_sub_ = [01;31m[Kthis->create_client<ur_dashboard_msgs::srv::GetSafetyMode>([m[K
      |                            [01;31m[K~~~~~~~~~~~~~~~~~~~~~~~~~~~~~~~~~~~~~~~~~~~~~~~~~~~~~~~~~~^[m[K
   18 | [01;31m[K            "/dashboard_client/get_safety_mode", 10)[m[K;//,
      |             [01;31m[K~~~~~~~~~~~~~~~~~~~~~~~~~~~~~~~~~~~~~~~~[m[K                                  
[01m[K/home/tsi/ws_moveit2/src/move_relative_ur/src/move_monitoring_node.cpp:22:9:[m[K [01;31m[Kerror: [m[Kâ€˜[01m[Ktimer_[m[Kâ€™ was not declared in this scope; did you mean â€˜[01m[Ktimer_t[m[Kâ€™?
   22 |         [01;31m[Ktimer_[m[K = this->create_wall_timer(
      |         [01;31m[K^~~~~~[m[K
      |         [32m[Ktimer_t[m[K
[01m[K/home/tsi/ws_moveit2/src/move_relative_ur/src/move_monitoring_node.cpp:23:37:[m[K [01;31m[Kerror: [m[Kno matching function for call to â€˜[01m[Kstd::chrono::duration<long int>::duration(double)[m[Kâ€™
   23 |             std::chrono::seconds(0.1[01;31m[K)[m[K,
      |                                     [01;31m[K^[m[K
In file included from [01m[K/usr/include/c++/13/chrono:41[m[K,
                 from [01m[K/opt/ros/jazzy/include/rclcpp/rclcpp/utilities.hpp:18[m[K,
                 from [01m[K/opt/ros/jazzy/include/rclcpp/rclcpp/logging.hpp:25[m[K,
                 from [01m[K/opt/ros/jazzy/include/rclcpp/rclcpp/copy_all_parameter_values.hpp:27[m[K:
[01m[K/usr/include/c++/13/bits/chrono.h:581:21:[m[K [01;36m[Knote: [m[Kcandidate: â€˜[01m[Ktemplate<class _Rep2, class _Period2, class> constexpr std::chrono::duration<_Rep, _Period>::[01;32m[Kduration[m[K(const std::chrono::duration<_Rep, _Period>&) [35m[K[with _Period2 = _Rep2; <template-parameter-2-3> = _Period2; _Rep = long int; _Period = std::ratio<1>][m[K[m[Kâ€™
  581 |           constexpr [01;36m[Kduration[m[K(const duration<_Rep2, _Period2>& __d)
      |                     [01;36m[K^~~~~~~~[m[K
[01m[K/usr/include/c++/13/bits/chrono.h:581:21:[m[K [01;36m[Knote: [m[K  template argument deduction/substitution failed:
[01m[K/home/tsi/ws_moveit2/src/move_relative_ur/src/move_monitoring_node.cpp:23:37:[m[K [01;36m[Knote: [m[K  mismatched types â€˜[01m[Kconst std::chrono::duration<_Rep1, _Period1>[m[Kâ€™ and â€˜[01m[Kdouble[m[Kâ€™
   23 |             std::chrono::seconds(0.1[01;36m[K)[m[K,
      |                                     [01;36m[K^[m[K
[01m[K/usr/include/c++/13/bits/chrono.h:573:30:[m[K [01;36m[Knote: [m[Kcandidate: â€˜[01m[Ktemplate<class _Rep2, class> constexpr std::chrono::duration<_Rep, _Period>::[01;32m[Kduration[m[K(const _Rep2&) [35m[K[with <template-parameter-2-2> = _Rep2; _Rep = long int; _Period = std::ratio<1>][m[K[m[Kâ€™
  573 |           constexpr explicit [01;36m[Kduration[m[K(const _Rep2& __rep)
      |                              [01;36m[K^~~~~~~~[m[K
[01m[K/usr/include/c++/13/bits/chrono.h:573:30:[m[K [01;36m[Knote: [m[K  template argument deduction/substitution failed:
In file included from [01m[K/usr/include/c++/13/bits/move.h:37[m[K,
                 from [01m[K/usr/include/c++/13/bits/new_allocator.h:36[m[K,
                 from [01m[K/usr/include/x86_64-linux-gnu/c++/13/bits/c++allocator.h:33[m[K,
                 from [01m[K/usr/include/c++/13/bits/allocator.h:46[m[K,
                 from [01m[K/usr/include/c++/13/memory:65[m[K,
                 from [01m[K/opt/ros/jazzy/include/rclcpp/rclcpp/rclcpp.hpp:169[m[K:
/usr/include/c++/13/type_traits: In substitution of â€˜[01m[Ktemplate<bool _Cond, class _Tp> using std::__enable_if_t = typename std::enable_if::type [35m[K[with bool _Cond = false; _Tp = void][m[K[m[Kâ€™:
[01m[K/usr/include/c++/13/type_traits:2224:11:[m[K   required by substitution of â€˜[01m[Ktemplate<class ... _Cond> using std::_Require = std::__enable_if_t<std::__and_<_Bn>::value> [35m[K[with _Cond = {std::is_convertible<const double&, long int>, std::__or_<std::chrono::treat_as_floating_point<long int>, std::__not_<std::chrono::treat_as_floating_point<double> > >}][m[K[m[Kâ€™
[01m[K/usr/include/c++/13/bits/chrono.h:570:27:[m[K   required from here
[01m[K/usr/include/c++/13/type_traits:116:11:[m[K [01;31m[Kerror: [m[Kno type named â€˜[01m[Ktype[m[Kâ€™ in â€˜[01m[Kstruct std::enable_if<false, void>[m[Kâ€™
  116 |     using [01;31m[K__enable_if_t[m[K = typename enable_if<_Cond, _Tp>::type;
      |           [01;31m[K^~~~~~~~~~~~~[m[K
[01m[K/usr/include/c++/13/bits/chrono.h:566:9:[m[K [01;36m[Knote: [m[Kcandidate: â€˜[01m[Kconstexpr std::chrono::duration<_Rep, _Period>::[01;32m[Kduration[m[K(const std::chrono::duration<_Rep, _Period>&) [35m[K[with _Rep = long int; _Period = std::ratio<1>][m[K[m[Kâ€™
  566 |         [01;36m[Kduration[m[K(const duration&) = default;
      |         [01;36m[K^~~~~~~~[m[K
[01m[K/usr/include/c++/13/bits/chrono.h:566:18:[m[K [01;36m[Knote: [m[K  no known conversion for argument 1 from â€˜[01m[Kdouble[m[Kâ€™ to â€˜[01m[Kconst std::chrono::duration<long int>&[m[Kâ€™
  566 |         duration([01;36m[Kconst duration&[m[K) = default;
      |                  [01;36m[K^~~~~~~~~~~~~~~[m[K
[01m[K/usr/include/c++/13/bits/chrono.h:564:19:[m[K [01;36m[Knote: [m[Kcandidate: â€˜[01m[Kstd::chrono::duration<_Rep, _Period>::[01;32m[Kduration[m[K() [35m[K[with _Rep = long int; _Period = std::ratio<1>][m[K[m[Kâ€™
  564 |         constexpr [01;36m[Kduration[m[K() = default;
      |                   [01;36m[K^~~~~~~~[m[K
[01m[K/usr/include/c++/13/bits/chrono.h:564:19:[m[K [01;36m[Knote: [m[K  candidate expects 0 arguments, 1 provided
[01m[K/home/tsi/ws_moveit2/src/move_relative_ur/src/move_monitoring_node.cpp:28:37:[m[K [01;31m[Kerror: [m[Kno matching function for call to â€˜[01m[Kstd::chrono::duration<long int>::duration(double)[m[Kâ€™
   28 |             std::chrono::seconds(0.1[01;31m[K)[m[K,
      |                                     [01;31m[K^[m[K
[01m[K/usr/include/c++/13/bits/chrono.h:581:21:[m[K [01;36m[Knote: [m[Kcandidate: â€˜[01m[Ktemplate<class _Rep2, class _Period2, class> constexpr std::chrono::duration<_Rep, _Period>::[01;32m[Kduration[m[K(const std::chrono::duration<_Rep, _Period>&) [35m[K[with _Period2 = _Rep2; <template-parameter-2-3> = _Period2; _Rep = long int; _Period = std::ratio<1>][m[K[m[Kâ€™
  581 |           constexpr [01;36m[Kduration[m[K(const duration<_Rep2, _Period2>& __d)
      |                     [01;36m[K^~~~~~~~[m[K
[01m[K/usr/include/c++/13/bits/chrono.h:581:21:[m[K [01;36m[Knote: [m[K  template argument deduction/substitution failed:
[01m[K/home/tsi/ws_moveit2/src/move_relative_ur/src/move_monitoring_node.cpp:28:37:[m[K [01;36m[Knote: [m[K  mismatched types â€˜[01m[Kconst std::chrono::duration<_Rep1, _Period1>[m[Kâ€™ and â€˜[01m[Kdouble[m[Kâ€™
   28 |             std::chrono::seconds(0.1[01;36m[K)[m[K,
      |                                     [01;36m[K^[m[K
[01m[K/usr/include/c++/13/bits/chrono.h:573:30:[m[K [01;36m[Knote: [m[Kcandidate: â€˜[01m[Ktemplate<class _Rep2, class> constexpr std::chrono::duration<_Rep, _Period>::[01;32m[Kduration[m[K(const _Rep2&) [35m[K[with <template-parameter-2-2> = _Rep2; _Rep = long int; _Period = std::ratio<1>][m[K[m[Kâ€™
  573 |           constexpr explicit [01;36m[Kduration[m[K(const _Rep2& __rep)
      |                              [01;36m[K^~~~~~~~[m[K
[01m[K/usr/include/c++/13/bits/chrono.h:573:30:[m[K [01;36m[Knote: [m[K  template argument deduction/substitution failed:
[01m[K/usr/include/c++/13/bits/chrono.h:566:9:[m[K [01;36m[Knote: [m[Kcandidate: â€˜[01m[Kconstexpr std::chrono::duration<_Rep, _Period>::[01;32m[Kduration[m[K(const std::chrono::duration<_Rep, _Period>&) [35m[K[with _Rep = long int; _Period = std::ratio<1>][m[K[m[Kâ€™
  566 |         [01;36m[Kduration[m[K(const duration&) = default;
      |         [01;36m[K^~~~~~~~[m[K
[01m[K/usr/include/c++/13/bits/chrono.h:566:18:[m[K [01;36m[Knote: [m[K  no known conversion for argument 1 from â€˜[01m[Kdouble[m[Kâ€™ to â€˜[01m[Kconst std::chrono::duration<long int>&[m[Kâ€™
  566 |         duration([01;36m[Kconst duration&[m[K) = default;
      |                  [01;36m[K^~~~~~~~~~~~~~~[m[K
[01m[K/usr/include/c++/13/bits/chrono.h:564:19:[m[K [01;36m[Knote: [m[Kcandidate: â€˜[01m[Kstd::chrono::duration<_Rep, _Period>::[01;32m[Kduration[m[K() [35m[K[with _Rep = long int; _Period = std::ratio<1>][m[K[m[Kâ€™
  564 |         constexpr [01;36m[Kduration[m[K() = default;
      |                   [01;36m[K^~~~~~~~[m[K
[01m[K/usr/include/c++/13/bits/chrono.h:564:19:[m[K [01;36m[Knote: [m[K  candidate expects 0 arguments, 1 provided
[01m[K/home/tsi/ws_moveit2/src/move_relative_ur/src/move_monitoring_node.cpp:[m[K In member function â€˜[01m[Kvoid RobotMonitoringNode::[01;32m[KrequestRobotMode[m[K()[m[Kâ€™:
[01m[K/home/tsi/ws_moveit2/src/move_relative_ur/src/move_monitoring_node.cpp:55:14:[m[K [01;31m[Kerror: [m[Kâ€˜[01m[Krobot_mode_client_[m[Kâ€™ was not declared in this scope
   55 |         if (![01;31m[Krobot_mode_client_[m[K->wait_for_service(std::chrono::seconds(1))) {
      |              [01;31m[K^~~~~~~~~~~~~~~~~~[m[K
[01m[K/home/tsi/ws_moveit2/src/move_relative_ur/src/move_monitoring_node.cpp:60:60:[m[K [01;31m[Kerror: [m[Kâ€˜[01m[Ksrv[m[Kâ€™ is not a member of â€˜[01m[Kur_dashboard_msgs[m[Kâ€™; did you mean â€˜[01m[Krcl_interfaces::srv[m[Kâ€™?
   60 |         auto request = std::make_shared<ur_dashboard_msgs::[01;31m[Ksrv[m[K::GetRobotMode::Request>();
      |                                                            [01;31m[K^~~[m[K
[01m[K/opt/ros/jazzy/include/rcl_interfaces/rcl_interfaces/srv/detail/list_parameters__struct.hpp:30:11:[m[K [01;36m[Knote: [m[Kâ€˜[01m[Krcl_interfaces::srv[m[Kâ€™ declared here
   30 | namespace [01;36m[Ksrv[m[K
      |           [01;36m[K^~~[m[K
[01m[K/home/tsi/ws_moveit2/src/move_relative_ur/src/move_monitoring_node.cpp:60:29:[m[K [01;31m[Kerror: [m[Kparse error in template argument list
   60 |         auto request = std::[01;31m[Kmake_shared<ur_dashboard_msgs::srv::GetRobotMode::Request>[m[K();
      |                             [01;31m[K^~~~~~~~~~~~~~~~~~~~~~~~~~~~~~~~~~~~~~~~~~~~~~~~~~~~~~~~~~[m[K
[01m[K/home/tsi/ws_moveit2/src/move_relative_ur/src/move_monitoring_node.cpp:60:87:[m[K [01;31m[Kerror: [m[Kno matching function for call to â€˜[01m[Kmake_shared<<expression error> >()[m[Kâ€™
   60 |         auto request = [01;31m[Kstd::make_shared<ur_dashboard_msgs::srv::GetRobotMode::Request>()[m[K;
      |                        [01;31m[K~~~~~~~~~~~~~~~~~~~~~~~~~~~~~~~~~~~~~~~~~~~~~~~~~~~~~~~~~~~~~~~^~[m[K
In file included from [01m[K/usr/include/c++/13/memory:80[m[K:
[01m[K/usr/include/c++/13/bits/shared_ptr.h:1005:5:[m[K [01;36m[Knote: [m[Kcandidate: â€˜[01m[Ktemplate<class _Tp, class ... _Args> std::shared_ptr<typename std::enable_if<(! std::is_array< <template-parameter-1-1> >::value), _Tp>::type> std::[01;32m[Kmake_shared[m[K(_Args&& ...)[m[Kâ€™
 1005 |     [01;36m[Kmake_shared[m[K(_Args&&... __args)
      |     [01;36m[K^~~~~~~~~~~[m[K
[01m[K/usr/include/c++/13/bits/shared_ptr.h:1005:5:[m[K [01;36m[Knote: [m[K  template argument deduction/substitution failed:
[01m[K/home/tsi/ws_moveit2/src/move_relative_ur/src/move_monitoring_node.cpp:60:87:[m[K [01;31m[Kerror: [m[Ktemplate argument 1 is invalid
   60 |         auto request = [01;31m[Kstd::make_shared<ur_dashboard_msgs::srv::GetRobotMode::Request>()[m[K;
      |                        [01;31m[K~~~~~~~~~~~~~~~~~~~~~~~~~~~~~~~~~~~~~~~~~~~~~~~~~~~~~~~~~~~~~~~^~[m[K
[01m[K/home/tsi/ws_moveit2/src/move_relative_ur/src/move_monitoring_node.cpp:62:23:[m[K [01;31m[Kerror: [m[Kâ€˜[01m[Krobot_mode_client_[m[Kâ€™ was not declared in this scope
   62 |         auto future = [01;31m[Krobot_mode_client_[m[K->async_send_request(
      |                       [01;31m[K^~~~~~~~~~~~~~~~~~[m[K
[01m[K/home/tsi/ws_moveit2/src/move_relative_ur/src/move_monitoring_node.cpp:[m[K In member function â€˜[01m[Kvoid RobotMonitoringNode::[01;32m[KrequestSafetyMode[m[K()[m[Kâ€™:
[01m[K/home/tsi/ws_moveit2/src/move_relative_ur/src/move_monitoring_node.cpp:85:14:[m[K [01;31m[Kerror: [m[Kâ€˜[01m[Ksafety_mode_client_[m[Kâ€™ was not declared in this scope
   85 |         if (![01;31m[Ksafety_mode_client_[m[K->wait_for_service(std::chrono::seconds(1))) {
      |              [01;31m[K^~~~~~~~~~~~~~~~~~~[m[K
[01m[K/home/tsi/ws_moveit2/src/move_relative_ur/src/move_monitoring_node.cpp:90:60:[m[K [01;31m[Kerror: [m[Kâ€˜[01m[Ksrv[m[Kâ€™ is not a member of â€˜[01m[Kur_dashboard_msgs[m[Kâ€™; did you mean â€˜[01m[Krcl_interfaces::srv[m[Kâ€™?
   90 |         auto request = std::make_shared<ur_dashboard_msgs::[01;31m[Ksrv[m[K::GetSafetyMode::Request>();
      |                                                            [01;31m[K^~~[m[K
[01m[K/opt/ros/jazzy/include/rcl_interfaces/rcl_interfaces/srv/detail/list_parameters__struct.hpp:30:11:[m[K [01;36m[Knote: [m[Kâ€˜[01m[Krcl_interfaces::srv[m[Kâ€™ declared here
   30 | namespace [01;36m[Ksrv[m[K
      |           [01;36m[K^~~[m[K
[01m[K/home/tsi/ws_moveit2/src/move_relative_ur/src/move_monitoring_node.cpp:90:29:[m[K [01;31m[Kerror: [m[Kparse error in template argument list
   90 |         auto request = std::[01;31m[Kmake_shared<ur_dashboard_msgs::srv::GetSafetyMode::Request>[m[K();
      |                             [01;31m[K^~~~~~~~~~~~~~~~~~~~~~~~~~~~~~~~~~~~~~~~~~~~~~~~~~~~~~~~~~~[m[K
[01m[K/home/tsi/ws_moveit2/src/move_relative_ur/src/move_monitoring_node.cpp:90:88:[m[K [01;31m[Kerror: [m[Kno matching function for call to â€˜[01m[Kmake_shared<<expression error> >()[m[Kâ€™
   90 |         auto request = [01;31m[Kstd::make_shared<ur_dashboard_msgs::srv::GetSafetyMode::Request>()[m[K;
      |                        [01;31m[K~~~~~~~~~~~~~~~~~~~~~~~~~~~~~~~~~~~~~~~~~~~~~~~~~~~~~~~~~~~~~~~~^~[m[K
[01m[K/usr/include/c++/13/bits/shared_ptr.h:1005:5:[m[K [01;36m[Knote: [m[Kcandidate: â€˜[01m[Ktemplate<class _Tp, class ... _Args> std::shared_ptr<typename std::enable_if<(! std::is_array< <template-parameter-1-1> >::value), _Tp>::type> std::[01;32m[Kmake_shared[m[K(_Args&& ...)[m[Kâ€™
 1005 |     [01;36m[Kmake_shared[m[K(_Args&&... __args)
      |     [01;36m[K^~~~~~~~~~~[m[K
[01m[K/usr/include/c++/13/bits/shared_ptr.h:1005:5:[m[K [01;36m[Knote: [m[K  template argument deduction/substitution failed:
[01m[K/home/tsi/ws_moveit2/src/move_relative_ur/src/move_monitoring_node.cpp:90:88:[m[K [01;31m[Kerror: [m[Ktemplate argument 1 is invalid
   90 |         auto request = [01;31m[Kstd::make_shared<ur_dashboard_msgs::srv::GetSafetyMode::Request>()[m[K;
      |                        [01;31m[K~~~~~~~~~~~~~~~~~~~~~~~~~~~~~~~~~~~~~~~~~~~~~~~~~~~~~~~~~~~~~~~~^~[m[K
[01m[K/home/tsi/ws_moveit2/src/move_relative_ur/src/move_monitoring_node.cpp:92:23:[m[K [01;31m[Kerror: [m[Kâ€˜[01m[Ksafety_mode_client_[m[Kâ€™ was not declared in this scope
   92 |         auto future = [01;31m[Ksafety_mode_client_[m[K->async_send_request(
      |                       [01;31m[K^~~~~~~~~~~~~~~~~~~[m[K
gmake[2]: *** [CMakeFiles/robot_monitoring_node.dir/build.make:76: CMakeFiles/robot_monitoring_node.dir/src/move_monitoring_node.cpp.o] Error 1
gmake[1]: *** [CMakeFiles/Makefile2:655: CMakeFiles/robot_monitoring_node.dir/all] Error 2
gmake: *** [Makefile:146: all] Error 2
