[01m[K/home/tsi/ws_moveit2/src/move_relative_ur/src/move_relative.cpp:157:34:[m[K [01;31m[Kerror: [m[Kexpected unqualified-id before â€˜[01m[K=[m[Kâ€™ token
  157 |     rclcpp::TimerBase::SharedPtr [01;31m[K=[m[K error_process_timer_;
      |                                  [01;31m[K^[m[K
[01m[K/home/tsi/ws_moveit2/src/move_relative_ur/src/move_relative.cpp:[m[K In constructor â€˜[01m[KURScriptRelativeMove::[01;32m[KURScriptRelativeMove[m[K()[m[Kâ€™:
[01m[K/home/tsi/ws_moveit2/src/move_relative_ur/src/move_relative.cpp:32:9:[m[K [01;31m[Kerror: [m[Kâ€˜[01m[Kerror_process_timer_[m[Kâ€™ was not declared in this scope
   32 |         [01;31m[Kerror_process_timer_[m[K = this->create_wall_timer(
      |         [01;31m[K^~~~~~~~~~~~~~~~~~~~[m[K
[01m[K/home/tsi/ws_moveit2/src/move_relative_ur/src/move_relative.cpp:[m[K In member function â€˜[01m[Kvoid URScriptRelativeMove::[01;32m[KprocessErrorMessage[m[K()[m[Kâ€™:
[01m[K/home/tsi/ws_moveit2/src/move_relative_ur/src/move_relative.cpp:48:13:[m[K [01;31m[Kerror: [m[Kâ€˜[01m[Kerror_msg_[m[Kâ€™ was not declared in this scope; did you mean â€˜[01m[Kerror_msg[m[Kâ€™?
   48 |         if ([01;31m[Kerror_msg_[m[K.empty()) return;  // ë©”ì‹œì§€ê°€ ì—†ìœ¼ë©´ ì²˜ë¦¬ ì•ˆ í•¨
      |             [01;31m[K^~~~~~~~~~[m[K
      |             [32m[Kerror_msg[m[K
[01m[K/home/tsi/ws_moveit2/src/move_relative_ur/src/move_relative.cpp:50:13:[m[K [01;31m[Kerror: [m[Kâ€˜[01m[Kerror_msg_[m[Kâ€™ was not declared in this scope; did you mean â€˜[01m[Kerror_msg[m[Kâ€™?
   50 |         if ([01;31m[Kerror_msg_[m[K == "ë¡œë´‡ì´ ì •ì§€ ìƒíƒœì— ìˆìŒ!") {
      |             [01;31m[K^~~~~~~~~~[m[K
      |             [32m[Kerror_msg[m[K
[01m[K/home/tsi/ws_moveit2/src/move_relative_ur/src/move_relative.cpp:59:9:[m[K [01;31m[Kerror: [m[Kâ€˜[01m[Kerror_msg_[m[Kâ€™ was not declared in this scope; did you mean â€˜[01m[Kerror_msg[m[Kâ€™?
   59 |         [01;31m[Kerror_msg_[m[K.clear();  // âœ… ë©”ì‹œì§€ ì²˜ë¦¬ í›„ ì´ˆê¸°í™”
      |         [01;31m[K^~~~~~~~~~[m[K
      |         [32m[Kerror_msg[m[K
gmake[2]: *** [CMakeFiles/move_relative_node.dir/build.make:76: CMakeFiles/move_relative_node.dir/src/move_relative.cpp.o] Error 1
gmake[1]: *** [CMakeFiles/Makefile2:627: CMakeFiles/move_relative_node.dir/all] Error 2
gmake: *** [Makefile:146: all] Error 2
