[0.037s] Invoking command in '/home/tsi/ws_moveit2/build/move_relative_ur': CMAKE_PREFIX_PATH=${CMAKE_PREFIX_PATH}:/home/tsi/workspace/install/moveit_configs_utils:/opt/ros/jazzy DEBUGINFOD_URLS=https://debuginfod.ubuntu.com /usr/bin/cmake --build /home/tsi/ws_moveit2/build/move_relative_ur -- -j12 -l12
[0.206s] [  2%] Built target move_relative_ur__rosidl_generator_type_description
[0.221s] [  2%] Built target ament_cmake_python_symlink_move_relative_ur
[0.246s] [  5%] Built target move_relative_ur__cpp
[0.248s] [ 18%] Built target move_relative_ur__rosidl_generator_c
[0.295s] [ 34%] Built target move_relative_ur__rosidl_typesupport_c
[0.295s] [ 34%] Built target move_relative_ur__rosidl_typesupport_cpp
[0.296s] [ 42%] Built target move_relative_ur__rosidl_typesupport_introspection_c
[0.296s] [ 50%] Built target move_relative_ur__rosidl_typesupport_fastrtps_cpp
[0.297s] [ 57%] Built target move_relative_ur__rosidl_typesupport_introspection_cpp
[0.298s] [ 65%] Built target move_relative_ur__rosidl_typesupport_fastrtps_c
[0.347s] [ 71%] Built target robot_monitoring_node
[0.351s] [ 71%] Built target move_relative_ur
[0.353s] [ 73%] [32mBuilding CXX object CMakeFiles/move_relative_node.dir/src/move_relative.cpp.o[0m
[0.397s] [ 76%] Built target move_relative_ur__py
[0.446s] [ 81%] Built target move_relative_ur__rosidl_generator_py
[0.498s] [ 86%] Built target move_relative_ur_s__rosidl_typesupport_c
[0.498s] [ 92%] Built target move_relative_ur_s__rosidl_typesupport_introspection_c
[0.502s] [ 97%] Built target move_relative_ur_s__rosidl_typesupport_fastrtps_c
[0.684s] running egg_info
[0.727s] writing move_relative_ur.egg-info/PKG-INFO
[0.727s] writing dependency_links to move_relative_ur.egg-info/dependency_links.txt
[0.728s] writing top-level names to move_relative_ur.egg-info/top_level.txt
[0.845s] reading manifest file 'move_relative_ur.egg-info/SOURCES.txt'
[0.846s] writing manifest file 'move_relative_ur.egg-info/SOURCES.txt'
[0.896s] [ 97%] Built target ament_cmake_python_build_move_relative_ur_egg
[3.054s] [01m[K/home/tsi/ws_moveit2/src/move_relative_ur/src/move_relative.cpp:157:34:[m[K [01;31m[Kerror: [m[Kexpected unqualified-id before â€˜[01m[K=[m[Kâ€™ token
[3.054s]   157 |     rclcpp::TimerBase::SharedPtr [01;31m[K=[m[K error_process_timer_;
[3.055s]       |                                  [01;31m[K^[m[K
[3.076s] [01m[K/home/tsi/ws_moveit2/src/move_relative_ur/src/move_relative.cpp:[m[K In constructor â€˜[01m[KURScriptRelativeMove::[01;32m[KURScriptRelativeMove[m[K()[m[Kâ€™:
[3.076s] [01m[K/home/tsi/ws_moveit2/src/move_relative_ur/src/move_relative.cpp:32:9:[m[K [01;31m[Kerror: [m[Kâ€˜[01m[Kerror_process_timer_[m[Kâ€™ was not declared in this scope
[3.077s]    32 |         [01;31m[Kerror_process_timer_[m[K = this->create_wall_timer(
[3.077s]       |         [01;31m[K^~~~~~~~~~~~~~~~~~~~[m[K
[3.094s] [01m[K/home/tsi/ws_moveit2/src/move_relative_ur/src/move_relative.cpp:[m[K In member function â€˜[01m[Kvoid URScriptRelativeMove::[01;32m[KprocessErrorMessage[m[K()[m[Kâ€™:
[3.094s] [01m[K/home/tsi/ws_moveit2/src/move_relative_ur/src/move_relative.cpp:48:13:[m[K [01;31m[Kerror: [m[Kâ€˜[01m[Kerror_msg_[m[Kâ€™ was not declared in this scope; did you mean â€˜[01m[Kerror_msg[m[Kâ€™?
[3.094s]    48 |         if ([01;31m[Kerror_msg_[m[K.empty()) return;  // ë©”ì‹œì§€ê°€ ì—†ìœ¼ë©´ ì²˜ë¦¬ ì•ˆ í•¨
[3.095s]       |             [01;31m[K^~~~~~~~~~[m[K
[3.095s]       |             [32m[Kerror_msg[m[K
[3.101s] [01m[K/home/tsi/ws_moveit2/src/move_relative_ur/src/move_relative.cpp:50:13:[m[K [01;31m[Kerror: [m[Kâ€˜[01m[Kerror_msg_[m[Kâ€™ was not declared in this scope; did you mean â€˜[01m[Kerror_msg[m[Kâ€™?
[3.101s]    50 |         if ([01;31m[Kerror_msg_[m[K == "ë¡œë´‡ì´ ì •ì§€ ìƒíƒœì— ìˆìŒ!") {
[3.101s]       |             [01;31m[K^~~~~~~~~~[m[K
[3.102s]       |             [32m[Kerror_msg[m[K
[3.108s] [01m[K/home/tsi/ws_moveit2/src/move_relative_ur/src/move_relative.cpp:59:9:[m[K [01;31m[Kerror: [m[Kâ€˜[01m[Kerror_msg_[m[Kâ€™ was not declared in this scope; did you mean â€˜[01m[Kerror_msg[m[Kâ€™?
[3.109s]    59 |         [01;31m[Kerror_msg_[m[K.clear();  // âœ… ë©”ì‹œì§€ ì²˜ë¦¬ í›„ ì´ˆê¸°í™”
[3.109s]       |         [01;31m[K^~~~~~~~~~[m[K
[3.109s]       |         [32m[Kerror_msg[m[K
[5.737s] gmake[2]: *** [CMakeFiles/move_relative_node.dir/build.make:76: CMakeFiles/move_relative_node.dir/src/move_relative.cpp.o] Error 1
[5.738s] gmake[1]: *** [CMakeFiles/Makefile2:627: CMakeFiles/move_relative_node.dir/all] Error 2
[5.739s] gmake: *** [Makefile:146: all] Error 2
[5.745s] Invoked command in '/home/tsi/ws_moveit2/build/move_relative_ur' returned '2': CMAKE_PREFIX_PATH=${CMAKE_PREFIX_PATH}:/home/tsi/workspace/install/moveit_configs_utils:/opt/ros/jazzy DEBUGINFOD_URLS=https://debuginfod.ubuntu.com /usr/bin/cmake --build /home/tsi/ws_moveit2/build/move_relative_ur -- -j12 -l12
