[0.035s] Invoking command in '/home/tsi/ws_moveit2/build/move_relative_ur': CMAKE_PREFIX_PATH=${CMAKE_PREFIX_PATH}:/home/tsi/workspace/install/moveit_configs_utils:/opt/ros/jazzy DEBUGINFOD_URLS=https://debuginfod.ubuntu.com /usr/bin/cmake --build /home/tsi/ws_moveit2/build/move_relative_ur -- -j12 -l12
[0.170s] [  2%] Built target move_relative_ur__rosidl_generator_type_description
[0.202s] [  2%] Built target ament_cmake_python_symlink_move_relative_ur
[0.214s] [  5%] Built target move_relative_ur__cpp
[0.228s] [ 18%] Built target move_relative_ur__rosidl_generator_c
[0.276s] [ 31%] Built target move_relative_ur__rosidl_typesupport_c
[0.276s] [ 34%] Built target move_relative_ur__rosidl_typesupport_cpp
[0.280s] [ 42%] Built target move_relative_ur__rosidl_typesupport_introspection_c
[0.282s] [ 50%] Built target move_relative_ur__rosidl_typesupport_fastrtps_c
[0.284s] [ 57%] Built target move_relative_ur__rosidl_typesupport_fastrtps_cpp
[0.286s] [ 65%] Built target move_relative_ur__rosidl_typesupport_introspection_cpp
[0.322s] [ 65%] Built target move_relative_ur
[0.333s] [ 71%] Built target move_relative_node
[0.338s] [ 73%] [32mBuilding CXX object CMakeFiles/robot_monitoring_node.dir/src/move_monitoring_node.cpp.o[0m
[0.359s] [ 76%] Built target move_relative_ur__py
[0.412s] [ 81%] Built target move_relative_ur__rosidl_generator_py
[0.450s] [ 86%] Built target move_relative_ur_s__rosidl_typesupport_c
[0.459s] [ 92%] Built target move_relative_ur_s__rosidl_typesupport_fastrtps_c
[0.464s] [ 97%] Built target move_relative_ur_s__rosidl_typesupport_introspection_c
[0.619s] running egg_info
[0.660s] writing move_relative_ur.egg-info/PKG-INFO
[0.660s] writing dependency_links to move_relative_ur.egg-info/dependency_links.txt
[0.661s] writing top-level names to move_relative_ur.egg-info/top_level.txt
[0.797s] reading manifest file 'move_relative_ur.egg-info/SOURCES.txt'
[0.798s] writing manifest file 'move_relative_ur.egg-info/SOURCES.txt'
[0.863s] [ 97%] Built target ament_cmake_python_build_move_relative_ur_egg
[3.015s] [01m[K/home/tsi/ws_moveit2/src/move_relative_ur/src/move_monitoring_node.cpp:[m[K In constructor â€˜[01m[KRobotMonitoringNode::[01;32m[KRobotMonitoringNode[m[K()[m[Kâ€™:
[3.015s] [01m[K/home/tsi/ws_moveit2/src/move_relative_ur/src/move_monitoring_node.cpp:23:37:[m[K [01;31m[Kerror: [m[Kno matching function for call to â€˜[01m[Kstd::chrono::duration<long int>::duration(double)[m[Kâ€™
[3.015s]    23 |             std::chrono::seconds(0.1[01;31m[K)[m[K,
[3.016s]       |                                     [01;31m[K^[m[K
[3.016s] In file included from [01m[K/usr/include/c++/13/chrono:41[m[K,
[3.016s]                  from [01m[K/opt/ros/jazzy/include/rclcpp/rclcpp/utilities.hpp:18[m[K,
[3.017s]                  from [01m[K/opt/ros/jazzy/include/rclcpp/rclcpp/logging.hpp:25[m[K,
[3.017s]                  from [01m[K/opt/ros/jazzy/include/rclcpp/rclcpp/copy_all_parameter_values.hpp:27[m[K,
[3.017s]                  from [01m[K/opt/ros/jazzy/include/rclcpp/rclcpp/rclcpp.hpp:171[m[K,
[3.017s]                  from [01m[K/home/tsi/ws_moveit2/src/move_relative_ur/src/move_monitoring_node.cpp:1[m[K:
[3.017s] [01m[K/usr/include/c++/13/bits/chrono.h:581:21:[m[K [01;36m[Knote: [m[Kcandidate: â€˜[01m[Ktemplate<class _Rep2, class _Period2, class> constexpr std::chrono::duration<_Rep, _Period>::[01;32m[Kduration[m[K(const std::chrono::duration<_Rep, _Period>&) [35m[K[with _Period2 = _Rep2; <template-parameter-2-3> = _Period2; _Rep = long int; _Period = std::ratio<1>][m[K[m[Kâ€™
[3.017s]   581 |           constexpr [01;36m[Kduration[m[K(const duration<_Rep2, _Period2>& __d)
[3.018s]       |                     [01;36m[K^~~~~~~~[m[K
[3.018s] [01m[K/usr/include/c++/13/bits/chrono.h:581:21:[m[K [01;36m[Knote: [m[K  template argument deduction/substitution failed:
[3.019s] [01m[K/home/tsi/ws_moveit2/src/move_relative_ur/src/move_monitoring_node.cpp:23:37:[m[K [01;36m[Knote: [m[K  mismatched types â€˜[01m[Kconst std::chrono::duration<_Rep1, _Period1>[m[Kâ€™ and â€˜[01m[Kdouble[m[Kâ€™
[3.019s]    23 |             std::chrono::seconds(0.1[01;36m[K)[m[K,
[3.019s]       |                                     [01;36m[K^[m[K
[3.019s] [01m[K/usr/include/c++/13/bits/chrono.h:573:30:[m[K [01;36m[Knote: [m[Kcandidate: â€˜[01m[Ktemplate<class _Rep2, class> constexpr std::chrono::duration<_Rep, _Period>::[01;32m[Kduration[m[K(const _Rep2&) [35m[K[with <template-parameter-2-2> = _Rep2; _Rep = long int; _Period = std::ratio<1>][m[K[m[Kâ€™
[3.020s]   573 |           constexpr explicit [01;36m[Kduration[m[K(const _Rep2& __rep)
[3.020s]       |                              [01;36m[K^~~~~~~~[m[K
[3.020s] [01m[K/usr/include/c++/13/bits/chrono.h:573:30:[m[K [01;36m[Knote: [m[K  template argument deduction/substitution failed:
[3.020s] In file included from [01m[K/usr/include/c++/13/bits/move.h:37[m[K,
[3.020s]                  from [01m[K/usr/include/c++/13/bits/new_allocator.h:36[m[K,
[3.021s]                  from [01m[K/usr/include/x86_64-linux-gnu/c++/13/bits/c++allocator.h:33[m[K,
[3.021s]                  from [01m[K/usr/include/c++/13/bits/allocator.h:46[m[K,
[3.021s]                  from [01m[K/usr/include/c++/13/memory:65[m[K,
[3.021s]                  from [01m[K/opt/ros/jazzy/include/rclcpp/rclcpp/rclcpp.hpp:169[m[K:
[3.021s] /usr/include/c++/13/type_traits: In substitution of â€˜[01m[Ktemplate<bool _Cond, class _Tp> using std::__enable_if_t = typename std::enable_if::type [35m[K[with bool _Cond = false; _Tp = void][m[K[m[Kâ€™:
[3.022s] [01m[K/usr/include/c++/13/type_traits:2224:11:[m[K   required by substitution of â€˜[01m[Ktemplate<class ... _Cond> using std::_Require = std::__enable_if_t<std::__and_<_Bn>::value> [35m[K[with _Cond = {std::is_convertible<const double&, long int>, std::__or_<std::chrono::treat_as_floating_point<long int>, std::__not_<std::chrono::treat_as_floating_point<double> > >}][m[K[m[Kâ€™
[3.022s] [01m[K/usr/include/c++/13/bits/chrono.h:570:27:[m[K   required from here
[3.023s] [01m[K/usr/include/c++/13/type_traits:116:11:[m[K [01;31m[Kerror: [m[Kno type named â€˜[01m[Ktype[m[Kâ€™ in â€˜[01m[Kstruct std::enable_if<false, void>[m[Kâ€™
[3.023s]   116 |     using [01;31m[K__enable_if_t[m[K = typename enable_if<_Cond, _Tp>::type;
[3.023s]       |           [01;31m[K^~~~~~~~~~~~~[m[K
[3.024s] [01m[K/usr/include/c++/13/bits/chrono.h:566:9:[m[K [01;36m[Knote: [m[Kcandidate: â€˜[01m[Kconstexpr std::chrono::duration<_Rep, _Period>::[01;32m[Kduration[m[K(const std::chrono::duration<_Rep, _Period>&) [35m[K[with _Rep = long int; _Period = std::ratio<1>][m[K[m[Kâ€™
[3.024s]   566 |         [01;36m[Kduration[m[K(const duration&) = default;
[3.024s]       |         [01;36m[K^~~~~~~~[m[K
[3.024s] [01m[K/usr/include/c++/13/bits/chrono.h:566:18:[m[K [01;36m[Knote: [m[K  no known conversion for argument 1 from â€˜[01m[Kdouble[m[Kâ€™ to â€˜[01m[Kconst std::chrono::duration<long int>&[m[Kâ€™
[3.024s]   566 |         duration([01;36m[Kconst duration&[m[K) = default;
[3.025s]       |                  [01;36m[K^~~~~~~~~~~~~~~[m[K
[3.025s] [01m[K/usr/include/c++/13/bits/chrono.h:564:19:[m[K [01;36m[Knote: [m[Kcandidate: â€˜[01m[Kstd::chrono::duration<_Rep, _Period>::[01;32m[Kduration[m[K() [35m[K[with _Rep = long int; _Period = std::ratio<1>][m[K[m[Kâ€™
[3.025s]   564 |         constexpr [01;36m[Kduration[m[K() = default;
[3.025s]       |                   [01;36m[K^~~~~~~~[m[K
[3.025s] [01m[K/usr/include/c++/13/bits/chrono.h:564:19:[m[K [01;36m[Knote: [m[K  candidate expects 0 arguments, 1 provided
[3.026s] [01m[K/home/tsi/ws_moveit2/src/move_relative_ur/src/move_monitoring_node.cpp:28:37:[m[K [01;31m[Kerror: [m[Kno matching function for call to â€˜[01m[Kstd::chrono::duration<long int>::duration(double)[m[Kâ€™
[3.026s]    28 |             std::chrono::seconds(0.1[01;31m[K)[m[K,
[3.026s]       |                                     [01;31m[K^[m[K
[3.026s] [01m[K/usr/include/c++/13/bits/chrono.h:581:21:[m[K [01;36m[Knote: [m[Kcandidate: â€˜[01m[Ktemplate<class _Rep2, class _Period2, class> constexpr std::chrono::duration<_Rep, _Period>::[01;32m[Kduration[m[K(const std::chrono::duration<_Rep, _Period>&) [35m[K[with _Period2 = _Rep2; <template-parameter-2-3> = _Period2; _Rep = long int; _Period = std::ratio<1>][m[K[m[Kâ€™
[3.026s]   581 |           constexpr [01;36m[Kduration[m[K(const duration<_Rep2, _Period2>& __d)
[3.027s]       |                     [01;36m[K^~~~~~~~[m[K
[3.027s] [01m[K/usr/include/c++/13/bits/chrono.h:581:21:[m[K [01;36m[Knote: [m[K  template argument deduction/substitution failed:
[3.027s] [01m[K/home/tsi/ws_moveit2/src/move_relative_ur/src/move_monitoring_node.cpp:28:37:[m[K [01;36m[Knote: [m[K  mismatched types â€˜[01m[Kconst std::chrono::duration<_Rep1, _Period1>[m[Kâ€™ and â€˜[01m[Kdouble[m[Kâ€™
[3.027s]    28 |             std::chrono::seconds(0.1[01;36m[K)[m[K,
[3.027s]       |                                     [01;36m[K^[m[K
[3.027s] [01m[K/usr/include/c++/13/bits/chrono.h:573:30:[m[K [01;36m[Knote: [m[Kcandidate: â€˜[01m[Ktemplate<class _Rep2, class> constexpr std::chrono::duration<_Rep, _Period>::[01;32m[Kduration[m[K(const _Rep2&) [35m[K[with <template-parameter-2-2> = _Rep2; _Rep = long int; _Period = std::ratio<1>][m[K[m[Kâ€™
[3.028s]   573 |           constexpr explicit [01;36m[Kduration[m[K(const _Rep2& __rep)
[3.028s]       |                              [01;36m[K^~~~~~~~[m[K
[3.028s] [01m[K/usr/include/c++/13/bits/chrono.h:573:30:[m[K [01;36m[Knote: [m[K  template argument deduction/substitution failed:
[3.028s] [01m[K/usr/include/c++/13/bits/chrono.h:566:9:[m[K [01;36m[Knote: [m[Kcandidate: â€˜[01m[Kconstexpr std::chrono::duration<_Rep, _Period>::[01;32m[Kduration[m[K(const std::chrono::duration<_Rep, _Period>&) [35m[K[with _Rep = long int; _Period = std::ratio<1>][m[K[m[Kâ€™
[3.028s]   566 |         [01;36m[Kduration[m[K(const duration&) = default;
[3.029s]       |         [01;36m[K^~~~~~~~[m[K
[3.029s] [01m[K/usr/include/c++/13/bits/chrono.h:566:18:[m[K [01;36m[Knote: [m[K  no known conversion for argument 1 from â€˜[01m[Kdouble[m[Kâ€™ to â€˜[01m[Kconst std::chrono::duration<long int>&[m[Kâ€™
[3.029s]   566 |         duration([01;36m[Kconst duration&[m[K) = default;
[3.029s]       |                  [01;36m[K^~~~~~~~~~~~~~~[m[K
[3.029s] [01m[K/usr/include/c++/13/bits/chrono.h:564:19:[m[K [01;36m[Knote: [m[Kcandidate: â€˜[01m[Kstd::chrono::duration<_Rep, _Period>::[01;32m[Kduration[m[K() [35m[K[with _Rep = long int; _Period = std::ratio<1>][m[K[m[Kâ€™
[3.029s]   564 |         constexpr [01;36m[Kduration[m[K() = default;
[3.029s]       |                   [01;36m[K^~~~~~~~[m[K
[3.030s] [01m[K/usr/include/c++/13/bits/chrono.h:564:19:[m[K [01;36m[Knote: [m[K  candidate expects 0 arguments, 1 provided
[3.034s] [01m[K/home/tsi/ws_moveit2/src/move_relative_ur/src/move_monitoring_node.cpp:[m[K In member function â€˜[01m[Kvoid RobotMonitoringNode::[01;32m[KrequestRobotMode[m[K()[m[Kâ€™:
[3.034s] [01m[K/home/tsi/ws_moveit2/src/move_relative_ur/src/move_monitoring_node.cpp:55:14:[m[K [01;31m[Kerror: [m[Kâ€˜[01m[Krobot_mode_client_[m[Kâ€™ was not declared in this scope; did you mean â€˜[01m[Krobot_mode_timer_[m[Kâ€™?
[3.035s]    55 |         if (![01;31m[Krobot_mode_client_[m[K->wait_for_service(std::chrono::seconds(1))) {
[3.035s]       |              [01;31m[K^~~~~~~~~~~~~~~~~~[m[K
[3.035s]       |              [32m[Krobot_mode_timer_[m[K
[3.046s] [01m[K/home/tsi/ws_moveit2/src/move_relative_ur/src/move_monitoring_node.cpp:62:23:[m[K [01;31m[Kerror: [m[Kâ€˜[01m[Krobot_mode_client_[m[Kâ€™ was not declared in this scope; did you mean â€˜[01m[Krobot_mode_timer_[m[Kâ€™?
[3.046s]    62 |         auto future = [01;31m[Krobot_mode_client_[m[K->async_send_request(
[3.046s]       |                       [01;31m[K^~~~~~~~~~~~~~~~~~[m[K
[3.046s]       |                       [32m[Krobot_mode_timer_[m[K
[3.054s] [01m[K/home/tsi/ws_moveit2/src/move_relative_ur/src/move_monitoring_node.cpp:[m[K In member function â€˜[01m[Kvoid RobotMonitoringNode::[01;32m[KrobotModeResponse[m[K(rclcpp::Client<ur_dashboard_msgs::srv::GetRobotMode>::SharedFuture)[m[Kâ€™:
[3.054s] [01m[K/home/tsi/ws_moveit2/src/move_relative_ur/src/move_monitoring_node.cpp:79:42:[m[K [01;31m[Kerror: [m[Kexpected â€˜[01m[K)[m[Kâ€™ before string constant
[3.054s]    79 |             RCLCPP_INFO(this->get_logger [01;31m[K"âœ… ë¡œë´‡ ì •ìƒ ë™ìž‘ ì¤‘."[m[K);
[3.054s]       |                                          [01;31m[K^~~~~~~~~~~~~~~~~~~~~~~[m[K
[3.054s] [01m[K/home/tsi/ws_moveit2/src/move_relative_ur/src/move_monitoring_node.cpp:79:13:[m[K [01;36m[Knote: [m[Kto match this â€˜[01m[K([m[Kâ€™
[3.055s]    79 |             [01;36m[KRCLCPP_INFO[m[K(this->get_logger "âœ… ë¡œë´‡ ì •ìƒ ë™ìž‘ ì¤‘.");
[3.055s]       |             [01;36m[K^~~~~~~~~~~[m[K
[3.055s] [01m[K/home/tsi/ws_moveit2/src/move_relative_ur/src/move_monitoring_node.cpp:79:13:[m[K [01;31m[Kerror: [m[Ktemplate argument 1 is invalid
[3.055s]    79 |             [01;31m[KRCLCPP_INFO[m[K(this->get_logger "âœ… ë¡œë´‡ ì •ìƒ ë™ìž‘ ì¤‘.");
[3.056s]       |             [01;31m[K^~~~~~~~~~~[m[K
[3.056s] [01m[K/home/tsi/ws_moveit2/src/move_relative_ur/src/move_monitoring_node.cpp:79:13:[m[K [01;31m[Kerror: [m[Ktemplate argument 1 is invalid
[3.056s]    79 |             [01;31m[KRCLCPP_INFO[m[K(this->get_logger "âœ… ë¡œë´‡ ì •ìƒ ë™ìž‘ ì¤‘.");
[3.056s]       |             [01;31m[K^~~~~~~~~~~[m[K
[3.056s] [01m[K/home/tsi/ws_moveit2/src/move_relative_ur/src/move_monitoring_node.cpp:79:13:[m[K [01;31m[Kerror: [m[Ktemplate argument 1 is invalid
[3.056s]    79 |             [01;31m[KRCLCPP_INFO[m[K(this->get_logger "âœ… ë¡œë´‡ ì •ìƒ ë™ìž‘ ì¤‘.");
[3.057s]       |             [01;31m[K^~~~~~~~~~~[m[K
[3.057s] In file included from [01m[K/opt/ros/jazzy/include/rclcpp/rclcpp/logging.hpp:24[m[K:
[3.057s] [01m[K/home/tsi/ws_moveit2/src/move_relative_ur/src/move_monitoring_node.cpp:79:42:[m[K [01;31m[Kerror: [m[Kexpected â€˜[01m[K)[m[Kâ€™ before string constant
[3.057s]    79 |             RCLCPP_INFO(this->get_logger [01;31m[K"âœ… ë¡œë´‡ ì •ìƒ ë™ìž‘ ì¤‘."[m[K);
[3.057s]       |                                          [01;31m[K^~~~~~~~~~~~~~~~~~~~~~~[m[K
[3.058s] [01m[K/home/tsi/ws_moveit2/src/move_relative_ur/src/move_monitoring_node.cpp:79:13:[m[K [01;36m[Knote: [m[Kto match this â€˜[01m[K([m[Kâ€™
[3.058s]    79 |             [01;36m[KRCLCPP_INFO[m[K(this->get_logger "âœ… ë¡œë´‡ ì •ìƒ ë™ìž‘ ì¤‘.");
[3.058s]       |             [01;36m[K^~~~~~~~~~~[m[K
[3.058s] [01m[K/home/tsi/ws_moveit2/src/move_relative_ur/src/move_monitoring_node.cpp:79:13:[m[K [01;31m[Kerror: [m[Kexpected â€˜[01m[K)[m[Kâ€™ before â€˜[01m[K}[m[Kâ€™ token
[3.058s]    79 |             [01;31m[KRCLCPP_INFO[m[K(this->get_logger "âœ… ë¡œë´‡ ì •ìƒ ë™ìž‘ ì¤‘.");
[3.059s]       |             [01;31m[K^~~~~~~~~~~[m[K
[3.059s] [01m[K/home/tsi/ws_moveit2/src/move_relative_ur/src/move_monitoring_node.cpp:79:13:[m[K [01;36m[Knote: [m[Kto match this â€˜[01m[K([m[Kâ€™
[3.059s]    79 |             [01;36m[KRCLCPP_INFO[m[K(this->get_logger "âœ… ë¡œë´‡ ì •ìƒ ë™ìž‘ ì¤‘.");
[3.059s]       |             [01;36m[K^~~~~~~~~~~[m[K
[3.059s] [01m[K/home/tsi/ws_moveit2/src/move_relative_ur/src/move_monitoring_node.cpp:79:13:[m[K [01;31m[Kerror: [m[Kexpected â€˜[01m[K)[m[Kâ€™ before â€˜[01m[K}[m[Kâ€™ token
[3.060s]    79 |             [01;31m[KRCLCPP_INFO[m[K(this->get_logger "âœ… ë¡œë´‡ ì •ìƒ ë™ìž‘ ì¤‘.");
[3.060s]       |             [01;31m[K^~~~~~~~~~~[m[K
[3.060s] [01m[K/home/tsi/ws_moveit2/src/move_relative_ur/src/move_monitoring_node.cpp:79:13:[m[K [01;36m[Knote: [m[Kto match this â€˜[01m[K([m[Kâ€™
[3.060s]    79 |             [01;36m[KRCLCPP_INFO[m[K(this->get_logger "âœ… ë¡œë´‡ ì •ìƒ ë™ìž‘ ì¤‘.");
[3.060s]       |             [01;36m[K^~~~~~~~~~~[m[K
[3.061s] [01m[K/home/tsi/ws_moveit2/src/move_relative_ur/src/move_monitoring_node.cpp:79:13:[m[K [01;31m[Kerror: [m[Kexpected primary-expression before â€˜[01m[K}[m[Kâ€™ token
[3.061s]    79 |             [01;31m[KRCLCPP_INFO[m[K(this->get_logger "âœ… ë¡œë´‡ ì •ìƒ ë™ìž‘ ì¤‘.");
[3.061s]       |             [01;31m[K^~~~~~~~~~~[m[K
[3.063s] [01m[K/home/tsi/ws_moveit2/src/move_relative_ur/src/move_monitoring_node.cpp:[m[K In member function â€˜[01m[Kvoid RobotMonitoringNode::[01;32m[KrequestSafetyMode[m[K()[m[Kâ€™:
[3.063s] [01m[K/home/tsi/ws_moveit2/src/move_relative_ur/src/move_monitoring_node.cpp:85:14:[m[K [01;31m[Kerror: [m[Kâ€˜[01m[Ksafety_mode_client_[m[Kâ€™ was not declared in this scope; did you mean â€˜[01m[Ksafety_mode_timer_[m[Kâ€™?
[3.063s]    85 |         if (![01;31m[Ksafety_mode_client_[m[K->wait_for_service(std::chrono::seconds(1))) {
[3.064s]       |              [01;31m[K^~~~~~~~~~~~~~~~~~~[m[K
[3.064s]       |              [32m[Ksafety_mode_timer_[m[K
[3.078s] [01m[K/home/tsi/ws_moveit2/src/move_relative_ur/src/move_monitoring_node.cpp:92:23:[m[K [01;31m[Kerror: [m[Kâ€˜[01m[Ksafety_mode_client_[m[Kâ€™ was not declared in this scope; did you mean â€˜[01m[Ksafety_mode_timer_[m[Kâ€™?
[3.078s]    92 |         auto future = [01;31m[Ksafety_mode_client_[m[K->async_send_request(
[3.078s]       |                       [01;31m[K^~~~~~~~~~~~~~~~~~~[m[K
[3.079s]       |                       [32m[Ksafety_mode_timer_[m[K
[4.349s] gmake[2]: *** [CMakeFiles/robot_monitoring_node.dir/build.make:76: CMakeFiles/robot_monitoring_node.dir/src/move_monitoring_node.cpp.o] Error 1
[4.350s] gmake[1]: *** [CMakeFiles/Makefile2:655: CMakeFiles/robot_monitoring_node.dir/all] Error 2
[4.350s] gmake: *** [Makefile:146: all] Error 2
[4.356s] Invoked command in '/home/tsi/ws_moveit2/build/move_relative_ur' returned '2': CMAKE_PREFIX_PATH=${CMAKE_PREFIX_PATH}:/home/tsi/workspace/install/moveit_configs_utils:/opt/ros/jazzy DEBUGINFOD_URLS=https://debuginfod.ubuntu.com /usr/bin/cmake --build /home/tsi/ws_moveit2/build/move_relative_ur -- -j12 -l12
