[0.034s] Invoking command in '/home/tsi/ws_moveit2/build/move_relative_ur': CMAKE_PREFIX_PATH=${CMAKE_PREFIX_PATH}:/home/tsi/workspace/install/moveit_configs_utils:/opt/ros/jazzy DEBUGINFOD_URLS=https://debuginfod.ubuntu.com /usr/bin/cmake --build /home/tsi/ws_moveit2/build/move_relative_ur -- -j12 -l12
[0.173s] [  2%] Built target move_relative_ur__rosidl_generator_type_description
[0.194s] [  2%] Built target ament_cmake_python_symlink_move_relative_ur
[0.215s] [  5%] Built target move_relative_ur__cpp
[0.230s] [ 18%] Built target move_relative_ur__rosidl_generator_c
[0.278s] [ 26%] Built target move_relative_ur__rosidl_typesupport_c
[0.280s] [ 34%] Built target move_relative_ur__rosidl_typesupport_introspection_cpp
[0.282s] [ 42%] Built target move_relative_ur__rosidl_typesupport_fastrtps_c
[0.282s] [ 50%] Built target move_relative_ur__rosidl_typesupport_fastrtps_cpp
[0.282s] [ 57%] Built target move_relative_ur__rosidl_typesupport_introspection_c
[0.286s] [ 65%] Built target move_relative_ur__rosidl_typesupport_cpp
[0.333s] [ 65%] Built target move_relative_ur
[0.342s] [ 68%] [32mBuilding CXX object CMakeFiles/robot_monitoring_node.dir/src/move_monitoring_node.cpp.o[0m
[0.343s] [ 71%] [32mBuilding CXX object CMakeFiles/move_relative_node.dir/src/move_relative.cpp.o[0m
[0.369s] [ 73%] Built target move_relative_ur__py
[0.428s] [ 78%] Built target move_relative_ur__rosidl_generator_py
[0.478s] [ 84%] Built target move_relative_ur_s__rosidl_typesupport_fastrtps_c
[0.482s] [ 94%] Built target move_relative_ur_s__rosidl_typesupport_introspection_c
[0.483s] [ 94%] Built target move_relative_ur_s__rosidl_typesupport_c
[0.730s] running egg_info
[0.780s] writing move_relative_ur.egg-info/PKG-INFO
[0.780s] writing dependency_links to move_relative_ur.egg-info/dependency_links.txt
[0.781s] writing top-level names to move_relative_ur.egg-info/top_level.txt
[0.935s] reading manifest file 'move_relative_ur.egg-info/SOURCES.txt'
[0.935s] writing manifest file 'move_relative_ur.egg-info/SOURCES.txt'
[0.992s] [ 94%] Built target ament_cmake_python_build_move_relative_ur_egg
[3.198s] [01m[K/home/tsi/ws_moveit2/src/move_relative_ur/src/move_monitoring_node.cpp:[m[K In constructor ‚Äò[01m[KRobotMonitoringNode::[01;32m[KRobotMonitoringNode[m[K()[m[K‚Äô:
[3.198s] [01m[K/home/tsi/ws_moveit2/src/move_relative_ur/src/move_monitoring_node.cpp:22:67:[m[K [01;31m[Kerror: [m[Kno matching function for call to ‚Äò[01m[KRobotMonitoringNode::create_publisher<std_msgs::msg::String>(const char [17], int, std::_Bind_helper<false, void (RobotMonitoringNode::*)(const std::__cxx11::basic_string<char>&), RobotMonitoringNode*, const std::_Placeholder<1>&>::type)[m[K‚Äô
[3.198s]    22 |         error_pub_ = [01;31m[Kthis->create_publisher<std_msgs::msg::String>("robot_monitoring", 10[m[K
[3.198s]       |                      [01;31m[K~~~~~~~~~~~~~~~~~~~~~~~~~~~~~~~~~~~~~~~~~~~~~^~~~~~~~~~~~~~~~~~~~~~~[m[K
[3.198s]    23 | [01;31m[K        , std::bind(&RobotMonitoringNode::sendErrorMessage, this, std::placeholders::_1))[m[K;
[3.198s]       |         [01;31m[K~~~~~~~~~~~~~~~~~~~~~~~~~~~~~~~~~~~~~~~~~~~~~~~~~~~~~~~~~~~~~~~~~~~~~~~~~~~~~~~~~[m[K
[3.198s] In file included from [01m[K/opt/ros/jazzy/include/rclcpp/rclcpp/executors/single_threaded_executor.hpp:28[m[K,
[3.198s]                  from [01m[K/opt/ros/jazzy/include/rclcpp/rclcpp/executors.hpp:22[m[K,
[3.198s]                  from [01m[K/opt/ros/jazzy/include/rclcpp/rclcpp/rclcpp.hpp:172[m[K,
[3.199s]                  from [01m[K/home/tsi/ws_moveit2/src/move_relative_ur/src/move_monitoring_node.cpp:1[m[K:
[3.199s] [01m[K/opt/ros/jazzy/include/rclcpp/rclcpp/node.hpp:197:3:[m[K [01;36m[Knote: [m[Kcandidate: ‚Äò[01m[Ktemplate<class MessageT, class AllocatorT, class PublisherT> std::shared_ptr<PublisherT> rclcpp::Node::[01;32m[Kcreate_publisher[m[K(const std::string&, const rclcpp::QoS&, const rclcpp::PublisherOptionsWithAllocator<AllocatorT>&)[m[K‚Äô
[3.199s]   197 |   [01;36m[Kcreate_publisher[m[K(
[3.199s]       |   [01;36m[K^~~~~~~~~~~~~~~~[m[K
[3.199s] [01m[K/opt/ros/jazzy/include/rclcpp/rclcpp/node.hpp:197:3:[m[K [01;36m[Knote: [m[K  template argument deduction/substitution failed:
[3.199s] [01m[K/home/tsi/ws_moveit2/src/move_relative_ur/src/move_monitoring_node.cpp:22:67:[m[K [01;36m[Knote: [m[K  ‚Äò[01m[Kstd::_Bind_helper<false, void (RobotMonitoringNode::*)(const std::__cxx11::basic_string<char>&), RobotMonitoringNode*, const std::_Placeholder<1>&>::type[m[K‚Äô is not derived from ‚Äò[01m[Kconst rclcpp::PublisherOptionsWithAllocator<AllocatorT>[m[K‚Äô
[3.199s]    22 |         error_pub_ = [01;36m[Kthis->create_publisher<std_msgs::msg::String>("robot_monitoring", 10[m[K
[3.199s]       |                      [01;36m[K~~~~~~~~~~~~~~~~~~~~~~~~~~~~~~~~~~~~~~~~~~~~~^~~~~~~~~~~~~~~~~~~~~~~[m[K
[3.200s]    23 | [01;36m[K        , std::bind(&RobotMonitoringNode::sendErrorMessage, this, std::placeholders::_1))[m[K;
[3.200s]       |         [01;36m[K~~~~~~~~~~~~~~~~~~~~~~~~~~~~~~~~~~~~~~~~~~~~~~~~~~~~~~~~~~~~~~~~~~~~~~~~~~~~~~~~~[m[K
[3.206s] In file included from [01m[K/opt/ros/jazzy/include/rclcpp/rclcpp/copy_all_parameter_values.hpp:27[m[K,
[3.206s]                  from [01m[K/opt/ros/jazzy/include/rclcpp/rclcpp/rclcpp.hpp:171[m[K:
[3.206s] [01m[K/home/tsi/ws_moveit2/src/move_relative_ur/src/move_monitoring_node.cpp:[m[K In function ‚Äò[01m[Kint[01;32m[K main[m[K(int, char**)[m[K‚Äô:
[3.206s] [01m[K/home/tsi/ws_moveit2/src/move_relative_ur/src/move_monitoring_node.cpp:71:17:[m[K [01;31m[Kerror: [m[K‚Äò[01m[Kget_logger[m[K‚Äô was not declared in this scope; did you mean ‚Äò[01m[Krclcpp::get_logger[m[K‚Äô?
[3.206s]    71 |     RCLCPP_INFO([01;31m[Kget_logger[m[K(), "monitoring ÎÖ∏ÎìúÍ∞Ä Í∑∏ÎÉ• Ï¢ÖÎ£åÎêòÎäîÍ±¥Í∞Ä??");
[3.206s]       |                 [01;31m[K^~~~~~~~~~[m[K
[3.206s] In file included from [01m[K/opt/ros/jazzy/include/rclcpp/rclcpp/copy_all_parameter_values.hpp:26[m[K:
[3.206s] [01m[K/opt/ros/jazzy/include/rclcpp/rclcpp/logger.hpp:107:17:[m[K [01;36m[Knote: [m[K‚Äò[01m[Krclcpp::get_logger[m[K‚Äô declared here
[3.206s]   107 |   friend Logger [01;36m[Krclcpp[m[K::get_logger(const std::string & name);
[3.207s]       |                 [01;36m[K^~~~~~[m[K
[3.207s] [01m[K/home/tsi/ws_moveit2/src/move_relative_ur/src/move_monitoring_node.cpp:71:5:[m[K [01;31m[Kerror: [m[Ktemplate argument 1 is invalid
[3.207s]    71 |     [01;31m[KRCLCPP_INFO[m[K(get_logger(), "monitoring ÎÖ∏ÎìúÍ∞Ä Í∑∏ÎÉ• Ï¢ÖÎ£åÎêòÎäîÍ±¥Í∞Ä??");
[3.207s]       |     [01;31m[K^~~~~~~~~~~[m[K
[3.207s] [01m[K/home/tsi/ws_moveit2/src/move_relative_ur/src/move_monitoring_node.cpp:71:5:[m[K [01;31m[Kerror: [m[Ktemplate argument 1 is invalid
[3.207s]    71 |     [01;31m[KRCLCPP_INFO[m[K(get_logger(), "monitoring ÎÖ∏ÎìúÍ∞Ä Í∑∏ÎÉ• Ï¢ÖÎ£åÎêòÎäîÍ±¥Í∞Ä??");
[3.207s]       |     [01;31m[K^~~~~~~~~~~[m[K
[3.207s] [01m[K/home/tsi/ws_moveit2/src/move_relative_ur/src/move_monitoring_node.cpp:71:5:[m[K [01;31m[Kerror: [m[Ktemplate argument 1 is invalid
[3.207s]    71 |     [01;31m[KRCLCPP_INFO[m[K(get_logger(), "monitoring ÎÖ∏ÎìúÍ∞Ä Í∑∏ÎÉ• Ï¢ÖÎ£åÎêòÎäîÍ±¥Í∞Ä??");
[3.208s]       |     [01;31m[K^~~~~~~~~~~[m[K
[3.337s] In file included from [01m[K/opt/ros/jazzy/include/rclcpp/rclcpp/copy_all_parameter_values.hpp:27[m[K,
[3.337s]                  from [01m[K/opt/ros/jazzy/include/rclcpp/rclcpp/rclcpp.hpp:171[m[K,
[3.337s]                  from [01m[K/home/tsi/ws_moveit2/src/move_relative_ur/src/move_relative.cpp:1[m[K:
[3.338s] [01m[K/home/tsi/ws_moveit2/src/move_relative_ur/src/move_relative.cpp:[m[K In function ‚Äò[01m[Kint[01;32m[K main[m[K(int, char**)[m[K‚Äô:
[3.338s] [01m[K/home/tsi/ws_moveit2/src/move_relative_ur/src/move_relative.cpp:120:17:[m[K [01;31m[Kerror: [m[K‚Äò[01m[Kget_logger[m[K‚Äô was not declared in this scope; did you mean ‚Äò[01m[Krclcpp::get_logger[m[K‚Äô?
[3.338s]   120 |     RCLCPP_INFO([01;31m[Kget_logger[m[K(), "move ÎÖ∏Îìú Ï¢ÖÎ£å??");
[3.338s]       |                 [01;31m[K^~~~~~~~~~[m[K
[3.338s] In file included from [01m[K/opt/ros/jazzy/include/rclcpp/rclcpp/copy_all_parameter_values.hpp:26[m[K:
[3.338s] [01m[K/opt/ros/jazzy/include/rclcpp/rclcpp/logger.hpp:107:17:[m[K [01;36m[Knote: [m[K‚Äò[01m[Krclcpp::get_logger[m[K‚Äô declared here
[3.338s]   107 |   friend Logger [01;36m[Krclcpp[m[K::get_logger(const std::string & name);
[3.338s]       |                 [01;36m[K^~~~~~[m[K
[3.338s] [01m[K/home/tsi/ws_moveit2/src/move_relative_ur/src/move_relative.cpp:120:5:[m[K [01;31m[Kerror: [m[Ktemplate argument 1 is invalid
[3.339s]   120 |     [01;31m[KRCLCPP_INFO[m[K(get_logger(), "move ÎÖ∏Îìú Ï¢ÖÎ£å??");
[3.339s]       |     [01;31m[K^~~~~~~~~~~[m[K
[3.339s] [01m[K/home/tsi/ws_moveit2/src/move_relative_ur/src/move_relative.cpp:120:5:[m[K [01;31m[Kerror: [m[Ktemplate argument 1 is invalid
[3.339s]   120 |     [01;31m[KRCLCPP_INFO[m[K(get_logger(), "move ÎÖ∏Îìú Ï¢ÖÎ£å??");
[3.339s]       |     [01;31m[K^~~~~~~~~~~[m[K
[3.339s] [01m[K/home/tsi/ws_moveit2/src/move_relative_ur/src/move_relative.cpp:120:5:[m[K [01;31m[Kerror: [m[Ktemplate argument 1 is invalid
[3.339s]   120 |     [01;31m[KRCLCPP_INFO[m[K(get_logger(), "move ÎÖ∏Îìú Ï¢ÖÎ£å??");
[3.339s]       |     [01;31m[K^~~~~~~~~~~[m[K
[6.002s] gmake[2]: *** [CMakeFiles/move_relative_node.dir/build.make:76: CMakeFiles/move_relative_node.dir/src/move_relative.cpp.o] Error 1
[6.002s] gmake[1]: *** [CMakeFiles/Makefile2:627: CMakeFiles/move_relative_node.dir/all] Error 2
[6.003s] gmake[1]: *** Waiting for unfinished jobs....
[6.170s] gmake[2]: *** [CMakeFiles/robot_monitoring_node.dir/build.make:76: CMakeFiles/robot_monitoring_node.dir/src/move_monitoring_node.cpp.o] Error 1
[6.171s] gmake[1]: *** [CMakeFiles/Makefile2:655: CMakeFiles/robot_monitoring_node.dir/all] Error 2
[6.171s] gmake: *** [Makefile:146: all] Error 2
[6.177s] Invoked command in '/home/tsi/ws_moveit2/build/move_relative_ur' returned '2': CMAKE_PREFIX_PATH=${CMAKE_PREFIX_PATH}:/home/tsi/workspace/install/moveit_configs_utils:/opt/ros/jazzy DEBUGINFOD_URLS=https://debuginfod.ubuntu.com /usr/bin/cmake --build /home/tsi/ws_moveit2/build/move_relative_ur -- -j12 -l12
