[01m[K/home/tsi/ws_moveit2/src/move_relative_ur/src/move_relative.cpp:55:43:[m[K [01;31m[Kerror: [m[Kâ€˜[01m[Kur_dashboard_msgs[m[Kâ€™ was not declared in this scope
   55 |     void robotProgramState(rclcpp::Client<[01;31m[Kur_dashboard_msgs[m[K::srv::GetProgramState>::SharedFuture future)
      |                                           [01;31m[K^~~~~~~~~~~~~~~~~[m[K
[01m[K/home/tsi/ws_moveit2/src/move_relative_ur/src/move_relative.cpp:55:82:[m[K [01;31m[Kerror: [m[Ktemplate argument 1 is invalid
   55 | obotProgramState(rclcpp::Client<ur_dashboard_msgs::srv::GetProgramState[01;31m[K>[m[K::SharedFuture future)
      |                                                                        [01;31m[K^[m[K

[01m[K/home/tsi/ws_moveit2/src/move_relative_ur/src/move_relative.cpp:55:43:[m[K [01;31m[Kerror: [m[Kâ€˜[01m[Kur_dashboard_msgs[m[Kâ€™ was not declared in this scope
   55 |     void robotProgramState(rclcpp::Client<[01;31m[Kur_dashboard_msgs[m[K::srv::GetProgramState>::SharedFuture future)
      |                                           [01;31m[K^~~~~~~~~~~~~~~~~[m[K
[01m[K/home/tsi/ws_moveit2/src/move_relative_ur/src/move_relative.cpp:55:82:[m[K [01;31m[Kerror: [m[Ktemplate argument 1 is invalid
   55 | obotProgramState(rclcpp::Client<ur_dashboard_msgs::srv::GetProgramState[01;31m[K>[m[K::SharedFuture future)
      |                                                                        [01;31m[K^[m[K

[01m[K/home/tsi/ws_moveit2/src/move_relative_ur/src/move_relative.cpp:55:43:[m[K [01;31m[Kerror: [m[Kâ€˜[01m[Kur_dashboard_msgs[m[Kâ€™ was not declared in this scope
   55 |     void robotProgramState(rclcpp::Client<[01;31m[Kur_dashboard_msgs[m[K::srv::GetProgramState>::SharedFuture future)
      |                                           [01;31m[K^~~~~~~~~~~~~~~~~[m[K
[01m[K/home/tsi/ws_moveit2/src/move_relative_ur/src/move_relative.cpp:55:82:[m[K [01;31m[Kerror: [m[Ktemplate argument 1 is invalid
   55 | obotProgramState(rclcpp::Client<ur_dashboard_msgs::srv::GetProgramState[01;31m[K>[m[K::SharedFuture future)
      |                                                                        [01;31m[K^[m[K

[01m[K/home/tsi/ws_moveit2/src/move_relative_ur/src/move_relative.cpp:55:28:[m[K [01;31m[Kerror: [m[Kinvalid template-id
   55 |     void robotProgramState([01;31m[Krclcpp[m[K::Client<ur_dashboard_msgs::srv::GetProgramState>::SharedFuture future)
      |                            [01;31m[K^~~~~~[m[K
[01m[K/home/tsi/ws_moveit2/src/move_relative_ur/src/move_relative.cpp:55:43:[m[K [01;31m[Kerror: [m[Kâ€˜[01m[Kur_dashboard_msgs[m[Kâ€™ has not been declared
   55 |     void robotProgramState(rclcpp::Client<[01;31m[Kur_dashboard_msgs[m[K::srv::GetProgramState>::SharedFuture future)
      |                                           [01;31m[K^~~~~~~~~~~~~~~~~[m[K
[01m[K/home/tsi/ws_moveit2/src/move_relative_ur/src/move_relative.cpp:55:98:[m[K [01;31m[Kerror: [m[Kexpected unqualified-id before â€˜[01m[Kfuture[m[Kâ€™
   55 | tate(rclcpp::Client<ur_dashboard_msgs::srv::GetProgramState>::SharedFuture [01;31m[Kfuture[m[K)
      |                                                                            [01;31m[K^~~~~~[m[K

[01m[K/home/tsi/ws_moveit2/src/move_relative_ur/src/move_relative.cpp:55:97:[m[K [01;31m[Kerror: [m[Kexpected â€˜[01m[K)[m[Kâ€™ before â€˜[01m[Kfuture[m[Kâ€™
   55 | tate[34m[K([m[Krclcpp::Client<ur_dashboard_msgs::srv::GetProgramState>::SharedFuture[01;31m[K [m[K[32m[Kfuture[m[K)
      |     [34m[K~[m[K                                                                     [01;31m[K^[m[K[32m[K~~~~~~[m[K
      |                                                                           [32m[K)[m[K
[01m[K/home/tsi/ws_moveit2/src/move_relative_ur/src/move_relative.cpp:55:85:[m[K [01;31m[Kerror: [m[Kexpected â€˜[01m[K;[m[Kâ€™ at end of member declaration
   55 | tProgramState(rclcpp::Client<ur_dashboard_msgs::srv::GetProgramState>::[01;31m[KSharedFuture[m[K future)
      |                                                                        [01;31m[K^~~~~~~~~~~~[m[K
      |                                                                                    [32m[K;[m[K
[01m[K/home/tsi/ws_moveit2/src/move_relative_ur/src/move_relative.cpp:55:98:[m[K [01;31m[Kerror: [m[Kâ€˜[01m[Kfuture[m[Kâ€™ does not name a type
   55 | tate(rclcpp::Client<ur_dashboard_msgs::srv::GetProgramState>::SharedFuture [01;31m[Kfuture[m[K)
      |                                                                            [01;31m[K^~~~~~[m[K

[01m[K/home/tsi/ws_moveit2/src/move_relative_ur/src/move_relative.cpp:[m[K In member function â€˜[01m[Kvoid URScriptRelativeMove::[01;32m[KsendRobotStatusRequest[m[K()[m[Kâ€™:
[01m[K/home/tsi/ws_moveit2/src/move_relative_ur/src/move_relative.cpp:43:41:[m[K [01;31m[Kerror: [m[Kâ€˜[01m[Kur_dashboard_msgs[m[Kâ€™ was not declared in this scope
   43 |         auto request = std::make_shared<[01;31m[Kur_dashboard_msgs[m[K::srv::GetProgramState::Request>();
      |                                         [01;31m[K^~~~~~~~~~~~~~~~~[m[K
[01m[K/home/tsi/ws_moveit2/src/move_relative_ur/src/move_relative.cpp:43:29:[m[K [01;31m[Kerror: [m[Kparse error in template argument list
   43 |         auto request = std::[01;31m[Kmake_shared<ur_dashboard_msgs::srv::GetProgramState::Request>[m[K();
      |                             [01;31m[K^~~~~~~~~~~~~~~~~~~~~~~~~~~~~~~~~~~~~~~~~~~~~~~~~~~~~~~~~~~~~[m[K
[01m[K/home/tsi/ws_moveit2/src/move_relative_ur/src/move_relative.cpp:43:90:[m[K [01;31m[Kerror: [m[Kno matching function for call to â€˜[01m[Kmake_shared<<expression error> >()[m[Kâ€™
   43 | to request = [01;31m[Kstd::make_shared<ur_dashboard_msgs::srv::GetProgramState::Request>()[m[K;
      |              [01;31m[K~~~~~~~~~~~~~~~~~~~~~~~~~~~~~~~~~~~~~~~~~~~~~~~~~~~~~~~~~~~~~~~~~~^~[m[K

In file included from [01m[K/usr/include/c++/13/memory:80[m[K,
                 from [01m[K/opt/ros/jazzy/include/rclcpp/rclcpp/rclcpp.hpp:169[m[K,
                 from [01m[K/home/tsi/ws_moveit2/src/move_relative_ur/src/move_relative.cpp:1[m[K:
[01m[K/usr/include/c++/13/bits/shared_ptr.h:1005:5:[m[K [01;36m[Knote: [m[Kcandidate: â€˜[01m[Ktemplate<class _Tp, class ... _Args> std::shared_ptr<typename std::enable_if<(! std::is_array< <template-parameter-1-1> >::value), _Tp>::type> std::[01;32m[Kmake_shared[m[K(_Args&& ...)[m[Kâ€™
 1005 |     [01;36m[Kmake_shared[m[K(_Args&&... __args)
      |     [01;36m[K^~~~~~~~~~~[m[K
[01m[K/usr/include/c++/13/bits/shared_ptr.h:1005:5:[m[K [01;36m[Knote: [m[K  template argument deduction/substitution failed:
[01m[K/home/tsi/ws_moveit2/src/move_relative_ur/src/move_relative.cpp:43:90:[m[K [01;31m[Kerror: [m[Ktemplate argument 1 is invalid
   43 | to request = [01;31m[Kstd::make_shared<ur_dashboard_msgs::srv::GetProgramState::Request>()[m[K;
      |              [01;31m[K~~~~~~~~~~~~~~~~~~~~~~~~~~~~~~~~~~~~~~~~~~~~~~~~~~~~~~~~~~~~~~~~~~^~[m[K

[01m[K/home/tsi/ws_moveit2/src/move_relative_ur/src/move_relative.cpp:46:17:[m[K [01;31m[Kerror: [m[Kâ€˜[01m[Krobot_status_client_[m[Kâ€™ was not declared in this scope
   46 |         while (![01;31m[Krobot_status_client_[m[K->wait_for_service(std::chrono::seconds(1))) {
      |                 [01;31m[K^~~~~~~~~~~~~~~~~~~~[m[K
[01m[K/home/tsi/ws_moveit2/src/move_relative_ur/src/move_relative.cpp:51:30:[m[K [01;31m[Kerror: [m[Kâ€˜[01m[Krobot_status_client_[m[Kâ€™ was not declared in this scope
   51 |         auto future_result = [01;31m[Krobot_status_client_[m[K->async_send_request(request,
      |                              [01;31m[K^~~~~~~~~~~~~~~~~~~~[m[K
[01m[K/home/tsi/ws_moveit2/src/move_relative_ur/src/move_monitoring_node.cpp:[m[K In member function â€˜[01m[Kvoid RobotMonitoringNode::[01;32m[KsendRobotStatusRequest[m[K()[m[Kâ€™:
[01m[K/home/tsi/ws_moveit2/src/move_relative_ur/src/move_monitoring_node.cpp:68:28:[m[K [01;31m[Kerror: [m[Kâ€˜[01m[KURScriptRelativeMove[m[Kâ€™ has not been declared
   68 |                 std::bind(&[01;31m[KURScriptRelativeMove[m[K::robotProgramState, this, std::placeholders::_1));
      |                            [01;31m[K^~~~~~~~~~~~~~~~~~~~[m[K
[01m[K/home/tsi/ws_moveit2/src/move_relative_ur/src/move_monitoring_node.cpp:[m[K In member function â€˜[01m[Kvoid RobotMonitoringNode::[01;32m[KrobotProgramState[m[K(rclcpp::Client<ur_dashboard_msgs::srv::GetProgramState>::SharedFuture)[m[Kâ€™:
[01m[K/home/tsi/ws_moveit2/src/move_relative_ur/src/move_monitoring_node.cpp:77:36:[m[K [01;31m[Kerror: [m[KISO C++ forbids comparison between pointer and integer [[01;31m[K]8;;https://gcc.gnu.org/onlinedocs/gcc/Warning-Options.html#index-fpermissive-fpermissive]8;;[m[K]
   77 |             if([01;31m[Kthis->safe_respones == "PAUSED"[m[K && safe_respones > 0)
      |                [01;31m[K~~~~~~~~~~~~~~~~~~~~^~~~~~~~~~~[m[K
[01m[K/home/tsi/ws_moveit2/src/move_relative_ur/src/move_monitoring_node.cpp:[m[K In member function â€˜[01m[Kvoid RobotMonitoringNode::[01;32m[KsafetyModeResponse[m[K(rclcpp::Client<ur_dashboard_msgs::srv::GetSafetyMode>::SharedFuture)[m[Kâ€™:
[01m[K/home/tsi/ws_moveit2/src/move_relative_ur/src/move_monitoring_node.cpp:270:17:[m[K [01;31m[Kerror: [m[Kexpected â€˜[01m[K;[m[Kâ€™ before â€˜[01m[Kbreak[m[Kâ€™
  270 |                 [01;31m[Kbreak[m[K;
      |                 [01;31m[K^~~~~[m[K
[01m[K/home/tsi/ws_moveit2/src/move_relative_ur/src/move_monitoring_node.cpp:277:17:[m[K [01;31m[Kerror: [m[Kexpected â€˜[01m[K;[m[Kâ€™ before â€˜[01m[Kbreak[m[Kâ€™
  277 |                 [01;31m[Kbreak[m[K;
      |                 [01;31m[K^~~~~[m[K
gmake[2]: *** [CMakeFiles/move_relative_node.dir/build.make:76: CMakeFiles/move_relative_node.dir/src/move_relative.cpp.o] Error 1
gmake[1]: *** [CMakeFiles/Makefile2:627: CMakeFiles/move_relative_node.dir/all] Error 2
gmake[1]: *** Waiting for unfinished jobs....
gmake[2]: *** [CMakeFiles/robot_monitoring_node.dir/build.make:76: CMakeFiles/robot_monitoring_node.dir/src/move_monitoring_node.cpp.o] Error 1
gmake[1]: *** [CMakeFiles/Makefile2:655: CMakeFiles/robot_monitoring_node.dir/all] Error 2
gmake: *** [Makefile:146: all] Error 2
