[0.024s] Invoking command in '/home/tsi/ws_moveit2/build/move_relative_ur': CMAKE_PREFIX_PATH=${CMAKE_PREFIX_PATH}:/home/tsi/workspace/install/moveit_configs_utils:/opt/ros/jazzy DEBUGINFOD_URLS=https://debuginfod.ubuntu.com /usr/bin/cmake --build /home/tsi/ws_moveit2/build/move_relative_ur -- -j12 -l12
[0.225s] [  0%] Built target ament_cmake_python_symlink_move_relative_ur
[0.246s] [  2%] Built target move_relative_ur__rosidl_generator_type_description
[0.284s] [ 15%] Built target move_relative_ur__rosidl_generator_c
[0.285s] [ 18%] Built target move_relative_ur__cpp
[0.349s] [ 26%] Built target move_relative_ur__rosidl_typesupport_fastrtps_c
[0.349s] [ 34%] Built target move_relative_ur__rosidl_typesupport_cpp
[0.353s] [ 42%] Built target move_relative_ur__rosidl_typesupport_fastrtps_cpp
[0.356s] [ 50%] Built target move_relative_ur__rosidl_typesupport_introspection_c
[0.358s] [ 57%] Built target move_relative_ur__rosidl_typesupport_introspection_cpp
[0.359s] [ 65%] Built target move_relative_ur__rosidl_typesupport_c
[0.396s] [ 65%] Built target move_relative_ur
[0.410s] [ 68%] [32mBuilding CXX object CMakeFiles/robot_monitoring_node.dir/src/move_monitoring_node.cpp.o[0m
[0.440s] [ 71%] [32mBuilding CXX object CMakeFiles/move_relative_node.dir/src/move_relative.cpp.o[0m
[0.451s] [ 73%] Built target move_relative_ur__py
[0.487s] [ 78%] Built target move_relative_ur__rosidl_generator_py
[0.549s] [ 84%] Built target move_relative_ur_s__rosidl_typesupport_fastrtps_c
[0.552s] [ 89%] Built target move_relative_ur_s__rosidl_typesupport_introspection_c
[0.566s] [ 94%] Built target move_relative_ur_s__rosidl_typesupport_c
[0.791s] running egg_info
[0.848s] writing move_relative_ur.egg-info/PKG-INFO
[0.848s] writing dependency_links to move_relative_ur.egg-info/dependency_links.txt
[0.848s] writing top-level names to move_relative_ur.egg-info/top_level.txt
[1.019s] reading manifest file 'move_relative_ur.egg-info/SOURCES.txt'
[1.020s] writing manifest file 'move_relative_ur.egg-info/SOURCES.txt'
[1.088s] [ 94%] Built target ament_cmake_python_build_move_relative_ur_egg
[3.532s] [01m[K/home/tsi/ws_moveit2/src/move_relative_ur/src/move_relative.cpp:55:43:[m[K [01;31m[Kerror: [m[Kâ€˜[01m[Kur_dashboard_msgs[m[Kâ€™ was not declared in this scope
[3.532s]    55 |     void robotProgramState(rclcpp::Client<[01;31m[Kur_dashboard_msgs[m[K::srv::GetProgramState>::SharedFuture future)
[3.532s]       |                                           [01;31m[K^~~~~~~~~~~~~~~~~[m[K
[3.532s] [01m[K/home/tsi/ws_moveit2/src/move_relative_ur/src/move_relative.cpp:55:82:[m[K [01;31m[Kerror: [m[Ktemplate argument 1 is invalid
[3.532s]    55 | obotProgramState(rclcpp::Client<ur_dashboard_msgs::srv::GetProgramState[01;31m[K>[m[K::SharedFuture future)
[3.532s]       |                                                                        [01;31m[K^[m[K
[3.533s] 
[3.545s] [01m[K/home/tsi/ws_moveit2/src/move_relative_ur/src/move_relative.cpp:55:43:[m[K [01;31m[Kerror: [m[Kâ€˜[01m[Kur_dashboard_msgs[m[Kâ€™ was not declared in this scope
[3.545s]    55 |     void robotProgramState(rclcpp::Client<[01;31m[Kur_dashboard_msgs[m[K::srv::GetProgramState>::SharedFuture future)
[3.546s]       |                                           [01;31m[K^~~~~~~~~~~~~~~~~[m[K
[3.546s] [01m[K/home/tsi/ws_moveit2/src/move_relative_ur/src/move_relative.cpp:55:82:[m[K [01;31m[Kerror: [m[Ktemplate argument 1 is invalid
[3.547s]    55 | obotProgramState(rclcpp::Client<ur_dashboard_msgs::srv::GetProgramState[01;31m[K>[m[K::SharedFuture future)
[3.547s]       |                                                                        [01;31m[K^[m[K
[3.547s] 
[3.558s] [01m[K/home/tsi/ws_moveit2/src/move_relative_ur/src/move_relative.cpp:55:43:[m[K [01;31m[Kerror: [m[Kâ€˜[01m[Kur_dashboard_msgs[m[Kâ€™ was not declared in this scope
[3.558s]    55 |     void robotProgramState(rclcpp::Client<[01;31m[Kur_dashboard_msgs[m[K::srv::GetProgramState>::SharedFuture future)
[3.558s]       |                                           [01;31m[K^~~~~~~~~~~~~~~~~[m[K
[3.559s] [01m[K/home/tsi/ws_moveit2/src/move_relative_ur/src/move_relative.cpp:55:82:[m[K [01;31m[Kerror: [m[Ktemplate argument 1 is invalid
[3.559s]    55 | obotProgramState(rclcpp::Client<ur_dashboard_msgs::srv::GetProgramState[01;31m[K>[m[K::SharedFuture future)
[3.559s]       |                                                                        [01;31m[K^[m[K
[3.559s] 
[3.559s] [01m[K/home/tsi/ws_moveit2/src/move_relative_ur/src/move_relative.cpp:55:28:[m[K [01;31m[Kerror: [m[Kinvalid template-id
[3.559s]    55 |     void robotProgramState([01;31m[Krclcpp[m[K::Client<ur_dashboard_msgs::srv::GetProgramState>::SharedFuture future)
[3.559s]       |                            [01;31m[K^~~~~~[m[K
[3.559s] [01m[K/home/tsi/ws_moveit2/src/move_relative_ur/src/move_relative.cpp:55:43:[m[K [01;31m[Kerror: [m[Kâ€˜[01m[Kur_dashboard_msgs[m[Kâ€™ has not been declared
[3.560s]    55 |     void robotProgramState(rclcpp::Client<[01;31m[Kur_dashboard_msgs[m[K::srv::GetProgramState>::SharedFuture future)
[3.560s]       |                                           [01;31m[K^~~~~~~~~~~~~~~~~[m[K
[3.560s] [01m[K/home/tsi/ws_moveit2/src/move_relative_ur/src/move_relative.cpp:55:98:[m[K [01;31m[Kerror: [m[Kexpected unqualified-id before â€˜[01m[Kfuture[m[Kâ€™
[3.560s]    55 | tate(rclcpp::Client<ur_dashboard_msgs::srv::GetProgramState>::SharedFuture [01;31m[Kfuture[m[K)
[3.560s]       |                                                                            [01;31m[K^~~~~~[m[K
[3.560s] 
[3.560s] [01m[K/home/tsi/ws_moveit2/src/move_relative_ur/src/move_relative.cpp:55:97:[m[K [01;31m[Kerror: [m[Kexpected â€˜[01m[K)[m[Kâ€™ before â€˜[01m[Kfuture[m[Kâ€™
[3.560s]    55 | tate[34m[K([m[Krclcpp::Client<ur_dashboard_msgs::srv::GetProgramState>::SharedFuture[01;31m[K [m[K[32m[Kfuture[m[K)
[3.560s]       |     [34m[K~[m[K                                                                     [01;31m[K^[m[K[32m[K~~~~~~[m[K
[3.560s]       |                                                                           [32m[K)[m[K
[3.561s] [01m[K/home/tsi/ws_moveit2/src/move_relative_ur/src/move_relative.cpp:55:85:[m[K [01;31m[Kerror: [m[Kexpected â€˜[01m[K;[m[Kâ€™ at end of member declaration
[3.561s]    55 | tProgramState(rclcpp::Client<ur_dashboard_msgs::srv::GetProgramState>::[01;31m[KSharedFuture[m[K future)
[3.561s]       |                                                                        [01;31m[K^~~~~~~~~~~~[m[K
[3.561s]       |                                                                                    [32m[K;[m[K
[3.561s] [01m[K/home/tsi/ws_moveit2/src/move_relative_ur/src/move_relative.cpp:55:98:[m[K [01;31m[Kerror: [m[Kâ€˜[01m[Kfuture[m[Kâ€™ does not name a type
[3.561s]    55 | tate(rclcpp::Client<ur_dashboard_msgs::srv::GetProgramState>::SharedFuture [01;31m[Kfuture[m[K)
[3.561s]       |                                                                            [01;31m[K^~~~~~[m[K
[3.561s] 
[3.627s] [01m[K/home/tsi/ws_moveit2/src/move_relative_ur/src/move_relative.cpp:[m[K In member function â€˜[01m[Kvoid URScriptRelativeMove::[01;32m[KsendRobotStatusRequest[m[K()[m[Kâ€™:
[3.627s] [01m[K/home/tsi/ws_moveit2/src/move_relative_ur/src/move_relative.cpp:43:41:[m[K [01;31m[Kerror: [m[Kâ€˜[01m[Kur_dashboard_msgs[m[Kâ€™ was not declared in this scope
[3.627s]    43 |         auto request = std::make_shared<[01;31m[Kur_dashboard_msgs[m[K::srv::GetProgramState::Request>();
[3.627s]       |                                         [01;31m[K^~~~~~~~~~~~~~~~~[m[K
[3.627s] [01m[K/home/tsi/ws_moveit2/src/move_relative_ur/src/move_relative.cpp:43:29:[m[K [01;31m[Kerror: [m[Kparse error in template argument list
[3.627s]    43 |         auto request = std::[01;31m[Kmake_shared<ur_dashboard_msgs::srv::GetProgramState::Request>[m[K();
[3.627s]       |                             [01;31m[K^~~~~~~~~~~~~~~~~~~~~~~~~~~~~~~~~~~~~~~~~~~~~~~~~~~~~~~~~~~~~[m[K
[3.628s] [01m[K/home/tsi/ws_moveit2/src/move_relative_ur/src/move_relative.cpp:43:90:[m[K [01;31m[Kerror: [m[Kno matching function for call to â€˜[01m[Kmake_shared<<expression error> >()[m[Kâ€™
[3.628s]    43 | to request = [01;31m[Kstd::make_shared<ur_dashboard_msgs::srv::GetProgramState::Request>()[m[K;
[3.628s]       |              [01;31m[K~~~~~~~~~~~~~~~~~~~~~~~~~~~~~~~~~~~~~~~~~~~~~~~~~~~~~~~~~~~~~~~~~~^~[m[K
[3.628s] 
[3.628s] In file included from [01m[K/usr/include/c++/13/memory:80[m[K,
[3.628s]                  from [01m[K/opt/ros/jazzy/include/rclcpp/rclcpp/rclcpp.hpp:169[m[K,
[3.628s]                  from [01m[K/home/tsi/ws_moveit2/src/move_relative_ur/src/move_relative.cpp:1[m[K:
[3.628s] [01m[K/usr/include/c++/13/bits/shared_ptr.h:1005:5:[m[K [01;36m[Knote: [m[Kcandidate: â€˜[01m[Ktemplate<class _Tp, class ... _Args> std::shared_ptr<typename std::enable_if<(! std::is_array< <template-parameter-1-1> >::value), _Tp>::type> std::[01;32m[Kmake_shared[m[K(_Args&& ...)[m[Kâ€™
[3.629s]  1005 |     [01;36m[Kmake_shared[m[K(_Args&&... __args)
[3.629s]       |     [01;36m[K^~~~~~~~~~~[m[K
[3.629s] [01m[K/usr/include/c++/13/bits/shared_ptr.h:1005:5:[m[K [01;36m[Knote: [m[K  template argument deduction/substitution failed:
[3.629s] [01m[K/home/tsi/ws_moveit2/src/move_relative_ur/src/move_relative.cpp:43:90:[m[K [01;31m[Kerror: [m[Ktemplate argument 1 is invalid
[3.629s]    43 | to request = [01;31m[Kstd::make_shared<ur_dashboard_msgs::srv::GetProgramState::Request>()[m[K;
[3.629s]       |              [01;31m[K~~~~~~~~~~~~~~~~~~~~~~~~~~~~~~~~~~~~~~~~~~~~~~~~~~~~~~~~~~~~~~~~~~^~[m[K
[3.629s] 
[3.639s] [01m[K/home/tsi/ws_moveit2/src/move_relative_ur/src/move_relative.cpp:46:17:[m[K [01;31m[Kerror: [m[Kâ€˜[01m[Krobot_status_client_[m[Kâ€™ was not declared in this scope
[3.639s]    46 |         while (![01;31m[Krobot_status_client_[m[K->wait_for_service(std::chrono::seconds(1))) {
[3.639s]       |                 [01;31m[K^~~~~~~~~~~~~~~~~~~~[m[K
[3.652s] [01m[K/home/tsi/ws_moveit2/src/move_relative_ur/src/move_relative.cpp:51:30:[m[K [01;31m[Kerror: [m[Kâ€˜[01m[Krobot_status_client_[m[Kâ€™ was not declared in this scope
[3.652s]    51 |         auto future_result = [01;31m[Krobot_status_client_[m[K->async_send_request(request,
[3.652s]       |                              [01;31m[K^~~~~~~~~~~~~~~~~~~~[m[K
[3.814s] [01m[K/home/tsi/ws_moveit2/src/move_relative_ur/src/move_monitoring_node.cpp:[m[K In member function â€˜[01m[Kvoid RobotMonitoringNode::[01;32m[KsendRobotStatusRequest[m[K()[m[Kâ€™:
[3.814s] [01m[K/home/tsi/ws_moveit2/src/move_relative_ur/src/move_monitoring_node.cpp:68:28:[m[K [01;31m[Kerror: [m[Kâ€˜[01m[KURScriptRelativeMove[m[Kâ€™ has not been declared
[3.814s]    68 |                 std::bind(&[01;31m[KURScriptRelativeMove[m[K::robotProgramState, this, std::placeholders::_1));
[3.814s]       |                            [01;31m[K^~~~~~~~~~~~~~~~~~~~[m[K
[3.818s] [01m[K/home/tsi/ws_moveit2/src/move_relative_ur/src/move_monitoring_node.cpp:[m[K In member function â€˜[01m[Kvoid RobotMonitoringNode::[01;32m[KrobotProgramState[m[K(rclcpp::Client<ur_dashboard_msgs::srv::GetProgramState>::SharedFuture)[m[Kâ€™:
[3.820s] [01m[K/home/tsi/ws_moveit2/src/move_relative_ur/src/move_monitoring_node.cpp:77:36:[m[K [01;31m[Kerror: [m[KISO C++ forbids comparison between pointer and integer [[01;31m[K]8;;https://gcc.gnu.org/onlinedocs/gcc/Warning-Options.html#index-fpermissive-fpermissive]8;;[m[K]
[3.820s]    77 |             if([01;31m[Kthis->safe_respones == "PAUSED"[m[K && safe_respones > 0)
[3.820s]       |                [01;31m[K~~~~~~~~~~~~~~~~~~~~^~~~~~~~~~~[m[K
[3.845s] [01m[K/home/tsi/ws_moveit2/src/move_relative_ur/src/move_monitoring_node.cpp:[m[K In member function â€˜[01m[Kvoid RobotMonitoringNode::[01;32m[KsafetyModeResponse[m[K(rclcpp::Client<ur_dashboard_msgs::srv::GetSafetyMode>::SharedFuture)[m[Kâ€™:
[3.845s] [01m[K/home/tsi/ws_moveit2/src/move_relative_ur/src/move_monitoring_node.cpp:270:17:[m[K [01;31m[Kerror: [m[Kexpected â€˜[01m[K;[m[Kâ€™ before â€˜[01m[Kbreak[m[Kâ€™
[3.845s]   270 |                 [01;31m[Kbreak[m[K;
[3.845s]       |                 [01;31m[K^~~~~[m[K
[3.845s] [01m[K/home/tsi/ws_moveit2/src/move_relative_ur/src/move_monitoring_node.cpp:277:17:[m[K [01;31m[Kerror: [m[Kexpected â€˜[01m[K;[m[Kâ€™ before â€˜[01m[Kbreak[m[Kâ€™
[3.845s]   277 |                 [01;31m[Kbreak[m[K;
[3.845s]       |                 [01;31m[K^~~~~[m[K
[6.313s] gmake[2]: *** [CMakeFiles/move_relative_node.dir/build.make:76: CMakeFiles/move_relative_node.dir/src/move_relative.cpp.o] Error 1
[6.313s] gmake[1]: *** [CMakeFiles/Makefile2:627: CMakeFiles/move_relative_node.dir/all] Error 2
[6.314s] gmake[1]: *** Waiting for unfinished jobs....
[7.013s] gmake[2]: *** [CMakeFiles/robot_monitoring_node.dir/build.make:76: CMakeFiles/robot_monitoring_node.dir/src/move_monitoring_node.cpp.o] Error 1
[7.013s] gmake[1]: *** [CMakeFiles/Makefile2:655: CMakeFiles/robot_monitoring_node.dir/all] Error 2
[7.014s] gmake: *** [Makefile:146: all] Error 2
[7.019s] Invoked command in '/home/tsi/ws_moveit2/build/move_relative_ur' returned '2': CMAKE_PREFIX_PATH=${CMAKE_PREFIX_PATH}:/home/tsi/workspace/install/moveit_configs_utils:/opt/ros/jazzy DEBUGINFOD_URLS=https://debuginfod.ubuntu.com /usr/bin/cmake --build /home/tsi/ws_moveit2/build/move_relative_ur -- -j12 -l12
