-- Found ament_cmake: 2.5.3 (/opt/ros/jazzy/share/ament_cmake/cmake)
-- Override CMake install command with custom implementation using symlinks instead of copying resources
-- Found rclcpp: 28.1.6 (/opt/ros/jazzy/share/rclcpp/cmake)
-- Found rosidl_generator_c: 4.6.5 (/opt/ros/jazzy/share/rosidl_generator_c/cmake)
-- Found rosidl_generator_cpp: 4.6.5 (/opt/ros/jazzy/share/rosidl_generator_cpp/cmake)
-- Using all available rosidl_typesupport_c: rosidl_typesupport_fastrtps_c;rosidl_typesupport_introspection_c
-- Using all available rosidl_typesupport_cpp: rosidl_typesupport_fastrtps_cpp;rosidl_typesupport_introspection_cpp
-- Found rmw_implementation_cmake: 7.3.1 (/opt/ros/jazzy/share/rmw_implementation_cmake/cmake)
-- Found rmw_fastrtps_cpp: 8.4.1 (/opt/ros/jazzy/share/rmw_fastrtps_cpp/cmake)
-- Using RMW implementation 'rmw_fastrtps_cpp' as default
-- Found std_msgs: 5.3.5 (/opt/ros/jazzy/share/std_msgs/cmake)
-- Found geometry_msgs: 5.3.5 (/opt/ros/jazzy/share/geometry_msgs/cmake)
-- Found ur_dashboard_msgs: 3.0.2 (/home/tsi/workspace/install/ur_dashboard_msgs/share/ur_dashboard_msgs/cmake)
-- Found sensor_msgs: 5.3.5 (/opt/ros/jazzy/share/sensor_msgs/cmake)
-- Found rosidl_default_generators: 1.6.0 (/opt/ros/jazzy/share/rosidl_default_generators/cmake)
-- Found rosidl_adapter: 4.6.5 (/opt/ros/jazzy/share/rosidl_adapter/cmake)
-- Found ament_cmake_ros: 0.12.0 (/opt/ros/jazzy/share/ament_cmake_ros/cmake)
-- Using all available rosidl_typesupport_c: rosidl_typesupport_fastrtps_c;rosidl_typesupport_introspection_c
-- Using all available rosidl_typesupport_cpp: rosidl_typesupport_fastrtps_cpp;rosidl_typesupport_introspection_cpp
-- Found python_cmake_module: 0.11.1 (/opt/ros/jazzy/share/python_cmake_module/cmake)
-- Found Python3: /usr/bin/python3 (found version "3.12.3") found components: Interpreter Development NumPy Development.Module Development.Embed 
-- Found ament_lint_auto: 0.17.1 (/opt/ros/jazzy/share/ament_lint_auto/cmake)
-- Added test 'cppcheck' to perform static code analysis on C / C++ code
-- Configured cppcheck include dirs: 
-- Configured cppcheck exclude dirs and/or files: 
-- Added test 'lint_cmake' to check CMake code style
-- Added test 'uncrustify' to check C / C++ code style
-- Configured uncrustify additional arguments: 
-- Added test 'xmllint' to check XML markup files
-- Configuring done (2.5s)
-- Generating done (0.1s)
-- Build files have been written to: /home/tsi/ws_moveit2/build/move_relative_ur
[  2%] Built target move_relative_ur__rosidl_generator_type_description
[  2%] Built target ament_cmake_python_symlink_move_relative_ur
[  5%] Built target move_relative_ur__cpp
[ 18%] Built target move_relative_ur__rosidl_generator_c
[ 26%] Built target move_relative_ur__rosidl_typesupport_introspection_c
[ 34%] Built target move_relative_ur__rosidl_typesupport_c
[ 42%] Built target move_relative_ur__rosidl_typesupport_cpp
[ 50%] Built target move_relative_ur__rosidl_typesupport_fastrtps_c
[ 57%] Built target move_relative_ur__rosidl_typesupport_introspection_cpp
[ 65%] Built target move_relative_ur__rosidl_typesupport_fastrtps_cpp
[ 68%] [32mBuilding CXX object CMakeFiles/move_relative_node.dir/src/move_relative.cpp.o[0m
[ 71%] [32mBuilding CXX object CMakeFiles/robot_monitoring_node.dir/src/move_monitoring_node.cpp.o[0m
[ 71%] Built target move_relative_ur
[ 73%] Built target move_relative_ur__py
[ 78%] Built target move_relative_ur__rosidl_generator_py
[ 84%] Built target move_relative_ur_s__rosidl_typesupport_introspection_c
[ 89%] Built target move_relative_ur_s__rosidl_typesupport_fastrtps_c
[ 94%] Built target move_relative_ur_s__rosidl_typesupport_c
running egg_info
writing move_relative_ur.egg-info/PKG-INFO
writing dependency_links to move_relative_ur.egg-info/dependency_links.txt
writing top-level names to move_relative_ur.egg-info/top_level.txt
[01m[K/home/tsi/ws_moveit2/src/move_relative_ur/src/move_monitoring_node.cpp:8:10:[m[K [01;31m[Kfatal error: [m[Kur_dashboard_msgs/srv/play.hpp: No such file or directory
    8 | #include [01;31m[K"ur_dashboard_msgs/srv/play.hpp"[m[K
      |          [01;31m[K^~~~~~~~~~~~~~~~~~~~~~~~~~~~~~~~[m[K
compilation terminated.
gmake[2]: *** [CMakeFiles/robot_monitoring_node.dir/build.make:76: CMakeFiles/robot_monitoring_node.dir/src/move_monitoring_node.cpp.o] Error 1
gmake[1]: *** [CMakeFiles/Makefile2:655: CMakeFiles/robot_monitoring_node.dir/all] Error 2
gmake[1]: *** Waiting for unfinished jobs....
reading manifest file 'move_relative_ur.egg-info/SOURCES.txt'
writing manifest file 'move_relative_ur.egg-info/SOURCES.txt'
[ 94%] Built target ament_cmake_python_build_move_relative_ur_egg
[01m[K/home/tsi/ws_moveit2/src/move_relative_ur/src/move_relative.cpp:55:43:[m[K [01;31m[Kerror: [m[Kâ€˜[01m[Kur_dashboard_msgs[m[Kâ€™ was not declared in this scope
   55 |     void robotProgramState(rclcpp::Client<[01;31m[Kur_dashboard_msgs[m[K::srv::GetProgramState>::SharedFuture future)
      |                                           [01;31m[K^~~~~~~~~~~~~~~~~[m[K
[01m[K/home/tsi/ws_moveit2/src/move_relative_ur/src/move_relative.cpp:55:82:[m[K [01;31m[Kerror: [m[Ktemplate argument 1 is invalid
   55 | obotProgramState(rclcpp::Client<ur_dashboard_msgs::srv::GetProgramState[01;31m[K>[m[K::SharedFuture future)
      |                                                                        [01;31m[K^[m[K

[01m[K/home/tsi/ws_moveit2/src/move_relative_ur/src/move_relative.cpp:55:43:[m[K [01;31m[Kerror: [m[Kâ€˜[01m[Kur_dashboard_msgs[m[Kâ€™ was not declared in this scope
   55 |     void robotProgramState(rclcpp::Client<[01;31m[Kur_dashboard_msgs[m[K::srv::GetProgramState>::SharedFuture future)
      |                                           [01;31m[K^~~~~~~~~~~~~~~~~[m[K
[01m[K/home/tsi/ws_moveit2/src/move_relative_ur/src/move_relative.cpp:55:82:[m[K [01;31m[Kerror: [m[Ktemplate argument 1 is invalid
   55 | obotProgramState(rclcpp::Client<ur_dashboard_msgs::srv::GetProgramState[01;31m[K>[m[K::SharedFuture future)
      |                                                                        [01;31m[K^[m[K

[01m[K/home/tsi/ws_moveit2/src/move_relative_ur/src/move_relative.cpp:55:43:[m[K [01;31m[Kerror: [m[Kâ€˜[01m[Kur_dashboard_msgs[m[Kâ€™ was not declared in this scope
   55 |     void robotProgramState(rclcpp::Client<[01;31m[Kur_dashboard_msgs[m[K::srv::GetProgramState>::SharedFuture future)
      |                                           [01;31m[K^~~~~~~~~~~~~~~~~[m[K
[01m[K/home/tsi/ws_moveit2/src/move_relative_ur/src/move_relative.cpp:55:82:[m[K [01;31m[Kerror: [m[Ktemplate argument 1 is invalid
   55 | obotProgramState(rclcpp::Client<ur_dashboard_msgs::srv::GetProgramState[01;31m[K>[m[K::SharedFuture future)
      |                                                                        [01;31m[K^[m[K

[01m[K/home/tsi/ws_moveit2/src/move_relative_ur/src/move_relative.cpp:55:28:[m[K [01;31m[Kerror: [m[Kinvalid template-id
   55 |     void robotProgramState([01;31m[Krclcpp[m[K::Client<ur_dashboard_msgs::srv::GetProgramState>::SharedFuture future)
      |                            [01;31m[K^~~~~~[m[K
[01m[K/home/tsi/ws_moveit2/src/move_relative_ur/src/move_relative.cpp:55:43:[m[K [01;31m[Kerror: [m[Kâ€˜[01m[Kur_dashboard_msgs[m[Kâ€™ has not been declared
   55 |     void robotProgramState(rclcpp::Client<[01;31m[Kur_dashboard_msgs[m[K::srv::GetProgramState>::SharedFuture future)
      |                                           [01;31m[K^~~~~~~~~~~~~~~~~[m[K
[01m[K/home/tsi/ws_moveit2/src/move_relative_ur/src/move_relative.cpp:55:98:[m[K [01;31m[Kerror: [m[Kexpected unqualified-id before â€˜[01m[Kfuture[m[Kâ€™
   55 | tate(rclcpp::Client<ur_dashboard_msgs::srv::GetProgramState>::SharedFuture [01;31m[Kfuture[m[K)
      |                                                                            [01;31m[K^~~~~~[m[K

[01m[K/home/tsi/ws_moveit2/src/move_relative_ur/src/move_relative.cpp:55:97:[m[K [01;31m[Kerror: [m[Kexpected â€˜[01m[K)[m[Kâ€™ before â€˜[01m[Kfuture[m[Kâ€™
   55 | tate[34m[K([m[Krclcpp::Client<ur_dashboard_msgs::srv::GetProgramState>::SharedFuture[01;31m[K [m[K[32m[Kfuture[m[K)
      |     [34m[K~[m[K                                                                     [01;31m[K^[m[K[32m[K~~~~~~[m[K
      |                                                                           [32m[K)[m[K
[01m[K/home/tsi/ws_moveit2/src/move_relative_ur/src/move_relative.cpp:55:85:[m[K [01;31m[Kerror: [m[Kexpected â€˜[01m[K;[m[Kâ€™ at end of member declaration
   55 | tProgramState(rclcpp::Client<ur_dashboard_msgs::srv::GetProgramState>::[01;31m[KSharedFuture[m[K future)
      |                                                                        [01;31m[K^~~~~~~~~~~~[m[K
      |                                                                                    [32m[K;[m[K
[01m[K/home/tsi/ws_moveit2/src/move_relative_ur/src/move_relative.cpp:55:98:[m[K [01;31m[Kerror: [m[Kâ€˜[01m[Kfuture[m[Kâ€™ does not name a type
   55 | tate(rclcpp::Client<ur_dashboard_msgs::srv::GetProgramState>::SharedFuture [01;31m[Kfuture[m[K)
      |                                                                            [01;31m[K^~~~~~[m[K

[01m[K/home/tsi/ws_moveit2/src/move_relative_ur/src/move_relative.cpp:[m[K In member function â€˜[01m[Kvoid URScriptRelativeMove::[01;32m[KsendRobotStatusRequest[m[K()[m[Kâ€™:
[01m[K/home/tsi/ws_moveit2/src/move_relative_ur/src/move_relative.cpp:43:41:[m[K [01;31m[Kerror: [m[Kâ€˜[01m[Kur_dashboard_msgs[m[Kâ€™ was not declared in this scope
   43 |         auto request = std::make_shared<[01;31m[Kur_dashboard_msgs[m[K::srv::GetProgramState::Request>();
      |                                         [01;31m[K^~~~~~~~~~~~~~~~~[m[K
[01m[K/home/tsi/ws_moveit2/src/move_relative_ur/src/move_relative.cpp:43:29:[m[K [01;31m[Kerror: [m[Kparse error in template argument list
   43 |         auto request = std::[01;31m[Kmake_shared<ur_dashboard_msgs::srv::GetProgramState::Request>[m[K();
      |                             [01;31m[K^~~~~~~~~~~~~~~~~~~~~~~~~~~~~~~~~~~~~~~~~~~~~~~~~~~~~~~~~~~~~[m[K
[01m[K/home/tsi/ws_moveit2/src/move_relative_ur/src/move_relative.cpp:43:90:[m[K [01;31m[Kerror: [m[Kno matching function for call to â€˜[01m[Kmake_shared<<expression error> >()[m[Kâ€™
   43 | to request = [01;31m[Kstd::make_shared<ur_dashboard_msgs::srv::GetProgramState::Request>()[m[K;
      |              [01;31m[K~~~~~~~~~~~~~~~~~~~~~~~~~~~~~~~~~~~~~~~~~~~~~~~~~~~~~~~~~~~~~~~~~~^~[m[K

In file included from [01m[K/usr/include/c++/13/memory:80[m[K,
                 from [01m[K/opt/ros/jazzy/include/rclcpp/rclcpp/rclcpp.hpp:169[m[K,
                 from [01m[K/home/tsi/ws_moveit2/src/move_relative_ur/src/move_relative.cpp:1[m[K:
[01m[K/usr/include/c++/13/bits/shared_ptr.h:1005:5:[m[K [01;36m[Knote: [m[Kcandidate: â€˜[01m[Ktemplate<class _Tp, class ... _Args> std::shared_ptr<typename std::enable_if<(! std::is_array< <template-parameter-1-1> >::value), _Tp>::type> std::[01;32m[Kmake_shared[m[K(_Args&& ...)[m[Kâ€™
 1005 |     [01;36m[Kmake_shared[m[K(_Args&&... __args)
      |     [01;36m[K^~~~~~~~~~~[m[K
[01m[K/usr/include/c++/13/bits/shared_ptr.h:1005:5:[m[K [01;36m[Knote: [m[K  template argument deduction/substitution failed:
[01m[K/home/tsi/ws_moveit2/src/move_relative_ur/src/move_relative.cpp:43:90:[m[K [01;31m[Kerror: [m[Ktemplate argument 1 is invalid
   43 | to request = [01;31m[Kstd::make_shared<ur_dashboard_msgs::srv::GetProgramState::Request>()[m[K;
      |              [01;31m[K~~~~~~~~~~~~~~~~~~~~~~~~~~~~~~~~~~~~~~~~~~~~~~~~~~~~~~~~~~~~~~~~~~^~[m[K

[01m[K/home/tsi/ws_moveit2/src/move_relative_ur/src/move_relative.cpp:46:17:[m[K [01;31m[Kerror: [m[Kâ€˜[01m[Krobot_status_client_[m[Kâ€™ was not declared in this scope
   46 |         while (![01;31m[Krobot_status_client_[m[K->wait_for_service(std::chrono::seconds(1))) {
      |                 [01;31m[K^~~~~~~~~~~~~~~~~~~~[m[K
[01m[K/home/tsi/ws_moveit2/src/move_relative_ur/src/move_relative.cpp:51:30:[m[K [01;31m[Kerror: [m[Kâ€˜[01m[Krobot_status_client_[m[Kâ€™ was not declared in this scope
   51 |         auto future_result = [01;31m[Krobot_status_client_[m[K->async_send_request(request,
      |                              [01;31m[K^~~~~~~~~~~~~~~~~~~~[m[K
gmake[2]: *** [CMakeFiles/move_relative_node.dir/build.make:76: CMakeFiles/move_relative_node.dir/src/move_relative.cpp.o] Error 1
gmake[1]: *** [CMakeFiles/Makefile2:627: CMakeFiles/move_relative_node.dir/all] Error 2
gmake: *** [Makefile:146: all] Error 2
