[0.043s] Invoking command in '/home/tsi/ws_moveit2/build/move_relative_ur': CMAKE_PREFIX_PATH=${CMAKE_PREFIX_PATH}:/home/tsi/workspace/install/moveit_configs_utils:/opt/ros/jazzy DEBUGINFOD_URLS=https://debuginfod.ubuntu.com /usr/bin/cmake --build /home/tsi/ws_moveit2/build/move_relative_ur -- -j12 -l12
[0.180s] [  2%] Built target move_relative_ur__rosidl_generator_type_description
[0.193s] [  2%] Built target ament_cmake_python_symlink_move_relative_ur
[0.234s] [  5%] Built target move_relative_ur__cpp
[0.253s] [ 18%] Built target move_relative_ur__rosidl_generator_c
[0.303s] [ 26%] Built target move_relative_ur__rosidl_typesupport_introspection_cpp
[0.304s] [ 34%] Built target move_relative_ur__rosidl_typesupport_fastrtps_c
[0.307s] [ 52%] Built target move_relative_ur__rosidl_typesupport_c
[0.308s] [ 57%] Built target move_relative_ur__rosidl_typesupport_introspection_c
[0.308s] [ 57%] Built target move_relative_ur__rosidl_typesupport_fastrtps_cpp
[0.342s] [ 65%] Built target move_relative_ur__rosidl_typesupport_cpp
[0.381s] [ 65%] Built target move_relative_ur
[0.411s] [ 68%] [32mBuilding CXX object CMakeFiles/robot_monitoring_node.dir/src/move_monitoring_node.cpp.o[0m
[0.419s] [ 71%] [32mBuilding CXX object CMakeFiles/move_relative_node.dir/src/move_relative.cpp.o[0m
[0.444s] [ 73%] Built target move_relative_ur__py
[0.491s] [ 78%] Built target move_relative_ur__rosidl_generator_py
[0.543s] [ 84%] Built target move_relative_ur_s__rosidl_typesupport_c
[0.554s] [ 89%] Built target move_relative_ur_s__rosidl_typesupport_introspection_c
[0.558s] [ 94%] Built target move_relative_ur_s__rosidl_typesupport_fastrtps_c
[0.711s] running egg_info
[0.765s] writing move_relative_ur.egg-info/PKG-INFO
[0.765s] writing dependency_links to move_relative_ur.egg-info/dependency_links.txt
[0.765s] writing top-level names to move_relative_ur.egg-info/top_level.txt
[0.902s] reading manifest file 'move_relative_ur.egg-info/SOURCES.txt'
[0.903s] writing manifest file 'move_relative_ur.egg-info/SOURCES.txt'
[0.950s] [ 94%] Built target ament_cmake_python_build_move_relative_ur_egg
[3.995s] [01m[K/home/tsi/ws_moveit2/src/move_relative_ur/src/move_monitoring_node.cpp:[m[K In constructor â€˜[01m[KRobotMonitoringNode::[01;32m[KRobotMonitoringNode[m[K()[m[Kâ€™:
[3.995s] [01m[K/home/tsi/ws_moveit2/src/move_relative_ur/src/move_monitoring_node.cpp:49:13:[m[K [01;31m[Kerror: [m[Kâ€˜[01m[Krobot_status_client_[m[Kâ€™ was not declared in this scope
[3.995s]    49 |             [01;31m[Krobot_status_client_[m[K = this->create_client<ur_dashboard_msgs::srv::GetProgramState>(
[3.996s]       |             [01;31m[K^~~~~~~~~~~~~~~~~~~~[m[K
[4.015s] [01m[K/home/tsi/ws_moveit2/src/move_relative_ur/src/move_monitoring_node.cpp:[m[K In member function â€˜[01m[Kvoid RobotMonitoringNode::[01;32m[KsendRobotStatusRequest[m[K()[m[Kâ€™:
[4.015s] [01m[K/home/tsi/ws_moveit2/src/move_relative_ur/src/move_monitoring_node.cpp:62:21:[m[K [01;31m[Kerror: [m[Kâ€˜[01m[Krobot_status_client_[m[Kâ€™ was not declared in this scope
[4.016s]    62 |             while (![01;31m[Krobot_status_client_[m[K->wait_for_service(std::chrono::seconds(1))) {
[4.016s]       |                     [01;31m[K^~~~~~~~~~~~~~~~~~~~[m[K
[4.024s] [01m[K/home/tsi/ws_moveit2/src/move_relative_ur/src/move_relative.cpp:55:43:[m[K [01;31m[Kerror: [m[Kâ€˜[01m[Kur_dashboard_msgs[m[Kâ€™ was not declared in this scope
[4.028s]    55 |     void robotProgramState(rclcpp::Client<[01;31m[Kur_dashboard_msgs[m[K::srv::GetProgramState>::SharedFuture future)
[4.031s]       |                                           [01;31m[K^~~~~~~~~~~~~~~~~[m[K
[4.032s] [01m[K/home/tsi/ws_moveit2/src/move_relative_ur/src/move_relative.cpp:55:82:[m[K [01;31m[Kerror: [m[Ktemplate argument 1 is invalid
[4.033s]    55 |     void robotProgramState(rclcpp::Client<ur_dashboard_msgs::srv::GetProgramState[01;31m[K>[m[K::SharedFuture future)
[4.037s]       |                                                                                  [01;31m[K^[m[K
[4.037s] [01m[K/home/tsi/ws_moveit2/src/move_relative_ur/src/move_monitoring_node.cpp:67:34:[m[K [01;31m[Kerror: [m[Kâ€˜[01m[Krobot_status_client_[m[Kâ€™ was not declared in this scope
[4.038s]    67 |             auto future_result = [01;31m[Krobot_status_client_[m[K->async_send_request(request,
[4.038s]       |                                  [01;31m[K^~~~~~~~~~~~~~~~~~~~[m[K
[4.039s] [01m[K/home/tsi/ws_moveit2/src/move_relative_ur/src/move_monitoring_node.cpp:68:28:[m[K [01;31m[Kerror: [m[Kâ€˜[01m[KURScriptRelativeMove[m[Kâ€™ has not been declared
[4.039s]    68 |                 std::bind(&[01;31m[KURScriptRelativeMove[m[K::robotProgramState, this, std::placeholders::_1));
[4.040s]       |                            [01;31m[K^~~~~~~~~~~~~~~~~~~~[m[K
[4.041s] [01m[K/home/tsi/ws_moveit2/src/move_relative_ur/src/move_monitoring_node.cpp:[m[K In member function â€˜[01m[Kvoid RobotMonitoringNode::[01;32m[KrobotProgramState[m[K(rclcpp::Client<ur_dashboard_msgs::srv::GetProgramState>::SharedFuture)[m[Kâ€™:
[4.041s] [01m[K/home/tsi/ws_moveit2/src/move_relative_ur/src/move_monitoring_node.cpp:77:36:[m[K [01;31m[Kerror: [m[KISO C++ forbids comparison between pointer and integer [[01;31m[K]8;;https://gcc.gnu.org/onlinedocs/gcc/Warning-Options.html#index-fpermissive-fpermissive]8;;[m[K]
[4.042s]    77 |             if([01;31m[Kthis->safe_respones == "PAUSED"[m[K && safe_respones > 0)
[4.042s]       |                [01;31m[K~~~~~~~~~~~~~~~~~~~~^~~~~~~~~~~[m[K
[4.042s] [01m[K/home/tsi/ws_moveit2/src/move_relative_ur/src/move_relative.cpp:55:43:[m[K [01;31m[Kerror: [m[Kâ€˜[01m[Kur_dashboard_msgs[m[Kâ€™ was not declared in this scope
[4.042s]    55 |     void robotProgramState(rclcpp::Client<[01;31m[Kur_dashboard_msgs[m[K::srv::GetProgramState>::SharedFuture future)
[4.042s]       |                                           [01;31m[K^~~~~~~~~~~~~~~~~[m[K
[4.042s] [01m[K/home/tsi/ws_moveit2/src/move_relative_ur/src/move_relative.cpp:55:82:[m[K [01;31m[Kerror: [m[Ktemplate argument 1 is invalid
[4.042s]    55 |     void robotProgramState(rclcpp::Client<ur_dashboard_msgs::srv::GetProgramState[01;31m[K>[m[K::SharedFuture future)
[4.042s]       |                                                                                  [01;31m[K^[m[K
[4.047s] [01m[K/home/tsi/ws_moveit2/src/move_relative_ur/src/move_relative.cpp:55:43:[m[K [01;31m[Kerror: [m[Kâ€˜[01m[Kur_dashboard_msgs[m[Kâ€™ was not declared in this scope
[4.048s]    55 |     void robotProgramState(rclcpp::Client<[01;31m[Kur_dashboard_msgs[m[K::srv::GetProgramState>::SharedFuture future)
[4.048s]       |                                           [01;31m[K^~~~~~~~~~~~~~~~~[m[K
[4.048s] [01m[K/home/tsi/ws_moveit2/src/move_relative_ur/src/move_relative.cpp:55:82:[m[K [01;31m[Kerror: [m[Ktemplate argument 1 is invalid
[4.048s]    55 |     void robotProgramState(rclcpp::Client<ur_dashboard_msgs::srv::GetProgramState[01;31m[K>[m[K::SharedFuture future)
[4.048s]       |                                                                                  [01;31m[K^[m[K
[4.048s] [01m[K/home/tsi/ws_moveit2/src/move_relative_ur/src/move_relative.cpp:55:28:[m[K [01;31m[Kerror: [m[Kinvalid template-id
[4.048s]    55 |     void robotProgramState([01;31m[Krclcpp[m[K::Client<ur_dashboard_msgs::srv::GetProgramState>::SharedFuture future)
[4.049s]       |                            [01;31m[K^~~~~~[m[K
[4.049s] [01m[K/home/tsi/ws_moveit2/src/move_relative_ur/src/move_relative.cpp:55:43:[m[K [01;31m[Kerror: [m[Kâ€˜[01m[Kur_dashboard_msgs[m[Kâ€™ has not been declared
[4.049s]    55 |     void robotProgramState(rclcpp::Client<[01;31m[Kur_dashboard_msgs[m[K::srv::GetProgramState>::SharedFuture future)
[4.049s]       |                                           [01;31m[K^~~~~~~~~~~~~~~~~[m[K
[4.049s] [01m[K/home/tsi/ws_moveit2/src/move_relative_ur/src/move_relative.cpp:55:98:[m[K [01;31m[Kerror: [m[Kexpected unqualified-id before â€˜[01m[Kfuture[m[Kâ€™
[4.049s]    55 |     void robotProgramState(rclcpp::Client<ur_dashboard_msgs::srv::GetProgramState>::SharedFuture [01;31m[Kfuture[m[K)
[4.049s]       |                                                                                                  [01;31m[K^~~~~~[m[K
[4.050s] [01m[K/home/tsi/ws_moveit2/src/move_relative_ur/src/move_relative.cpp:55:97:[m[K [01;31m[Kerror: [m[Kexpected â€˜[01m[K)[m[Kâ€™ before â€˜[01m[Kfuture[m[Kâ€™
[4.050s]    55 |     void robotProgramState[34m[K([m[Krclcpp::Client<ur_dashboard_msgs::srv::GetProgramState>::SharedFuture[01;31m[K [m[K[32m[Kfuture[m[K)
[4.050s]       |                           [34m[K~[m[K                                                                     [01;31m[K^[m[K[32m[K~~~~~~[m[K
[4.050s]       |                                                                                                 [32m[K)[m[K
[4.050s] [01m[K/home/tsi/ws_moveit2/src/move_relative_ur/src/move_relative.cpp:55:85:[m[K [01;31m[Kerror: [m[Kexpected â€˜[01m[K;[m[Kâ€™ at end of member declaration
[4.050s]    55 |     void robotProgramState(rclcpp::Client<ur_dashboard_msgs::srv::GetProgramState>::[01;31m[KSharedFuture[m[K future)
[4.050s]       |                                                                                     [01;31m[K^~~~~~~~~~~~[m[K
[4.051s]       |                                                                                                 [32m[K;[m[K
[4.051s] [01m[K/home/tsi/ws_moveit2/src/move_relative_ur/src/move_relative.cpp:55:98:[m[K [01;31m[Kerror: [m[Kâ€˜[01m[Kfuture[m[Kâ€™ does not name a type
[4.051s]    55 |     void robotProgramState(rclcpp::Client<ur_dashboard_msgs::srv::GetProgramState>::SharedFuture [01;31m[Kfuture[m[K)
[4.051s]       |                                                                                                  [01;31m[K^~~~~~[m[K
[4.063s] [01m[K/home/tsi/ws_moveit2/src/move_relative_ur/src/move_monitoring_node.cpp:[m[K In member function â€˜[01m[Kvoid RobotMonitoringNode::[01;32m[KsafetyModeResponse[m[K(rclcpp::Client<ur_dashboard_msgs::srv::GetSafetyMode>::SharedFuture)[m[Kâ€™:
[4.063s] [01m[K/home/tsi/ws_moveit2/src/move_relative_ur/src/move_monitoring_node.cpp:270:17:[m[K [01;31m[Kerror: [m[Kexpected â€˜[01m[K;[m[Kâ€™ before â€˜[01m[Kbreak[m[Kâ€™
[4.063s]   270 |                 [01;31m[Kbreak[m[K;
[4.063s]       |                 [01;31m[K^~~~~[m[K
[4.064s] [01m[K/home/tsi/ws_moveit2/src/move_relative_ur/src/move_monitoring_node.cpp:277:17:[m[K [01;31m[Kerror: [m[Kexpected â€˜[01m[K;[m[Kâ€™ before â€˜[01m[Kbreak[m[Kâ€™
[4.064s]   277 |                 [01;31m[Kbreak[m[K;
[4.064s]       |                 [01;31m[K^~~~~[m[K
[4.121s] [01m[K/home/tsi/ws_moveit2/src/move_relative_ur/src/move_relative.cpp:[m[K In member function â€˜[01m[Kvoid URScriptRelativeMove::[01;32m[KsendRobotStatusRequest[m[K()[m[Kâ€™:
[4.121s] [01m[K/home/tsi/ws_moveit2/src/move_relative_ur/src/move_relative.cpp:43:41:[m[K [01;31m[Kerror: [m[Kâ€˜[01m[Kur_dashboard_msgs[m[Kâ€™ was not declared in this scope
[4.122s]    43 |         auto request = std::make_shared<[01;31m[Kur_dashboard_msgs[m[K::srv::GetProgramState::Request>();
[4.122s]       |                                         [01;31m[K^~~~~~~~~~~~~~~~~[m[K
[4.123s] [01m[K/home/tsi/ws_moveit2/src/move_relative_ur/src/move_relative.cpp:43:29:[m[K [01;31m[Kerror: [m[Kparse error in template argument list
[4.123s]    43 |         auto request = std::[01;31m[Kmake_shared<ur_dashboard_msgs::srv::GetProgramState::Request>[m[K();
[4.123s]       |                             [01;31m[K^~~~~~~~~~~~~~~~~~~~~~~~~~~~~~~~~~~~~~~~~~~~~~~~~~~~~~~~~~~~~[m[K
[4.124s] [01m[K/home/tsi/ws_moveit2/src/move_relative_ur/src/move_relative.cpp:43:90:[m[K [01;31m[Kerror: [m[Kno matching function for call to â€˜[01m[Kmake_shared<<expression error> >()[m[Kâ€™
[4.134s]    43 |         auto request = [01;31m[Kstd::make_shared<ur_dashboard_msgs::srv::GetProgramState::Request>()[m[K;
[4.134s]       |                        [01;31m[K~~~~~~~~~~~~~~~~~~~~~~~~~~~~~~~~~~~~~~~~~~~~~~~~~~~~~~~~~~~~~~~~~~^~[m[K
[4.134s] In file included from [01m[K/usr/include/c++/13/memory:80[m[K,
[4.135s]                  from [01m[K/opt/ros/jazzy/include/rclcpp/rclcpp/rclcpp.hpp:169[m[K,
[4.135s]                  from [01m[K/home/tsi/ws_moveit2/src/move_relative_ur/src/move_relative.cpp:1[m[K:
[4.135s] [01m[K/usr/include/c++/13/bits/shared_ptr.h:1005:5:[m[K [01;36m[Knote: [m[Kcandidate: â€˜[01m[Ktemplate<class _Tp, class ... _Args> std::shared_ptr<typename std::enable_if<(! std::is_array< <template-parameter-1-1> >::value), _Tp>::type> std::[01;32m[Kmake_shared[m[K(_Args&& ...)[m[Kâ€™
[4.135s]  1005 |     [01;36m[Kmake_shared[m[K(_Args&&... __args)
[4.135s]       |     [01;36m[K^~~~~~~~~~~[m[K
[4.135s] [01m[K/usr/include/c++/13/bits/shared_ptr.h:1005:5:[m[K [01;36m[Knote: [m[K  template argument deduction/substitution failed:
[4.135s] [01m[K/home/tsi/ws_moveit2/src/move_relative_ur/src/move_relative.cpp:43:90:[m[K [01;31m[Kerror: [m[Ktemplate argument 1 is invalid
[4.135s]    43 |         auto request = [01;31m[Kstd::make_shared<ur_dashboard_msgs::srv::GetProgramState::Request>()[m[K;
[4.136s]       |                        [01;31m[K~~~~~~~~~~~~~~~~~~~~~~~~~~~~~~~~~~~~~~~~~~~~~~~~~~~~~~~~~~~~~~~~~~^~[m[K
[4.154s] [01m[K/home/tsi/ws_moveit2/src/move_relative_ur/src/move_relative.cpp:46:17:[m[K [01;31m[Kerror: [m[Kâ€˜[01m[Krobot_status_client_[m[Kâ€™ was not declared in this scope
[4.154s]    46 |         while (![01;31m[Krobot_status_client_[m[K->wait_for_service(std::chrono::seconds(1))) {
[4.154s]       |                 [01;31m[K^~~~~~~~~~~~~~~~~~~~[m[K
[4.169s] [01m[K/home/tsi/ws_moveit2/src/move_relative_ur/src/move_relative.cpp:51:30:[m[K [01;31m[Kerror: [m[Kâ€˜[01m[Krobot_status_client_[m[Kâ€™ was not declared in this scope
[4.170s]    51 |         auto future_result = [01;31m[Krobot_status_client_[m[K->async_send_request(request,
[4.170s]       |                              [01;31m[K^~~~~~~~~~~~~~~~~~~~[m[K
[7.194s] gmake[2]: *** [CMakeFiles/move_relative_node.dir/build.make:76: CMakeFiles/move_relative_node.dir/src/move_relative.cpp.o] Error 1
[7.194s] gmake[1]: *** [CMakeFiles/Makefile2:627: CMakeFiles/move_relative_node.dir/all] Error 2
[7.195s] gmake[1]: *** Waiting for unfinished jobs....
[7.550s] gmake[2]: *** [CMakeFiles/robot_monitoring_node.dir/build.make:76: CMakeFiles/robot_monitoring_node.dir/src/move_monitoring_node.cpp.o] Error 1
[7.550s] gmake[1]: *** [CMakeFiles/Makefile2:655: CMakeFiles/robot_monitoring_node.dir/all] Error 2
[7.551s] gmake: *** [Makefile:146: all] Error 2
[7.561s] Invoked command in '/home/tsi/ws_moveit2/build/move_relative_ur' returned '2': CMAKE_PREFIX_PATH=${CMAKE_PREFIX_PATH}:/home/tsi/workspace/install/moveit_configs_utils:/opt/ros/jazzy DEBUGINFOD_URLS=https://debuginfod.ubuntu.com /usr/bin/cmake --build /home/tsi/ws_moveit2/build/move_relative_ur -- -j12 -l12
