[0.032s] Invoking command in '/home/tsi/ws_moveit2/build/move_relative_ur': CMAKE_PREFIX_PATH=${CMAKE_PREFIX_PATH}:/home/tsi/workspace/install/moveit_configs_utils:/opt/ros/jazzy DEBUGINFOD_URLS=https://debuginfod.ubuntu.com /usr/bin/cmake --build /home/tsi/ws_moveit2/build/move_relative_ur -- -j12 -l12
[0.164s] [  2%] Built target move_relative_ur__rosidl_generator_type_description
[0.174s] [  2%] Built target ament_cmake_python_symlink_move_relative_ur
[0.217s] [  5%] Built target move_relative_ur__cpp
[0.218s] [ 18%] Built target move_relative_ur__rosidl_generator_c
[0.264s] [ 26%] Built target move_relative_ur__rosidl_typesupport_cpp
[0.265s] [ 34%] Built target move_relative_ur__rosidl_typesupport_introspection_c
[0.265s] [ 42%] Built target move_relative_ur__rosidl_typesupport_fastrtps_c
[0.265s] [ 50%] Built target move_relative_ur__rosidl_typesupport_c
[0.270s] [ 57%] Built target move_relative_ur__rosidl_typesupport_introspection_cpp
[0.274s] [ 65%] Built target move_relative_ur__rosidl_typesupport_fastrtps_cpp
[0.311s] [ 65%] Built target move_relative_ur
[0.314s] [ 68%] [32mBuilding CXX object CMakeFiles/robot_monitoring_node.dir/src/move_monitoring_node.cpp.o[0m
[0.319s] [ 73%] Built target move_relative_node
[0.358s] [ 76%] Built target move_relative_ur__py
[0.403s] [ 81%] Built target move_relative_ur__rosidl_generator_py
[0.447s] [ 86%] Built target move_relative_ur_s__rosidl_typesupport_c
[0.456s] [ 92%] Built target move_relative_ur_s__rosidl_typesupport_introspection_c
[0.460s] [ 97%] Built target move_relative_ur_s__rosidl_typesupport_fastrtps_c
[0.614s] running egg_info
[0.658s] writing move_relative_ur.egg-info/PKG-INFO
[0.658s] writing dependency_links to move_relative_ur.egg-info/dependency_links.txt
[0.658s] writing top-level names to move_relative_ur.egg-info/top_level.txt
[0.779s] reading manifest file 'move_relative_ur.egg-info/SOURCES.txt'
[0.780s] writing manifest file 'move_relative_ur.egg-info/SOURCES.txt'
[0.852s] [ 97%] Built target ament_cmake_python_build_move_relative_ur_egg
[2.990s] [01m[K/home/tsi/ws_moveit2/src/move_relative_ur/src/move_monitoring_node.cpp:[m[K In constructor â€˜[01m[KRobotMonitoringNode::[01;32m[KRobotMonitoringNode[m[K()[m[Kâ€™:
[2.991s] [01m[K/home/tsi/ws_moveit2/src/move_relative_ur/src/move_monitoring_node.cpp:22:9:[m[K [01;31m[Kerror: [m[Kâ€˜[01m[Ktimer_[m[Kâ€™ was not declared in this scope; did you mean â€˜[01m[Ktimer_t[m[Kâ€™?
[2.991s]    22 |         [01;31m[Ktimer_[m[K = this->create_wall_timer(
[2.991s]       |         [01;31m[K^~~~~~[m[K
[2.992s]       |         [32m[Ktimer_t[m[K
[2.992s] [01m[K/home/tsi/ws_moveit2/src/move_relative_ur/src/move_monitoring_node.cpp:23:37:[m[K [01;31m[Kerror: [m[Kno matching function for call to â€˜[01m[Kstd::chrono::duration<long int>::duration(double)[m[Kâ€™
[2.993s]    23 |             std::chrono::seconds(0.1[01;31m[K)[m[K,
[2.993s]       |                                     [01;31m[K^[m[K
[2.993s] In file included from [01m[K/usr/include/c++/13/chrono:41[m[K,
[2.994s]                  from [01m[K/opt/ros/jazzy/include/rclcpp/rclcpp/utilities.hpp:18[m[K,
[2.994s]                  from [01m[K/opt/ros/jazzy/include/rclcpp/rclcpp/logging.hpp:25[m[K,
[2.994s]                  from [01m[K/opt/ros/jazzy/include/rclcpp/rclcpp/copy_all_parameter_values.hpp:27[m[K,
[2.995s]                  from [01m[K/opt/ros/jazzy/include/rclcpp/rclcpp/rclcpp.hpp:171[m[K,
[2.995s]                  from [01m[K/home/tsi/ws_moveit2/src/move_relative_ur/src/move_monitoring_node.cpp:1[m[K:
[2.996s] [01m[K/usr/include/c++/13/bits/chrono.h:581:21:[m[K [01;36m[Knote: [m[Kcandidate: â€˜[01m[Ktemplate<class _Rep2, class _Period2, class> constexpr std::chrono::duration<_Rep, _Period>::[01;32m[Kduration[m[K(const std::chrono::duration<_Rep, _Period>&) [35m[K[with _Period2 = _Rep2; <template-parameter-2-3> = _Period2; _Rep = long int; _Period = std::ratio<1>][m[K[m[Kâ€™
[2.996s]   581 |           constexpr [01;36m[Kduration[m[K(const duration<_Rep2, _Period2>& __d)
[2.996s]       |                     [01;36m[K^~~~~~~~[m[K
[2.997s] [01m[K/usr/include/c++/13/bits/chrono.h:581:21:[m[K [01;36m[Knote: [m[K  template argument deduction/substitution failed:
[2.997s] [01m[K/home/tsi/ws_moveit2/src/move_relative_ur/src/move_monitoring_node.cpp:23:37:[m[K [01;36m[Knote: [m[K  mismatched types â€˜[01m[Kconst std::chrono::duration<_Rep1, _Period1>[m[Kâ€™ and â€˜[01m[Kdouble[m[Kâ€™
[2.997s]    23 |             std::chrono::seconds(0.1[01;36m[K)[m[K,
[2.998s]       |                                     [01;36m[K^[m[K
[2.998s] [01m[K/usr/include/c++/13/bits/chrono.h:573:30:[m[K [01;36m[Knote: [m[Kcandidate: â€˜[01m[Ktemplate<class _Rep2, class> constexpr std::chrono::duration<_Rep, _Period>::[01;32m[Kduration[m[K(const _Rep2&) [35m[K[with <template-parameter-2-2> = _Rep2; _Rep = long int; _Period = std::ratio<1>][m[K[m[Kâ€™
[2.999s]   573 |           constexpr explicit [01;36m[Kduration[m[K(const _Rep2& __rep)
[2.999s]       |                              [01;36m[K^~~~~~~~[m[K
[2.999s] [01m[K/usr/include/c++/13/bits/chrono.h:573:30:[m[K [01;36m[Knote: [m[K  template argument deduction/substitution failed:
[3.000s] In file included from [01m[K/usr/include/c++/13/bits/move.h:37[m[K,
[3.000s]                  from [01m[K/usr/include/c++/13/bits/new_allocator.h:36[m[K,
[3.000s]                  from [01m[K/usr/include/x86_64-linux-gnu/c++/13/bits/c++allocator.h:33[m[K,
[3.001s]                  from [01m[K/usr/include/c++/13/bits/allocator.h:46[m[K,
[3.001s]                  from [01m[K/usr/include/c++/13/memory:65[m[K,
[3.001s]                  from [01m[K/opt/ros/jazzy/include/rclcpp/rclcpp/rclcpp.hpp:169[m[K:
[3.002s] /usr/include/c++/13/type_traits: In substitution of â€˜[01m[Ktemplate<bool _Cond, class _Tp> using std::__enable_if_t = typename std::enable_if::type [35m[K[with bool _Cond = false; _Tp = void][m[K[m[Kâ€™:
[3.002s] [01m[K/usr/include/c++/13/type_traits:2224:11:[m[K   required by substitution of â€˜[01m[Ktemplate<class ... _Cond> using std::_Require = std::__enable_if_t<std::__and_<_Bn>::value> [35m[K[with _Cond = {std::is_convertible<const double&, long int>, std::__or_<std::chrono::treat_as_floating_point<long int>, std::__not_<std::chrono::treat_as_floating_point<double> > >}][m[K[m[Kâ€™
[3.002s] [01m[K/usr/include/c++/13/bits/chrono.h:570:27:[m[K   required from here
[3.003s] [01m[K/usr/include/c++/13/type_traits:116:11:[m[K [01;31m[Kerror: [m[Kno type named â€˜[01m[Ktype[m[Kâ€™ in â€˜[01m[Kstruct std::enable_if<false, void>[m[Kâ€™
[3.003s]   116 |     using [01;31m[K__enable_if_t[m[K = typename enable_if<_Cond, _Tp>::type;
[3.003s]       |           [01;31m[K^~~~~~~~~~~~~[m[K
[3.004s] [01m[K/usr/include/c++/13/bits/chrono.h:566:9:[m[K [01;36m[Knote: [m[Kcandidate: â€˜[01m[Kconstexpr std::chrono::duration<_Rep, _Period>::[01;32m[Kduration[m[K(const std::chrono::duration<_Rep, _Period>&) [35m[K[with _Rep = long int; _Period = std::ratio<1>][m[K[m[Kâ€™
[3.004s]   566 |         [01;36m[Kduration[m[K(const duration&) = default;
[3.004s]       |         [01;36m[K^~~~~~~~[m[K
[3.005s] [01m[K/usr/include/c++/13/bits/chrono.h:566:18:[m[K [01;36m[Knote: [m[K  no known conversion for argument 1 from â€˜[01m[Kdouble[m[Kâ€™ to â€˜[01m[Kconst std::chrono::duration<long int>&[m[Kâ€™
[3.005s]   566 |         duration([01;36m[Kconst duration&[m[K) = default;
[3.005s]       |                  [01;36m[K^~~~~~~~~~~~~~~[m[K
[3.005s] [01m[K/usr/include/c++/13/bits/chrono.h:564:19:[m[K [01;36m[Knote: [m[Kcandidate: â€˜[01m[Kstd::chrono::duration<_Rep, _Period>::[01;32m[Kduration[m[K() [35m[K[with _Rep = long int; _Period = std::ratio<1>][m[K[m[Kâ€™
[3.005s]   564 |         constexpr [01;36m[Kduration[m[K() = default;
[3.006s]       |                   [01;36m[K^~~~~~~~[m[K
[3.006s] [01m[K/usr/include/c++/13/bits/chrono.h:564:19:[m[K [01;36m[Knote: [m[K  candidate expects 0 arguments, 1 provided
[3.006s] [01m[K/home/tsi/ws_moveit2/src/move_relative_ur/src/move_monitoring_node.cpp:28:37:[m[K [01;31m[Kerror: [m[Kno matching function for call to â€˜[01m[Kstd::chrono::duration<long int>::duration(double)[m[Kâ€™
[3.006s]    28 |             std::chrono::seconds(0.1[01;31m[K)[m[K,
[3.007s]       |                                     [01;31m[K^[m[K
[3.007s] [01m[K/usr/include/c++/13/bits/chrono.h:581:21:[m[K [01;36m[Knote: [m[Kcandidate: â€˜[01m[Ktemplate<class _Rep2, class _Period2, class> constexpr std::chrono::duration<_Rep, _Period>::[01;32m[Kduration[m[K(const std::chrono::duration<_Rep, _Period>&) [35m[K[with _Period2 = _Rep2; <template-parameter-2-3> = _Period2; _Rep = long int; _Period = std::ratio<1>][m[K[m[Kâ€™
[3.007s]   581 |           constexpr [01;36m[Kduration[m[K(const duration<_Rep2, _Period2>& __d)
[3.007s]       |                     [01;36m[K^~~~~~~~[m[K
[3.008s] [01m[K/usr/include/c++/13/bits/chrono.h:581:21:[m[K [01;36m[Knote: [m[K  template argument deduction/substitution failed:
[3.008s] [01m[K/home/tsi/ws_moveit2/src/move_relative_ur/src/move_monitoring_node.cpp:28:37:[m[K [01;36m[Knote: [m[K  mismatched types â€˜[01m[Kconst std::chrono::duration<_Rep1, _Period1>[m[Kâ€™ and â€˜[01m[Kdouble[m[Kâ€™
[3.008s]    28 |             std::chrono::seconds(0.1[01;36m[K)[m[K,
[3.008s]       |                                     [01;36m[K^[m[K
[3.009s] [01m[K/usr/include/c++/13/bits/chrono.h:573:30:[m[K [01;36m[Knote: [m[Kcandidate: â€˜[01m[Ktemplate<class _Rep2, class> constexpr std::chrono::duration<_Rep, _Period>::[01;32m[Kduration[m[K(const _Rep2&) [35m[K[with <template-parameter-2-2> = _Rep2; _Rep = long int; _Period = std::ratio<1>][m[K[m[Kâ€™
[3.009s]   573 |           constexpr explicit [01;36m[Kduration[m[K(const _Rep2& __rep)
[3.009s]       |                              [01;36m[K^~~~~~~~[m[K
[3.009s] [01m[K/usr/include/c++/13/bits/chrono.h:573:30:[m[K [01;36m[Knote: [m[K  template argument deduction/substitution failed:
[3.010s] [01m[K/usr/include/c++/13/bits/chrono.h:566:9:[m[K [01;36m[Knote: [m[Kcandidate: â€˜[01m[Kconstexpr std::chrono::duration<_Rep, _Period>::[01;32m[Kduration[m[K(const std::chrono::duration<_Rep, _Period>&) [35m[K[with _Rep = long int; _Period = std::ratio<1>][m[K[m[Kâ€™
[3.010s]   566 |         [01;36m[Kduration[m[K(const duration&) = default;
[3.010s]       |         [01;36m[K^~~~~~~~[m[K
[3.010s] [01m[K/usr/include/c++/13/bits/chrono.h:566:18:[m[K [01;36m[Knote: [m[K  no known conversion for argument 1 from â€˜[01m[Kdouble[m[Kâ€™ to â€˜[01m[Kconst std::chrono::duration<long int>&[m[Kâ€™
[3.011s]   566 |         duration([01;36m[Kconst duration&[m[K) = default;
[3.011s]       |                  [01;36m[K^~~~~~~~~~~~~~~[m[K
[3.011s] [01m[K/usr/include/c++/13/bits/chrono.h:564:19:[m[K [01;36m[Knote: [m[Kcandidate: â€˜[01m[Kstd::chrono::duration<_Rep, _Period>::[01;32m[Kduration[m[K() [35m[K[with _Rep = long int; _Period = std::ratio<1>][m[K[m[Kâ€™
[3.011s]   564 |         constexpr [01;36m[Kduration[m[K() = default;
[3.011s]       |                   [01;36m[K^~~~~~~~[m[K
[3.012s] [01m[K/usr/include/c++/13/bits/chrono.h:564:19:[m[K [01;36m[Knote: [m[K  candidate expects 0 arguments, 1 provided
[3.012s] [01m[K/home/tsi/ws_moveit2/src/move_relative_ur/src/move_monitoring_node.cpp:[m[K In member function â€˜[01m[Kvoid RobotMonitoringNode::[01;32m[KrequestRobotMode[m[K()[m[Kâ€™:
[3.012s] [01m[K/home/tsi/ws_moveit2/src/move_relative_ur/src/move_monitoring_node.cpp:55:14:[m[K [01;31m[Kerror: [m[Kâ€˜[01m[Krobot_mode_client_[m[Kâ€™ was not declared in this scope; did you mean â€˜[01m[Krobot_mode_sub_[m[Kâ€™?
[3.012s]    55 |         if (![01;31m[Krobot_mode_client_[m[K->wait_for_service(std::chrono::seconds(1))) {
[3.013s]       |              [01;31m[K^~~~~~~~~~~~~~~~~~[m[K
[3.013s]       |              [32m[Krobot_mode_sub_[m[K
[3.021s] [01m[K/home/tsi/ws_moveit2/src/move_relative_ur/src/move_monitoring_node.cpp:62:23:[m[K [01;31m[Kerror: [m[Kâ€˜[01m[Krobot_mode_client_[m[Kâ€™ was not declared in this scope; did you mean â€˜[01m[Krobot_mode_sub_[m[Kâ€™?
[3.021s]    62 |         auto future = [01;31m[Krobot_mode_client_[m[K->async_send_request(
[3.021s]       |                       [01;31m[K^~~~~~~~~~~~~~~~~~[m[K
[3.021s]       |                       [32m[Krobot_mode_sub_[m[K
[3.030s] [01m[K/home/tsi/ws_moveit2/src/move_relative_ur/src/move_monitoring_node.cpp:[m[K In member function â€˜[01m[Kvoid RobotMonitoringNode::[01;32m[KrobotModeResponse[m[K(rclcpp::Client<ur_dashboard_msgs::srv::GetRobotMode>::SharedFuture)[m[Kâ€™:
[3.030s] [01m[K/home/tsi/ws_moveit2/src/move_relative_ur/src/move_monitoring_node.cpp:79:42:[m[K [01;31m[Kerror: [m[Kexpected â€˜[01m[K)[m[Kâ€™ before string constant
[3.030s]    79 |             RCLCPP_INFO(this->get_logger [01;31m[K"âœ… ë¡œë´‡ ì •ìƒ ë™ìž‘ ì¤‘."[m[K);
[3.031s]       |                                          [01;31m[K^~~~~~~~~~~~~~~~~~~~~~~[m[K
[3.031s] [01m[K/home/tsi/ws_moveit2/src/move_relative_ur/src/move_monitoring_node.cpp:79:13:[m[K [01;36m[Knote: [m[Kto match this â€˜[01m[K([m[Kâ€™
[3.031s]    79 |             [01;36m[KRCLCPP_INFO[m[K(this->get_logger "âœ… ë¡œë´‡ ì •ìƒ ë™ìž‘ ì¤‘.");
[3.031s]       |             [01;36m[K^~~~~~~~~~~[m[K
[3.032s] [01m[K/home/tsi/ws_moveit2/src/move_relative_ur/src/move_monitoring_node.cpp:79:13:[m[K [01;31m[Kerror: [m[Ktemplate argument 1 is invalid
[3.032s]    79 |             [01;31m[KRCLCPP_INFO[m[K(this->get_logger "âœ… ë¡œë´‡ ì •ìƒ ë™ìž‘ ì¤‘.");
[3.032s]       |             [01;31m[K^~~~~~~~~~~[m[K
[3.032s] [01m[K/home/tsi/ws_moveit2/src/move_relative_ur/src/move_monitoring_node.cpp:79:13:[m[K [01;31m[Kerror: [m[Ktemplate argument 1 is invalid
[3.033s]    79 |             [01;31m[KRCLCPP_INFO[m[K(this->get_logger "âœ… ë¡œë´‡ ì •ìƒ ë™ìž‘ ì¤‘.");
[3.033s]       |             [01;31m[K^~~~~~~~~~~[m[K
[3.033s] [01m[K/home/tsi/ws_moveit2/src/move_relative_ur/src/move_monitoring_node.cpp:79:13:[m[K [01;31m[Kerror: [m[Ktemplate argument 1 is invalid
[3.033s]    79 |             [01;31m[KRCLCPP_INFO[m[K(this->get_logger "âœ… ë¡œë´‡ ì •ìƒ ë™ìž‘ ì¤‘.");
[3.033s]       |             [01;31m[K^~~~~~~~~~~[m[K
[3.034s] In file included from [01m[K/opt/ros/jazzy/include/rclcpp/rclcpp/logging.hpp:24[m[K:
[3.034s] [01m[K/home/tsi/ws_moveit2/src/move_relative_ur/src/move_monitoring_node.cpp:79:42:[m[K [01;31m[Kerror: [m[Kexpected â€˜[01m[K)[m[Kâ€™ before string constant
[3.034s]    79 |             RCLCPP_INFO(this->get_logger [01;31m[K"âœ… ë¡œë´‡ ì •ìƒ ë™ìž‘ ì¤‘."[m[K);
[3.034s]       |                                          [01;31m[K^~~~~~~~~~~~~~~~~~~~~~~[m[K
[3.035s] [01m[K/home/tsi/ws_moveit2/src/move_relative_ur/src/move_monitoring_node.cpp:79:13:[m[K [01;36m[Knote: [m[Kto match this â€˜[01m[K([m[Kâ€™
[3.035s]    79 |             [01;36m[KRCLCPP_INFO[m[K(this->get_logger "âœ… ë¡œë´‡ ì •ìƒ ë™ìž‘ ì¤‘.");
[3.035s]       |             [01;36m[K^~~~~~~~~~~[m[K
[3.035s] [01m[K/home/tsi/ws_moveit2/src/move_relative_ur/src/move_monitoring_node.cpp:79:13:[m[K [01;31m[Kerror: [m[Kexpected â€˜[01m[K)[m[Kâ€™ before â€˜[01m[K}[m[Kâ€™ token
[3.036s]    79 |             [01;31m[KRCLCPP_INFO[m[K(this->get_logger "âœ… ë¡œë´‡ ì •ìƒ ë™ìž‘ ì¤‘.");
[3.036s]       |             [01;31m[K^~~~~~~~~~~[m[K
[3.036s] [01m[K/home/tsi/ws_moveit2/src/move_relative_ur/src/move_monitoring_node.cpp:79:13:[m[K [01;36m[Knote: [m[Kto match this â€˜[01m[K([m[Kâ€™
[3.037s]    79 |             [01;36m[KRCLCPP_INFO[m[K(this->get_logger "âœ… ë¡œë´‡ ì •ìƒ ë™ìž‘ ì¤‘.");
[3.037s]       |             [01;36m[K^~~~~~~~~~~[m[K
[3.037s] [01m[K/home/tsi/ws_moveit2/src/move_relative_ur/src/move_monitoring_node.cpp:79:13:[m[K [01;31m[Kerror: [m[Kexpected â€˜[01m[K)[m[Kâ€™ before â€˜[01m[K}[m[Kâ€™ token
[3.038s]    79 |             [01;31m[KRCLCPP_INFO[m[K(this->get_logger "âœ… ë¡œë´‡ ì •ìƒ ë™ìž‘ ì¤‘.");
[3.038s]       |             [01;31m[K^~~~~~~~~~~[m[K
[3.038s] [01m[K/home/tsi/ws_moveit2/src/move_relative_ur/src/move_monitoring_node.cpp:79:13:[m[K [01;36m[Knote: [m[Kto match this â€˜[01m[K([m[Kâ€™
[3.038s]    79 |             [01;36m[KRCLCPP_INFO[m[K(this->get_logger "âœ… ë¡œë´‡ ì •ìƒ ë™ìž‘ ì¤‘.");
[3.039s]       |             [01;36m[K^~~~~~~~~~~[m[K
[3.039s] [01m[K/home/tsi/ws_moveit2/src/move_relative_ur/src/move_monitoring_node.cpp:79:13:[m[K [01;31m[Kerror: [m[Kexpected primary-expression before â€˜[01m[K}[m[Kâ€™ token
[3.039s]    79 |             [01;31m[KRCLCPP_INFO[m[K(this->get_logger "âœ… ë¡œë´‡ ì •ìƒ ë™ìž‘ ì¤‘.");
[3.040s]       |             [01;31m[K^~~~~~~~~~~[m[K
[3.042s] [01m[K/home/tsi/ws_moveit2/src/move_relative_ur/src/move_monitoring_node.cpp:[m[K In member function â€˜[01m[Kvoid RobotMonitoringNode::[01;32m[KrequestSafetyMode[m[K()[m[Kâ€™:
[3.042s] [01m[K/home/tsi/ws_moveit2/src/move_relative_ur/src/move_monitoring_node.cpp:85:14:[m[K [01;31m[Kerror: [m[Kâ€˜[01m[Ksafety_mode_client_[m[Kâ€™ was not declared in this scope; did you mean â€˜[01m[Ksafety_mode_sub_[m[Kâ€™?
[3.043s]    85 |         if (![01;31m[Ksafety_mode_client_[m[K->wait_for_service(std::chrono::seconds(1))) {
[3.043s]       |              [01;31m[K^~~~~~~~~~~~~~~~~~~[m[K
[3.043s]       |              [32m[Ksafety_mode_sub_[m[K
[3.055s] [01m[K/home/tsi/ws_moveit2/src/move_relative_ur/src/move_monitoring_node.cpp:92:23:[m[K [01;31m[Kerror: [m[Kâ€˜[01m[Ksafety_mode_client_[m[Kâ€™ was not declared in this scope; did you mean â€˜[01m[Ksafety_mode_sub_[m[Kâ€™?
[3.056s]    92 |         auto future = [01;31m[Ksafety_mode_client_[m[K->async_send_request(
[3.056s]       |                       [01;31m[K^~~~~~~~~~~~~~~~~~~[m[K
[3.056s]       |                       [32m[Ksafety_mode_sub_[m[K
[4.309s] gmake[2]: *** [CMakeFiles/robot_monitoring_node.dir/build.make:76: CMakeFiles/robot_monitoring_node.dir/src/move_monitoring_node.cpp.o] Error 1
[4.310s] gmake[1]: *** [CMakeFiles/Makefile2:655: CMakeFiles/robot_monitoring_node.dir/all] Error 2
[4.310s] gmake: *** [Makefile:146: all] Error 2
[4.317s] Invoked command in '/home/tsi/ws_moveit2/build/move_relative_ur' returned '2': CMAKE_PREFIX_PATH=${CMAKE_PREFIX_PATH}:/home/tsi/workspace/install/moveit_configs_utils:/opt/ros/jazzy DEBUGINFOD_URLS=https://debuginfod.ubuntu.com /usr/bin/cmake --build /home/tsi/ws_moveit2/build/move_relative_ur -- -j12 -l12
